<?xml version="1.0" encoding="UTF-8"?>
<testsuite xmlns:xsi="http://www.w3.org/2001/XMLSchema-instance" xsi:schemaLocation="https://maven.apache.org/surefire/maven-surefire-plugin/xsd/surefire-test-report.xsd" name="TestSuite" time="947.154" tests="9" errors="0" skipped="1" failures="4">
  <properties>
    <property name="java.runtime.name" value="Java(TM) SE Runtime Environment"/>
    <property name="sun.boot.library.path" value="D:\jdk1.8\jre\bin"/>
    <property name="java.vm.version" value="25.251-b08"/>
    <property name="java.vm.vendor" value="Oracle Corporation"/>
    <property name="maven.multiModuleProjectDirectory" value="D:\TechPractice\Appium\FieldEngineerApp"/>
    <property name="java.vendor.url" value="http://java.oracle.com/"/>
    <property name="path.separator" value=";"/>
    <property name="guice.disable.misplaced.annotation.check" value="true"/>
    <property name="java.vm.name" value="Java HotSpot(TM) 64-Bit Server VM"/>
    <property name="file.encoding.pkg" value="sun.io"/>
    <property name="user.script" value=""/>
    <property name="user.country" value="IN"/>
    <property name="sun.java.launcher" value="SUN_STANDARD"/>
    <property name="sun.os.patch.level" value=""/>
    <property name="java.vm.specification.name" value="Java Virtual Machine Specification"/>
    <property name="user.dir" value="D:\TechPractice\Appium\FieldEngineerApp"/>
    <property name="java.runtime.version" value="1.8.0_251-b08"/>
    <property name="java.awt.graphicsenv" value="sun.awt.Win32GraphicsEnvironment"/>
    <property name="java.endorsed.dirs" value="D:\jdk1.8\jre\lib\endorsed"/>
    <property name="os.arch" value="amd64"/>
    <property name="java.io.tmpdir" value="C:\Users\Medhansh\AppData\Local\Temp\"/>
    <property name="line.separator" value="&#10;"/>
    <property name="java.vm.specification.vendor" value="Oracle Corporation"/>
    <property name="user.variant" value=""/>
    <property name="os.name" value="Windows 10"/>
    <property name="classworlds.conf" value="D:\apache-maven-3.6.3\bin\..\bin\m2.conf"/>
    <property name="sun.jnu.encoding" value="Cp1252"/>
    <property name="java.library.path" value="D:\jdk1.8\bin;C:\WINDOWS\Sun\Java\bin;C:\WINDOWS\system32;C:\WINDOWS;D:\TechSoftwares\Python3.9\Scripts\;D:\TechSoftwares\Python3.9\;D:\TechSoftwares\Openjdk14\bin;C:\Program Files (x86)\Common Files\Oracle\Java\javapath;C:\Program Files (x86)\Microsoft SDKs\Azure\CLI2\wbin;C:\WINDOWS\system32;C:\WINDOWS;C:\WINDOWS\System32\Wbem;C:\WINDOWS\System32\WindowsPowerShell\v1.0\;C:\WINDOWS\System32\OpenSSH\;D:\Go\bin;D:\GCloud\google-cloud-sdk\bin;D:\Terraform;D:\AWSCLIV2\;C:\ProgramData\chocolatey\bin;D:\RabbitMQ\rabbitmq_server-3.8.3\sbin;C:\Program Files\Docker\Docker\resources\bin;C:\ProgramData\DockerDesktop\version-bin;C:\Program Files\Microsoft VS Code\bin;D:\nodejs\;C:\Program Files\Git\cmd;D:\TechSoftwares\flutter\bin;D:\TechSoftwares\MongoDB;D:\TechSoftwares\OpenSSL-Win64\bin;D:\TechSoftwares\proto3\bin;D:\TechSoftwares\vertx\bin;D:\TechSoftwares\AndroidSDK\tools\bin;D:\TechSoftwares\AndroidSDK\build-tools\30.0.2;D:\TechSoftwares\AndroidSDK\platform-tools;D:\apache-maven-3.6.3\bin;C:\Program Files\Git\cmd;C:\Program Files\Git\bin;D:\nodejs\node_modules\npm\bin;C:\Users\Medhansh\AppData\Roaming\npm;C:\Program Files\MySQL\MySQL Shell 8.0\bin\;C:\Users\Medhansh\AppData\Local\Microsoft\WindowsApps;D:\IntelliJ\bin;;D:\VS Code\bin;D:\Salesforce CLI\bin;C:\Users\Medhansh\go\bin;%WebStorm%;D:\PyCharm\bin;;C:\Users\Medhansh\AppData\Local\Programs\Python\Python39\Lib;D:\apache-maven-3.6.3\bin;C:\Users\Medhansh\AppData\Roaming\npm;D:\TechSoftwares\flutter\bin;D:\TechSoftwares\AndroidStudio\bin;D:\TechSoftwares\AndroidSDK\emulator;D:\TechSoftwares\MongoDB\mongosh.exe;;."/>
    <property name="maven.conf" value="D:\apache-maven-3.6.3\bin\../conf"/>
    <property name="java.specification.name" value="Java Platform API Specification"/>
    <property name="java.class.version" value="52.0"/>
    <property name="sun.management.compiler" value="HotSpot 64-Bit Tiered Compilers"/>
    <property name="os.version" value="10.0"/>
    <property name="library.jansi.path" value="D:\apache-maven-3.6.3\bin\..\lib\jansi-native"/>
    <property name="user.home" value="C:\Users\Medhansh"/>
    <property name="user.timezone" value="Asia/Calcutta"/>
    <property name="java.awt.printerjob" value="sun.awt.windows.WPrinterJob"/>
    <property name="java.specification.version" value="1.8"/>
    <property name="file.encoding" value="Cp1252"/>
    <property name="user.name" value="Medhansh"/>
    <property name="java.class.path" value="D:\apache-maven-3.6.3\bin\..\boot\plexus-classworlds-2.6.0.jar"/>
    <property name="java.vm.specification.version" value="1.8"/>
    <property name="sun.arch.data.model" value="64"/>
    <property name="java.home" value="D:\jdk1.8\jre"/>
    <property name="sun.java.command" value="org.codehaus.plexus.classworlds.launcher.Launcher test -PRegression"/>
    <property name="java.specification.vendor" value="Oracle Corporation"/>
    <property name="user.language" value="en"/>
    <property name="awt.toolkit" value="sun.awt.windows.WToolkit"/>
    <property name="java.vm.info" value="mixed mode"/>
    <property name="java.version" value="1.8.0_251"/>
    <property name="java.ext.dirs" value="D:\jdk1.8\jre\lib\ext;C:\WINDOWS\Sun\Java\lib\ext"/>
    <property name="sun.boot.class.path" value="D:\jdk1.8\jre\lib\resources.jar;D:\jdk1.8\jre\lib\rt.jar;D:\jdk1.8\jre\lib\sunrsasign.jar;D:\jdk1.8\jre\lib\jsse.jar;D:\jdk1.8\jre\lib\jce.jar;D:\jdk1.8\jre\lib\charsets.jar;D:\jdk1.8\jre\lib\jfr.jar;D:\jdk1.8\jre\classes"/>
    <property name="sun.stderr.encoding" value="cp437"/>
    <property name="java.vendor" value="Oracle Corporation"/>
    <property name="maven.home" value="D:\apache-maven-3.6.3\bin\.."/>
    <property name="file.separator" value="\"/>
    <property name="java.vendor.url.bug" value="http://bugreport.sun.com/bugreport/"/>
    <property name="sun.cpu.endian" value="little"/>
    <property name="sun.io.unicode.encoding" value="UnicodeLittle"/>
    <property name="sun.stdout.encoding" value="cp437"/>
    <property name="sun.desktop" value="windows"/>
    <property name="sun.cpu.isalist" value="amd64"/>
  </properties>
  <testcase name="endToEndTestForRaisePlanWork" classname="com.colt.fieldengineerapp.testcases.EndToEndTestForRaisePlannedWorks" time="99.504"/>
  <testcase name="alertsRaisePlanWorkPlannedScheduleStep" classname="com.colt.fieldengineerapp.testcases.ErrorPopupsRaisePlannedWorksTest" time="80.493">
    <failure message="Can&apos;t locate an element by this strategy: By.chained({By.id: com.colt.coltengineering:id/img_date_plan_end})" type="org.openqa.selenium.NoSuchElementException">org.openqa.selenium.NoSuchElementException: Can't locate an element by this strategy: By.chained({By.id: com.colt.coltengineering:id/img_date_plan_end})
	at com.colt.fieldengineerapp.testcases.ErrorPopupsRaisePlannedWorksTest.alertsRaisePlanWorkPlannedScheduleStep(ErrorPopupsRaisePlannedWorksTest.java:290)
Caused by: org.openqa.selenium.TimeoutException: Expected condition failed: waiting for io.appium.java_client.pagefactory.AppiumElementLocator$WaitingFunction@27ace0b1 (tried for 30 second(s) with 500 milliseconds interval)
	at com.colt.fieldengineerapp.testcases.ErrorPopupsRaisePlannedWorksTest.alertsRaisePlanWorkPlannedScheduleStep(ErrorPopupsRaisePlannedWorksTest.java:290)
Caused by: org.openqa.selenium.NoSuchElementException: 
Cannot locate an element using By.chained({By.id: com.colt.coltengineering:id/img_date_plan_end})
For documentation on this error, please visit: https://www.seleniumhq.org/exceptions/no_such_element.html
Build info: version: '3.141.59', revision: 'e82be7d358', time: '2018-11-14T08:17:03'
System info: host: 'DESKTOP-K4MGEUM', ip: '192.168.0.7', os.name: 'Windows 10', os.arch: 'amd64', os.version: '10.0', java.version: '1.8.0_251'
Driver info: driver.version: AndroidDriver
	at com.colt.fieldengineerapp.testcases.ErrorPopupsRaisePlannedWorksTest.alertsRaisePlanWorkPlannedScheduleStep(ErrorPopupsRaisePlannedWorksTest.java:290)
</failure>
    <system-out><![CDATA[ The test passed is ==endToEndTestForRaisePlanWork in class : [TestClass name=class com.colt.fieldengineerapp.testcases.EndToEndTestForRaisePlannedWorks]
&amp#27;[35m[HTTP]&amp#27;[39m &amp#27;[37m-->&amp#27;[39m &amp#27;[37mGET&amp#27;[39m &amp#27;[37m/wd/hub/session/044f16ea-2637-49b1-93cb-5f9e29b98b71/screenshot&amp#27;[39m
&amp#27;[35m[HTTP]&amp#27;[39m &amp#27;[90m{}&amp#27;[39m
[debug] &amp#27;[35m[W3C (044f16ea)]&amp#27;[39m Calling AppiumDriver.getScreenshot() with args: ["044f16ea-2637-49b1-93cb-5f9e29b98b71"]
[debug] &amp#27;[35m[WD Proxy]&amp#27;[39m Matched '/screenshot' to command name 'getScreenshot'
[debug] &amp#27;[35m[WD Proxy]&amp#27;[39m Proxying [GET /screenshot] to [GET http://127.0.0.1:8200/wd/hub/session/a4b6cb7e-e308-45ca-907e-cb08f90f5c42/screenshot] with no body
[debug] &amp#27;[35m[WD Proxy]&amp#27;[39m Got response with status 200: {"sessionId":"a4b6cb7e-e308-45ca-907e-cb08f90f5c42","value":"iVBORw0KGgoAAAANSUhEUgAABDgAAAeACAYAAAArYecKAAAABHNCSVQICAgIfAhkiAAAIABJREFU\neJzsvXl81cX1//+6CUkIISQQwiJBFpVNQQUBEawgCgqCK9YN6qdVP/21n7pXtG604lbXWpfPr/qp\nrUutYq3Fjx8RrRvigqKIgiIYZF8DCZBAFnK/f9ibvu/cWc7Me9735rbn+Xjkkdz3e+bMmZkzZ86c\n3Pu+MQBxZJBYLIZ4PN7ym1pe9ZpSR1UGgLacrO0Eqnq6toP3XPrlgkqur3F0ad9nX02yVHPoYnsu\nOvnqq8s4hmk7Knu0aS/dayJqmTK7EK+J+Fi7VB9gMy5UP+eiu6ldAFZ7iG3bLnuDeC1d/p2iV1Rt\nRLWHu+5Z6ex7uupFIStK/xdFXJGOWCXT9V3k6dYJQItxTPLDyKHsAy77lA9dovQVvsY/ISsT+0hr\nwbX/qnrU6z7btq1Pwbduvsr7qusqKxfALFll0zVTGdl9Kio5YQdXp5ttsJvOAFWng6sMn5jkR2EL\nYeXb1lEdPF37pqunml/Va5/josNlzMLKsJUfpj5Fnu3cUNuh2pRMViYCHJv+665R7oXBRq4v/Sj+\nUPQllDq69U+1ZVc7s6lrS5RyXda4SaZLGR++MGp/7tPGM0XUNmojP4oxyqT92ci0jU1dbS/Ta0gl\n3zQ2UcRsYcdCp5cvPXzZnK29pPufc77rRWm3rrGaqy+i1rVBJc+Y4IhisnzWFxdlutrVlXcx1DDB\nhUoHm0OXS7umsj7aMG0GMucVlc2mK3Cg6iD23zROYduTXQ+z0fgap0wF5lEF06p2KBu1rzVHle0j\nMKUGIDLb97X+0hEEycZZXA/p2vjDlnVBtSdF8e4Bm9c2ckzvGFFd9/GPGdV91eHb9iBFiRds90CX\nIJi6DmzXi2tMqZITxo6ohDlE...
[debug] &amp#27;[35m[W3C (044f16ea)]&amp#27;[39m Responding to client with driver.getScreenshot() result: "iVBORw0KGgoAAAANSUhEUgAABDgAAAeACAYAAAArYecKAAAABHNCSVQICAgIfAhkiAAAIABJREFU\neJzsvXl81cX1//+6CUkIISQQwiJBFpVNQQUBEawgCgqCK9YN6qdVP/21n7pXtG604lbXWpfPr/qp\nrUutYq3Fjx8RrRvigqKIgiIYZF8DCZBAFnK/f9ibvu/cWc7Me9735rbn+Xjkkdz3e+bMmZkzZ86c\n3Pu+MQBxZJBYLIZ4PN7ym1pe9ZpSR1UGgLacrO0Eqnq6toP3XPrlgkqur3F0ad9nX02yVHPoYnsu\nOvnqq8s4hmk7Knu0aS/dayJqmTK7EK+J+Fi7VB9gMy5UP+eiu6ldAFZ7iG3bLnuDeC1d/p2iV1Rt\nRLWHu+5Z6ex7uupFIStK/xdFXJGOWCXT9V3k6dYJQItxTPLDyKHsAy77lA9dovQVvsY/ISsT+0hr\nwbX/qnrU6z7btq1Pwbduvsr7qusqKxfALFll0zVTGdl9Kio5YQdXp5ttsJvOAFWng6sMn5jkR2EL\nYeXb1lEdPF37pqunml/Va5/josNlzMLKsJUfpj5Fnu3cUNuh2pRMViYCHJv+665R7oXBRq4v/Sj+\nUPQllDq69U+1ZVc7s6lrS5RyXda4SaZLGR++MGp/7tPGM0XUNmojP4oxyqT92ci0jU1dbS/Ta0gl\n3zQ2UcRsYcdCp5cvPXzZnK29pPufc77rRWm3rrGaqy+i1rVBJc+Y4IhisnzWFxdlutrVlXcx1DDB\nhUoHm0OXS7umsj7aMG0GMucVlc2mK3Cg6iD23zROYduTXQ+z0fgap0wF5lEF06p2KBu1rzVHle0j\nMKUGIDLb97X+0hEEycZZXA/p2vjDlnVBtSdF8e4Bm9c2ckzvGFFd9/GPGdV91eHb9iBFiRds90CX\nIJi6DmzXi2tMqZITxo6ohDlE2JZ12dNt2tWtpzBt2sxD4r/ztnKoa0FXNx199Fk3Hfuoy3krzHqy\nbStdMl...
&amp#27;[35m[HTTP]&amp#27;[39m &amp#27;[37m<-- GET /wd/hub/session/044f16ea-2637-49b1-93cb-5f9e29b98b71/screenshot &amp#27;[39m&amp#27;[32m200&amp#27;[39m &amp#27;[90m302 ms - 225872&amp#27;[39m
&amp#27;[35m[HTTP]&amp#27;[39m &amp#27;[90m&amp#27;[39m
Tearing  down AVD== com.colt.fieldengineerapp.testcases.EndToEndTestForRaisePlannedWorks
This will close the avd
the avd is closed successfully
[debug] &amp#27;[35m[Instrumentation]&amp#27;[39m INSTRUMENTATION_ABORTED: System has crashed.
[debug] &amp#27;[35m[Instrumentation]&amp#27;[39m The process has exited with code 0
&amp#27;[35m[Logcat]&amp#27;[39m Logcat terminated with code 0, signal null
Tearing  down Appium== com.colt.fieldengineerapp.testcases.EndToEndTestForRaisePlannedWorks
Appimum server stopped successfully
This will start avd
the avd is started successfully
Starting Appium == com.colt.fieldengineerapp.testcases.ErrorPopupsRaisePlannedWorksTest
&amp#27;[35m[Appium]&amp#27;[39m Welcome to Appium v1.18.3
&amp#27;[35m[Appium]&amp#27;[39m Appium REST http interface listener started on 0.0.0.0:4723
&amp#27;[35m[HTTP]&amp#27;[39m &amp#27;[37m-->&amp#27;[39m &amp#27;[37mGET&amp#27;[39m &amp#27;[37m/wd/hub/status&amp#27;[39m
&amp#27;[35m[HTTP]&amp#27;[39m &amp#27;[90m{}&amp#27;[39m
[debug] &amp#27;[35m[GENERIC]&amp#27;[39m Calling AppiumDriver.getStatus() with args: []
[debug] &amp#27;[35m[GENERIC]&amp#27;[39m Responding to client with driver.getStatus() result: {"build":{"version":"1.18.3"}}
&amp#27;[35m[HTTP]&amp#27;[39m &amp#27;[37m<-- GET /wd/hub/status &amp#27;[39m&amp#27;[32m200&amp#27;[39m &amp#27;[90m9 ms - 68&amp#27;[39m
&amp#27;[35m[HTTP]&amp#27;[39m &amp#27;[90m&amp#27;[39m
&amp#27;[35m[HTTP]&amp#27;[39m &amp#27;[37m-->&amp#27;[39m &amp#27;[37mPOST&amp#27;[39m &amp#27;[37m/wd/hub/session&amp#27;[39m
&amp#27;[35m[HTTP]&amp#27;[39m &amp#27;[90m{"desiredCapabilities":{"app":"D:\\TechPractice\\Appium\\FieldEngineerApp/Apks/FEApp.apk","appActivity":"com.colt.coltengineering.screen.SplashActivity","appPackage":"com.colt.coltengineering","automationName":"uiautomator2","autoGrantPermissions":"true","platformName":"Android","deviceName":"pixel2","avd":"Pixel2"},"capabilities":{"firstMatch":[{"appium:app":"D:\\TechPractice\\Appium\\FieldEngineerApp/Apks/FEApp.apk","appium:appActivity":"com.colt.coltengineering.screen.SplashActivity","appium:appPackage":"com.colt.coltengineering","appium:autoGrantPermissions":"true","appium:automationName":"uiautomator2","appium:avd":"Pixel2","appium:deviceName":"pixel2","platformName":"android"}]}}&amp#27;[39m
[debug] &amp#27;[35m[W3C]&amp#27;[39m Calling AppiumDriver.createSession() with args: [{"app":"D:\\TechPractice\\Appium\\FieldEngineerApp/Apks/FEApp.apk","appActivity":"com.colt.coltengineering.screen.SplashActivity","appPackage":"com.colt.coltengineering","automationName":"uiautomator2","autoGrantPermissions":"true","platformName":"Android","deviceName":"pixel2","avd":"Pixel2"},null,{"firstMatch":[{"appium:app":"D:\\TechPractice\\Appium\\FieldEngineerApp/Apks/FEApp.apk","appium:appActivity":"com.colt.coltengineering.screen.SplashActivity","appium:appPackage":"com.colt.coltengineering","appium:autoGrantPermissions":"true","appium:automationName":"uiautomator2","appium:avd":"Pixel2","appium:deviceName":"pixel2","platformName":"android"}]}]
[debug] &amp#27;[35m[BaseDriver]&amp#27;[39m Event 'newSessionRequested' logged at 1604380751741 (10:49:11 GMT+0530 (India Standard Time))
&amp#27;[35m[Appium]&amp#27;[39m Appium v1.18.3 creating new AndroidUiautomator2Driver (v1.56.1) session
[debug] &amp#27;[35m[BaseDriver]&amp#27;[39m W3C capabilities and MJSONWP desired capabilities were provided
[debug] &amp#27;[35m[BaseDriver]&amp#27;[39m Creating session with W3C capabilities: {
[debug] &amp#27;[35m[BaseDriver]&amp#27;[39m   "alwaysMatch": {
[debug] &amp#27;[35m[BaseDriver]&amp#27;[39m     "platformName": "android",
[debug] &amp#27;[35m[BaseDriver]&amp#27;[39m     "appium:app": "D:\\TechPractice\\Appium\\FieldEngineerApp/Apks/FEApp.apk",
[debug] &amp#27;[35m[BaseDriver]&amp#27;[39m     "appium:appActivity": "com.colt.coltengineering.screen.SplashActivity",
[debug] &amp#27;[35m[BaseDriver]&amp#27;[39m     "appium:appPackage": "com.colt.coltengineering",
[debug] &amp#27;[35m[BaseDriver]&amp#27;[39m     "appium:autoGrantPermissions": "true",
[debug] &amp#27;[35m[BaseDriver]&amp#27;[39m     "appium:automationName": "uiautomator2",
[debug] &amp#27;[35m[BaseDriver]&amp#27;[39m     "appium:avd": "Pixel2",
[debug] &amp#27;[35m[BaseDriver]&amp#27;[39m     "appium:deviceName": "pixel2"
[debug] &amp#27;[35m[BaseDriver]&amp#27;[39m   },
[debug] &amp#27;[35m[BaseDriver]&amp#27;[39m   "firstMatch": [
[debug] &amp#27;[35m[BaseDriver]&amp#27;[39m     {}
[debug] &amp#27;[35m[BaseDriver]&amp#27;[39m   ]
[debug] &amp#27;[35m[BaseDriver]&amp#27;[39m }
&amp#27;[35m[BaseDriver]&amp#27;[39m Capability 'autoGrantPermissions' changed from string to boolean. This may cause unexpected behavior
&amp#27;[35m[BaseDriver]&amp#27;[39m Session created with session id: 4b1a498c-3774-4cf9-a2fe-021ea34b4d5e
&amp#27;[35m[BaseDriver]&amp#27;[39m Using local app 'D:\TechPractice\Appium\FieldEngineerApp/Apks/FEApp.apk'
[debug] &amp#27;[35m[UiAutomator2]&amp#27;[39m Checking whether app is actually present
&amp#27;[35m[ADB]&amp#27;[39m Found 1 'build-tools' folders under 'D:\TechSoftwares\AndroidSDK' (newest first):
&amp#27;[35m[ADB]&amp#27;[39m     D:/TechSoftwares/AndroidSDK/build-tools/30.0.2
&amp#27;[35m[ADB]&amp#27;[39m Using 'adb.exe' from 'D:\TechSoftwares\AndroidSDK\platform-tools\adb.exe'
[debug] &amp#27;[35m[ADB]&amp#27;[39m Running 'D:\TechSoftwares\AndroidSDK\platform-tools\adb.exe -P 5037 start-server'
[debug] &amp#27;[35m[ADB]&amp#27;[39m Trying to find 'Pixel2' emulator
[debug] &amp#27;[35m[ADB]&amp#27;[39m Getting connected emulators
[debug] &amp#27;[35m[ADB]&amp#27;[39m Getting connected devices
[debug] &amp#27;[35m[ADB]&amp#27;[39m Connected devices: [{"udid":"emulator-5554","state":"device"}]
[debug] &amp#27;[35m[ADB]&amp#27;[39m 1 emulator connected
[debug] &amp#27;[35m[ADB]&amp#27;[39m Overriding C:\Users\Medhansh\.emulator_console_auth_token with an empty string to avoid telnet authentication for emulator commands
[debug] &amp#27;[35m[ADB]&amp#27;[39m Executing Emulator console command: avd name
[debug] &amp#27;[35m[ADB]&amp#27;[39m Found emulator 'Pixel2' on port 5554
[debug] &amp#27;[35m[ADB]&amp#27;[39m Setting device id to emulator-5554
[debug] &amp#27;[35m[AndroidDriver]&amp#27;[39m Not launching AVD because it is already running.
&amp#27;[35m[AndroidDriver]&amp#27;[39m Using device: emulator-5554
&amp#27;[35m[ADB]&amp#27;[39m Using 'adb.exe' from 'D:\TechSoftwares\AndroidSDK\platform-tools\adb.exe'
[debug] &amp#27;[35m[ADB]&amp#27;[39m Running 'D:\TechSoftwares\AndroidSDK\platform-tools\adb.exe -P 5037 start-server'
[debug] &amp#27;[35m[ADB]&amp#27;[39m Setting device id to emulator-5554
[debug] &amp#27;[35m[ADB]&amp#27;[39m Running 'D:\TechSoftwares\AndroidSDK\platform-tools\adb.exe -P 5037 -s emulator-5554 shell getprop ro.build.version.sdk'
[debug] &amp#27;[35m[ADB]&amp#27;[39m Current device property 'ro.build.version.sdk': 28
&amp#27;[35m[ADB]&amp#27;[39m Getting device platform version
[debug] &amp#27;[35m[ADB]&amp#27;[39m Running 'D:\TechSoftwares\AndroidSDK\platform-tools\adb.exe -P 5037 -s emulator-5554 shell getprop ro.build.version.release'
[debug] &amp#27;[35m[ADB]&amp#27;[39m Current device property 'ro.build.version.release': 9
[debug] &amp#27;[35m[ADB]&amp#27;[39m Device API level: 28
&amp#27;[35m[UiAutomator2]&amp#27;[39m Relaxing hidden api policy
[debug] &amp#27;[35m[ADB]&amp#27;[39m Running 'D:\TechSoftwares\AndroidSDK\platform-tools\adb.exe -P 5037 -s emulator-5554 shell 'settings put global hidden_api_policy_pre_p_apps 1;settings put global hidden_api_policy_p_apps 1;settings put global hidden_api_policy 1''
[debug] &amp#27;[35m[ADB]&amp#27;[39m Running 'D:\TechSoftwares\AndroidSDK\platform-tools\adb.exe -P 5037 -s emulator-5554 wait-for-device'
[debug] &amp#27;[35m[ADB]&amp#27;[39m Running 'D:\TechSoftwares\AndroidSDK\platform-tools\adb.exe -P 5037 -s emulator-5554 shell echo ping'
[debug] &amp#27;[35m[AndroidDriver]&amp#27;[39m Pushing settings apk to device...
[debug] &amp#27;[35m[ADB]&amp#27;[39m Getting install status for io.appium.settings
[debug] &amp#27;[35m[ADB]&amp#27;[39m Running 'D:\TechSoftwares\AndroidSDK\platform-tools\adb.exe -P 5037 -s emulator-5554 shell dumpsys package io.appium.settings'
[debug] &amp#27;[35m[ADB]&amp#27;[39m 'io.appium.settings' is installed
[debug] &amp#27;[35m[ADB]&amp#27;[39m Getting package info for 'io.appium.settings'
[debug] &amp#27;[35m[ADB]&amp#27;[39m Running 'D:\TechSoftwares\AndroidSDK\platform-tools\adb.exe -P 5037 -s emulator-5554 shell dumpsys package io.appium.settings'
[debug] &amp#27;[35m[ADB]&amp#27;[39m The version name of the installed 'io.appium.settings' is greater or equal to the application version name ('3.2.0' >= '3.2.0')
[debug] &amp#27;[35m[ADB]&amp#27;[39m There is no need to install/upgrade 'C:\Users\Medhansh\AppData\Roaming\npm\node_modules\appium\node_modules\io.appium.settings\apks\settings_apk-debug.apk'
[debug] &amp#27;[35m[ADB]&amp#27;[39m Getting IDs of all 'io.appium.settings' processes
[debug] &amp#27;[35m[ADB]&amp#27;[39m Running 'D:\TechSoftwares\AndroidSDK\platform-tools\adb.exe -P 5037 -s emulator-5554 shell 'pgrep --help; echo $?''
[debug] &amp#27;[35m[ADB]&amp#27;[39m Running 'D:\TechSoftwares\AndroidSDK\platform-tools\adb.exe -P 5037 -s emulator-5554 shell pgrep -f io\\.appium\\.settings'
[debug] &amp#27;[35m[ADB]&amp#27;[39m Getting IDs of all 'io.appium.settings' processes
[debug] &amp#27;[35m[ADB]&amp#27;[39m Running 'D:\TechSoftwares\AndroidSDK\platform-tools\adb.exe -P 5037 -s emulator-5554 shell pgrep -f io\\.appium\\.settings'
[debug] &amp#27;[35m[ADB]&amp#27;[39m Starting Appium Settings app
[debug] &amp#27;[35m[ADB]&amp#27;[39m Running 'D:\TechSoftwares\AndroidSDK\platform-tools\adb.exe -P 5037 -s emulator-5554 shell am start -n io.appium.settings/.Settings -a android.intent.action.MAIN -c android.intent.category.LAUNCHER'
[debug] &amp#27;[35m[ADB]&amp#27;[39m Getting IDs of all 'io.appium.settings' processes
[debug] &amp#27;[35m[ADB]&amp#27;[39m Running 'D:\TechSoftwares\AndroidSDK\platform-tools\adb.exe -P 5037 -s emulator-5554 shell pgrep -f io\\.appium\\.settings'
[debug] &amp#27;[35m[ADB]&amp#27;[39m Getting IDs of all 'io.appium.settings' processes
[debug] &amp#27;[35m[ADB]&amp#27;[39m Running 'D:\TechSoftwares\AndroidSDK\platform-tools\adb.exe -P 5037 -s emulator-5554 shell pgrep -f io\\.appium\\.settings'
[debug] &amp#27;[35m[Logcat]&amp#27;[39m Starting logs capture with command: D:\\TechSoftwares\\AndroidSDK\\platform-tools\\adb.exe -P 5037 -s emulator-5554 logcat -v threadtime
[debug] &amp#27;[35m[UiAutomator2]&amp#27;[39m Forwarding UiAutomator2 Server port 6790 to 8200
[debug] &amp#27;[35m[ADB]&amp#27;[39m Forwarding system: 8200 to device: 6790
[debug] &amp#27;[35m[ADB]&amp#27;[39m Running 'D:\TechSoftwares\AndroidSDK\platform-tools\adb.exe -P 5037 -s emulator-5554 forward tcp\:8200 tcp\:6790'
[debug] &amp#27;[35m[ADB]&amp#27;[39m Getting install status for io.appium.uiautomator2.server
[debug] &amp#27;[35m[ADB]&amp#27;[39m Running 'D:\TechSoftwares\AndroidSDK\platform-tools\adb.exe -P 5037 -s emulator-5554 shell dumpsys package io.appium.uiautomator2.server'
[debug] &amp#27;[35m[ADB]&amp#27;[39m 'io.appium.uiautomator2.server' is installed
[debug] &amp#27;[35m[ADB]&amp#27;[39m Getting package info for 'io.appium.uiautomator2.server'
[debug] &amp#27;[35m[ADB]&amp#27;[39m Running 'D:\TechSoftwares\AndroidSDK\platform-tools\adb.exe -P 5037 -s emulator-5554 shell dumpsys package io.appium.uiautomator2.server'
[debug] &amp#27;[35m[ADB]&amp#27;[39m The version name of the installed 'io.appium.uiautomator2.server' is greater or equal to the application version name ('4.12.2' >= '4.12.2')
[debug] &amp#27;[35m[UiAutomator2]&amp#27;[39m io.appium.uiautomator2.server installation state: sameVersionInstalled
[debug] &amp#27;[35m[ADB]&amp#27;[39m Checking app cert for C:\Users\Medhansh\AppData\Roaming\npm\node_modules\appium\node_modules\appium-uiautomator2-server\apks\appium-uiautomator2-server-v4.12.2.apk
&amp#27;[35m[ADB]&amp#27;[39m Using 'apksigner.jar' from 'D:\TechSoftwares\AndroidSDK\build-tools\30.0.2\lib\apksigner.jar'
[debug] &amp#27;[35m[ADB]&amp#27;[39m Starting apksigner: D:\\jdk1.8\\bin\\java.exe -Xmx1024M -Xss1m -jar D:\\TechSoftwares\\AndroidSDK\\build-tools\\30.0.2\\lib\\apksigner.jar verify --print-certs C:\\Users\\Medhansh\\AppData\\Roaming\\npm\\node_modules\\appium\\node_modules\\appium-uiautomator2-server\\apks\\appium-uiautomator2-server-v4.12.2.apk
[debug] &amp#27;[35m[ADB]&amp#27;[39m apksigner stdout: Signer #1 certificate DN: EMAILADDRESS=android@android.com, CN=Android, OU=Android, O=Android, L=Mountain View, ST=California, C=US
[debug] &amp#27;[35m[ADB]&amp#27;[39m Signer #1 certificate SHA-256 digest: a40da80a59d170caa950cf15c18c454d47a39b26989d8b640ecd745ba71bf5dc
[debug] &amp#27;[35m[ADB]&amp#27;[39m Signer #1 certificate SHA-1 digest: 61ed377e85d386a8dfee6b864bd85b0bfaa5af81
[debug] &amp#27;[35m[ADB]&amp#27;[39m Signer #1 certificate MD5 digest: e89b158e4bcf988ebd09eb83f5378e87
[debug] &amp#27;[35m[ADB]&amp#27;[39m 
[debug] &amp#27;[35m[ADB]&amp#27;[39m 'C:\Users\Medhansh\AppData\Roaming\npm\node_modules\appium\node_modules\appium-uiautomator2-server\apks\appium-uiautomator2-server-v4.12.2.apk' is signed with the default certificate
[debug] &amp#27;[35m[ADB]&amp#27;[39m Getting install status for io.appium.uiautomator2.server.test
[debug] &amp#27;[35m[ADB]&amp#27;[39m Running 'D:\TechSoftwares\AndroidSDK\platform-tools\adb.exe -P 5037 -s emulator-5554 shell dumpsys package io.appium.uiautomator2.server.test'
[debug] &amp#27;[35m[ADB]&amp#27;[39m 'io.appium.uiautomator2.server.test' is installed
[debug] &amp#27;[35m[ADB]&amp#27;[39m Checking app cert for C:\Users\Medhansh\AppData\Roaming\npm\node_modules\appium\node_modules\appium-uiautomator2-server\apks\appium-uiautomator2-server-debug-androidTest.apk
[debug] &amp#27;[35m[ADB]&amp#27;[39m Starting apksigner: D:\\jdk1.8\\bin\\java.exe -Xmx1024M -Xss1m -jar D:\\TechSoftwares\\AndroidSDK\\build-tools\\30.0.2\\lib\\apksigner.jar verify --print-certs C:\\Users\\Medhansh\\AppData\\Roaming\\npm\\node_modules\\appium\\node_modules\\appium-uiautomator2-server\\apks\\appium-uiautomator2-server-debug-androidTest.apk
[debug] &amp#27;[35m[ADB]&amp#27;[39m apksigner stdout: Signer #1 certificate DN: EMAILADDRESS=android@android.com, CN=Android, OU=Android, O=Android, L=Mountain View, ST=California, C=US
[debug] &amp#27;[35m[ADB]&amp#27;[39m Signer #1 certificate SHA-256 digest: a40da80a59d170caa950cf15c18c454d47a39b26989d8b640ecd745ba71bf5dc
[debug] &amp#27;[35m[ADB]&amp#27;[39m Signer #1 certificate SHA-1 digest: 61ed377e85d386a8dfee6b864bd85b0bfaa5af81
[debug] &amp#27;[35m[ADB]&amp#27;[39m Signer #1 certificate MD5 digest: e89b158e4bcf988ebd09eb83f5378e87
[debug] &amp#27;[35m[ADB]&amp#27;[39m 
[debug] &amp#27;[35m[ADB]&amp#27;[39m 'C:\Users\Medhansh\AppData\Roaming\npm\node_modules\appium\node_modules\appium-uiautomator2-server\apks\appium-uiautomator2-server-debug-androidTest.apk' is signed with the default certificate
&amp#27;[35m[UiAutomator2]&amp#27;[39m Server packages are not going to be (re)installed
[debug] &amp#27;[35m[UiAutomator2]&amp#27;[39m Waiting up to 30000ms for services to be available
[debug] &amp#27;[35m[ADB]&amp#27;[39m Running 'D:\TechSoftwares\AndroidSDK\platform-tools\adb.exe -P 5037 -s emulator-5554 shell pm list instrumentation'
[debug] &amp#27;[35m[UiAutomator2]&amp#27;[39m Instrumentation target 'io.appium.uiautomator2.server.test/androidx.test.runner.AndroidJUnitRunner' is available
[debug] &amp#27;[35m[ADB]&amp#27;[39m Checking app cert for D:\TechPractice\Appium\FieldEngineerApp/Apks/FEApp.apk
[debug] &amp#27;[35m[ADB]&amp#27;[39m Starting apksigner: D:\\jdk1.8\\bin\\java.exe -Xmx1024M -Xss1m -jar D:\\TechSoftwares\\AndroidSDK\\build-tools\\30.0.2\\lib\\apksigner.jar verify --print-certs D:\\TechPractice\\Appium\\FieldEngineerApp/Apks/FEApp.apk
[debug] &amp#27;[35m[ADB]&amp#27;[39m apksigner stdout: Signer #1 certificate DN: C=US, O=Android, CN=Android Debug
[debug] &amp#27;[35m[ADB]&amp#27;[39m Signer #1 certificate SHA-256 digest: 3c46dd3f732dd2a86e23a902f413fe580567d53d375d3cbc0a0ae481625785aa
[debug] &amp#27;[35m[ADB]&amp#27;[39m Signer #1 certificate SHA-1 digest: cd7140b857eedd24f2a23512bc1b7f28fa8c5812
[debug] &amp#27;[35m[ADB]&amp#27;[39m Signer #1 certificate MD5 digest: daf2b28471cf5e67ee74247ef5b08da9
[debug] &amp#27;[35m[ADB]&amp#27;[39m 
[debug] &amp#27;[35m[ADB]&amp#27;[39m 'D:\TechPractice\Appium\FieldEngineerApp/Apks/FEApp.apk' is signed with a non-default certificate
[debug] &amp#27;[35m[ADB]&amp#27;[39m Getting install status for com.colt.coltengineering
[debug] &amp#27;[35m[ADB]&amp#27;[39m Running 'D:\TechSoftwares\AndroidSDK\platform-tools\adb.exe -P 5037 -s emulator-5554 shell dumpsys package com.colt.coltengineering'
[debug] &amp#27;[35m[ADB]&amp#27;[39m 'com.colt.coltengineering' is installed
[debug] &amp#27;[35m[ADB]&amp#27;[39m Getting package info for 'com.colt.coltengineering'
[debug] &amp#27;[35m[ADB]&amp#27;[39m Running 'D:\TechSoftwares\AndroidSDK\platform-tools\adb.exe -P 5037 -s emulator-5554 shell dumpsys package com.colt.coltengineering'
[debug] &amp#27;[35m[ADB]&amp#27;[39m The version name of the installed 'com.colt.coltengineering' is greater or equal to the application version name ('2.0.0' >= '2.0.0')
[debug] &amp#27;[35m[ADB]&amp#27;[39m There is no need to install/upgrade 'D:\TechPractice\Appium\FieldEngineerApp/Apks/FEApp.apk'
&amp#27;[35m[AndroidDriver]&amp#27;[39m Performing fast reset on 'com.colt.coltengineering'
[debug] &amp#27;[35m[ADB]&amp#27;[39m Getting install status for com.colt.coltengineering
[debug] &amp#27;[35m[ADB]&amp#27;[39m Running 'D:\TechSoftwares\AndroidSDK\platform-tools\adb.exe -P 5037 -s emulator-5554 shell dumpsys package com.colt.coltengineering'
[debug] &amp#27;[35m[ADB]&amp#27;[39m 'com.colt.coltengineering' is installed
[debug] &amp#27;[35m[ADB]&amp#27;[39m Running 'D:\TechSoftwares\AndroidSDK\platform-tools\adb.exe -P 5037 -s emulator-5554 shell am force-stop com.colt.coltengineering'
[debug] &amp#27;[35m[ADB]&amp#27;[39m Running 'D:\TechSoftwares\AndroidSDK\platform-tools\adb.exe -P 5037 -s emulator-5554 shell pm clear com.colt.coltengineering'
[debug] &amp#27;[35m[ADB]&amp#27;[39m Running 'D:\TechSoftwares\AndroidSDK\platform-tools\adb.exe -P 5037 -s emulator-5554 shell dumpsys package com.colt.coltengineering'
[debug] &amp#27;[35m[ADB]&amp#27;[39m Retrieving requested permissions
[debug] &amp#27;[35m[ADB]&amp#27;[39m Retrieved 18 permissions from requested group
[debug] &amp#27;[35m[ADB]&amp#27;[39m Retrieving granted permissions
[debug] &amp#27;[35m[ADB]&amp#27;[39m Retrieved 6 permissions from install,runtime groups
[debug] &amp#27;[35m[ADB]&amp#27;[39m Granting permissions ["android.permission.ACCESS_FINE_LOCATION","android.permission.ACCESS_COARSE_LOCATION","android.permission.WRITE_EXTERNAL_STORAGE","android.permission.READ_EXTERNAL_STORAGE","android.permission.CAMERA","android.permission.CALL_PHONE"] to 'com.colt.coltengineering'
[debug] &amp#27;[35m[ADB]&amp#27;[39m Got the following command chunks to execute: [["pm","grant","com.colt.coltengineering","android.permission.ACCESS_FINE_LOCATION",";","pm","grant","com.colt.coltengineering","android.permission.ACCESS_COARSE_LOCATION",";","pm","grant","com.colt.coltengineering","android.permission.WRITE_EXTERNAL_STORAGE",";","pm","grant","com.colt.coltengineering","android.permission.READ_EXTERNAL_STORAGE",";","pm","grant","com.colt.coltengineering","android.permission.CAMERA",";","pm","grant","com.colt.coltengineering","android.permission.CALL_PHONE",";"]]
[debug] &amp#27;[35m[ADB]&amp#27;[39m Running 'D:\TechSoftwares\AndroidSDK\platform-tools\adb.exe -P 5037 -s emulator-5554 shell pm grant com.colt.coltengineering android.permission.ACCESS_FINE_LOCATION \; pm grant com.colt.coltengineering android.permission.ACCESS_COARSE_LOCATION \; pm grant com.colt.coltengineering android.permission.WRITE_EXTERNAL_STORAGE \; pm grant com.colt.coltengineering android.permission.READ_EXTERNAL_STORAGE \; pm grant com.colt.coltengineering android.permission.CAMERA \; pm grant com.colt.coltengineering android.permission.CALL_PHONE \;'
[debug] &amp#27;[35m[AndroidDriver]&amp#27;[39m Performed fast reset on the installed 'com.colt.coltengineering' application (stop and clear)
[debug] &amp#27;[35m[UiAutomator2]&amp#27;[39m Performing shallow cleanup of automation leftovers
[debug] &amp#27;[35m[UiAutomator2]&amp#27;[39m No obsolete sessions have been detected (socket hang up)
[debug] &amp#27;[35m[ADB]&amp#27;[39m Running 'D:\TechSoftwares\AndroidSDK\platform-tools\adb.exe -P 5037 -s emulator-5554 shell am force-stop io.appium.uiautomator2.server.test'
&amp#27;[35m[UiAutomator2]&amp#27;[39m Starting UIAutomator2 server 4.12.2
&amp#27;[35m[UiAutomator2]&amp#27;[39m Using UIAutomator2 server from 'C:\Users\Medhansh\AppData\Roaming\npm\node_modules\appium\node_modules\appium-uiautomator2-server\apks\appium-uiautomator2-server-v4.12.2.apk' and test from 'C:\Users\Medhansh\AppData\Roaming\npm\node_modules\appium\node_modules\appium-uiautomator2-server\apks\appium-uiautomator2-server-debug-androidTest.apk'
&amp#27;[35m[UiAutomator2]&amp#27;[39m Waiting up to 30000ms for UiAutomator2 to be online...
[debug] &amp#27;[35m[ADB]&amp#27;[39m Creating ADB subprocess with args: ["-P",5037,"-s","emulator-5554","shell","am","instrument","-w","io.appium.uiautomator2.server.test/androidx.test.runner.AndroidJUnitRunner"]
[debug] &amp#27;[35m[WD Proxy]&amp#27;[39m Matched '/status' to command name 'getStatus'
[debug] &amp#27;[35m[WD Proxy]&amp#27;[39m Proxying [GET /status] to [GET http://127.0.0.1:8200/wd/hub/status] with no body
&amp#27;[35m[WD Proxy]&amp#27;[39m socket hang up
[debug] &amp#27;[35m[Instrumentation]&amp#27;[39m io.appium.uiautomator2.server.test.AppiumUiAutomator2Server:
[debug] &amp#27;[35m[WD Proxy]&amp#27;[39m Matched '/status' to command name 'getStatus'
[debug] &amp#27;[35m[WD Proxy]&amp#27;[39m Proxying [GET /status] to [GET http://127.0.0.1:8200/wd/hub/status] with no body
&amp#27;[35m[WD Proxy]&amp#27;[39m socket hang up
[debug] &amp#27;[35m[WD Proxy]&amp#27;[39m Matched '/status' to command name 'getStatus'
[debug] &amp#27;[35m[WD Proxy]&amp#27;[39m Proxying [GET /status] to [GET http://127.0.0.1:8200/wd/hub/status] with no body
&amp#27;[35m[WD Proxy]&amp#27;[39m socket hang up
[debug] &amp#27;[35m[WD Proxy]&amp#27;[39m Matched '/status' to command name 'getStatus'
[debug] &amp#27;[35m[WD Proxy]&amp#27;[39m Proxying [GET /status] to [GET http://127.0.0.1:8200/wd/hub/status] with no body
[debug] &amp#27;[35m[WD Proxy]&amp#27;[39m Got response with status 200: {"sessionId":"None","value":{"message":"UiAutomator2 Server is ready to accept commands","ready":true}}
[debug] &amp#27;[35m[UiAutomator2]&amp#27;[39m The initialization of the instrumentation process took 4161ms
[debug] &amp#27;[35m[WD Proxy]&amp#27;[39m Matched '/session' to command name 'createSession'
[debug] &amp#27;[35m[WD Proxy]&amp#27;[39m Proxying [POST /session] to [POST http://127.0.0.1:8200/wd/hub/session] with body: {"capabilities":{"firstMatch":[{"platform":"LINUX","webStorageEnabled":false,"takesScreenshot":true,"javascriptEnabled":true,"databaseEnabled":false,"networkConnectionEnabled":true,"locationContextEnabled":false,"warnings":{},"desired":{"platformName":"android","app":"D:\\TechPractice\\Appium\\FieldEngineerApp/Apks/FEApp.apk","appActivity":"com.colt.coltengineering.screen.SplashActivity","appPackage":"com.colt.coltengineering","autoGrantPermissions":true,"automationName":"uiautomator2","avd":"Pixel2","deviceName":"pixel2"},"platformName":"android","app":"D:\\TechPractice\\Appium\\FieldEngineerApp/Apks/FEApp.apk","appActivity":"com.colt.coltengineering.screen.SplashActivity","appPackage":"com.colt.coltengineering","autoGrantPermissions":true,"automationName":"uiautomator2","avd":"Pixel2","deviceName":"emulator-5554","deviceUDID":"emulator-5554"}],"alwaysMatch":{}}}
[debug] &amp#27;[35m[WD Proxy]&amp#27;[39m Got response with status 200: {"sessionId":"2237fba1-6f46-4ad3-a16c-d8c502a02b8b","value":{"capabilities":{"firstMatch":[{"platform":"LINUX","webStorageEnabled":false,"takesScreenshot":true,"javascriptEnabled":true,"databaseEnabled":false,"networkConnectionEnabled":true,"locationContextEnabled":false,"warnings":{},"desired":{"platformName":"android","app":"D:\\TechPractice\\Appium\\FieldEngineerApp/Apks/FEApp.apk","appActivity":"com.colt.coltengineering.screen.SplashActivity","appPackage":"com.colt.coltengineering","autoGrantPermissions":true,"automationName":"uiautomator2","avd":"Pixel2","deviceName":"pixel2"},"platformName":"android","app":"D:\\TechPractice\\Appium\\FieldEngineerApp/Apks/FEApp.apk","appActivity":"com.colt.coltengineering.screen.SplashActivity","appPackage":"com.colt.coltengineering","autoGrantPermissions":true,"automationName":"uiautomator2","avd":"Pixel2","deviceName":"emulator-5554","deviceUDID":"emulator-5554"}],"alwaysMatch":{}},"sessionId":"2237fba1-6f46-4ad3-a16c-d8c502a02b8b"}}
&amp#27;[35m[WD Proxy]&amp#27;[39m Determined the downstream protocol as 'W3C'
[debug] &amp#27;[35m[WD Proxy]&amp#27;[39m Proxying [GET /appium/device/info] to [GET http://127.0.0.1:8200/wd/hub/session/2237fba1-6f46-4ad3-a16c-d8c502a02b8b/appium/device/info] with no body
[debug] &amp#27;[35m[WD Proxy]&amp#27;[39m Got response with status 200: {"sessionId":"2237fba1-6f46-4ad3-a16c-d8c502a02b8b","value":{"androidId":"e45960c38005a994","apiVersion":"28","bluetooth":null,"brand":"google","carrierName":"Android","displayDensity":420,"locale":"en_US","manufacturer":"Google","model":"AOSP on IA Emulator","networks":[{"capabilities":{"SSID":null,"linkDownBandwidthKbps":102400,"linkUpstreamBandwidthKbps":51200,"networkCapabilities":"NET_CAPABILITY_MMS,NET_CAPABILITY_SUPL,NET_CAPABILITY_DUN,NET_CAPABILITY_FOTA,NET_CAPABILITY_IMS,NET_CAPABILITY_CBS,NET_CAPABILITY_IA,NET_CAPABILITY_INTERNET,NET_CAPABILITY_NOT_RESTRICTED,NET_CAPABILITY_TRUSTED,NET_CAPABILITY_NOT_VPN,NET_CAPABILITY_VALIDATED,NET_CAPABILITY_NOT_ROAMING,NET_CAPABILITY_FOREGROUND,NET_CAPABILITY_NOT_CONGESTED,NET_CAPABILITY_NOT_SUSPENDED","signalStrength":-2147483648,"transportTypes":"TRANSPORT_CELLULAR"},"detailedState":"CONNECTED","extraInfo":"epc.tmobile.com","isAvailable":true,"isConnected":true,"isFailover":false,"isRoaming":false,"state":"CONNECTED","subtype":13,"subtypeName":"LTE","type":...
[debug] &amp#27;[35m[ADB]&amp#27;[39m Running 'D:\TechSoftwares\AndroidSDK\platform-tools\adb.exe -P 5037 -s emulator-5554 shell dumpsys window'
&amp#27;[35m[AndroidDriver]&amp#27;[39m Screen already unlocked, doing nothing
&amp#27;[35m[UiAutomator2]&amp#27;[39m Starting 'com.colt.coltengineering/com.colt.coltengineering.screen.SplashActivity and waiting for 'com.colt.coltengineering/com.colt.coltengineering.screen.SplashActivity'
[debug] &amp#27;[35m[ADB]&amp#27;[39m Running 'D:\TechSoftwares\AndroidSDK\platform-tools\adb.exe -P 5037 -s emulator-5554 shell am start -W -n com.colt.coltengineering/com.colt.coltengineering.screen.SplashActivity -S -a android.intent.action.MAIN -c android.intent.category.LAUNCHER -f 0x10200000'
[debug] &amp#27;[35m[WD Proxy]&amp#27;[39m Proxying [GET /appium/device/pixel_ratio] to [GET http://127.0.0.1:8200/wd/hub/session/2237fba1-6f46-4ad3-a16c-d8c502a02b8b/appium/device/pixel_ratio] with no body
[debug] &amp#27;[35m[WD Proxy]&amp#27;[39m Got response with status 200: {"sessionId":"2237fba1-6f46-4ad3-a16c-d8c502a02b8b","value":2.625}
[debug] &amp#27;[35m[WD Proxy]&amp#27;[39m Matched '/appium/device/system_bars' to command name 'getSystemBars'
[debug] &amp#27;[35m[WD Proxy]&amp#27;[39m Proxying [GET /appium/device/system_bars] to [GET http://127.0.0.1:8200/wd/hub/session/2237fba1-6f46-4ad3-a16c-d8c502a02b8b/appium/device/system_bars] with no body
[debug] &amp#27;[35m[WD Proxy]&amp#27;[39m Got response with status 200: {"sessionId":"2237fba1-6f46-4ad3-a16c-d8c502a02b8b","value":{"statusBar":63}}
[debug] &amp#27;[35m[WD Proxy]&amp#27;[39m Matched '/window/current/size' to command name 'getWindowSize'
[debug] &amp#27;[35m[WD Proxy]&amp#27;[39m Proxying [GET /window/current/size] to [GET http://127.0.0.1:8200/wd/hub/session/2237fba1-6f46-4ad3-a16c-d8c502a02b8b/window/current/size] with no body
[debug] &amp#27;[35m[WD Proxy]&amp#27;[39m Got response with status 200: {"sessionId":"2237fba1-6f46-4ad3-a16c-d8c502a02b8b","value":{"height":1794,"width":1080}}
&amp#27;[35m[Appium]&amp#27;[39m New AndroidUiautomator2Driver session created successfully, session 4b1a498c-3774-4cf9-a2fe-021ea34b4d5e added to master session list
[debug] &amp#27;[35m[BaseDriver]&amp#27;[39m Event 'newSessionStarted' logged at 1604380770343 (10:49:30 GMT+0530 (India Standard Time))
[debug] &amp#27;[35m[W3C (4b1a498c)]&amp#27;[39m Cached the protocol value 'W3C' for the new session 4b1a498c-3774-4cf9-a2fe-021ea34b4d5e
[debug] &amp#27;[35m[W3C (4b1a498c)]&amp#27;[39m Responding to client with driver.createSession() result: {"capabilities":{"platform":"LINUX","webStorageEnabled":false,"takesScreenshot":true,"javascriptEnabled":true,"databaseEnabled":false,"networkConnectionEnabled":true,"locationContextEnabled":false,"warnings":{},"desired":{"platformName":"android","app":"D:\\TechPractice\\Appium\\FieldEngineerApp/Apks/FEApp.apk","appActivity":"com.colt.coltengineering.screen.SplashActivity","appPackage":"com.colt.coltengineering","autoGrantPermissions":true,"automationName":"uiautomator2","avd":"Pixel2","deviceName":"pixel2"},"platformName":"android","app":"D:\\TechPractice\\Appium\\FieldEngineerApp/Apks/FEApp.apk","appActivity":"com.colt.coltengineering.screen.SplashActivity","appPackage":"com.colt.coltengineering","autoGrantPermissions":true,"automationName":"uiautomator2","avd":"Pixel2","deviceName":"emulator-5554","deviceUDID":"emulator-5554","deviceApiLevel":28,"platformVersion":"9","deviceScreenSize":"1080x1920","deviceScreenDensity":420,"deviceModel":"AOSP on IA Emulator","deviceManufacturer":"Google","pixelRatio":2....
&amp#27;[35m[HTTP]&amp#27;[39m &amp#27;[37m<-- POST /wd/hub/session &amp#27;[39m&amp#27;[32m200&amp#27;[39m &amp#27;[90m18609 ms - 1168&amp#27;[39m
&amp#27;[35m[HTTP]&amp#27;[39m &amp#27;[90m&amp#27;[39m
&amp#27;[35m[HTTP]&amp#27;[39m &amp#27;[37m-->&amp#27;[39m &amp#27;[37mPOST&amp#27;[39m &amp#27;[37m/wd/hub/session/4b1a498c-3774-4cf9-a2fe-021ea34b4d5e/timeouts&amp#27;[39m
&amp#27;[35m[HTTP]&amp#27;[39m &amp#27;[90m{"implicit":30000}&amp#27;[39m
[debug] &amp#27;[35m[W3C (4b1a498c)]&amp#27;[39m Calling AppiumDriver.timeouts() with args: [null,null,null,null,30000,"4b1a498c-3774-4cf9-a2fe-021ea34b4d5e"]
[debug] &amp#27;[35m[BaseDriver]&amp#27;[39m W3C timeout argument: {"implicit":30000}}
[debug] &amp#27;[35m[BaseDriver]&amp#27;[39m Set implicit wait to 30000ms
[debug] &amp#27;[35m[W3C (4b1a498c)]&amp#27;[39m Responding to client with driver.timeouts() result: null
&amp#27;[35m[HTTP]&amp#27;[39m &amp#27;[37m<-- POST /wd/hub/session/4b1a498c-3774-4cf9-a2fe-021ea34b4d5e/timeouts &amp#27;[39m&amp#27;[32m200&amp#27;[39m &amp#27;[90m8 ms - 14&amp#27;[39m
&amp#27;[35m[HTTP]&amp#27;[39m &amp#27;[90m&amp#27;[39m
&amp#27;[35m[HTTP]&amp#27;[39m &amp#27;[37m-->&amp#27;[39m &amp#27;[37mGET&amp#27;[39m &amp#27;[37m/wd/hub/session/4b1a498c-3774-4cf9-a2fe-021ea34b4d5e/context&amp#27;[39m
&amp#27;[35m[HTTP]&amp#27;[39m &amp#27;[90m{}&amp#27;[39m
[debug] &amp#27;[35m[W3C (4b1a498c)]&amp#27;[39m Calling AppiumDriver.getCurrentContext() with args: ["4b1a498c-3774-4cf9-a2fe-021ea34b4d5e"]
[debug] &amp#27;[35m[W3C (4b1a498c)]&amp#27;[39m Responding to client with driver.getCurrentContext() result: "NATIVE_APP"
&amp#27;[35m[HTTP]&amp#27;[39m &amp#27;[37m<-- GET /wd/hub/session/4b1a498c-3774-4cf9-a2fe-021ea34b4d5e/context &amp#27;[39m&amp#27;[32m200&amp#27;[39m &amp#27;[90m12 ms - 22&amp#27;[39m
&amp#27;[35m[HTTP]&amp#27;[39m &amp#27;[90m&amp#27;[39m
&amp#27;[35m[HTTP]&amp#27;[39m &amp#27;[37m-->&amp#27;[39m &amp#27;[37mPOST&amp#27;[39m &amp#27;[37m/wd/hub/session/4b1a498c-3774-4cf9-a2fe-021ea34b4d5e/element&amp#27;[39m
&amp#27;[35m[HTTP]&amp#27;[39m &amp#27;[90m{"using":"-android uiautomator","value":"text(\"User ID\")"}&amp#27;[39m
[debug] &amp#27;[35m[W3C (4b1a498c)]&amp#27;[39m Calling AppiumDriver.findElement() with args: ["-android uiautomator","text(\"User ID\")","4b1a498c-3774-4cf9-a2fe-021ea34b4d5e"]
[debug] &amp#27;[35m[BaseDriver]&amp#27;[39m Valid locator strategies for this request: xpath, id, class name, accessibility id, -android uiautomator
[debug] &amp#27;[35m[BaseDriver]&amp#27;[39m Waiting up to 30000 ms for condition
[debug] &amp#27;[35m[WD Proxy]&amp#27;[39m Matched '/element' to command name 'findElement'
[debug] &amp#27;[35m[WD Proxy]&amp#27;[39m Proxying [POST /element] to [POST http://127.0.0.1:8200/wd/hub/session/2237fba1-6f46-4ad3-a16c-d8c502a02b8b/element] with body: {"strategy":"-android uiautomator","selector":"text(\"User ID\")","context":"","multiple":false}
[debug] &amp#27;[35m[WD Proxy]&amp#27;[39m Got response with status 200: {"sessionId":"2237fba1-6f46-4ad3-a16c-d8c502a02b8b","value":{"ELEMENT":"e17235f1-e2ba-4b19-8338-41b6c6078b3b","element-6066-11e4-a52e-4f735466cecf":"e17235f1-e2ba-4b19-8338-41b6c6078b3b"}}
[debug] &amp#27;[35m[W3C (4b1a498c)]&amp#27;[39m Responding to client with driver.findElement() result: {"element-6066-11e4-a52e-4f735466cecf":"e17235f1-e2ba-4b19-8338-41b6c6078b3b","ELEMENT":"e17235f1-e2ba-4b19-8338-41b6c6078b3b"}
&amp#27;[35m[HTTP]&amp#27;[39m &amp#27;[37m<-- POST /wd/hub/session/4b1a498c-3774-4cf9-a2fe-021ea34b4d5e/element &amp#27;[39m&amp#27;[32m200&amp#27;[39m &amp#27;[90m1166 ms - 137&amp#27;[39m
&amp#27;[35m[HTTP]&amp#27;[39m &amp#27;[90m&amp#27;[39m
&amp#27;[35m[HTTP]&amp#27;[39m &amp#27;[37m-->&amp#27;[39m &amp#27;[37mPOST&amp#27;[39m &amp#27;[37m/wd/hub/session/4b1a498c-3774-4cf9-a2fe-021ea34b4d5e/element/e17235f1-e2ba-4b19-8338-41b6c6078b3b/value&amp#27;[39m
&amp#27;[35m[HTTP]&amp#27;[39m &amp#27;[90m{"id":"e17235f1-e2ba-4b19-8338-41b6c6078b3b","text":"coltonlinedcp","value":["c","o","l","t","o","n","l","i","n","e","d","c","p"]}&amp#27;[39m
[debug] &amp#27;[35m[W3C (4b1a498c)]&amp#27;[39m Calling AppiumDriver.setValue() with args: [["c","o","l","t","o","n","l","i","n","e","d","c","p"],"e17235f1-e2ba-4b19-8338-41b6c6078b3b","4b1a498c-3774-4cf9-a2fe-021ea34b4d5e"]
[debug] &amp#27;[35m[WD Proxy]&amp#27;[39m Matched '/element/e17235f1-e2ba-4b19-8338-41b6c6078b3b/value' to command name 'setValue'
[debug] &amp#27;[35m[Protocol Converter]&amp#27;[39m Added 'value' property ["c","o","l","t","o","n","l","i","n","e","d","c","p"] to 'setValue' request body
[debug] &amp#27;[35m[WD Proxy]&amp#27;[39m Proxying [POST /element/e17235f1-e2ba-4b19-8338-41b6c6078b3b/value] to [POST http://127.0.0.1:8200/wd/hub/session/2237fba1-6f46-4ad3-a16c-d8c502a02b8b/element/e17235f1-e2ba-4b19-8338-41b6c6078b3b/value] with body: {"elementId":"e17235f1-e2ba-4b19-8338-41b6c6078b3b","text":"coltonlinedcp","replace":false,"value":["c","o","l","t","o","n","l","i","n","e","d","c","p"]}
[debug] &amp#27;[35m[WD Proxy]&amp#27;[39m Got response with status 200: {"sessionId":"2237fba1-6f46-4ad3-a16c-d8c502a02b8b","value":null}
[debug] &amp#27;[35m[W3C (4b1a498c)]&amp#27;[39m Responding to client with driver.setValue() result: null
&amp#27;[35m[HTTP]&amp#27;[39m &amp#27;[37m<-- POST /wd/hub/session/4b1a498c-3774-4cf9-a2fe-021ea34b4d5e/element/e17235f1-e2ba-4b19-8338-41b6c6078b3b/value &amp#27;[39m&amp#27;[32m200&amp#27;[39m &amp#27;[90m668 ms - 14&amp#27;[39m
&amp#27;[35m[HTTP]&amp#27;[39m &amp#27;[90m&amp#27;[39m
&amp#27;[35m[HTTP]&amp#27;[39m &amp#27;[37m-->&amp#27;[39m &amp#27;[37mGET&amp#27;[39m &amp#27;[37m/wd/hub/session/4b1a498c-3774-4cf9-a2fe-021ea34b4d5e/context&amp#27;[39m
&amp#27;[35m[HTTP]&amp#27;[39m &amp#27;[90m{}&amp#27;[39m
[debug] &amp#27;[35m[W3C (4b1a498c)]&amp#27;[39m Calling AppiumDriver.getCurrentContext() with args: ["4b1a498c-3774-4cf9-a2fe-021ea34b4d5e"]
[debug] &amp#27;[35m[W3C (4b1a498c)]&amp#27;[39m Responding to client with driver.getCurrentContext() result: "NATIVE_APP"
&amp#27;[35m[HTTP]&amp#27;[39m &amp#27;[37m<-- GET /wd/hub/session/4b1a498c-3774-4cf9-a2fe-021ea34b4d5e/context &amp#27;[39m&amp#27;[32m200&amp#27;[39m &amp#27;[90m5 ms - 22&amp#27;[39m
&amp#27;[35m[HTTP]&amp#27;[39m &amp#27;[90m&amp#27;[39m
&amp#27;[35m[HTTP]&amp#27;[39m &amp#27;[37m-->&amp#27;[39m &amp#27;[37mPOST&amp#27;[39m &amp#27;[37m/wd/hub/session/4b1a498c-3774-4cf9-a2fe-021ea34b4d5e/element&amp#27;[39m
&amp#27;[35m[HTTP]&amp#27;[39m &amp#27;[90m{"using":"-android uiautomator","value":"text(\"Password\")"}&amp#27;[39m
[debug] &amp#27;[35m[W3C (4b1a498c)]&amp#27;[39m Calling AppiumDriver.findElement() with args: ["-android uiautomator","text(\"Password\")","4b1a498c-3774-4cf9-a2fe-021ea34b4d5e"]
[debug] &amp#27;[35m[BaseDriver]&amp#27;[39m Valid locator strategies for this request: xpath, id, class name, accessibility id, -android uiautomator
[debug] &amp#27;[35m[BaseDriver]&amp#27;[39m Waiting up to 30000 ms for condition
[debug] &amp#27;[35m[WD Proxy]&amp#27;[39m Matched '/element' to command name 'findElement'
[debug] &amp#27;[35m[WD Proxy]&amp#27;[39m Proxying [POST /element] to [POST http://127.0.0.1:8200/wd/hub/session/2237fba1-6f46-4ad3-a16c-d8c502a02b8b/element] with body: {"strategy":"-android uiautomator","selector":"text(\"Password\")","context":"","multiple":false}
[debug] &amp#27;[35m[WD Proxy]&amp#27;[39m Got response with status 200: {"sessionId":"2237fba1-6f46-4ad3-a16c-d8c502a02b8b","value":{"ELEMENT":"8a832d6e-2ad7-4324-9d66-a2e3098d65ea","element-6066-11e4-a52e-4f735466cecf":"8a832d6e-2ad7-4324-9d66-a2e3098d65ea"}}
[debug] &amp#27;[35m[W3C (4b1a498c)]&amp#27;[39m Responding to client with driver.findElement() result: {"element-6066-11e4-a52e-4f735466cecf":"8a832d6e-2ad7-4324-9d66-a2e3098d65ea","ELEMENT":"8a832d6e-2ad7-4324-9d66-a2e3098d65ea"}
&amp#27;[35m[HTTP]&amp#27;[39m &amp#27;[37m<-- POST /wd/hub/session/4b1a498c-3774-4cf9-a2fe-021ea34b4d5e/element &amp#27;[39m&amp#27;[32m200&amp#27;[39m &amp#27;[90m489 ms - 137&amp#27;[39m
&amp#27;[35m[HTTP]&amp#27;[39m &amp#27;[90m&amp#27;[39m
&amp#27;[35m[HTTP]&amp#27;[39m &amp#27;[37m-->&amp#27;[39m &amp#27;[37mPOST&amp#27;[39m &amp#27;[37m/wd/hub/session/4b1a498c-3774-4cf9-a2fe-021ea34b4d5e/element/8a832d6e-2ad7-4324-9d66-a2e3098d65ea/value&amp#27;[39m
&amp#27;[35m[HTTP]&amp#27;[39m &amp#27;[90m{"id":"8a832d6e-2ad7-4324-9d66-a2e3098d65ea","text":"Colt@1234","value":["C","o","l","t","@","1","2","3","4"]}&amp#27;[39m
[debug] &amp#27;[35m[W3C (4b1a498c)]&amp#27;[39m Calling AppiumDriver.setValue() with args: [["C","o","l","t","@","1","2","3","4"],"8a832d6e-2ad7-4324-9d66-a2e3098d65ea","4b1a498c-3774-4cf9-a2fe-021ea34b4d5e"]
[debug] &amp#27;[35m[WD Proxy]&amp#27;[39m Matched '/element/8a832d6e-2ad7-4324-9d66-a2e3098d65ea/value' to command name 'setValue'
[debug] &amp#27;[35m[Protocol Converter]&amp#27;[39m Added 'value' property ["C","o","l","t","@","1","2","3","4"] to 'setValue' request body
[debug] &amp#27;[35m[WD Proxy]&amp#27;[39m Proxying [POST /element/8a832d6e-2ad7-4324-9d66-a2e3098d65ea/value] to [POST http://127.0.0.1:8200/wd/hub/session/2237fba1-6f46-4ad3-a16c-d8c502a02b8b/element/8a832d6e-2ad7-4324-9d66-a2e3098d65ea/value] with body: {"elementId":"8a832d6e-2ad7-4324-9d66-a2e3098d65ea","text":"Colt@1234","replace":false,"value":["C","o","l","t","@","1","2","3","4"]}
[debug] &amp#27;[35m[WD Proxy]&amp#27;[39m Got response with status 200: {"sessionId":"2237fba1-6f46-4ad3-a16c-d8c502a02b8b","value":null}
[debug] &amp#27;[35m[W3C (4b1a498c)]&amp#27;[39m Responding to client with driver.setValue() result: null
&amp#27;[35m[HTTP]&amp#27;[39m &amp#27;[37m<-- POST /wd/hub/session/4b1a498c-3774-4cf9-a2fe-021ea34b4d5e/element/8a832d6e-2ad7-4324-9d66-a2e3098d65ea/value &amp#27;[39m&amp#27;[32m200&amp#27;[39m &amp#27;[90m586 ms - 14&amp#27;[39m
&amp#27;[35m[HTTP]&amp#27;[39m &amp#27;[90m&amp#27;[39m
&amp#27;[35m[HTTP]&amp#27;[39m &amp#27;[37m-->&amp#27;[39m &amp#27;[37mGET&amp#27;[39m &amp#27;[37m/wd/hub/session/4b1a498c-3774-4cf9-a2fe-021ea34b4d5e/context&amp#27;[39m
&amp#27;[35m[HTTP]&amp#27;[39m &amp#27;[90m{}&amp#27;[39m
[debug] &amp#27;[35m[W3C (4b1a498c)]&amp#27;[39m Calling AppiumDriver.getCurrentContext() with args: ["4b1a498c-3774-4cf9-a2fe-021ea34b4d5e"]
[debug] &amp#27;[35m[W3C (4b1a498c)]&amp#27;[39m Responding to client with driver.getCurrentContext() result: "NATIVE_APP"
&amp#27;[35m[HTTP]&amp#27;[39m &amp#27;[37m<-- GET /wd/hub/session/4b1a498c-3774-4cf9-a2fe-021ea34b4d5e/context &amp#27;[39m&amp#27;[32m200&amp#27;[39m &amp#27;[90m2 ms - 22&amp#27;[39m
&amp#27;[35m[HTTP]&amp#27;[39m &amp#27;[90m&amp#27;[39m
&amp#27;[35m[HTTP]&amp#27;[39m &amp#27;[37m-->&amp#27;[39m &amp#27;[37mPOST&amp#27;[39m &amp#27;[37m/wd/hub/session/4b1a498c-3774-4cf9-a2fe-021ea34b4d5e/element&amp#27;[39m
&amp#27;[35m[HTTP]&amp#27;[39m &amp#27;[90m{"using":"-android uiautomator","value":"text(\"Remember me\")"}&amp#27;[39m
[debug] &amp#27;[35m[W3C (4b1a498c)]&amp#27;[39m Calling AppiumDriver.findElement() with args: ["-android uiautomator","text(\"Remember me\")","4b1a498c-3774-4cf9-a2fe-021ea34b4d5e"]
[debug] &amp#27;[35m[BaseDriver]&amp#27;[39m Valid locator strategies for this request: xpath, id, class name, accessibility id, -android uiautomator
[debug] &amp#27;[35m[BaseDriver]&amp#27;[39m Waiting up to 30000 ms for condition
[debug] &amp#27;[35m[WD Proxy]&amp#27;[39m Matched '/element' to command name 'findElement'
[debug] &amp#27;[35m[WD Proxy]&amp#27;[39m Proxying [POST /element] to [POST http://127.0.0.1:8200/wd/hub/session/2237fba1-6f46-4ad3-a16c-d8c502a02b8b/element] with body: {"strategy":"-android uiautomator","selector":"text(\"Remember me\")","context":"","multiple":false}
[debug] &amp#27;[35m[WD Proxy]&amp#27;[39m Got response with status 200: {"sessionId":"2237fba1-6f46-4ad3-a16c-d8c502a02b8b","value":{"ELEMENT":"ee008b0c-c040-4dc1-a8ed-8e4cdcfb0d86","element-6066-11e4-a52e-4f735466cecf":"ee008b0c-c040-4dc1-a8ed-8e4cdcfb0d86"}}
[debug] &amp#27;[35m[W3C (4b1a498c)]&amp#27;[39m Responding to client with driver.findElement() result: {"element-6066-11e4-a52e-4f735466cecf":"ee008b0c-c040-4dc1-a8ed-8e4cdcfb0d86","ELEMENT":"ee008b0c-c040-4dc1-a8ed-8e4cdcfb0d86"}
&amp#27;[35m[HTTP]&amp#27;[39m &amp#27;[37m<-- POST /wd/hub/session/4b1a498c-3774-4cf9-a2fe-021ea34b4d5e/element &amp#27;[39m&amp#27;[32m200&amp#27;[39m &amp#27;[90m501 ms - 137&amp#27;[39m
&amp#27;[35m[HTTP]&amp#27;[39m &amp#27;[90m&amp#27;[39m
&amp#27;[35m[HTTP]&amp#27;[39m &amp#27;[37m-->&amp#27;[39m &amp#27;[37mPOST&amp#27;[39m &amp#27;[37m/wd/hub/session/4b1a498c-3774-4cf9-a2fe-021ea34b4d5e/element/ee008b0c-c040-4dc1-a8ed-8e4cdcfb0d86/click&amp#27;[39m
&amp#27;[35m[HTTP]&amp#27;[39m &amp#27;[90m{"id":"ee008b0c-c040-4dc1-a8ed-8e4cdcfb0d86"}&amp#27;[39m
[debug] &amp#27;[35m[W3C (4b1a498c)]&amp#27;[39m Calling AppiumDriver.click() with args: ["ee008b0c-c040-4dc1-a8ed-8e4cdcfb0d86","4b1a498c-3774-4cf9-a2fe-021ea34b4d5e"]
[debug] &amp#27;[35m[WD Proxy]&amp#27;[39m Matched '/element/ee008b0c-c040-4dc1-a8ed-8e4cdcfb0d86/click' to command name 'click'
[debug] &amp#27;[35m[WD Proxy]&amp#27;[39m Proxying [POST /element/ee008b0c-c040-4dc1-a8ed-8e4cdcfb0d86/click] to [POST http://127.0.0.1:8200/wd/hub/session/2237fba1-6f46-4ad3-a16c-d8c502a02b8b/element/ee008b0c-c040-4dc1-a8ed-8e4cdcfb0d86/click] with body: {"element":"ee008b0c-c040-4dc1-a8ed-8e4cdcfb0d86"}
[debug] &amp#27;[35m[WD Proxy]&amp#27;[39m Got response with status 200: {"sessionId":"2237fba1-6f46-4ad3-a16c-d8c502a02b8b","value":null}
[debug] &amp#27;[35m[W3C (4b1a498c)]&amp#27;[39m Responding to client with driver.click() result: null
&amp#27;[35m[HTTP]&amp#27;[39m &amp#27;[37m<-- POST /wd/hub/session/4b1a498c-3774-4cf9-a2fe-021ea34b4d5e/element/ee008b0c-c040-4dc1-a8ed-8e4cdcfb0d86/click &amp#27;[39m&amp#27;[32m200&amp#27;[39m &amp#27;[90m680 ms - 14&amp#27;[39m
&amp#27;[35m[HTTP]&amp#27;[39m &amp#27;[90m&amp#27;[39m
&amp#27;[35m[HTTP]&amp#27;[39m &amp#27;[37m-->&amp#27;[39m &amp#27;[37mGET&amp#27;[39m &amp#27;[37m/wd/hub/session/4b1a498c-3774-4cf9-a2fe-021ea34b4d5e/context&amp#27;[39m
&amp#27;[35m[HTTP]&amp#27;[39m &amp#27;[90m{}&amp#27;[39m
[debug] &amp#27;[35m[W3C (4b1a498c)]&amp#27;[39m Calling AppiumDriver.getCurrentContext() with args: ["4b1a498c-3774-4cf9-a2fe-021ea34b4d5e"]
[debug] &amp#27;[35m[W3C (4b1a498c)]&amp#27;[39m Responding to client with driver.getCurrentContext() result: "NATIVE_APP"
&amp#27;[35m[HTTP]&amp#27;[39m &amp#27;[37m<-- GET /wd/hub/session/4b1a498c-3774-4cf9-a2fe-021ea34b4d5e/context &amp#27;[39m&amp#27;[32m200&amp#27;[39m &amp#27;[90m2 ms - 22&amp#27;[39m
&amp#27;[35m[HTTP]&amp#27;[39m &amp#27;[90m&amp#27;[39m
&amp#27;[35m[HTTP]&amp#27;[39m &amp#27;[37m-->&amp#27;[39m &amp#27;[37mPOST&amp#27;[39m &amp#27;[37m/wd/hub/session/4b1a498c-3774-4cf9-a2fe-021ea34b4d5e/element&amp#27;[39m
&amp#27;[35m[HTTP]&amp#27;[39m &amp#27;[90m{"using":"-android uiautomator","value":"text(\"Login\")"}&amp#27;[39m
[debug] &amp#27;[35m[W3C (4b1a498c)]&amp#27;[39m Calling AppiumDriver.findElement() with args: ["-android uiautomator","text(\"Login\")","4b1a498c-3774-4cf9-a2fe-021ea34b4d5e"]
[debug] &amp#27;[35m[BaseDriver]&amp#27;[39m Valid locator strategies for this request: xpath, id, class name, accessibility id, -android uiautomator
[debug] &amp#27;[35m[BaseDriver]&amp#27;[39m Waiting up to 30000 ms for condition
[debug] &amp#27;[35m[WD Proxy]&amp#27;[39m Matched '/element' to command name 'findElement'
[debug] &amp#27;[35m[WD Proxy]&amp#27;[39m Proxying [POST /element] to [POST http://127.0.0.1:8200/wd/hub/session/2237fba1-6f46-4ad3-a16c-d8c502a02b8b/element] with body: {"strategy":"-android uiautomator","selector":"text(\"Login\")","context":"","multiple":false}
[debug] &amp#27;[35m[WD Proxy]&amp#27;[39m Got response with status 200: {"sessionId":"2237fba1-6f46-4ad3-a16c-d8c502a02b8b","value":{"ELEMENT":"da17ff04-e3e0-4bb9-b166-b8e2bddad3a4","element-6066-11e4-a52e-4f735466cecf":"da17ff04-e3e0-4bb9-b166-b8e2bddad3a4"}}
[debug] &amp#27;[35m[W3C (4b1a498c)]&amp#27;[39m Responding to client with driver.findElement() result: {"element-6066-11e4-a52e-4f735466cecf":"da17ff04-e3e0-4bb9-b166-b8e2bddad3a4","ELEMENT":"da17ff04-e3e0-4bb9-b166-b8e2bddad3a4"}
&amp#27;[35m[HTTP]&amp#27;[39m &amp#27;[37m<-- POST /wd/hub/session/4b1a498c-3774-4cf9-a2fe-021ea34b4d5e/element &amp#27;[39m&amp#27;[32m200&amp#27;[39m &amp#27;[90m110 ms - 137&amp#27;[39m
&amp#27;[35m[HTTP]&amp#27;[39m &amp#27;[90m&amp#27;[39m
&amp#27;[35m[HTTP]&amp#27;[39m &amp#27;[37m-->&amp#27;[39m &amp#27;[37mPOST&amp#27;[39m &amp#27;[37m/wd/hub/session/4b1a498c-3774-4cf9-a2fe-021ea34b4d5e/element/da17ff04-e3e0-4bb9-b166-b8e2bddad3a4/click&amp#27;[39m
&amp#27;[35m[HTTP]&amp#27;[39m &amp#27;[90m{"id":"da17ff04-e3e0-4bb9-b166-b8e2bddad3a4"}&amp#27;[39m
[debug] &amp#27;[35m[W3C (4b1a498c)]&amp#27;[39m Calling AppiumDriver.click() with args: ["da17ff04-e3e0-4bb9-b166-b8e2bddad3a4","4b1a498c-3774-4cf9-a2fe-021ea34b4d5e"]
[debug] &amp#27;[35m[WD Proxy]&amp#27;[39m Matched '/element/da17ff04-e3e0-4bb9-b166-b8e2bddad3a4/click' to command name 'click'
[debug] &amp#27;[35m[WD Proxy]&amp#27;[39m Proxying [POST /element/da17ff04-e3e0-4bb9-b166-b8e2bddad3a4/click] to [POST http://127.0.0.1:8200/wd/hub/session/2237fba1-6f46-4ad3-a16c-d8c502a02b8b/element/da17ff04-e3e0-4bb9-b166-b8e2bddad3a4/click] with body: {"element":"da17ff04-e3e0-4bb9-b166-b8e2bddad3a4"}
[debug] &amp#27;[35m[WD Proxy]&amp#27;[39m Got response with status 200: {"sessionId":"2237fba1-6f46-4ad3-a16c-d8c502a02b8b","value":null}
[debug] &amp#27;[35m[W3C (4b1a498c)]&amp#27;[39m Responding to client with driver.click() result: null
&amp#27;[35m[HTTP]&amp#27;[39m &amp#27;[37m<-- POST /wd/hub/session/4b1a498c-3774-4cf9-a2fe-021ea34b4d5e/element/da17ff04-e3e0-4bb9-b166-b8e2bddad3a4/click &amp#27;[39m&amp#27;[32m200&amp#27;[39m &amp#27;[90m3497 ms - 14&amp#27;[39m
&amp#27;[35m[HTTP]&amp#27;[39m &amp#27;[90m&amp#27;[39m
&amp#27;[35m[HTTP]&amp#27;[39m &amp#27;[37m-->&amp#27;[39m &amp#27;[37mPOST&amp#27;[39m &amp#27;[37m/wd/hub/session/4b1a498c-3774-4cf9-a2fe-021ea34b4d5e/appium/start_recording_screen&amp#27;[39m
&amp#27;[35m[HTTP]&amp#27;[39m &amp#27;[90m{"options":{"timeLimit":300,"videoSize":"1280x720"}}&amp#27;[39m
[debug] &amp#27;[35m[W3C (4b1a498c)]&amp#27;[39m Calling AppiumDriver.startRecordingScreen() with args: [{"timeLimit":300,"videoSize":"1280x720"},"4b1a498c-3774-4cf9-a2fe-021ea34b4d5e"]
[debug] &amp#27;[35m[ADB]&amp#27;[39m Getting IDs of all 'screenrecord' processes
[debug] &amp#27;[35m[ADB]&amp#27;[39m Running 'D:\TechSoftwares\AndroidSDK\platform-tools\adb.exe -P 5037 -s emulator-5554 shell pgrep -f screenrecord'
&amp#27;[35m[AndroidDriver]&amp#27;[39m Screen recording has not been previously started by Appium. There is nothing to stop
[debug] &amp#27;[35m[ADB]&amp#27;[39m Getting IDs of all 'screenrecord' processes
[debug] &amp#27;[35m[ADB]&amp#27;[39m Running 'D:\TechSoftwares\AndroidSDK\platform-tools\adb.exe -P 5037 -s emulator-5554 shell pgrep -f screenrecord'
[debug] &amp#27;[35m[ADB]&amp#27;[39m Building screenrecord process with the command line: adb -P 5037 -s emulator-5554 shell screenrecord --size 1280x720 --time-limit 180 /sdcard/048d571f.mp4
[debug] &amp#27;[35m[ADB]&amp#27;[39m Running 'D:\TechSoftwares\AndroidSDK\platform-tools\adb.exe -P 5037 -s emulator-5554 shell "[ -e '/sdcard/048d571f.mp4' ] && echo __PASS__"'
[debug] &amp#27;[35m[ADB]&amp#27;[39m Running 'D:\TechSoftwares\AndroidSDK\platform-tools\adb.exe -P 5037 -s emulator-5554 shell "[ -e '/sdcard/048d571f.mp4' ] && echo __PASS__"'
[debug] &amp#27;[35m[W3C (4b1a498c)]&amp#27;[39m Responding to client with driver.startRecordingScreen() result: ""
&amp#27;[35m[HTTP]&amp#27;[39m &amp#27;[37m<-- POST /wd/hub/session/4b1a498c-3774-4cf9-a2fe-021ea34b4d5e/appium/start_recording_screen &amp#27;[39m&amp#27;[32m200&amp#27;[39m &amp#27;[90m548 ms - 12&amp#27;[39m
&amp#27;[35m[HTTP]&amp#27;[39m &amp#27;[90m&amp#27;[39m
&amp#27;[35m[HTTP]&amp#27;[39m &amp#27;[37m-->&amp#27;[39m &amp#27;[37mGET&amp#27;[39m &amp#27;[37m/wd/hub/session/4b1a498c-3774-4cf9-a2fe-021ea34b4d5e/context&amp#27;[39m
&amp#27;[35m[HTTP]&amp#27;[39m &amp#27;[90m{}&amp#27;[39m
[debug] &amp#27;[35m[W3C (4b1a498c)]&amp#27;[39m Calling AppiumDriver.getCurrentContext() with args: ["4b1a498c-3774-4cf9-a2fe-021ea34b4d5e"]
[debug] &amp#27;[35m[W3C (4b1a498c)]&amp#27;[39m Responding to client with driver.getCurrentContext() result: "NATIVE_APP"
&amp#27;[35m[HTTP]&amp#27;[39m &amp#27;[37m<-- GET /wd/hub/session/4b1a498c-3774-4cf9-a2fe-021ea34b4d5e/context &amp#27;[39m&amp#27;[32m200&amp#27;[39m &amp#27;[90m1 ms - 22&amp#27;[39m
&amp#27;[35m[HTTP]&amp#27;[39m &amp#27;[90m&amp#27;[39m
&amp#27;[35m[HTTP]&amp#27;[39m &amp#27;[37m-->&amp#27;[39m &amp#27;[37mPOST&amp#27;[39m &amp#27;[37m/wd/hub/session/4b1a498c-3774-4cf9-a2fe-021ea34b4d5e/element&amp#27;[39m
&amp#27;[35m[HTTP]&amp#27;[39m &amp#27;[90m{"using":"-android uiautomator","value":"text(\"Continue\")"}&amp#27;[39m
[debug] &amp#27;[35m[W3C (4b1a498c)]&amp#27;[39m Calling AppiumDriver.findElement() with args: ["-android uiautomator","text(\"Continue\")","4b1a498c-3774-4cf9-a2fe-021ea34b4d5e"]
[debug] &amp#27;[35m[BaseDriver]&amp#27;[39m Valid locator strategies for this request: xpath, id, class name, accessibility id, -android uiautomator
[debug] &amp#27;[35m[BaseDriver]&amp#27;[39m Waiting up to 30000 ms for condition
[debug] &amp#27;[35m[WD Proxy]&amp#27;[39m Matched '/element' to command name 'findElement'
[debug] &amp#27;[35m[WD Proxy]&amp#27;[39m Proxying [POST /element] to [POST http://127.0.0.1:8200/wd/hub/session/2237fba1-6f46-4ad3-a16c-d8c502a02b8b/element] with body: {"strategy":"-android uiautomator","selector":"text(\"Continue\")","context":"","multiple":false}
[debug] &amp#27;[35m[WD Proxy]&amp#27;[39m Got response with status 200: {"sessionId":"2237fba1-6f46-4ad3-a16c-d8c502a02b8b","value":{"ELEMENT":"65a1500f-b854-4980-b9f1-75c4eb656054","element-6066-11e4-a52e-4f735466cecf":"65a1500f-b854-4980-b9f1-75c4eb656054"}}
[debug] &amp#27;[35m[W3C (4b1a498c)]&amp#27;[39m Responding to client with driver.findElement() result: {"element-6066-11e4-a52e-4f735466cecf":"65a1500f-b854-4980-b9f1-75c4eb656054","ELEMENT":"65a1500f-b854-4980-b9f1-75c4eb656054"}
&amp#27;[35m[HTTP]&amp#27;[39m &amp#27;[37m<-- POST /wd/hub/session/4b1a498c-3774-4cf9-a2fe-021ea34b4d5e/element &amp#27;[39m&amp#27;[32m200&amp#27;[39m &amp#27;[90m23 ms - 137&amp#27;[39m
&amp#27;[35m[HTTP]&amp#27;[39m &amp#27;[90m&amp#27;[39m
&amp#27;[35m[HTTP]&amp#27;[39m &amp#27;[37m-->&amp#27;[39m &amp#27;[37mPOST&amp#27;[39m &amp#27;[37m/wd/hub/session/4b1a498c-3774-4cf9-a2fe-021ea34b4d5e/element/65a1500f-b854-4980-b9f1-75c4eb656054/click&amp#27;[39m
&amp#27;[35m[HTTP]&amp#27;[39m &amp#27;[90m{"id":"65a1500f-b854-4980-b9f1-75c4eb656054"}&amp#27;[39m
[debug] &amp#27;[35m[W3C (4b1a498c)]&amp#27;[39m Calling AppiumDriver.click() with args: ["65a1500f-b854-4980-b9f1-75c4eb656054","4b1a498c-3774-4cf9-a2fe-021ea34b4d5e"]
[debug] &amp#27;[35m[WD Proxy]&amp#27;[39m Matched '/element/65a1500f-b854-4980-b9f1-75c4eb656054/click' to command name 'click'
[debug] &amp#27;[35m[WD Proxy]&amp#27;[39m Proxying [POST /element/65a1500f-b854-4980-b9f1-75c4eb656054/click] to [POST http://127.0.0.1:8200/wd/hub/session/2237fba1-6f46-4ad3-a16c-d8c502a02b8b/element/65a1500f-b854-4980-b9f1-75c4eb656054/click] with body: {"element":"65a1500f-b854-4980-b9f1-75c4eb656054"}
[debug] &amp#27;[35m[WD Proxy]&amp#27;[39m Got response with status 200: {"sessionId":"2237fba1-6f46-4ad3-a16c-d8c502a02b8b","value":null}
[debug] &amp#27;[35m[W3C (4b1a498c)]&amp#27;[39m Responding to client with driver.click() result: null
&amp#27;[35m[HTTP]&amp#27;[39m &amp#27;[37m<-- POST /wd/hub/session/4b1a498c-3774-4cf9-a2fe-021ea34b4d5e/element/65a1500f-b854-4980-b9f1-75c4eb656054/click &amp#27;[39m&amp#27;[32m200&amp#27;[39m &amp#27;[90m3156 ms - 14&amp#27;[39m
&amp#27;[35m[HTTP]&amp#27;[39m &amp#27;[90m&amp#27;[39m
&amp#27;[35m[HTTP]&amp#27;[39m &amp#27;[37m-->&amp#27;[39m &amp#27;[37mGET&amp#27;[39m &amp#27;[37m/wd/hub/session/4b1a498c-3774-4cf9-a2fe-021ea34b4d5e/context&amp#27;[39m
&amp#27;[35m[HTTP]&amp#27;[39m &amp#27;[90m{}&amp#27;[39m
[debug] &amp#27;[35m[W3C (4b1a498c)]&amp#27;[39m Calling AppiumDriver.getCurrentContext() with args: ["4b1a498c-3774-4cf9-a2fe-021ea34b4d5e"]
[debug] &amp#27;[35m[W3C (4b1a498c)]&amp#27;[39m Responding to client with driver.getCurrentContext() result: "NATIVE_APP"
&amp#27;[35m[HTTP]&amp#27;[39m &amp#27;[37m<-- GET /wd/hub/session/4b1a498c-3774-4cf9-a2fe-021ea34b4d5e/context &amp#27;[39m&amp#27;[32m200&amp#27;[39m &amp#27;[90m2 ms - 22&amp#27;[39m
&amp#27;[35m[HTTP]&amp#27;[39m &amp#27;[90m&amp#27;[39m
&amp#27;[35m[HTTP]&amp#27;[39m &amp#27;[37m-->&amp#27;[39m &amp#27;[37mPOST&amp#27;[39m &amp#27;[37m/wd/hub/session/4b1a498c-3774-4cf9-a2fe-021ea34b4d5e/element&amp#27;[39m
&amp#27;[35m[HTTP]&amp#27;[39m &amp#27;[90m{"using":"-android uiautomator","value":"text(\"Raise Plan Work\")"}&amp#27;[39m
[debug] &amp#27;[35m[W3C (4b1a498c)]&amp#27;[39m Calling AppiumDriver.findElement() with args: ["-android uiautomator","text(\"Raise Plan Work\")","4b1a498c-3774-4cf9-a2fe-021ea34b4d5e"]
[debug] &amp#27;[35m[BaseDriver]&amp#27;[39m Valid locator strategies for this request: xpath, id, class name, accessibility id, -android uiautomator
[debug] &amp#27;[35m[BaseDriver]&amp#27;[39m Waiting up to 30000 ms for condition
[debug] &amp#27;[35m[WD Proxy]&amp#27;[39m Matched '/element' to command name 'findElement'
[debug] &amp#27;[35m[WD Proxy]&amp#27;[39m Proxying [POST /element] to [POST http://127.0.0.1:8200/wd/hub/session/2237fba1-6f46-4ad3-a16c-d8c502a02b8b/element] with body: {"strategy":"-android uiautomator","selector":"text(\"Raise Plan Work\")","context":"","multiple":false}
[debug] &amp#27;[35m[WD Proxy]&amp#27;[39m Got response with status 200: {"sessionId":"2237fba1-6f46-4ad3-a16c-d8c502a02b8b","value":{"ELEMENT":"e354b9a5-ab75-4334-91a6-c4718a9c7b02","element-6066-11e4-a52e-4f735466cecf":"e354b9a5-ab75-4334-91a6-c4718a9c7b02"}}
[debug] &amp#27;[35m[W3C (4b1a498c)]&amp#27;[39m Responding to client with driver.findElement() result: {"element-6066-11e4-a52e-4f735466cecf":"e354b9a5-ab75-4334-91a6-c4718a9c7b02","ELEMENT":"e354b9a5-ab75-4334-91a6-c4718a9c7b02"}
&amp#27;[35m[HTTP]&amp#27;[39m &amp#27;[37m<-- POST /wd/hub/session/4b1a498c-3774-4cf9-a2fe-021ea34b4d5e/element &amp#27;[39m&amp#27;[32m200&amp#27;[39m &amp#27;[90m39 ms - 137&amp#27;[39m
&amp#27;[35m[HTTP]&amp#27;[39m &amp#27;[90m&amp#27;[39m
&amp#27;[35m[HTTP]&amp#27;[39m &amp#27;[37m-->&amp#27;[39m &amp#27;[37mPOST&amp#27;[39m &amp#27;[37m/wd/hub/session/4b1a498c-3774-4cf9-a2fe-021ea34b4d5e/element/e354b9a5-ab75-4334-91a6-c4718a9c7b02/click&amp#27;[39m
&amp#27;[35m[HTTP]&amp#27;[39m &amp#27;[90m{"id":"e354b9a5-ab75-4334-91a6-c4718a9c7b02"}&amp#27;[39m
[debug] &amp#27;[35m[W3C (4b1a498c)]&amp#27;[39m Calling AppiumDriver.click() with args: ["e354b9a5-ab75-4334-91a6-c4718a9c7b02","4b1a498c-3774-4cf9-a2fe-021ea34b4d5e"]
[debug] &amp#27;[35m[WD Proxy]&amp#27;[39m Matched '/element/e354b9a5-ab75-4334-91a6-c4718a9c7b02/click' to command name 'click'
[debug] &amp#27;[35m[WD Proxy]&amp#27;[39m Proxying [POST /element/e354b9a5-ab75-4334-91a6-c4718a9c7b02/click] to [POST http://127.0.0.1:8200/wd/hub/session/2237fba1-6f46-4ad3-a16c-d8c502a02b8b/element/e354b9a5-ab75-4334-91a6-c4718a9c7b02/click] with body: {"element":"e354b9a5-ab75-4334-91a6-c4718a9c7b02"}
[debug] &amp#27;[35m[WD Proxy]&amp#27;[39m Got response with status 200: {"sessionId":"2237fba1-6f46-4ad3-a16c-d8c502a02b8b","value":null}
[debug] &amp#27;[35m[W3C (4b1a498c)]&amp#27;[39m Responding to client with driver.click() result: null
&amp#27;[35m[HTTP]&amp#27;[39m &amp#27;[37m<-- POST /wd/hub/session/4b1a498c-3774-4cf9-a2fe-021ea34b4d5e/element/e354b9a5-ab75-4334-91a6-c4718a9c7b02/click &amp#27;[39m&amp#27;[32m200&amp#27;[39m &amp#27;[90m1786 ms - 14&amp#27;[39m
&amp#27;[35m[HTTP]&amp#27;[39m &amp#27;[90m&amp#27;[39m
&amp#27;[35m[HTTP]&amp#27;[39m &amp#27;[37m-->&amp#27;[39m &amp#27;[37mGET&amp#27;[39m &amp#27;[37m/wd/hub/session/4b1a498c-3774-4cf9-a2fe-021ea34b4d5e/context&amp#27;[39m
&amp#27;[35m[HTTP]&amp#27;[39m &amp#27;[90m{}&amp#27;[39m
[debug] &amp#27;[35m[W3C (4b1a498c)]&amp#27;[39m Calling AppiumDriver.getCurrentContext() with args: ["4b1a498c-3774-4cf9-a2fe-021ea34b4d5e"]
[debug] &amp#27;[35m[W3C (4b1a498c)]&amp#27;[39m Responding to client with driver.getCurrentContext() result: "NATIVE_APP"
&amp#27;[35m[HTTP]&amp#27;[39m &amp#27;[37m<-- GET /wd/hub/session/4b1a498c-3774-4cf9-a2fe-021ea34b4d5e/context &amp#27;[39m&amp#27;[32m200&amp#27;[39m &amp#27;[90m2 ms - 22&amp#27;[39m
&amp#27;[35m[HTTP]&amp#27;[39m &amp#27;[90m&amp#27;[39m
&amp#27;[35m[HTTP]&amp#27;[39m &amp#27;[37m-->&amp#27;[39m &amp#27;[37mPOST&amp#27;[39m &amp#27;[37m/wd/hub/session/4b1a498c-3774-4cf9-a2fe-021ea34b4d5e/element&amp#27;[39m
&amp#27;[35m[HTTP]&amp#27;[39m &amp#27;[90m{"using":"id","value":"com.colt.coltengineering:id/spin_template"}&amp#27;[39m
[debug] &amp#27;[35m[W3C (4b1a498c)]&amp#27;[39m Calling AppiumDriver.findElement() with args: ["id","com.colt.coltengineering:id/spin_template","4b1a498c-3774-4cf9-a2fe-021ea34b4d5e"]
[debug] &amp#27;[35m[BaseDriver]&amp#27;[39m Valid locator strategies for this request: xpath, id, class name, accessibility id, -android uiautomator
[debug] &amp#27;[35m[BaseDriver]&amp#27;[39m Waiting up to 30000 ms for condition
[debug] &amp#27;[35m[WD Proxy]&amp#27;[39m Matched '/element' to command name 'findElement'
[debug] &amp#27;[35m[WD Proxy]&amp#27;[39m Proxying [POST /element] to [POST http://127.0.0.1:8200/wd/hub/session/2237fba1-6f46-4ad3-a16c-d8c502a02b8b/element] with body: {"strategy":"id","selector":"com.colt.coltengineering:id/spin_template","context":"","multiple":false}
[debug] &amp#27;[35m[WD Proxy]&amp#27;[39m Got response with status 200: {"sessionId":"2237fba1-6f46-4ad3-a16c-d8c502a02b8b","value":{"ELEMENT":"5f7ac240-2e6a-46ab-8e83-d5d46a218d0e","element-6066-11e4-a52e-4f735466cecf":"5f7ac240-2e6a-46ab-8e83-d5d46a218d0e"}}
[debug] &amp#27;[35m[W3C (4b1a498c)]&amp#27;[39m Responding to client with driver.findElement() result: {"element-6066-11e4-a52e-4f735466cecf":"5f7ac240-2e6a-46ab-8e83-d5d46a218d0e","ELEMENT":"5f7ac240-2e6a-46ab-8e83-d5d46a218d0e"}
&amp#27;[35m[HTTP]&amp#27;[39m &amp#27;[37m<-- POST /wd/hub/session/4b1a498c-3774-4cf9-a2fe-021ea34b4d5e/element &amp#27;[39m&amp#27;[32m200&amp#27;[39m &amp#27;[90m44 ms - 137&amp#27;[39m
&amp#27;[35m[HTTP]&amp#27;[39m &amp#27;[90m&amp#27;[39m
&amp#27;[35m[HTTP]&amp#27;[39m &amp#27;[37m-->&amp#27;[39m &amp#27;[37mPOST&amp#27;[39m &amp#27;[37m/wd/hub/session/4b1a498c-3774-4cf9-a2fe-021ea34b4d5e/element/5f7ac240-2e6a-46ab-8e83-d5d46a218d0e/click&amp#27;[39m
&amp#27;[35m[HTTP]&amp#27;[39m &amp#27;[90m{"id":"5f7ac240-2e6a-46ab-8e83-d5d46a218d0e"}&amp#27;[39m
[debug] &amp#27;[35m[W3C (4b1a498c)]&amp#27;[39m Calling AppiumDriver.click() with args: ["5f7ac240-2e6a-46ab-8e83-d5d46a218d0e","4b1a498c-3774-4cf9-a2fe-021ea34b4d5e"]
[debug] &amp#27;[35m[WD Proxy]&amp#27;[39m Matched '/element/5f7ac240-2e6a-46ab-8e83-d5d46a218d0e/click' to command name 'click'
[debug] &amp#27;[35m[WD Proxy]&amp#27;[39m Proxying [POST /element/5f7ac240-2e6a-46ab-8e83-d5d46a218d0e/click] to [POST http://127.0.0.1:8200/wd/hub/session/2237fba1-6f46-4ad3-a16c-d8c502a02b8b/element/5f7ac240-2e6a-46ab-8e83-d5d46a218d0e/click] with body: {"element":"5f7ac240-2e6a-46ab-8e83-d5d46a218d0e"}
[debug] &amp#27;[35m[WD Proxy]&amp#27;[39m Got response with status 200: {"sessionId":"2237fba1-6f46-4ad3-a16c-d8c502a02b8b","value":null}
[debug] &amp#27;[35m[W3C (4b1a498c)]&amp#27;[39m Responding to client with driver.click() result: null
 search Web element   new UiScrollable(new UiSelector()).scrollIntoView(text("Standard SD"));
&amp#27;[35m[HTTP]&amp#27;[39m &amp#27;[37m<-- POST /wd/hub/session/4b1a498c-3774-4cf9-a2fe-021ea34b4d5e/element/5f7ac240-2e6a-46ab-8e83-d5d46a218d0e/click &amp#27;[39m&amp#27;[32m200&amp#27;[39m &amp#27;[90m30 ms - 14&amp#27;[39m
&amp#27;[35m[HTTP]&amp#27;[39m &amp#27;[90m&amp#27;[39m
&amp#27;[35m[HTTP]&amp#27;[39m &amp#27;[37m-->&amp#27;[39m &amp#27;[37mPOST&amp#27;[39m &amp#27;[37m/wd/hub/session/4b1a498c-3774-4cf9-a2fe-021ea34b4d5e/element&amp#27;[39m
&amp#27;[35m[HTTP]&amp#27;[39m &amp#27;[90m{"using":"-android uiautomator","value":"new UiScrollable(new UiSelector()).scrollIntoView(text(\"Standard SD\"));"}&amp#27;[39m
[debug] &amp#27;[35m[W3C (4b1a498c)]&amp#27;[39m Calling AppiumDriver.findElement() with args: ["-android uiautomator","new UiScrollable(new UiSelector()).scrollIntoView(text(\"Standard SD\"));","4b1a498c-3774-4cf9-a2fe-021ea34b4d5e"]
[debug] &amp#27;[35m[BaseDriver]&amp#27;[39m Valid locator strategies for this request: xpath, id, class name, accessibility id, -android uiautomator
[debug] &amp#27;[35m[BaseDriver]&amp#27;[39m Waiting up to 30000 ms for condition
[debug] &amp#27;[35m[WD Proxy]&amp#27;[39m Matched '/element' to command name 'findElement'
[debug] &amp#27;[35m[WD Proxy]&amp#27;[39m Proxying [POST /element] to [POST http://127.0.0.1:8200/wd/hub/session/2237fba1-6f46-4ad3-a16c-d8c502a02b8b/element] with body: {"strategy":"-android uiautomator","selector":"new UiScrollable(new UiSelector()).scrollIntoView(text(\"Standard SD\"));","context":"","multiple":false}
[debug] &amp#27;[35m[WD Proxy]&amp#27;[39m Got response with status 200: {"sessionId":"2237fba1-6f46-4ad3-a16c-d8c502a02b8b","value":{"ELEMENT":"6d9ef20a-778f-42d4-bd54-3bb2445d0d9b","element-6066-11e4-a52e-4f735466cecf":"6d9ef20a-778f-42d4-bd54-3bb2445d0d9b"}}
[debug] &amp#27;[35m[W3C (4b1a498c)]&amp#27;[39m Responding to client with driver.findElement() result: {"element-6066-11e4-a52e-4f735466cecf":"6d9ef20a-778f-42d4-bd54-3bb2445d0d9b","ELEMENT":"6d9ef20a-778f-42d4-bd54-3bb2445d0d9b"}
&amp#27;[35m[HTTP]&amp#27;[39m &amp#27;[37m<-- POST /wd/hub/session/4b1a498c-3774-4cf9-a2fe-021ea34b4d5e/element &amp#27;[39m&amp#27;[32m200&amp#27;[39m &amp#27;[90m1036 ms - 137&amp#27;[39m
&amp#27;[35m[HTTP]&amp#27;[39m &amp#27;[90m&amp#27;[39m
&amp#27;[35m[HTTP]&amp#27;[39m &amp#27;[37m-->&amp#27;[39m &amp#27;[37mPOST&amp#27;[39m &amp#27;[37m/wd/hub/session/4b1a498c-3774-4cf9-a2fe-021ea34b4d5e/touch/perform&amp#27;[39m
&amp#27;[35m[HTTP]&amp#27;[39m &amp#27;[90m{"actions":[{"action":"tap","options":{"element":"6d9ef20a-778f-42d4-bd54-3bb2445d0d9b"}}]}&amp#27;[39m
[debug] &amp#27;[35m[W3C (4b1a498c)]&amp#27;[39m Calling AppiumDriver.performTouch() with args: [[{"action":"tap","options":{"element":"6d9ef20a-778f-42d4-bd54-3bb2445d0d9b"}}],"4b1a498c-3774-4cf9-a2fe-021ea34b4d5e"]
&amp#27;[35m[UiAutomator2]&amp#27;[39m calling get location: 6d9ef20a-778f-42d4-bd54-3bb2445d0d9b
[debug] &amp#27;[35m[WD Proxy]&amp#27;[39m Matched '/element/6d9ef20a-778f-42d4-bd54-3bb2445d0d9b/location' to command name 'getLocation'
[debug] &amp#27;[35m[WD Proxy]&amp#27;[39m Proxying [GET /element/6d9ef20a-778f-42d4-bd54-3bb2445d0d9b/location] to [GET http://127.0.0.1:8200/wd/hub/session/2237fba1-6f46-4ad3-a16c-d8c502a02b8b/element/6d9ef20a-778f-42d4-bd54-3bb2445d0d9b/location] with no body
[debug] &amp#27;[35m[WD Proxy]&amp#27;[39m Got response with status 200: {"sessionId":"2237fba1-6f46-4ad3-a16c-d8c502a02b8b","value":{"x":21,"y":635}}
[debug] &amp#27;[35m[WD Proxy]&amp#27;[39m Matched '/element/6d9ef20a-778f-42d4-bd54-3bb2445d0d9b/size' to command name 'getSize'
[debug] &amp#27;[35m[WD Proxy]&amp#27;[39m Proxying [GET /element/6d9ef20a-778f-42d4-bd54-3bb2445d0d9b/size] to [GET http://127.0.0.1:8200/wd/hub/session/2237fba1-6f46-4ad3-a16c-d8c502a02b8b/element/6d9ef20a-778f-42d4-bd54-3bb2445d0d9b/size] with no body
[debug] &amp#27;[35m[WD Proxy]&amp#27;[39m Got response with status 200: {"sessionId":"2237fba1-6f46-4ad3-a16c-d8c502a02b8b","value":{"height":42,"width":828}}
[debug] &amp#27;[35m[WD Proxy]&amp#27;[39m Proxying [POST /appium/tap] to [POST http://127.0.0.1:8200/wd/hub/session/2237fba1-6f46-4ad3-a16c-d8c502a02b8b/appium/tap] with body: {"x":435,"y":656,"undefined":null}
[debug] &amp#27;[35m[WD Proxy]&amp#27;[39m Got response with status 200: {"sessionId":"2237fba1-6f46-4ad3-a16c-d8c502a02b8b","value":null}
[debug] &amp#27;[35m[W3C (4b1a498c)]&amp#27;[39m Responding to client with driver.performTouch() result: null
&amp#27;[35m[HTTP]&amp#27;[39m &amp#27;[37m<-- POST /wd/hub/session/4b1a498c-3774-4cf9-a2fe-021ea34b4d5e/touch/perform &amp#27;[39m&amp#27;[32m200&amp#27;[39m &amp#27;[90m728 ms - 14&amp#27;[39m
&amp#27;[35m[HTTP]&amp#27;[39m &amp#27;[90m&amp#27;[39m
&amp#27;[35m[HTTP]&amp#27;[39m &amp#27;[37m-->&amp#27;[39m &amp#27;[37mPOST&amp#27;[39m &amp#27;[37m/wd/hub/session/4b1a498c-3774-4cf9-a2fe-021ea34b4d5e/touch/perform&amp#27;[39m
&amp#27;[35m[HTTP]&amp#27;[39m &amp#27;[90m{"actions":[]}&amp#27;[39m
[debug] &amp#27;[35m[W3C (4b1a498c)]&amp#27;[39m Calling AppiumDriver.performTouch() with args: [[],"4b1a498c-3774-4cf9-a2fe-021ea34b4d5e"]
[debug] &amp#27;[35m[W3C (4b1a498c)]&amp#27;[39m Responding to client with driver.performTouch() result: null
&amp#27;[35m[HTTP]&amp#27;[39m &amp#27;[37m<-- POST /wd/hub/session/4b1a498c-3774-4cf9-a2fe-021ea34b4d5e/touch/perform &amp#27;[39m&amp#27;[32m200&amp#27;[39m &amp#27;[90m2 ms - 14&amp#27;[39m
&amp#27;[35m[HTTP]&amp#27;[39m &amp#27;[90m&amp#27;[39m
&amp#27;[35m[HTTP]&amp#27;[39m &amp#27;[37m-->&amp#27;[39m &amp#27;[37mGET&amp#27;[39m &amp#27;[37m/wd/hub/session/4b1a498c-3774-4cf9-a2fe-021ea34b4d5e/context&amp#27;[39m
&amp#27;[35m[HTTP]&amp#27;[39m &amp#27;[90m{}&amp#27;[39m
[debug] &amp#27;[35m[W3C (4b1a498c)]&amp#27;[39m Calling AppiumDriver.getCurrentContext() with args: ["4b1a498c-3774-4cf9-a2fe-021ea34b4d5e"]
[debug] &amp#27;[35m[W3C (4b1a498c)]&amp#27;[39m Responding to client with driver.getCurrentContext() result: "NATIVE_APP"
&amp#27;[35m[HTTP]&amp#27;[39m &amp#27;[37m<-- GET /wd/hub/session/4b1a498c-3774-4cf9-a2fe-021ea34b4d5e/context &amp#27;[39m&amp#27;[32m200&amp#27;[39m &amp#27;[90m2 ms - 22&amp#27;[39m
&amp#27;[35m[HTTP]&amp#27;[39m &amp#27;[90m&amp#27;[39m
&amp#27;[35m[HTTP]&amp#27;[39m &amp#27;[37m-->&amp#27;[39m &amp#27;[37mPOST&amp#27;[39m &amp#27;[37m/wd/hub/session/4b1a498c-3774-4cf9-a2fe-021ea34b4d5e/element&amp#27;[39m
&amp#27;[35m[HTTP]&amp#27;[39m &amp#27;[90m{"using":"-android uiautomator","value":"text(\"Next\")"}&amp#27;[39m
[debug] &amp#27;[35m[W3C (4b1a498c)]&amp#27;[39m Calling AppiumDriver.findElement() with args: ["-android uiautomator","text(\"Next\")","4b1a498c-3774-4cf9-a2fe-021ea34b4d5e"]
[debug] &amp#27;[35m[BaseDriver]&amp#27;[39m Valid locator strategies for this request: xpath, id, class name, accessibility id, -android uiautomator
[debug] &amp#27;[35m[BaseDriver]&amp#27;[39m Waiting up to 30000 ms for condition
[debug] &amp#27;[35m[WD Proxy]&amp#27;[39m Matched '/element' to command name 'findElement'
[debug] &amp#27;[35m[WD Proxy]&amp#27;[39m Proxying [POST /element] to [POST http://127.0.0.1:8200/wd/hub/session/2237fba1-6f46-4ad3-a16c-d8c502a02b8b/element] with body: {"strategy":"-android uiautomator","selector":"text(\"Next\")","context":"","multiple":false}
[debug] &amp#27;[35m[WD Proxy]&amp#27;[39m Got response with status 200: {"sessionId":"2237fba1-6f46-4ad3-a16c-d8c502a02b8b","value":{"ELEMENT":"a7b26e14-3384-4cd9-82d2-e083523725a8","element-6066-11e4-a52e-4f735466cecf":"a7b26e14-3384-4cd9-82d2-e083523725a8"}}
[debug] &amp#27;[35m[W3C (4b1a498c)]&amp#27;[39m Responding to client with driver.findElement() result: {"element-6066-11e4-a52e-4f735466cecf":"a7b26e14-3384-4cd9-82d2-e083523725a8","ELEMENT":"a7b26e14-3384-4cd9-82d2-e083523725a8"}
&amp#27;[35m[HTTP]&amp#27;[39m &amp#27;[37m<-- POST /wd/hub/session/4b1a498c-3774-4cf9-a2fe-021ea34b4d5e/element &amp#27;[39m&amp#27;[32m200&amp#27;[39m &amp#27;[90m29 ms - 137&amp#27;[39m
&amp#27;[35m[HTTP]&amp#27;[39m &amp#27;[90m&amp#27;[39m
&amp#27;[35m[HTTP]&amp#27;[39m &amp#27;[37m-->&amp#27;[39m &amp#27;[37mPOST&amp#27;[39m &amp#27;[37m/wd/hub/session/4b1a498c-3774-4cf9-a2fe-021ea34b4d5e/element/a7b26e14-3384-4cd9-82d2-e083523725a8/click&amp#27;[39m
&amp#27;[35m[HTTP]&amp#27;[39m &amp#27;[90m{"id":"a7b26e14-3384-4cd9-82d2-e083523725a8"}&amp#27;[39m
[debug] &amp#27;[35m[W3C (4b1a498c)]&amp#27;[39m Calling AppiumDriver.click() with args: ["a7b26e14-3384-4cd9-82d2-e083523725a8","4b1a498c-3774-4cf9-a2fe-021ea34b4d5e"]
[debug] &amp#27;[35m[WD Proxy]&amp#27;[39m Matched '/element/a7b26e14-3384-4cd9-82d2-e083523725a8/click' to command name 'click'
[debug] &amp#27;[35m[WD Proxy]&amp#27;[39m Proxying [POST /element/a7b26e14-3384-4cd9-82d2-e083523725a8/click] to [POST http://127.0.0.1:8200/wd/hub/session/2237fba1-6f46-4ad3-a16c-d8c502a02b8b/element/a7b26e14-3384-4cd9-82d2-e083523725a8/click] with body: {"element":"a7b26e14-3384-4cd9-82d2-e083523725a8"}
[debug] &amp#27;[35m[WD Proxy]&amp#27;[39m Got response with status 200: {"sessionId":"2237fba1-6f46-4ad3-a16c-d8c502a02b8b","value":null}
[debug] &amp#27;[35m[W3C (4b1a498c)]&amp#27;[39m Responding to client with driver.click() result: null
&amp#27;[35m[HTTP]&amp#27;[39m &amp#27;[37m<-- POST /wd/hub/session/4b1a498c-3774-4cf9-a2fe-021ea34b4d5e/element/a7b26e14-3384-4cd9-82d2-e083523725a8/click &amp#27;[39m&amp#27;[32m200&amp#27;[39m &amp#27;[90m3191 ms - 14&amp#27;[39m
&amp#27;[35m[HTTP]&amp#27;[39m &amp#27;[90m&amp#27;[39m
&amp#27;[35m[HTTP]&amp#27;[39m &amp#27;[37m-->&amp#27;[39m &amp#27;[37mGET&amp#27;[39m &amp#27;[37m/wd/hub/session/4b1a498c-3774-4cf9-a2fe-021ea34b4d5e/alert/text&amp#27;[39m
&amp#27;[35m[HTTP]&amp#27;[39m &amp#27;[90m{}&amp#27;[39m
[debug] &amp#27;[35m[W3C (4b1a498c)]&amp#27;[39m Calling AppiumDriver.getAlertText() with args: ["4b1a498c-3774-4cf9-a2fe-021ea34b4d5e"]
[debug] &amp#27;[35m[WD Proxy]&amp#27;[39m Matched '/alert/text' to command name 'getAlertText'
[debug] &amp#27;[35m[WD Proxy]&amp#27;[39m Proxying [GET /alert/text] to [GET http://127.0.0.1:8200/wd/hub/session/2237fba1-6f46-4ad3-a16c-d8c502a02b8b/alert/text] with no body
[debug] &amp#27;[35m[WD Proxy]&amp#27;[39m Got response with status 200: {"sessionId":"2237fba1-6f46-4ad3-a16c-d8c502a02b8b","value":"Empty category\nPlease select a category"}
[debug] &amp#27;[35m[W3C (4b1a498c)]&amp#27;[39m Responding to client with driver.getAlertText() result: "Empty category\nPlease select a category"
&amp#27;[35m[HTTP]&amp#27;[39m &amp#27;[37m<-- GET /wd/hub/session/4b1a498c-3774-4cf9-a2fe-021ea34b4d5e/alert/text &amp#27;[39m&amp#27;[32m200&amp#27;[39m &amp#27;[90m95 ms - 52&amp#27;[39m
&amp#27;[35m[HTTP]&amp#27;[39m &amp#27;[90m&amp#27;[39m
&amp#27;[35m[HTTP]&amp#27;[39m &amp#27;[37m-->&amp#27;[39m &amp#27;[37mGET&amp#27;[39m &amp#27;[37m/wd/hub/session/4b1a498c-3774-4cf9-a2fe-021ea34b4d5e/alert/text&amp#27;[39m
&amp#27;[35m[HTTP]&amp#27;[39m &amp#27;[90m{}&amp#27;[39m
[debug] &amp#27;[35m[W3C (4b1a498c)]&amp#27;[39m Calling AppiumDriver.getAlertText() with args: ["4b1a498c-3774-4cf9-a2fe-021ea34b4d5e"]
[debug] &amp#27;[35m[WD Proxy]&amp#27;[39m Matched '/alert/text' to command name 'getAlertText'
[debug] &amp#27;[35m[WD Proxy]&amp#27;[39m Proxying [GET /alert/text] to [GET http://127.0.0.1:8200/wd/hub/session/2237fba1-6f46-4ad3-a16c-d8c502a02b8b/alert/text] with no body
[debug] &amp#27;[35m[WD Proxy]&amp#27;[39m Got response with status 200: {"sessionId":"2237fba1-6f46-4ad3-a16c-d8c502a02b8b","value":"Empty category\nPlease select a category"}
[debug] &amp#27;[35m[W3C (4b1a498c)]&amp#27;[39m Responding to client with driver.getAlertText() result: "Empty category\nPlease select a category"
&amp#27;[35m[HTTP]&amp#27;[39m &amp#27;[37m<-- GET /wd/hub/session/4b1a498c-3774-4cf9-a2fe-021ea34b4d5e/alert/text &amp#27;[39m&amp#27;[32m200&amp#27;[39m &amp#27;[90m78 ms - 52&amp#27;[39m
&amp#27;[35m[HTTP]&amp#27;[39m &amp#27;[90m&amp#27;[39m
&amp#27;[35m[HTTP]&amp#27;[39m &amp#27;[37m-->&amp#27;[39m &amp#27;[37mGET&amp#27;[39m &amp#27;[37m/wd/hub/session/4b1a498c-3774-4cf9-a2fe-021ea34b4d5e/context&amp#27;[39m
&amp#27;[35m[HTTP]&amp#27;[39m &amp#27;[90m{}&amp#27;[39m
[debug] &amp#27;[35m[W3C (4b1a498c)]&amp#27;[39m Calling AppiumDriver.getCurrentContext() with args: ["4b1a498c-3774-4cf9-a2fe-021ea34b4d5e"]
[debug] &amp#27;[35m[W3C (4b1a498c)]&amp#27;[39m Responding to client with driver.getCurrentContext() result: "NATIVE_APP"
&amp#27;[35m[HTTP]&amp#27;[39m &amp#27;[37m<-- GET /wd/hub/session/4b1a498c-3774-4cf9-a2fe-021ea34b4d5e/context &amp#27;[39m&amp#27;[32m200&amp#27;[39m &amp#27;[90m2 ms - 22&amp#27;[39m
&amp#27;[35m[HTTP]&amp#27;[39m &amp#27;[90m&amp#27;[39m
&amp#27;[35m[HTTP]&amp#27;[39m &amp#27;[37m-->&amp#27;[39m &amp#27;[37mPOST&amp#27;[39m &amp#27;[37m/wd/hub/session/4b1a498c-3774-4cf9-a2fe-021ea34b4d5e/element&amp#27;[39m
&amp#27;[35m[HTTP]&amp#27;[39m &amp#27;[90m{"using":"id","value":"com.colt.coltengineering:id/alertTitle"}&amp#27;[39m
[debug] &amp#27;[35m[W3C (4b1a498c)]&amp#27;[39m Calling AppiumDriver.findElement() with args: ["id","com.colt.coltengineering:id/alertTitle","4b1a498c-3774-4cf9-a2fe-021ea34b4d5e"]
[debug] &amp#27;[35m[BaseDriver]&amp#27;[39m Valid locator strategies for this request: xpath, id, class name, accessibility id, -android uiautomator
[debug] &amp#27;[35m[BaseDriver]&amp#27;[39m Waiting up to 30000 ms for condition
[debug] &amp#27;[35m[WD Proxy]&amp#27;[39m Matched '/element' to command name 'findElement'
[debug] &amp#27;[35m[WD Proxy]&amp#27;[39m Proxying [POST /element] to [POST http://127.0.0.1:8200/wd/hub/session/2237fba1-6f46-4ad3-a16c-d8c502a02b8b/element] with body: {"strategy":"id","selector":"com.colt.coltengineering:id/alertTitle","context":"","multiple":false}
[debug] &amp#27;[35m[WD Proxy]&amp#27;[39m Got response with status 200: {"sessionId":"2237fba1-6f46-4ad3-a16c-d8c502a02b8b","value":{"ELEMENT":"4776fe74-ff79-4f41-80d8-b55b3d66e95b","element-6066-11e4-a52e-4f735466cecf":"4776fe74-ff79-4f41-80d8-b55b3d66e95b"}}
[debug] &amp#27;[35m[W3C (4b1a498c)]&amp#27;[39m Responding to client with driver.findElement() result: {"element-6066-11e4-a52e-4f735466cecf":"4776fe74-ff79-4f41-80d8-b55b3d66e95b","ELEMENT":"4776fe74-ff79-4f41-80d8-b55b3d66e95b"}
&amp#27;[35m[HTTP]&amp#27;[39m &amp#27;[37m<-- POST /wd/hub/session/4b1a498c-3774-4cf9-a2fe-021ea34b4d5e/element &amp#27;[39m&amp#27;[32m200&amp#27;[39m &amp#27;[90m18 ms - 137&amp#27;[39m
&amp#27;[35m[HTTP]&amp#27;[39m &amp#27;[90m&amp#27;[39m
&amp#27;[35m[HTTP]&amp#27;[39m &amp#27;[37m-->&amp#27;[39m &amp#27;[37mGET&amp#27;[39m &amp#27;[37m/wd/hub/session/4b1a498c-3774-4cf9-a2fe-021ea34b4d5e/element/4776fe74-ff79-4f41-80d8-b55b3d66e95b/text&amp#27;[39m
&amp#27;[35m[HTTP]&amp#27;[39m &amp#27;[90m{}&amp#27;[39m
&amp#27;[35m[W3C (4b1a498c)]&amp#27;[39m Driver proxy active, passing request on via HTTP proxy
[debug] &amp#27;[35m[WD Proxy]&amp#27;[39m Matched '/wd/hub/session/4b1a498c-3774-4cf9-a2fe-021ea34b4d5e/element/4776fe74-ff79-4f41-80d8-b55b3d66e95b/text' to command name 'getText'
[debug] &amp#27;[35m[WD Proxy]&amp#27;[39m Proxying [GET /wd/hub/session/4b1a498c-3774-4cf9-a2fe-021ea34b4d5e/element/4776fe74-ff79-4f41-80d8-b55b3d66e95b/text] to [GET http://127.0.0.1:8200/wd/hub/session/2237fba1-6f46-4ad3-a16c-d8c502a02b8b/element/4776fe74-ff79-4f41-80d8-b55b3d66e95b/text] with no body
[debug] &amp#27;[35m[WD Proxy]&amp#27;[39m Got response with status 200: {"sessionId":"2237fba1-6f46-4ad3-a16c-d8c502a02b8b","value":"Empty category"}
&amp#27;[35m[WD Proxy]&amp#27;[39m Replacing sessionId 2237fba1-6f46-4ad3-a16c-d8c502a02b8b with 4b1a498c-3774-4cf9-a2fe-021ea34b4d5e
&amp#27;[35m[HTTP]&amp#27;[39m &amp#27;[37m<-- GET /wd/hub/session/4b1a498c-3774-4cf9-a2fe-021ea34b4d5e/element/4776fe74-ff79-4f41-80d8-b55b3d66e95b/text &amp#27;[39m&amp#27;[32m200&amp#27;[39m &amp#27;[90m13 ms - 77&amp#27;[39m
&amp#27;[35m[HTTP]&amp#27;[39m &amp#27;[90m&amp#27;[39m
&amp#27;[35m[HTTP]&amp#27;[39m &amp#27;[37m-->&amp#27;[39m &amp#27;[37mPOST&amp#27;[39m &amp#27;[37m/wd/hub/session/4b1a498c-3774-4cf9-a2fe-021ea34b4d5e/alert/accept&amp#27;[39m
&amp#27;[35m[HTTP]&amp#27;[39m &amp#27;[90m{}&amp#27;[39m
[debug] &amp#27;[35m[W3C (4b1a498c)]&amp#27;[39m Calling AppiumDriver.postAcceptAlert() with args: ["4b1a498c-3774-4cf9-a2fe-021ea34b4d5e"]
[debug] &amp#27;[35m[WD Proxy]&amp#27;[39m Matched '/alert/accept' to command name 'postAcceptAlert'
[debug] &amp#27;[35m[WD Proxy]&amp#27;[39m Proxying [POST /alert/accept] to [POST http://127.0.0.1:8200/wd/hub/session/2237fba1-6f46-4ad3-a16c-d8c502a02b8b/alert/accept] with body: {}
[debug] &amp#27;[35m[WD Proxy]&amp#27;[39m Got response with status 200: {"sessionId":"2237fba1-6f46-4ad3-a16c-d8c502a02b8b","value":null}
[debug] &amp#27;[35m[W3C (4b1a498c)]&amp#27;[39m Responding to client with driver.postAcceptAlert() result: null
&amp#27;[35m[HTTP]&amp#27;[39m &amp#27;[37m<-- POST /wd/hub/session/4b1a498c-3774-4cf9-a2fe-021ea34b4d5e/alert/accept &amp#27;[39m&amp#27;[32m200&amp#27;[39m &amp#27;[90m59 ms - 14&amp#27;[39m
&amp#27;[35m[HTTP]&amp#27;[39m &amp#27;[90m&amp#27;[39m
&amp#27;[35m[HTTP]&amp#27;[39m &amp#27;[37m-->&amp#27;[39m &amp#27;[37mGET&amp#27;[39m &amp#27;[37m/wd/hub/session/4b1a498c-3774-4cf9-a2fe-021ea34b4d5e/context&amp#27;[39m
&amp#27;[35m[HTTP]&amp#27;[39m &amp#27;[90m{}&amp#27;[39m
[debug] &amp#27;[35m[W3C (4b1a498c)]&amp#27;[39m Calling AppiumDriver.getCurrentContext() with args: ["4b1a498c-3774-4cf9-a2fe-021ea34b4d5e"]
[debug] &amp#27;[35m[W3C (4b1a498c)]&amp#27;[39m Responding to client with driver.getCurrentContext() result: "NATIVE_APP"
&amp#27;[35m[HTTP]&amp#27;[39m &amp#27;[37m<-- GET /wd/hub/session/4b1a498c-3774-4cf9-a2fe-021ea34b4d5e/context &amp#27;[39m&amp#27;[32m200&amp#27;[39m &amp#27;[90m2 ms - 22&amp#27;[39m
&amp#27;[35m[HTTP]&amp#27;[39m &amp#27;[90m&amp#27;[39m
&amp#27;[35m[HTTP]&amp#27;[39m &amp#27;[37m-->&amp#27;[39m &amp#27;[37mPOST&amp#27;[39m &amp#27;[37m/wd/hub/session/4b1a498c-3774-4cf9-a2fe-021ea34b4d5e/element&amp#27;[39m
&amp#27;[35m[HTTP]&amp#27;[39m &amp#27;[90m{"using":"id","value":"com.colt.coltengineering:id/spin_category"}&amp#27;[39m
[debug] &amp#27;[35m[W3C (4b1a498c)]&amp#27;[39m Calling AppiumDriver.findElement() with args: ["id","com.colt.coltengineering:id/spin_category","4b1a498c-3774-4cf9-a2fe-021ea34b4d5e"]
[debug] &amp#27;[35m[BaseDriver]&amp#27;[39m Valid locator strategies for this request: xpath, id, class name, accessibility id, -android uiautomator
[debug] &amp#27;[35m[BaseDriver]&amp#27;[39m Waiting up to 30000 ms for condition
[debug] &amp#27;[35m[WD Proxy]&amp#27;[39m Matched '/element' to command name 'findElement'
[debug] &amp#27;[35m[WD Proxy]&amp#27;[39m Proxying [POST /element] to [POST http://127.0.0.1:8200/wd/hub/session/2237fba1-6f46-4ad3-a16c-d8c502a02b8b/element] with body: {"strategy":"id","selector":"com.colt.coltengineering:id/spin_category","context":"","multiple":false}
[debug] &amp#27;[35m[WD Proxy]&amp#27;[39m Got response with status 200: {"sessionId":"2237fba1-6f46-4ad3-a16c-d8c502a02b8b","value":{"ELEMENT":"f7d1214c-1557-400f-9a4b-cb6ede979dd1","element-6066-11e4-a52e-4f735466cecf":"f7d1214c-1557-400f-9a4b-cb6ede979dd1"}}
[debug] &amp#27;[35m[W3C (4b1a498c)]&amp#27;[39m Responding to client with driver.findElement() result: {"element-6066-11e4-a52e-4f735466cecf":"f7d1214c-1557-400f-9a4b-cb6ede979dd1","ELEMENT":"f7d1214c-1557-400f-9a4b-cb6ede979dd1"}
&amp#27;[35m[HTTP]&amp#27;[39m &amp#27;[37m<-- POST /wd/hub/session/4b1a498c-3774-4cf9-a2fe-021ea34b4d5e/element &amp#27;[39m&amp#27;[32m200&amp#27;[39m &amp#27;[90m553 ms - 137&amp#27;[39m
&amp#27;[35m[HTTP]&amp#27;[39m &amp#27;[90m&amp#27;[39m
&amp#27;[35m[HTTP]&amp#27;[39m &amp#27;[37m-->&amp#27;[39m &amp#27;[37mPOST&amp#27;[39m &amp#27;[37m/wd/hub/session/4b1a498c-3774-4cf9-a2fe-021ea34b4d5e/element/f7d1214c-1557-400f-9a4b-cb6ede979dd1/click&amp#27;[39m
&amp#27;[35m[HTTP]&amp#27;[39m &amp#27;[90m{"id":"f7d1214c-1557-400f-9a4b-cb6ede979dd1"}&amp#27;[39m
[debug] &amp#27;[35m[W3C (4b1a498c)]&amp#27;[39m Calling AppiumDriver.click() with args: ["f7d1214c-1557-400f-9a4b-cb6ede979dd1","4b1a498c-3774-4cf9-a2fe-021ea34b4d5e"]
[debug] &amp#27;[35m[WD Proxy]&amp#27;[39m Matched '/element/f7d1214c-1557-400f-9a4b-cb6ede979dd1/click' to command name 'click'
[debug] &amp#27;[35m[WD Proxy]&amp#27;[39m Proxying [POST /element/f7d1214c-1557-400f-9a4b-cb6ede979dd1/click] to [POST http://127.0.0.1:8200/wd/hub/session/2237fba1-6f46-4ad3-a16c-d8c502a02b8b/element/f7d1214c-1557-400f-9a4b-cb6ede979dd1/click] with body: {"element":"f7d1214c-1557-400f-9a4b-cb6ede979dd1"}
[debug] &amp#27;[35m[WD Proxy]&amp#27;[39m Got response with status 200: {"sessionId":"2237fba1-6f46-4ad3-a16c-d8c502a02b8b","value":null}
[debug] &amp#27;[35m[W3C (4b1a498c)]&amp#27;[39m Responding to client with driver.click() result: null
 search Web element   new UiScrollable(new UiSelector()).scrollIntoView(text("Node Works"));
&amp#27;[35m[HTTP]&amp#27;[39m &amp#27;[37m<-- POST /wd/hub/session/4b1a498c-3774-4cf9-a2fe-021ea34b4d5e/element/f7d1214c-1557-400f-9a4b-cb6ede979dd1/click &amp#27;[39m&amp#27;[32m200&amp#27;[39m &amp#27;[90m27 ms - 14&amp#27;[39m
&amp#27;[35m[HTTP]&amp#27;[39m &amp#27;[90m&amp#27;[39m
&amp#27;[35m[HTTP]&amp#27;[39m &amp#27;[37m-->&amp#27;[39m &amp#27;[37mPOST&amp#27;[39m &amp#27;[37m/wd/hub/session/4b1a498c-3774-4cf9-a2fe-021ea34b4d5e/element&amp#27;[39m
&amp#27;[35m[HTTP]&amp#27;[39m &amp#27;[90m{"using":"-android uiautomator","value":"new UiScrollable(new UiSelector()).scrollIntoView(text(\"Node Works\"));"}&amp#27;[39m
[debug] &amp#27;[35m[W3C (4b1a498c)]&amp#27;[39m Calling AppiumDriver.findElement() with args: ["-android uiautomator","new UiScrollable(new UiSelector()).scrollIntoView(text(\"Node Works\"));","4b1a498c-3774-4cf9-a2fe-021ea34b4d5e"]
[debug] &amp#27;[35m[BaseDriver]&amp#27;[39m Valid locator strategies for this request: xpath, id, class name, accessibility id, -android uiautomator
[debug] &amp#27;[35m[BaseDriver]&amp#27;[39m Waiting up to 30000 ms for condition
[debug] &amp#27;[35m[WD Proxy]&amp#27;[39m Matched '/element' to command name 'findElement'
[debug] &amp#27;[35m[WD Proxy]&amp#27;[39m Proxying [POST /element] to [POST http://127.0.0.1:8200/wd/hub/session/2237fba1-6f46-4ad3-a16c-d8c502a02b8b/element] with body: {"strategy":"-android uiautomator","selector":"new UiScrollable(new UiSelector()).scrollIntoView(text(\"Node Works\"));","context":"","multiple":false}
[debug] &amp#27;[35m[WD Proxy]&amp#27;[39m Got response with status 200: {"sessionId":"2237fba1-6f46-4ad3-a16c-d8c502a02b8b","value":{"ELEMENT":"98eabfc3-6c36-4aaf-9783-08dfc448bf3b","element-6066-11e4-a52e-4f735466cecf":"98eabfc3-6c36-4aaf-9783-08dfc448bf3b"}}
[debug] &amp#27;[35m[W3C (4b1a498c)]&amp#27;[39m Responding to client with driver.findElement() result: {"element-6066-11e4-a52e-4f735466cecf":"98eabfc3-6c36-4aaf-9783-08dfc448bf3b","ELEMENT":"98eabfc3-6c36-4aaf-9783-08dfc448bf3b"}
&amp#27;[35m[HTTP]&amp#27;[39m &amp#27;[37m<-- POST /wd/hub/session/4b1a498c-3774-4cf9-a2fe-021ea34b4d5e/element &amp#27;[39m&amp#27;[32m200&amp#27;[39m &amp#27;[90m949 ms - 137&amp#27;[39m
&amp#27;[35m[HTTP]&amp#27;[39m &amp#27;[90m&amp#27;[39m
&amp#27;[35m[HTTP]&amp#27;[39m &amp#27;[37m-->&amp#27;[39m &amp#27;[37mPOST&amp#27;[39m &amp#27;[37m/wd/hub/session/4b1a498c-3774-4cf9-a2fe-021ea34b4d5e/touch/perform&amp#27;[39m
&amp#27;[35m[HTTP]&amp#27;[39m &amp#27;[90m{"actions":[{"action":"tap","options":{"element":"98eabfc3-6c36-4aaf-9783-08dfc448bf3b"}}]}&amp#27;[39m
[debug] &amp#27;[35m[W3C (4b1a498c)]&amp#27;[39m Calling AppiumDriver.performTouch() with args: [[{"action":"tap","options":{"element":"98eabfc3-6c36-4aaf-9783-08dfc448bf3b"}}],"4b1a498c-3774-4cf9-a2fe-021ea34b4d5e"]
&amp#27;[35m[UiAutomator2]&amp#27;[39m calling get location: 98eabfc3-6c36-4aaf-9783-08dfc448bf3b
[debug] &amp#27;[35m[WD Proxy]&amp#27;[39m Matched '/element/98eabfc3-6c36-4aaf-9783-08dfc448bf3b/location' to command name 'getLocation'
[debug] &amp#27;[35m[WD Proxy]&amp#27;[39m Proxying [GET /element/98eabfc3-6c36-4aaf-9783-08dfc448bf3b/location] to [GET http://127.0.0.1:8200/wd/hub/session/2237fba1-6f46-4ad3-a16c-d8c502a02b8b/element/98eabfc3-6c36-4aaf-9783-08dfc448bf3b/location] with no body
[debug] &amp#27;[35m[WD Proxy]&amp#27;[39m Got response with status 200: {"sessionId":"2237fba1-6f46-4ad3-a16c-d8c502a02b8b","value":{"x":21,"y":855}}
[debug] &amp#27;[35m[WD Proxy]&amp#27;[39m Matched '/element/98eabfc3-6c36-4aaf-9783-08dfc448bf3b/size' to command name 'getSize'
[debug] &amp#27;[35m[WD Proxy]&amp#27;[39m Proxying [GET /element/98eabfc3-6c36-4aaf-9783-08dfc448bf3b/size] to [GET http://127.0.0.1:8200/wd/hub/session/2237fba1-6f46-4ad3-a16c-d8c502a02b8b/element/98eabfc3-6c36-4aaf-9783-08dfc448bf3b/size] with no body
[debug] &amp#27;[35m[WD Proxy]&amp#27;[39m Got response with status 200: {"sessionId":"2237fba1-6f46-4ad3-a16c-d8c502a02b8b","value":{"height":126,"width":828}}
[debug] &amp#27;[35m[WD Proxy]&amp#27;[39m Proxying [POST /appium/tap] to [POST http://127.0.0.1:8200/wd/hub/session/2237fba1-6f46-4ad3-a16c-d8c502a02b8b/appium/tap] with body: {"x":435,"y":918,"undefined":null}
[debug] &amp#27;[35m[WD Proxy]&amp#27;[39m Got response with status 200: {"sessionId":"2237fba1-6f46-4ad3-a16c-d8c502a02b8b","value":null}
[debug] &amp#27;[35m[W3C (4b1a498c)]&amp#27;[39m Responding to client with driver.performTouch() result: null
&amp#27;[35m[HTTP]&amp#27;[39m &amp#27;[37m<-- POST /wd/hub/session/4b1a498c-3774-4cf9-a2fe-021ea34b4d5e/touch/perform &amp#27;[39m&amp#27;[32m200&amp#27;[39m &amp#27;[90m887 ms - 14&amp#27;[39m
&amp#27;[35m[HTTP]&amp#27;[39m &amp#27;[90m&amp#27;[39m
&amp#27;[35m[HTTP]&amp#27;[39m &amp#27;[37m-->&amp#27;[39m &amp#27;[37mPOST&amp#27;[39m &amp#27;[37m/wd/hub/session/4b1a498c-3774-4cf9-a2fe-021ea34b4d5e/touch/perform&amp#27;[39m
&amp#27;[35m[HTTP]&amp#27;[39m &amp#27;[90m{"actions":[]}&amp#27;[39m
[debug] &amp#27;[35m[W3C (4b1a498c)]&amp#27;[39m Calling AppiumDriver.performTouch() with args: [[],"4b1a498c-3774-4cf9-a2fe-021ea34b4d5e"]
[debug] &amp#27;[35m[W3C (4b1a498c)]&amp#27;[39m Responding to client with driver.performTouch() result: null
&amp#27;[35m[HTTP]&amp#27;[39m &amp#27;[37m<-- POST /wd/hub/session/4b1a498c-3774-4cf9-a2fe-021ea34b4d5e/touch/perform &amp#27;[39m&amp#27;[32m200&amp#27;[39m &amp#27;[90m2 ms - 14&amp#27;[39m
&amp#27;[35m[HTTP]&amp#27;[39m &amp#27;[90m&amp#27;[39m
&amp#27;[35m[HTTP]&amp#27;[39m &amp#27;[37m-->&amp#27;[39m &amp#27;[37mGET&amp#27;[39m &amp#27;[37m/wd/hub/session/4b1a498c-3774-4cf9-a2fe-021ea34b4d5e/context&amp#27;[39m
&amp#27;[35m[HTTP]&amp#27;[39m &amp#27;[90m{}&amp#27;[39m
[debug] &amp#27;[35m[W3C (4b1a498c)]&amp#27;[39m Calling AppiumDriver.getCurrentContext() with args: ["4b1a498c-3774-4cf9-a2fe-021ea34b4d5e"]
[debug] &amp#27;[35m[W3C (4b1a498c)]&amp#27;[39m Responding to client with driver.getCurrentContext() result: "NATIVE_APP"
&amp#27;[35m[HTTP]&amp#27;[39m &amp#27;[37m<-- GET /wd/hub/session/4b1a498c-3774-4cf9-a2fe-021ea34b4d5e/context &amp#27;[39m&amp#27;[32m200&amp#27;[39m &amp#27;[90m2 ms - 22&amp#27;[39m
&amp#27;[35m[HTTP]&amp#27;[39m &amp#27;[90m&amp#27;[39m
&amp#27;[35m[HTTP]&amp#27;[39m &amp#27;[37m-->&amp#27;[39m &amp#27;[37mPOST&amp#27;[39m &amp#27;[37m/wd/hub/session/4b1a498c-3774-4cf9-a2fe-021ea34b4d5e/element&amp#27;[39m
&amp#27;[35m[HTTP]&amp#27;[39m &amp#27;[90m{"using":"-android uiautomator","value":"text(\"Next\")"}&amp#27;[39m
[debug] &amp#27;[35m[W3C (4b1a498c)]&amp#27;[39m Calling AppiumDriver.findElement() with args: ["-android uiautomator","text(\"Next\")","4b1a498c-3774-4cf9-a2fe-021ea34b4d5e"]
[debug] &amp#27;[35m[BaseDriver]&amp#27;[39m Valid locator strategies for this request: xpath, id, class name, accessibility id, -android uiautomator
[debug] &amp#27;[35m[BaseDriver]&amp#27;[39m Waiting up to 30000 ms for condition
[debug] &amp#27;[35m[WD Proxy]&amp#27;[39m Matched '/element' to command name 'findElement'
[debug] &amp#27;[35m[WD Proxy]&amp#27;[39m Proxying [POST /element] to [POST http://127.0.0.1:8200/wd/hub/session/2237fba1-6f46-4ad3-a16c-d8c502a02b8b/element] with body: {"strategy":"-android uiautomator","selector":"text(\"Next\")","context":"","multiple":false}
[debug] &amp#27;[35m[WD Proxy]&amp#27;[39m Got response with status 200: {"sessionId":"2237fba1-6f46-4ad3-a16c-d8c502a02b8b","value":{"ELEMENT":"70229e91-69b6-4d53-afa9-e57b07d232ec","element-6066-11e4-a52e-4f735466cecf":"70229e91-69b6-4d53-afa9-e57b07d232ec"}}
[debug] &amp#27;[35m[W3C (4b1a498c)]&amp#27;[39m Responding to client with driver.findElement() result: {"element-6066-11e4-a52e-4f735466cecf":"70229e91-69b6-4d53-afa9-e57b07d232ec","ELEMENT":"70229e91-69b6-4d53-afa9-e57b07d232ec"}
&amp#27;[35m[HTTP]&amp#27;[39m &amp#27;[37m<-- POST /wd/hub/session/4b1a498c-3774-4cf9-a2fe-021ea34b4d5e/element &amp#27;[39m&amp#27;[32m200&amp#27;[39m &amp#27;[90m35 ms - 137&amp#27;[39m
&amp#27;[35m[HTTP]&amp#27;[39m &amp#27;[90m&amp#27;[39m
&amp#27;[35m[HTTP]&amp#27;[39m &amp#27;[37m-->&amp#27;[39m &amp#27;[37mPOST&amp#27;[39m &amp#27;[37m/wd/hub/session/4b1a498c-3774-4cf9-a2fe-021ea34b4d5e/element/70229e91-69b6-4d53-afa9-e57b07d232ec/click&amp#27;[39m
&amp#27;[35m[HTTP]&amp#27;[39m &amp#27;[90m{"id":"70229e91-69b6-4d53-afa9-e57b07d232ec"}&amp#27;[39m
[debug] &amp#27;[35m[W3C (4b1a498c)]&amp#27;[39m Calling AppiumDriver.click() with args: ["70229e91-69b6-4d53-afa9-e57b07d232ec","4b1a498c-3774-4cf9-a2fe-021ea34b4d5e"]
[debug] &amp#27;[35m[WD Proxy]&amp#27;[39m Matched '/element/70229e91-69b6-4d53-afa9-e57b07d232ec/click' to command name 'click'
[debug] &amp#27;[35m[WD Proxy]&amp#27;[39m Proxying [POST /element/70229e91-69b6-4d53-afa9-e57b07d232ec/click] to [POST http://127.0.0.1:8200/wd/hub/session/2237fba1-6f46-4ad3-a16c-d8c502a02b8b/element/70229e91-69b6-4d53-afa9-e57b07d232ec/click] with body: {"element":"70229e91-69b6-4d53-afa9-e57b07d232ec"}
[debug] &amp#27;[35m[WD Proxy]&amp#27;[39m Got response with status 200: {"sessionId":"2237fba1-6f46-4ad3-a16c-d8c502a02b8b","value":null}
[debug] &amp#27;[35m[W3C (4b1a498c)]&amp#27;[39m Responding to client with driver.click() result: null
&amp#27;[35m[HTTP]&amp#27;[39m &amp#27;[37m<-- POST /wd/hub/session/4b1a498c-3774-4cf9-a2fe-021ea34b4d5e/element/70229e91-69b6-4d53-afa9-e57b07d232ec/click &amp#27;[39m&amp#27;[32m200&amp#27;[39m &amp#27;[90m3171 ms - 14&amp#27;[39m
&amp#27;[35m[HTTP]&amp#27;[39m &amp#27;[90m&amp#27;[39m
&amp#27;[35m[HTTP]&amp#27;[39m &amp#27;[37m-->&amp#27;[39m &amp#27;[37mGET&amp#27;[39m &amp#27;[37m/wd/hub/session/4b1a498c-3774-4cf9-a2fe-021ea34b4d5e/alert/text&amp#27;[39m
&amp#27;[35m[HTTP]&amp#27;[39m &amp#27;[90m{}&amp#27;[39m
[debug] &amp#27;[35m[W3C (4b1a498c)]&amp#27;[39m Calling AppiumDriver.getAlertText() with args: ["4b1a498c-3774-4cf9-a2fe-021ea34b4d5e"]
[debug] &amp#27;[35m[WD Proxy]&amp#27;[39m Matched '/alert/text' to command name 'getAlertText'
[debug] &amp#27;[35m[WD Proxy]&amp#27;[39m Proxying [GET /alert/text] to [GET http://127.0.0.1:8200/wd/hub/session/2237fba1-6f46-4ad3-a16c-d8c502a02b8b/alert/text] with no body
[debug] &amp#27;[35m[WD Proxy]&amp#27;[39m Got response with status 200: {"sessionId":"2237fba1-6f46-4ad3-a16c-d8c502a02b8b","value":"Empty category description\nPlease fill Standard Ref From Change Catalogue"}
[debug] &amp#27;[35m[W3C (4b1a498c)]&amp#27;[39m Responding to client with driver.getAlertText() result: "Empty category description\nPlease fill Standard Ref From Change Catalogue"
&amp#27;[35m[HTTP]&amp#27;[39m &amp#27;[37m<-- GET /wd/hub/session/4b1a498c-3774-4cf9-a2fe-021ea34b4d5e/alert/text &amp#27;[39m&amp#27;[32m200&amp#27;[39m &amp#27;[90m66 ms - 86&amp#27;[39m
&amp#27;[35m[HTTP]&amp#27;[39m &amp#27;[90m&amp#27;[39m
&amp#27;[35m[HTTP]&amp#27;[39m &amp#27;[37m-->&amp#27;[39m &amp#27;[37mGET&amp#27;[39m &amp#27;[37m/wd/hub/session/4b1a498c-3774-4cf9-a2fe-021ea34b4d5e/alert/text&amp#27;[39m
&amp#27;[35m[HTTP]&amp#27;[39m &amp#27;[90m{}&amp#27;[39m
[debug] &amp#27;[35m[W3C (4b1a498c)]&amp#27;[39m Calling AppiumDriver.getAlertText() with args: ["4b1a498c-3774-4cf9-a2fe-021ea34b4d5e"]
[debug] &amp#27;[35m[WD Proxy]&amp#27;[39m Matched '/alert/text' to command name 'getAlertText'
[debug] &amp#27;[35m[WD Proxy]&amp#27;[39m Proxying [GET /alert/text] to [GET http://127.0.0.1:8200/wd/hub/session/2237fba1-6f46-4ad3-a16c-d8c502a02b8b/alert/text] with no body
[debug] &amp#27;[35m[WD Proxy]&amp#27;[39m Got response with status 200: {"sessionId":"2237fba1-6f46-4ad3-a16c-d8c502a02b8b","value":"Empty category description\nPlease fill Standard Ref From Change Catalogue"}
[debug] &amp#27;[35m[W3C (4b1a498c)]&amp#27;[39m Responding to client with driver.getAlertText() result: "Empty category description\nPlease fill Standard Ref From Change Catalogue"
&amp#27;[35m[HTTP]&amp#27;[39m &amp#27;[37m<-- GET /wd/hub/session/4b1a498c-3774-4cf9-a2fe-021ea34b4d5e/alert/text &amp#27;[39m&amp#27;[32m200&amp#27;[39m &amp#27;[90m59 ms - 86&amp#27;[39m
&amp#27;[35m[HTTP]&amp#27;[39m &amp#27;[90m&amp#27;[39m
&amp#27;[35m[HTTP]&amp#27;[39m &amp#27;[37m-->&amp#27;[39m &amp#27;[37mGET&amp#27;[39m &amp#27;[37m/wd/hub/session/4b1a498c-3774-4cf9-a2fe-021ea34b4d5e/context&amp#27;[39m
&amp#27;[35m[HTTP]&amp#27;[39m &amp#27;[90m{}&amp#27;[39m
[debug] &amp#27;[35m[W3C (4b1a498c)]&amp#27;[39m Calling AppiumDriver.getCurrentContext() with args: ["4b1a498c-3774-4cf9-a2fe-021ea34b4d5e"]
[debug] &amp#27;[35m[W3C (4b1a498c)]&amp#27;[39m Responding to client with driver.getCurrentContext() result: "NATIVE_APP"
&amp#27;[35m[HTTP]&amp#27;[39m &amp#27;[37m<-- GET /wd/hub/session/4b1a498c-3774-4cf9-a2fe-021ea34b4d5e/context &amp#27;[39m&amp#27;[32m200&amp#27;[39m &amp#27;[90m1 ms - 22&amp#27;[39m
&amp#27;[35m[HTTP]&amp#27;[39m &amp#27;[90m&amp#27;[39m
&amp#27;[35m[HTTP]&amp#27;[39m &amp#27;[37m-->&amp#27;[39m &amp#27;[37mPOST&amp#27;[39m &amp#27;[37m/wd/hub/session/4b1a498c-3774-4cf9-a2fe-021ea34b4d5e/element&amp#27;[39m
&amp#27;[35m[HTTP]&amp#27;[39m &amp#27;[90m{"using":"-android uiautomator","value":"text(\"Empty category description\")"}&amp#27;[39m
[debug] &amp#27;[35m[W3C (4b1a498c)]&amp#27;[39m Calling AppiumDriver.findElement() with args: ["-android uiautomator","text(\"Empty category description\")","4b1a498c-3774-4cf9-a2fe-021ea34b4d5e"]
[debug] &amp#27;[35m[BaseDriver]&amp#27;[39m Valid locator strategies for this request: xpath, id, class name, accessibility id, -android uiautomator
[debug] &amp#27;[35m[BaseDriver]&amp#27;[39m Waiting up to 30000 ms for condition
[debug] &amp#27;[35m[WD Proxy]&amp#27;[39m Matched '/element' to command name 'findElement'
[debug] &amp#27;[35m[WD Proxy]&amp#27;[39m Proxying [POST /element] to [POST http://127.0.0.1:8200/wd/hub/session/2237fba1-6f46-4ad3-a16c-d8c502a02b8b/element] with body: {"strategy":"-android uiautomator","selector":"text(\"Empty category description\")","context":"","multiple":false}
[debug] &amp#27;[35m[WD Proxy]&amp#27;[39m Got response with status 200: {"sessionId":"2237fba1-6f46-4ad3-a16c-d8c502a02b8b","value":{"ELEMENT":"c60e3040-364d-4a52-87b4-a88cdc073e0f","element-6066-11e4-a52e-4f735466cecf":"c60e3040-364d-4a52-87b4-a88cdc073e0f"}}
[debug] &amp#27;[35m[W3C (4b1a498c)]&amp#27;[39m Responding to client with driver.findElement() result: {"element-6066-11e4-a52e-4f735466cecf":"c60e3040-364d-4a52-87b4-a88cdc073e0f","ELEMENT":"c60e3040-364d-4a52-87b4-a88cdc073e0f"}
&amp#27;[35m[HTTP]&amp#27;[39m &amp#27;[37m<-- POST /wd/hub/session/4b1a498c-3774-4cf9-a2fe-021ea34b4d5e/element &amp#27;[39m&amp#27;[32m200&amp#27;[39m &amp#27;[90m19 ms - 137&amp#27;[39m
&amp#27;[35m[HTTP]&amp#27;[39m &amp#27;[90m&amp#27;[39m
&amp#27;[35m[HTTP]&amp#27;[39m &amp#27;[37m-->&amp#27;[39m &amp#27;[37mGET&amp#27;[39m &amp#27;[37m/wd/hub/session/4b1a498c-3774-4cf9-a2fe-021ea34b4d5e/element/c60e3040-364d-4a52-87b4-a88cdc073e0f/text&amp#27;[39m
&amp#27;[35m[HTTP]&amp#27;[39m &amp#27;[90m{}&amp#27;[39m
&amp#27;[35m[W3C (4b1a498c)]&amp#27;[39m Driver proxy active, passing request on via HTTP proxy
[debug] &amp#27;[35m[WD Proxy]&amp#27;[39m Matched '/wd/hub/session/4b1a498c-3774-4cf9-a2fe-021ea34b4d5e/element/c60e3040-364d-4a52-87b4-a88cdc073e0f/text' to command name 'getText'
[debug] &amp#27;[35m[WD Proxy]&amp#27;[39m Proxying [GET /wd/hub/session/4b1a498c-3774-4cf9-a2fe-021ea34b4d5e/element/c60e3040-364d-4a52-87b4-a88cdc073e0f/text] to [GET http://127.0.0.1:8200/wd/hub/session/2237fba1-6f46-4ad3-a16c-d8c502a02b8b/element/c60e3040-364d-4a52-87b4-a88cdc073e0f/text] with no body
[debug] &amp#27;[35m[WD Proxy]&amp#27;[39m Got response with status 200: {"sessionId":"2237fba1-6f46-4ad3-a16c-d8c502a02b8b","value":"Empty category description"}
&amp#27;[35m[WD Proxy]&amp#27;[39m Replacing sessionId 2237fba1-6f46-4ad3-a16c-d8c502a02b8b with 4b1a498c-3774-4cf9-a2fe-021ea34b4d5e
&amp#27;[35m[HTTP]&amp#27;[39m &amp#27;[37m<-- GET /wd/hub/session/4b1a498c-3774-4cf9-a2fe-021ea34b4d5e/element/c60e3040-364d-4a52-87b4-a88cdc073e0f/text &amp#27;[39m&amp#27;[32m200&amp#27;[39m &amp#27;[90m17 ms - 89&amp#27;[39m
&amp#27;[35m[HTTP]&amp#27;[39m &amp#27;[90m&amp#27;[39m
&amp#27;[35m[HTTP]&amp#27;[39m &amp#27;[37m-->&amp#27;[39m &amp#27;[37mPOST&amp#27;[39m &amp#27;[37m/wd/hub/session/4b1a498c-3774-4cf9-a2fe-021ea34b4d5e/alert/accept&amp#27;[39m
&amp#27;[35m[HTTP]&amp#27;[39m &amp#27;[90m{}&amp#27;[39m
[debug] &amp#27;[35m[W3C (4b1a498c)]&amp#27;[39m Calling AppiumDriver.postAcceptAlert() with args: ["4b1a498c-3774-4cf9-a2fe-021ea34b4d5e"]
[debug] &amp#27;[35m[WD Proxy]&amp#27;[39m Matched '/alert/accept' to command name 'postAcceptAlert'
[debug] &amp#27;[35m[WD Proxy]&amp#27;[39m Proxying [POST /alert/accept] to [POST http://127.0.0.1:8200/wd/hub/session/2237fba1-6f46-4ad3-a16c-d8c502a02b8b/alert/accept] with body: {}
[debug] &amp#27;[35m[WD Proxy]&amp#27;[39m Got response with status 200: {"sessionId":"2237fba1-6f46-4ad3-a16c-d8c502a02b8b","value":null}
[debug] &amp#27;[35m[W3C (4b1a498c)]&amp#27;[39m Responding to client with driver.postAcceptAlert() result: null
&amp#27;[35m[HTTP]&amp#27;[39m &amp#27;[37m<-- POST /wd/hub/session/4b1a498c-3774-4cf9-a2fe-021ea34b4d5e/alert/accept &amp#27;[39m&amp#27;[32m200&amp#27;[39m &amp#27;[90m55 ms - 14&amp#27;[39m
&amp#27;[35m[HTTP]&amp#27;[39m &amp#27;[90m&amp#27;[39m
&amp#27;[35m[HTTP]&amp#27;[39m &amp#27;[37m-->&amp#27;[39m &amp#27;[37mGET&amp#27;[39m &amp#27;[37m/wd/hub/session/4b1a498c-3774-4cf9-a2fe-021ea34b4d5e/context&amp#27;[39m
&amp#27;[35m[HTTP]&amp#27;[39m &amp#27;[90m{}&amp#27;[39m
[debug] &amp#27;[35m[W3C (4b1a498c)]&amp#27;[39m Calling AppiumDriver.getCurrentContext() with args: ["4b1a498c-3774-4cf9-a2fe-021ea34b4d5e"]
[debug] &amp#27;[35m[W3C (4b1a498c)]&amp#27;[39m Responding to client with driver.getCurrentContext() result: "NATIVE_APP"
&amp#27;[35m[HTTP]&amp#27;[39m &amp#27;[37m<-- GET /wd/hub/session/4b1a498c-3774-4cf9-a2fe-021ea34b4d5e/context &amp#27;[39m&amp#27;[32m200&amp#27;[39m &amp#27;[90m2 ms - 22&amp#27;[39m
&amp#27;[35m[HTTP]&amp#27;[39m &amp#27;[90m&amp#27;[39m
&amp#27;[35m[HTTP]&amp#27;[39m &amp#27;[37m-->&amp#27;[39m &amp#27;[37mPOST&amp#27;[39m &amp#27;[37m/wd/hub/session/4b1a498c-3774-4cf9-a2fe-021ea34b4d5e/element&amp#27;[39m
&amp#27;[35m[HTTP]&amp#27;[39m &amp#27;[90m{"using":"id","value":"com.colt.coltengineering:id/spin_category_description"}&amp#27;[39m
[debug] &amp#27;[35m[W3C (4b1a498c)]&amp#27;[39m Calling AppiumDriver.findElement() with args: ["id","com.colt.coltengineering:id/spin_category_description","4b1a498c-3774-4cf9-a2fe-021ea34b4d5e"]
[debug] &amp#27;[35m[BaseDriver]&amp#27;[39m Valid locator strategies for this request: xpath, id, class name, accessibility id, -android uiautomator
[debug] &amp#27;[35m[BaseDriver]&amp#27;[39m Waiting up to 30000 ms for condition
[debug] &amp#27;[35m[WD Proxy]&amp#27;[39m Matched '/element' to command name 'findElement'
[debug] &amp#27;[35m[WD Proxy]&amp#27;[39m Proxying [POST /element] to [POST http://127.0.0.1:8200/wd/hub/session/2237fba1-6f46-4ad3-a16c-d8c502a02b8b/element] with body: {"strategy":"id","selector":"com.colt.coltengineering:id/spin_category_description","context":"","multiple":false}
[debug] &amp#27;[35m[WD Proxy]&amp#27;[39m Got response with status 200: {"sessionId":"2237fba1-6f46-4ad3-a16c-d8c502a02b8b","value":{"ELEMENT":"7454b644-6e9b-4d58-8066-ba6900e2f275","element-6066-11e4-a52e-4f735466cecf":"7454b644-6e9b-4d58-8066-ba6900e2f275"}}
[debug] &amp#27;[35m[W3C (4b1a498c)]&amp#27;[39m Responding to client with driver.findElement() result: {"element-6066-11e4-a52e-4f735466cecf":"7454b644-6e9b-4d58-8066-ba6900e2f275","ELEMENT":"7454b644-6e9b-4d58-8066-ba6900e2f275"}
&amp#27;[35m[HTTP]&amp#27;[39m &amp#27;[37m<-- POST /wd/hub/session/4b1a498c-3774-4cf9-a2fe-021ea34b4d5e/element &amp#27;[39m&amp#27;[32m200&amp#27;[39m &amp#27;[90m630 ms - 137&amp#27;[39m
&amp#27;[35m[HTTP]&amp#27;[39m &amp#27;[90m&amp#27;[39m
&amp#27;[35m[HTTP]&amp#27;[39m &amp#27;[37m-->&amp#27;[39m &amp#27;[37mPOST&amp#27;[39m &amp#27;[37m/wd/hub/session/4b1a498c-3774-4cf9-a2fe-021ea34b4d5e/element/7454b644-6e9b-4d58-8066-ba6900e2f275/click&amp#27;[39m
&amp#27;[35m[HTTP]&amp#27;[39m &amp#27;[90m{"id":"7454b644-6e9b-4d58-8066-ba6900e2f275"}&amp#27;[39m
[debug] &amp#27;[35m[W3C (4b1a498c)]&amp#27;[39m Calling AppiumDriver.click() with args: ["7454b644-6e9b-4d58-8066-ba6900e2f275","4b1a498c-3774-4cf9-a2fe-021ea34b4d5e"]
[debug] &amp#27;[35m[WD Proxy]&amp#27;[39m Matched '/element/7454b644-6e9b-4d58-8066-ba6900e2f275/click' to command name 'click'
[debug] &amp#27;[35m[WD Proxy]&amp#27;[39m Proxying [POST /element/7454b644-6e9b-4d58-8066-ba6900e2f275/click] to [POST http://127.0.0.1:8200/wd/hub/session/2237fba1-6f46-4ad3-a16c-d8c502a02b8b/element/7454b644-6e9b-4d58-8066-ba6900e2f275/click] with body: {"element":"7454b644-6e9b-4d58-8066-ba6900e2f275"}
[debug] &amp#27;[35m[WD Proxy]&amp#27;[39m Got response with status 200: {"sessionId":"2237fba1-6f46-4ad3-a16c-d8c502a02b8b","value":null}
[debug] &amp#27;[35m[W3C (4b1a498c)]&amp#27;[39m Responding to client with driver.click() result: null
&amp#27;[35m[H search Web element   new UiScrollable(new UiSelector()).scrollIntoView(text("Decommissioned Equipment uninstallation in nodes"));
TTP]&amp#27;[39m &amp#27;[37m<-- POST /wd/hub/session/4b1a498c-3774-4cf9-a2fe-021ea34b4d5e/element/7454b644-6e9b-4d58-8066-ba6900e2f275/click &amp#27;[39m&amp#27;[32m200&amp#27;[39m &amp#27;[90m39 ms - 14&amp#27;[39m
&amp#27;[35m[HTTP]&amp#27;[39m &amp#27;[90m&amp#27;[39m
&amp#27;[35m[HTTP]&amp#27;[39m &amp#27;[37m-->&amp#27;[39m &amp#27;[37mPOST&amp#27;[39m &amp#27;[37m/wd/hub/session/4b1a498c-3774-4cf9-a2fe-021ea34b4d5e/element&amp#27;[39m
&amp#27;[35m[HTTP]&amp#27;[39m &amp#27;[90m{"using":"-android uiautomator","value":"new UiScrollable(new UiSelector()).scrollIntoView(text(\"Decommissioned Equipment uninstallation in nodes\"));"}&amp#27;[39m
[debug] &amp#27;[35m[W3C (4b1a498c)]&amp#27;[39m Calling AppiumDriver.findElement() with args: ["-android uiautomator","new UiScrollable(new UiSelector()).scrollIntoView(text(\"Decommissioned Equipment uninstallation in nodes\"));","4b1a498c-3774-4cf9-a2fe-021ea34b4d5e"]
[debug] &amp#27;[35m[BaseDriver]&amp#27;[39m Valid locator strategies for this request: xpath, id, class name, accessibility id, -android uiautomator
[debug] &amp#27;[35m[BaseDriver]&amp#27;[39m Waiting up to 30000 ms for condition
[debug] &amp#27;[35m[WD Proxy]&amp#27;[39m Matched '/element' to command name 'findElement'
[debug] &amp#27;[35m[WD Proxy]&amp#27;[39m Proxying [POST /element] to [POST http://127.0.0.1:8200/wd/hub/session/2237fba1-6f46-4ad3-a16c-d8c502a02b8b/element] with body: {"strategy":"-android uiautomator","selector":"new UiScrollable(new UiSelector()).scrollIntoView(text(\"Decommissioned Equipment uninstallation in nodes\"));","context":"","multiple":false}
[debug] &amp#27;[35m[WD Proxy]&amp#27;[39m Got response with status 200: {"sessionId":"2237fba1-6f46-4ad3-a16c-d8c502a02b8b","value":{"ELEMENT":"0934f392-b1b3-4f62-92bc-7d6c80e1e68f","element-6066-11e4-a52e-4f735466cecf":"0934f392-b1b3-4f62-92bc-7d6c80e1e68f"}}
[debug] &amp#27;[35m[W3C (4b1a498c)]&amp#27;[39m Responding to client with driver.findElement() result: {"element-6066-11e4-a52e-4f735466cecf":"0934f392-b1b3-4f62-92bc-7d6c80e1e68f","ELEMENT":"0934f392-b1b3-4f62-92bc-7d6c80e1e68f"}
&amp#27;[35m[HTTP]&amp#27;[39m &amp#27;[37m<-- POST /wd/hub/session/4b1a498c-3774-4cf9-a2fe-021ea34b4d5e/element &amp#27;[39m&amp#27;[32m200&amp#27;[39m &amp#27;[90m1024 ms - 137&amp#27;[39m
&amp#27;[35m[HTTP]&amp#27;[39m &amp#27;[90m&amp#27;[39m
&amp#27;[35m[HTTP]&amp#27;[39m &amp#27;[37m-->&amp#27;[39m &amp#27;[37mPOST&amp#27;[39m &amp#27;[37m/wd/hub/session/4b1a498c-3774-4cf9-a2fe-021ea34b4d5e/touch/perform&amp#27;[39m
&amp#27;[35m[HTTP]&amp#27;[39m &amp#27;[90m{"actions":[{"action":"tap","options":{"element":"0934f392-b1b3-4f62-92bc-7d6c80e1e68f"}}]}&amp#27;[39m
[debug] &amp#27;[35m[W3C (4b1a498c)]&amp#27;[39m Calling AppiumDriver.performTouch() with args: [[{"action":"tap","options":{"element":"0934f392-b1b3-4f62-92bc-7d6c80e1e68f"}}],"4b1a498c-3774-4cf9-a2fe-021ea34b4d5e"]
&amp#27;[35m[UiAutomator2]&amp#27;[39m calling get location: 0934f392-b1b3-4f62-92bc-7d6c80e1e68f
[debug] &amp#27;[35m[WD Proxy]&amp#27;[39m Matched '/element/0934f392-b1b3-4f62-92bc-7d6c80e1e68f/location' to command name 'getLocation'
[debug] &amp#27;[35m[WD Proxy]&amp#27;[39m Proxying [GET /element/0934f392-b1b3-4f62-92bc-7d6c80e1e68f/location] to [GET http://127.0.0.1:8200/wd/hub/session/2237fba1-6f46-4ad3-a16c-d8c502a02b8b/element/0934f392-b1b3-4f62-92bc-7d6c80e1e68f/location] with no body
[debug] &amp#27;[35m[WD Proxy]&amp#27;[39m Got response with status 200: {"sessionId":"2237fba1-6f46-4ad3-a16c-d8c502a02b8b","value":{"x":0,"y":1705}}
[debug] &amp#27;[35m[WD Proxy]&amp#27;[39m Matched '/element/0934f392-b1b3-4f62-92bc-7d6c80e1e68f/size' to command name 'getSize'
[debug] &amp#27;[35m[WD Proxy]&amp#27;[39m Proxying [GET /element/0934f392-b1b3-4f62-92bc-7d6c80e1e68f/size] to [GET http://127.0.0.1:8200/wd/hub/session/2237fba1-6f46-4ad3-a16c-d8c502a02b8b/element/0934f392-b1b3-4f62-92bc-7d6c80e1e68f/size] with no body
[debug] &amp#27;[35m[WD Proxy]&amp#27;[39m Got response with status 200: {"sessionId":"2237fba1-6f46-4ad3-a16c-d8c502a02b8b","value":{"height":5,"width":996}}
[debug] &amp#27;[35m[WD Proxy]&amp#27;[39m Proxying [POST /appium/tap] to [POST http://127.0.0.1:8200/wd/hub/session/2237fba1-6f46-4ad3-a16c-d8c502a02b8b/appium/tap] with body: {"x":498,"y":1707.5,"undefined":null}
[debug] &amp#27;[35m[WD Proxy]&amp#27;[39m Got response with status 200: {"sessionId":"2237fba1-6f46-4ad3-a16c-d8c502a02b8b","value":null}
[debug] &amp#27;[35m[W3C (4b1a498c)]&amp#27;[39m Responding to client with driver.performTouch() result: null
&amp#27;[35m[HTTP]&amp#27;[39m &amp#27;[37m<-- POST /wd/hub/session/4b1a498c-3774-4cf9-a2fe-021ea34b4d5e/touch/perform &amp#27;[39m&amp#27;[32m200&amp#27;[39m &amp#27;[90m754 ms - 14&amp#27;[39m
&amp#27;[35m[HTTP]&amp#27;[39m &amp#27;[90m&amp#27;[39m
&amp#27;[35m[HTTP]&amp#27;[39m &amp#27;[37m-->&amp#27;[39m &amp#27;[37mPOST&amp#27;[39m &amp#27;[37m/wd/hub/session/4b1a498c-3774-4cf9-a2fe-021ea34b4d5e/touch/perform&amp#27;[39m
&amp#27;[35m[HTTP]&amp#27;[39m &amp#27;[90m{"actions":[]}&amp#27;[39m
[debug] &amp#27;[35m[W3C (4b1a498c)]&amp#27;[39m Calling AppiumDriver.performTouch() with args: [[],"4b1a498c-3774-4cf9-a2fe-021ea34b4d5e"]
[debug] &amp#27;[35m[W3C (4b1a498c)]&amp#27;[39m Responding to client with driver.performTouch() result: null
&amp#27;[35m[HTTP]&amp#27;[39m &amp#27;[37m<-- POST /wd/hub/session/4b1a498c-3774-4cf9-a2fe-021ea34b4d5e/touch/perform &amp#27;[39m&amp#27;[32m200&amp#27;[39m &amp#27;[90m2 ms - 14&amp#27;[39m
&amp#27;[35m[HTTP]&amp#27;[39m &amp#27;[90m&amp#27;[39m
&amp#27;[35m[HTTP]&amp#27;[39m &amp#27;[37m-->&amp#27;[39m &amp#27;[37mGET&amp#27;[39m &amp#27;[37m/wd/hub/session/4b1a498c-3774-4cf9-a2fe-021ea34b4d5e/context&amp#27;[39m
&amp#27;[35m[HTTP]&amp#27;[39m &amp#27;[90m{}&amp#27;[39m
[debug] &amp#27;[35m[W3C (4b1a498c)]&amp#27;[39m Calling AppiumDriver.getCurrentContext() with args: ["4b1a498c-3774-4cf9-a2fe-021ea34b4d5e"]
[debug] &amp#27;[35m[W3C (4b1a498c)]&amp#27;[39m Responding to client with driver.getCurrentContext() result: "NATIVE_APP"
&amp#27;[35m[HTTP]&amp#27;[39m &amp#27;[37m<-- GET /wd/hub/session/4b1a498c-3774-4cf9-a2fe-021ea34b4d5e/context &amp#27;[39m&amp#27;[32m200&amp#27;[39m &amp#27;[90m2 ms - 22&amp#27;[39m
&amp#27;[35m[HTTP]&amp#27;[39m &amp#27;[90m&amp#27;[39m
&amp#27;[35m[HTTP]&amp#27;[39m &amp#27;[37m-->&amp#27;[39m &amp#27;[37mPOST&amp#27;[39m &amp#27;[37m/wd/hub/session/4b1a498c-3774-4cf9-a2fe-021ea34b4d5e/element&amp#27;[39m
&amp#27;[35m[HTTP]&amp#27;[39m &amp#27;[90m{"using":"-android uiautomator","value":"text(\"Next\")"}&amp#27;[39m
[debug] &amp#27;[35m[W3C (4b1a498c)]&amp#27;[39m Calling AppiumDriver.findElement() with args: ["-android uiautomator","text(\"Next\")","4b1a498c-3774-4cf9-a2fe-021ea34b4d5e"]
[debug] &amp#27;[35m[BaseDriver]&amp#27;[39m Valid locator strategies for this request: xpath, id, class name, accessibility id, -android uiautomator
[debug] &amp#27;[35m[BaseDriver]&amp#27;[39m Waiting up to 30000 ms for condition
[debug] &amp#27;[35m[WD Proxy]&amp#27;[39m Matched '/element' to command name 'findElement'
[debug] &amp#27;[35m[WD Proxy]&amp#27;[39m Proxying [POST /element] to [POST http://127.0.0.1:8200/wd/hub/session/2237fba1-6f46-4ad3-a16c-d8c502a02b8b/element] with body: {"strategy":"-android uiautomator","selector":"text(\"Next\")","context":"","multiple":false}
[debug] &amp#27;[35m[WD Proxy]&amp#27;[39m Got response with status 200: {"sessionId":"2237fba1-6f46-4ad3-a16c-d8c502a02b8b","value":{"ELEMENT":"4e8dcde0-9a04-4253-9c2e-89669e12ab7b","element-6066-11e4-a52e-4f735466cecf":"4e8dcde0-9a04-4253-9c2e-89669e12ab7b"}}
[debug] &amp#27;[35m[W3C (4b1a498c)]&amp#27;[39m Responding to client with driver.findElement() result: {"element-6066-11e4-a52e-4f735466cecf":"4e8dcde0-9a04-4253-9c2e-89669e12ab7b","ELEMENT":"4e8dcde0-9a04-4253-9c2e-89669e12ab7b"}
&amp#27;[35m[HTTP]&amp#27;[39m &amp#27;[37m<-- POST /wd/hub/session/4b1a498c-3774-4cf9-a2fe-021ea34b4d5e/element &amp#27;[39m&amp#27;[32m200&amp#27;[39m &amp#27;[90m28 ms - 137&amp#27;[39m
&amp#27;[35m[HTTP]&amp#27;[39m &amp#27;[90m&amp#27;[39m
&amp#27;[35m[HTTP]&amp#27;[39m &amp#27;[37m-->&amp#27;[39m &amp#27;[37mPOST&amp#27;[39m &amp#27;[37m/wd/hub/session/4b1a498c-3774-4cf9-a2fe-021ea34b4d5e/element/4e8dcde0-9a04-4253-9c2e-89669e12ab7b/click&amp#27;[39m
&amp#27;[35m[HTTP]&amp#27;[39m &amp#27;[90m{"id":"4e8dcde0-9a04-4253-9c2e-89669e12ab7b"}&amp#27;[39m
[debug] &amp#27;[35m[W3C (4b1a498c)]&amp#27;[39m Calling AppiumDriver.click() with args: ["4e8dcde0-9a04-4253-9c2e-89669e12ab7b","4b1a498c-3774-4cf9-a2fe-021ea34b4d5e"]
[debug] &amp#27;[35m[WD Proxy]&amp#27;[39m Matched '/element/4e8dcde0-9a04-4253-9c2e-89669e12ab7b/click' to command name 'click'
[debug] &amp#27;[35m[WD Proxy]&amp#27;[39m Proxying [POST /element/4e8dcde0-9a04-4253-9c2e-89669e12ab7b/click] to [POST http://127.0.0.1:8200/wd/hub/session/2237fba1-6f46-4ad3-a16c-d8c502a02b8b/element/4e8dcde0-9a04-4253-9c2e-89669e12ab7b/click] with body: {"element":"4e8dcde0-9a04-4253-9c2e-89669e12ab7b"}
[debug] &amp#27;[35m[WD Proxy]&amp#27;[39m Got response with status 200: {"sessionId":"2237fba1-6f46-4ad3-a16c-d8c502a02b8b","value":null}
[debug] &amp#27;[35m[W3C (4b1a498c)]&amp#27;[39m Responding to client with driver.click() result: null
&amp#27;[35m[HTTP]&amp#27;[39m &amp#27;[37m<-- POST /wd/hub/session/4b1a498c-3774-4cf9-a2fe-021ea34b4d5e/element/4e8dcde0-9a04-4253-9c2e-89669e12ab7b/click &amp#27;[39m&amp#27;[32m200&amp#27;[39m &amp#27;[90m929 ms - 14&amp#27;[39m
&amp#27;[35m[HTTP]&amp#27;[39m &amp#27;[90m&amp#27;[39m
&amp#27;[35m[HTTP]&amp#27;[39m &amp#27;[37m-->&amp#27;[39m &amp#27;[37mGET&amp#27;[39m &amp#27;[37m/wd/hub/session/4b1a498c-3774-4cf9-a2fe-021ea34b4d5e/context&amp#27;[39m
&amp#27;[35m[HTTP]&amp#27;[39m &amp#27;[90m{}&amp#27;[39m
[debug] &amp#27;[35m[W3C (4b1a498c)]&amp#27;[39m Calling AppiumDriver.getCurrentContext() with args: ["4b1a498c-3774-4cf9-a2fe-021ea34b4d5e"]
[debug] &amp#27;[35m[W3C (4b1a498c)]&amp#27;[39m Responding to client with driver.getCurrentContext() result: "NATIVE_APP"
&amp#27;[35m[HTTP]&amp#27;[39m &amp#27;[37m<-- GET /wd/hub/session/4b1a498c-3774-4cf9-a2fe-021ea34b4d5e/context &amp#27;[39m&amp#27;[32m200&amp#27;[39m &amp#27;[90m1 ms - 22&amp#27;[39m
&amp#27;[35m[HTTP]&amp#27;[39m &amp#27;[90m&amp#27;[39m
&amp#27;[35m[HTTP]&amp#27;[39m &amp#27;[37m-->&amp#27;[39m &amp#27;[37mPOST&amp#27;[39m &amp#27;[37m/wd/hub/session/4b1a498c-3774-4cf9-a2fe-021ea34b4d5e/element&amp#27;[39m
&amp#27;[35m[HTTP]&amp#27;[39m &amp#27;[90m{"using":"-android uiautomator","value":"text(\"Next\")"}&amp#27;[39m
[debug] &amp#27;[35m[W3C (4b1a498c)]&amp#27;[39m Calling AppiumDriver.findElement() with args: ["-android uiautomator","text(\"Next\")","4b1a498c-3774-4cf9-a2fe-021ea34b4d5e"]
[debug] &amp#27;[35m[BaseDriver]&amp#27;[39m Valid locator strategies for this request: xpath, id, class name, accessibility id, -android uiautomator
[debug] &amp#27;[35m[BaseDriver]&amp#27;[39m Waiting up to 30000 ms for condition
[debug] &amp#27;[35m[WD Proxy]&amp#27;[39m Matched '/element' to command name 'findElement'
[debug] &amp#27;[35m[WD Proxy]&amp#27;[39m Proxying [POST /element] to [POST http://127.0.0.1:8200/wd/hub/session/2237fba1-6f46-4ad3-a16c-d8c502a02b8b/element] with body: {"strategy":"-android uiautomator","selector":"text(\"Next\")","context":"","multiple":false}
[debug] &amp#27;[35m[WD Proxy]&amp#27;[39m Got response with status 200: {"sessionId":"2237fba1-6f46-4ad3-a16c-d8c502a02b8b","value":{"ELEMENT":"1d8309f9-76c8-4e19-bfd0-dbb950c43f44","element-6066-11e4-a52e-4f735466cecf":"1d8309f9-76c8-4e19-bfd0-dbb950c43f44"}}
[debug] &amp#27;[35m[W3C (4b1a498c)]&amp#27;[39m Responding to client with driver.findElement() result: {"element-6066-11e4-a52e-4f735466cecf":"1d8309f9-76c8-4e19-bfd0-dbb950c43f44","ELEMENT":"1d8309f9-76c8-4e19-bfd0-dbb950c43f44"}
&amp#27;[35m[HTTP]&amp#27;[39m &amp#27;[37m<-- POST /wd/hub/session/4b1a498c-3774-4cf9-a2fe-021ea34b4d5e/element &amp#27;[39m&amp#27;[32m200&amp#27;[39m &amp#27;[90m34 ms - 137&amp#27;[39m
&amp#27;[35m[HTTP]&amp#27;[39m &amp#27;[90m&amp#27;[39m
&amp#27;[35m[HTTP]&amp#27;[39m &amp#27;[37m-->&amp#27;[39m &amp#27;[37mPOST&amp#27;[39m &amp#27;[37m/wd/hub/session/4b1a498c-3774-4cf9-a2fe-021ea34b4d5e/element/1d8309f9-76c8-4e19-bfd0-dbb950c43f44/click&amp#27;[39m
&amp#27;[35m[HTTP]&amp#27;[39m &amp#27;[90m{"id":"1d8309f9-76c8-4e19-bfd0-dbb950c43f44"}&amp#27;[39m
[debug] &amp#27;[35m[W3C (4b1a498c)]&amp#27;[39m Calling AppiumDriver.click() with args: ["1d8309f9-76c8-4e19-bfd0-dbb950c43f44","4b1a498c-3774-4cf9-a2fe-021ea34b4d5e"]
[debug] &amp#27;[35m[WD Proxy]&amp#27;[39m Matched '/element/1d8309f9-76c8-4e19-bfd0-dbb950c43f44/click' to command name 'click'
[debug] &amp#27;[35m[WD Proxy]&amp#27;[39m Proxying [POST /element/1d8309f9-76c8-4e19-bfd0-dbb950c43f44/click] to [POST http://127.0.0.1:8200/wd/hub/session/2237fba1-6f46-4ad3-a16c-d8c502a02b8b/element/1d8309f9-76c8-4e19-bfd0-dbb950c43f44/click] with body: {"element":"1d8309f9-76c8-4e19-bfd0-dbb950c43f44"}
[debug] &amp#27;[35m[WD Proxy]&amp#27;[39m Got response with status 200: {"sessionId":"2237fba1-6f46-4ad3-a16c-d8c502a02b8b","value":null}
[debug] &amp#27;[35m[W3C (4b1a498c)]&amp#27;[39m Responding to client with driver.click() result: null
&amp#27;[35m[HTTP]&amp#27;[39m &amp#27;[37m<-- POST /wd/hub/session/4b1a498c-3774-4cf9-a2fe-021ea34b4d5e/element/1d8309f9-76c8-4e19-bfd0-dbb950c43f44/click &amp#27;[39m&amp#27;[32m200&amp#27;[39m &amp#27;[90m1885 ms - 14&amp#27;[39m
&amp#27;[35m[HTTP]&amp#27;[39m &amp#27;[90m&amp#27;[39m
&amp#27;[35m[HTTP]&amp#27;[39m &amp#27;[37m-->&amp#27;[39m &amp#27;[37mGET&amp#27;[39m &amp#27;[37m/wd/hub/session/4b1a498c-3774-4cf9-a2fe-021ea34b4d5e/alert/text&amp#27;[39m
&amp#27;[35m[HTTP]&amp#27;[39m &amp#27;[90m{}&amp#27;[39m
[debug] &amp#27;[35m[W3C (4b1a498c)]&amp#27;[39m Calling AppiumDriver.getAlertText() with args: ["4b1a498c-3774-4cf9-a2fe-021ea34b4d5e"]
[debug] &amp#27;[35m[WD Proxy]&amp#27;[39m Matched '/alert/text' to command name 'getAlertText'
[debug] &amp#27;[35m[WD Proxy]&amp#27;[39m Proxying [GET /alert/text] to [GET http://127.0.0.1:8200/wd/hub/session/2237fba1-6f46-4ad3-a16c-d8c502a02b8b/alert/text] with no body
[debug] &amp#27;[35m[WD Proxy]&amp#27;[39m Got response with status 200: {"sessionId":"2237fba1-6f46-4ad3-a16c-d8c502a02b8b","value":"Empty location tier 1\nPlease select a location details tier 1"}
[debug] &amp#27;[35m[W3C (4b1a498c)]&amp#27;[39m Responding to client with driver.getAlertText() result: "Empty location tier 1\nPlease select a location details tier 1"
&amp#27;[35m[HTTP]&amp#27;[39m &amp#27;[37m<-- GET /wd/hub/session/4b1a498c-3774-4cf9-a2fe-021ea34b4d5e/alert/text &amp#27;[39m&amp#27;[32m200&amp#27;[39m &amp#27;[90m388 ms - 74&amp#27;[39m
&amp#27;[35m[HTTP]&amp#27;[39m &amp#27;[90m&amp#27;[39m
&amp#27;[35m[HTTP]&amp#27;[39m &amp#27;[37m-->&amp#27;[39m &amp#27;[37mGET&amp#27;[39m &amp#27;[37m/wd/hub/session/4b1a498c-3774-4cf9-a2fe-021ea34b4d5e/alert/text&amp#27;[39m
&amp#27;[35m[HTTP]&amp#27;[39m &amp#27;[90m{}&amp#27;[39m
[debug] &amp#27;[35m[W3C (4b1a498c)]&amp#27;[39m Calling AppiumDriver.getAlertText() with args: ["4b1a498c-3774-4cf9-a2fe-021ea34b4d5e"]
[debug] &amp#27;[35m[WD Proxy]&amp#27;[39m Matched '/alert/text' to command name 'getAlertText'
[debug] &amp#27;[35m[WD Proxy]&amp#27;[39m Proxying [GET /alert/text] to [GET http://127.0.0.1:8200/wd/hub/session/2237fba1-6f46-4ad3-a16c-d8c502a02b8b/alert/text] with no body
[debug] &amp#27;[35m[WD Proxy]&amp#27;[39m Got response with status 200: {"sessionId":"2237fba1-6f46-4ad3-a16c-d8c502a02b8b","value":"Empty location tier 1\nPlease select a location details tier 1"}
[debug] &amp#27;[35m[W3C (4b1a498c)]&amp#27;[39m Responding to client with driver.getAlertText() result: "Empty location tier 1\nPlease select a location details tier 1"
&amp#27;[35m[HTTP]&amp#27;[39m &amp#27;[37m<-- GET /wd/hub/session/4b1a498c-3774-4cf9-a2fe-021ea34b4d5e/alert/text &amp#27;[39m&amp#27;[32m200&amp#27;[39m &amp#27;[90m53 ms - 74&amp#27;[39m
&amp#27;[35m[HTTP]&amp#27;[39m &amp#27;[90m&amp#27;[39m
&amp#27;[35m[HTTP]&amp#27;[39m &amp#27;[37m-->&amp#27;[39m &amp#27;[37mGET&amp#27;[39m &amp#27;[37m/wd/hub/session/4b1a498c-3774-4cf9-a2fe-021ea34b4d5e/context&amp#27;[39m
&amp#27;[35m[HTTP]&amp#27;[39m &amp#27;[90m{}&amp#27;[39m
[debug] &amp#27;[35m[W3C (4b1a498c)]&amp#27;[39m Calling AppiumDriver.getCurrentContext() with args: ["4b1a498c-3774-4cf9-a2fe-021ea34b4d5e"]
[debug] &amp#27;[35m[W3C (4b1a498c)]&amp#27;[39m Responding to client with driver.getCurrentContext() result: "NATIVE_APP"
&amp#27;[35m[HTTP]&amp#27;[39m &amp#27;[37m<-- GET /wd/hub/session/4b1a498c-3774-4cf9-a2fe-021ea34b4d5e/context &amp#27;[39m&amp#27;[32m200&amp#27;[39m &amp#27;[90m1 ms - 22&amp#27;[39m
&amp#27;[35m[HTTP]&amp#27;[39m &amp#27;[90m&amp#27;[39m
&amp#27;[35m[HTTP]&amp#27;[39m &amp#27;[37m-->&amp#27;[39m &amp#27;[37mPOST&amp#27;[39m &amp#27;[37m/wd/hub/session/4b1a498c-3774-4cf9-a2fe-021ea34b4d5e/element&amp#27;[39m
&amp#27;[35m[HTTP]&amp#27;[39m &amp#27;[90m{"using":"-android uiautomator","value":"text(\"Empty location tier 1\")"}&amp#27;[39m
[debug] &amp#27;[35m[W3C (4b1a498c)]&amp#27;[39m Calling AppiumDriver.findElement() with args: ["-android uiautomator","text(\"Empty location tier 1\")","4b1a498c-3774-4cf9-a2fe-021ea34b4d5e"]
[debug] &amp#27;[35m[BaseDriver]&amp#27;[39m Valid locator strategies for this request: xpath, id, class name, accessibility id, -android uiautomator
[debug] &amp#27;[35m[BaseDriver]&amp#27;[39m Waiting up to 30000 ms for condition
[debug] &amp#27;[35m[WD Proxy]&amp#27;[39m Matched '/element' to command name 'findElement'
[debug] &amp#27;[35m[WD Proxy]&amp#27;[39m Proxying [POST /element] to [POST http://127.0.0.1:8200/wd/hub/session/2237fba1-6f46-4ad3-a16c-d8c502a02b8b/element] with body: {"strategy":"-android uiautomator","selector":"text(\"Empty location tier 1\")","context":"","multiple":false}
[debug] &amp#27;[35m[WD Proxy]&amp#27;[39m Got response with status 200: {"sessionId":"2237fba1-6f46-4ad3-a16c-d8c502a02b8b","value":{"ELEMENT":"c89cf416-0c85-4217-9d2f-986ae7e6a9dc","element-6066-11e4-a52e-4f735466cecf":"c89cf416-0c85-4217-9d2f-986ae7e6a9dc"}}
[debug] &amp#27;[35m[W3C (4b1a498c)]&amp#27;[39m Responding to client with driver.findElement() result: {"element-6066-11e4-a52e-4f735466cecf":"c89cf416-0c85-4217-9d2f-986ae7e6a9dc","ELEMENT":"c89cf416-0c85-4217-9d2f-986ae7e6a9dc"}
&amp#27;[35m[HTTP]&amp#27;[39m &amp#27;[37m<-- POST /wd/hub/session/4b1a498c-3774-4cf9-a2fe-021ea34b4d5e/element &amp#27;[39m&amp#27;[32m200&amp#27;[39m &amp#27;[90m16 ms - 137&amp#27;[39m
&amp#27;[35m[HTTP]&amp#27;[39m &amp#27;[90m&amp#27;[39m
&amp#27;[35m[HTTP]&amp#27;[39m &amp#27;[37m-->&amp#27;[39m &amp#27;[37mGET&amp#27;[39m &amp#27;[37m/wd/hub/session/4b1a498c-3774-4cf9-a2fe-021ea34b4d5e/element/c89cf416-0c85-4217-9d2f-986ae7e6a9dc/text&amp#27;[39m
&amp#27;[35m[HTTP]&amp#27;[39m &amp#27;[90m{}&amp#27;[39m
&amp#27;[35m[W3C (4b1a498c)]&amp#27;[39m Driver proxy active, passing request on via HTTP proxy
[debug] &amp#27;[35m[WD Proxy]&amp#27;[39m Matched '/wd/hub/session/4b1a498c-3774-4cf9-a2fe-021ea34b4d5e/element/c89cf416-0c85-4217-9d2f-986ae7e6a9dc/text' to command name 'getText'
[debug] &amp#27;[35m[WD Proxy]&amp#27;[39m Proxying [GET /wd/hub/session/4b1a498c-3774-4cf9-a2fe-021ea34b4d5e/element/c89cf416-0c85-4217-9d2f-986ae7e6a9dc/text] to [GET http://127.0.0.1:8200/wd/hub/session/2237fba1-6f46-4ad3-a16c-d8c502a02b8b/element/c89cf416-0c85-4217-9d2f-986ae7e6a9dc/text] with no body
[debug] &amp#27;[35m[WD Proxy]&amp#27;[39m Got response with status 200: {"sessionId":"2237fba1-6f46-4ad3-a16c-d8c502a02b8b","value":"Empty location tier 1"}
&amp#27;[35m[WD Proxy]&amp#27;[39m Replacing sessionId 2237fba1-6f46-4ad3-a16c-d8c502a02b8b with 4b1a498c-3774-4cf9-a2fe-021ea34b4d5e
&amp#27;[35m[HTTP]&amp#27;[39m &amp#27;[37m<-- GET /wd/hub/session/4b1a498c-3774-4cf9-a2fe-021ea34b4d5e/element/c89cf416-0c85-4217-9d2f-986ae7e6a9dc/text &amp#27;[39m&amp#27;[32m200&amp#27;[39m &amp#27;[90m16 ms - 84&amp#27;[39m
&amp#27;[35m[HTTP]&amp#27;[39m &amp#27;[90m&amp#27;[39m
&amp#27;[35m[HTTP]&amp#27;[39m &amp#27;[37m-->&amp#27;[39m &amp#27;[37mPOST&amp#27;[39m &amp#27;[37m/wd/hub/session/4b1a498c-3774-4cf9-a2fe-021ea34b4d5e/alert/accept&amp#27;[39m
&amp#27;[35m[HTTP]&amp#27;[39m &amp#27;[90m{}&amp#27;[39m
[debug] &amp#27;[35m[W3C (4b1a498c)]&amp#27;[39m Calling AppiumDriver.postAcceptAlert() with args: ["4b1a498c-3774-4cf9-a2fe-021ea34b4d5e"]
[debug] &amp#27;[35m[WD Proxy]&amp#27;[39m Matched '/alert/accept' to command name 'postAcceptAlert'
[debug] &amp#27;[35m[WD Proxy]&amp#27;[39m Proxying [POST /alert/accept] to [POST http://127.0.0.1:8200/wd/hub/session/2237fba1-6f46-4ad3-a16c-d8c502a02b8b/alert/accept] with body: {}
[debug] &amp#27;[35m[WD Proxy]&amp#27;[39m Got response with status 200: {"sessionId":"2237fba1-6f46-4ad3-a16c-d8c502a02b8b","value":null}
[debug] &amp#27;[35m[W3C (4b1a498c)]&amp#27;[39m Responding to client with driver.postAcceptAlert() result: null
&amp#27;[35m[HTTP]&amp#27;[39m &amp#27;[37m<-- POST /wd/hub/session/4b1a498c-3774-4cf9-a2fe-021ea34b4d5e/alert/accept &amp#27;[39m&amp#27;[32m200&amp#27;[39m &amp#27;[90m54 ms - 14&amp#27;[39m
&amp#27;[35m[HTTP]&amp#27;[39m &amp#27;[90m&amp#27;[39m
&amp#27;[35m[HTTP]&amp#27;[39m &amp#27;[37m-->&amp#27;[39m &amp#27;[37mGET&amp#27;[39m &amp#27;[37m/wd/hub/session/4b1a498c-3774-4cf9-a2fe-021ea34b4d5e/context&amp#27;[39m
&amp#27;[35m[HTTP]&amp#27;[39m &amp#27;[90m{}&amp#27;[39m
[debug] &amp#27;[35m[W3C (4b1a498c)]&amp#27;[39m Calling AppiumDriver.getCurrentContext() with args: ["4b1a498c-3774-4cf9-a2fe-021ea34b4d5e"]
[debug] &amp#27;[35m[W3C (4b1a498c)]&amp#27;[39m Responding to client with driver.getCurrentContext() result: "NATIVE_APP"
&amp#27;[35m[HTTP]&amp#27;[39m &amp#27;[37m<-- GET /wd/hub/session/4b1a498c-3774-4cf9-a2fe-021ea34b4d5e/context &amp#27;[39m&amp#27;[32m200&amp#27;[39m &amp#27;[90m2 ms - 22&amp#27;[39m
&amp#27;[35m[HTTP]&amp#27;[39m &amp#27;[90m&amp#27;[39m
&amp#27;[35m[HTTP]&amp#27;[39m &amp#27;[37m-->&amp#27;[39m &amp#27;[37mPOST&amp#27;[39m &amp#27;[37m/wd/hub/session/4b1a498c-3774-4cf9-a2fe-021ea34b4d5e/element&amp#27;[39m
&amp#27;[35m[HTTP]&amp#27;[39m &amp#27;[90m{"using":"id","value":"com.colt.coltengineering:id/spin_loc_details_1"}&amp#27;[39m
[debug] &amp#27;[35m[W3C (4b1a498c)]&amp#27;[39m Calling AppiumDriver.findElement() with args: ["id","com.colt.coltengineering:id/spin_loc_details_1","4b1a498c-3774-4cf9-a2fe-021ea34b4d5e"]
[debug] &amp#27;[35m[BaseDriver]&amp#27;[39m Valid locator strategies for this request: xpath, id, class name, accessibility id, -android uiautomator
[debug] &amp#27;[35m[BaseDriver]&amp#27;[39m Waiting up to 30000 ms for condition
[debug] &amp#27;[35m[WD Proxy]&amp#27;[39m Matched '/element' to command name 'findElement'
[debug] &amp#27;[35m[WD Proxy]&amp#27;[39m Proxying [POST /element] to [POST http://127.0.0.1:8200/wd/hub/session/2237fba1-6f46-4ad3-a16c-d8c502a02b8b/element] with body: {"strategy":"id","selector":"com.colt.coltengineering:id/spin_loc_details_1","context":"","multiple":false}
[debug] &amp#27;[35m[WD Proxy]&amp#27;[39m Got response with status 200: {"sessionId":"2237fba1-6f46-4ad3-a16c-d8c502a02b8b","value":{"ELEMENT":"2caac42e-e496-447a-a928-c8493517e9b7","element-6066-11e4-a52e-4f735466cecf":"2caac42e-e496-447a-a928-c8493517e9b7"}}
[debug] &amp#27;[35m[W3C (4b1a498c)]&amp#27;[39m Responding to client with driver.findElement() result: {"element-6066-11e4-a52e-4f735466cecf":"2caac42e-e496-447a-a928-c8493517e9b7","ELEMENT":"2caac42e-e496-447a-a928-c8493517e9b7"}
&amp#27;[35m[HTTP]&amp#27;[39m &amp#27;[37m<-- POST /wd/hub/session/4b1a498c-3774-4cf9-a2fe-021ea34b4d5e/element &amp#27;[39m&amp#27;[32m200&amp#27;[39m &amp#27;[90m578 ms - 137&amp#27;[39m
&amp#27;[35m[HTTP]&amp#27;[39m &amp#27;[90m&amp#27;[39m
&amp#27;[35m[HTTP]&amp#27;[39m &amp#27;[37m-->&amp#27;[39m &amp#27;[37mPOST&amp#27;[39m &amp#27;[37m/wd/hub/session/4b1a498c-3774-4cf9-a2fe-021ea34b4d5e/element/2caac42e-e496-447a-a928-c8493517e9b7/click&amp#27;[39m
&amp#27;[35m[HTTP]&amp#27;[39m &amp#27;[90m{"id":"2caac42e-e496-447a-a928-c8493517e9b7"}&amp#27;[39m
[debug] &amp#27;[35m[W3C (4b1a498c)]&amp#27;[39m Calling AppiumDriver.click() with args: ["2caac42e-e496-447a-a928-c8493517e9b7","4b1a498c-3774-4cf9-a2fe-021ea34b4d5e"]
[debug] &amp#27;[35m[WD Proxy]&amp#27;[39m Matched '/element/2caac42e-e496-447a-a928-c8493517e9b7/click' to command name 'click'
[debug] &amp#27;[35m[WD Proxy]&amp#27;[39m Proxying [POST /element/2caac42e-e496-447a-a928-c8493517e9b7/click] to [POST http://127.0.0.1:8200/wd/hub/session/2237fba1-6f46-4ad3-a16c-d8c502a02b8b/element/2caac42e-e496-447a-a928-c8493517e9b7/click] with body: {"element":"2caac42e-e496-447a-a928-c8493517e9b7"}
[debug] &amp#27;[35m[WD Proxy]&amp#27;[39m Got response with status 200: {"sessionId":"2237fba1-6f46-4ad3-a16c-d8c502a02b8b","value":null}
[debug] &amp#27;[35m[W3C (4b1a498c)]&amp#27;[39m Responding to client with driver.c search Web element   new UiScrollable(new UiSelector()).scrollIntoView(text("United Kingdom"));
lick() result: null
&amp#27;[35m[HTTP]&amp#27;[39m &amp#27;[37m<-- POST /wd/hub/session/4b1a498c-3774-4cf9-a2fe-021ea34b4d5e/element/2caac42e-e496-447a-a928-c8493517e9b7/click &amp#27;[39m&amp#27;[32m200&amp#27;[39m &amp#27;[90m25 ms - 14&amp#27;[39m
&amp#27;[35m[HTTP]&amp#27;[39m &amp#27;[90m&amp#27;[39m
&amp#27;[35m[HTTP]&amp#27;[39m &amp#27;[37m-->&amp#27;[39m &amp#27;[37mPOST&amp#27;[39m &amp#27;[37m/wd/hub/session/4b1a498c-3774-4cf9-a2fe-021ea34b4d5e/element&amp#27;[39m
&amp#27;[35m[HTTP]&amp#27;[39m &amp#27;[90m{"using":"-android uiautomator","value":"new UiScrollable(new UiSelector()).scrollIntoView(text(\"United Kingdom\"));"}&amp#27;[39m
[debug] &amp#27;[35m[W3C (4b1a498c)]&amp#27;[39m Calling AppiumDriver.findElement() with args: ["-android uiautomator","new UiScrollable(new UiSelector()).scrollIntoView(text(\"United Kingdom\"));","4b1a498c-3774-4cf9-a2fe-021ea34b4d5e"]
[debug] &amp#27;[35m[BaseDriver]&amp#27;[39m Valid locator strategies for this request: xpath, id, class name, accessibility id, -android uiautomator
[debug] &amp#27;[35m[BaseDriver]&amp#27;[39m Waiting up to 30000 ms for condition
[debug] &amp#27;[35m[WD Proxy]&amp#27;[39m Matched '/element' to command name 'findElement'
[debug] &amp#27;[35m[WD Proxy]&amp#27;[39m Proxying [POST /element] to [POST http://127.0.0.1:8200/wd/hub/session/2237fba1-6f46-4ad3-a16c-d8c502a02b8b/element] with body: {"strategy":"-android uiautomator","selector":"new UiScrollable(new UiSelector()).scrollIntoView(text(\"United Kingdom\"));","context":"","multiple":false}
[debug] &amp#27;[35m[WD Proxy]&amp#27;[39m Got response with status 200: {"sessionId":"2237fba1-6f46-4ad3-a16c-d8c502a02b8b","value":{"ELEMENT":"02576308-34e7-4d02-a580-8a35436caaa5","element-6066-11e4-a52e-4f735466cecf":"02576308-34e7-4d02-a580-8a35436caaa5"}}
[debug] &amp#27;[35m[W3C (4b1a498c)]&amp#27;[39m Responding to client with driver.findElement() result: {"element-6066-11e4-a52e-4f735466cecf":"02576308-34e7-4d02-a580-8a35436caaa5","ELEMENT":"02576308-34e7-4d02-a580-8a35436caaa5"}
&amp#27;[35m[HTTP]&amp#27;[39m &amp#27;[37m<-- POST /wd/hub/session/4b1a498c-3774-4cf9-a2fe-021ea34b4d5e/element &amp#27;[39m&amp#27;[32m200&amp#27;[39m &amp#27;[90m5173 ms - 137&amp#27;[39m
&amp#27;[35m[HTTP]&amp#27;[39m &amp#27;[90m&amp#27;[39m
&amp#27;[35m[HTTP]&amp#27;[39m &amp#27;[37m-->&amp#27;[39m &amp#27;[37mPOST&amp#27;[39m &amp#27;[37m/wd/hub/session/4b1a498c-3774-4cf9-a2fe-021ea34b4d5e/touch/perform&amp#27;[39m
&amp#27;[35m[HTTP]&amp#27;[39m &amp#27;[90m{"actions":[{"action":"tap","options":{"element":"02576308-34e7-4d02-a580-8a35436caaa5"}}]}&amp#27;[39m
[debug] &amp#27;[35m[W3C (4b1a498c)]&amp#27;[39m Calling AppiumDriver.performTouch() with args: [[{"action":"tap","options":{"element":"02576308-34e7-4d02-a580-8a35436caaa5"}}],"4b1a498c-3774-4cf9-a2fe-021ea34b4d5e"]
&amp#27;[35m[UiAutomator2]&amp#27;[39m calling get location: 02576308-34e7-4d02-a580-8a35436caaa5
[debug] &amp#27;[35m[WD Proxy]&amp#27;[39m Matched '/element/02576308-34e7-4d02-a580-8a35436caaa5/location' to command name 'getLocation'
[debug] &amp#27;[35m[WD Proxy]&amp#27;[39m Proxying [GET /element/02576308-34e7-4d02-a580-8a35436caaa5/location] to [GET http://127.0.0.1:8200/wd/hub/session/2237fba1-6f46-4ad3-a16c-d8c502a02b8b/element/02576308-34e7-4d02-a580-8a35436caaa5/location] with no body
[debug] &amp#27;[35m[WD Proxy]&amp#27;[39m Got response with status 200: {"sessionId":"2237fba1-6f46-4ad3-a16c-d8c502a02b8b","value":{"x":21,"y":1609}}
[debug] &amp#27;[35m[WD Proxy]&amp#27;[39m Matched '/element/02576308-34e7-4d02-a580-8a35436caaa5/size' to command name 'getSize'
[debug] &amp#27;[35m[WD Proxy]&amp#27;[39m Proxying [GET /element/02576308-34e7-4d02-a580-8a35436caaa5/size] to [GET http://127.0.0.1:8200/wd/hub/session/2237fba1-6f46-4ad3-a16c-d8c502a02b8b/element/02576308-34e7-4d02-a580-8a35436caaa5/size] with no body
[debug] &amp#27;[35m[WD Proxy]&amp#27;[39m Got response with status 200: {"sessionId":"2237fba1-6f46-4ad3-a16c-d8c502a02b8b","value":{"height":101,"width":828}}
[debug] &amp#27;[35m[WD Proxy]&amp#27;[39m Proxying [POST /appium/tap] to [POST http://127.0.0.1:8200/wd/hub/session/2237fba1-6f46-4ad3-a16c-d8c502a02b8b/appium/tap] with body: {"x":435,"y":1659.5,"undefined":null}
[debug] &amp#27;[35m[WD Proxy]&amp#27;[39m Got response with status 200: {"sessionId":"2237fba1-6f46-4ad3-a16c-d8c502a02b8b","value":null}
[debug] &amp#27;[35m[W3C (4b1a498c)]&amp#27;[39m Responding to client with driver.performTouch() result: null
&amp#27;[35m[HTTP]&amp#27;[39m &amp#27;[37m<-- POST /wd/hub/session/4b1a498c-3774-4cf9-a2fe-021ea34b4d5e/touch/perform &amp#27;[39m&amp#27;[32m200&amp#27;[39m &amp#27;[90m919 ms - 14&amp#27;[39m
&amp#27;[35m[HTTP]&amp#27;[39m &amp#27;[90m&amp#27;[39m
&amp#27;[35m[HTTP]&amp#27;[39m &amp#27;[37m-->&amp#27;[39m &amp#27;[37mPOST&amp#27;[39m &amp#27;[37m/wd/hub/session/4b1a498c-3774-4cf9-a2fe-021ea34b4d5e/touch/perform&amp#27;[39m
&amp#27;[35m[HTTP]&amp#27;[39m &amp#27;[90m{"actions":[]}&amp#27;[39m
[debug] &amp#27;[35m[W3C (4b1a498c)]&amp#27;[39m Calling AppiumDriver.performTouch() with args: [[],"4b1a498c-3774-4cf9-a2fe-021ea34b4d5e"]
[debug] &amp#27;[35m[W3C (4b1a498c)]&amp#27;[39m Responding to client with driver.performTouch() result: null
&amp#27;[35m[HTTP]&amp#27;[39m &amp#27;[37m<-- POST /wd/hub/session/4b1a498c-3774-4cf9-a2fe-021ea34b4d5e/touch/perform &amp#27;[39m&amp#27;[32m200&amp#27;[39m &amp#27;[90m2 ms - 14&amp#27;[39m
&amp#27;[35m[HTTP]&amp#27;[39m &amp#27;[90m&amp#27;[39m
&amp#27;[35m[HTTP]&amp#27;[39m &amp#27;[37m-->&amp#27;[39m &amp#27;[37mGET&amp#27;[39m &amp#27;[37m/wd/hub/session/4b1a498c-3774-4cf9-a2fe-021ea34b4d5e/context&amp#27;[39m
&amp#27;[35m[HTTP]&amp#27;[39m &amp#27;[90m{}&amp#27;[39m
[debug] &amp#27;[35m[W3C (4b1a498c)]&amp#27;[39m Calling AppiumDriver.getCurrentContext() with args: ["4b1a498c-3774-4cf9-a2fe-021ea34b4d5e"]
[debug] &amp#27;[35m[W3C (4b1a498c)]&amp#27;[39m Responding to client with driver.getCurrentContext() result: "NATIVE_APP"
&amp#27;[35m[HTTP]&amp#27;[39m &amp#27;[37m<-- GET /wd/hub/session/4b1a498c-3774-4cf9-a2fe-021ea34b4d5e/context &amp#27;[39m&amp#27;[32m200&amp#27;[39m &amp#27;[90m2 ms - 22&amp#27;[39m
&amp#27;[35m[HTTP]&amp#27;[39m &amp#27;[90m&amp#27;[39m
&amp#27;[35m[HTTP]&amp#27;[39m &amp#27;[37m-->&amp#27;[39m &amp#27;[37mPOST&amp#27;[39m &amp#27;[37m/wd/hub/session/4b1a498c-3774-4cf9-a2fe-021ea34b4d5e/element&amp#27;[39m
&amp#27;[35m[HTTP]&amp#27;[39m &amp#27;[90m{"using":"-android uiautomator","value":"text(\"Next\")"}&amp#27;[39m
[debug] &amp#27;[35m[W3C (4b1a498c)]&amp#27;[39m Calling AppiumDriver.findElement() with args: ["-android uiautomator","text(\"Next\")","4b1a498c-3774-4cf9-a2fe-021ea34b4d5e"]
[debug] &amp#27;[35m[BaseDriver]&amp#27;[39m Valid locator strategies for this request: xpath, id, class name, accessibility id, -android uiautomator
[debug] &amp#27;[35m[BaseDriver]&amp#27;[39m Waiting up to 30000 ms for condition
[debug] &amp#27;[35m[WD Proxy]&amp#27;[39m Matched '/element' to command name 'findElement'
[debug] &amp#27;[35m[WD Proxy]&amp#27;[39m Proxying [POST /element] to [POST http://127.0.0.1:8200/wd/hub/session/2237fba1-6f46-4ad3-a16c-d8c502a02b8b/element] with body: {"strategy":"-android uiautomator","selector":"text(\"Next\")","context":"","multiple":false}
[debug] &amp#27;[35m[WD Proxy]&amp#27;[39m Got response with status 200: {"sessionId":"2237fba1-6f46-4ad3-a16c-d8c502a02b8b","value":{"ELEMENT":"73a2d6e1-daf5-48f1-a18c-275330ae61d2","element-6066-11e4-a52e-4f735466cecf":"73a2d6e1-daf5-48f1-a18c-275330ae61d2"}}
[debug] &amp#27;[35m[W3C (4b1a498c)]&amp#27;[39m Responding to client with driver.findElement() result: {"element-6066-11e4-a52e-4f735466cecf":"73a2d6e1-daf5-48f1-a18c-275330ae61d2","ELEMENT":"73a2d6e1-daf5-48f1-a18c-275330ae61d2"}
&amp#27;[35m[HTTP]&amp#27;[39m &amp#27;[37m<-- POST /wd/hub/session/4b1a498c-3774-4cf9-a2fe-021ea34b4d5e/element &amp#27;[39m&amp#27;[32m200&amp#27;[39m &amp#27;[90m37 ms - 137&amp#27;[39m
&amp#27;[35m[HTTP]&amp#27;[39m &amp#27;[90m&amp#27;[39m
&amp#27;[35m[HTTP]&amp#27;[39m &amp#27;[37m-->&amp#27;[39m &amp#27;[37mPOST&amp#27;[39m &amp#27;[37m/wd/hub/session/4b1a498c-3774-4cf9-a2fe-021ea34b4d5e/element/73a2d6e1-daf5-48f1-a18c-275330ae61d2/click&amp#27;[39m
&amp#27;[35m[HTTP]&amp#27;[39m &amp#27;[90m{"id":"73a2d6e1-daf5-48f1-a18c-275330ae61d2"}&amp#27;[39m
[debug] &amp#27;[35m[W3C (4b1a498c)]&amp#27;[39m Calling AppiumDriver.click() with args: ["73a2d6e1-daf5-48f1-a18c-275330ae61d2","4b1a498c-3774-4cf9-a2fe-021ea34b4d5e"]
[debug] &amp#27;[35m[WD Proxy]&amp#27;[39m Matched '/element/73a2d6e1-daf5-48f1-a18c-275330ae61d2/click' to command name 'click'
[debug] &amp#27;[35m[WD Proxy]&amp#27;[39m Proxying [POST /element/73a2d6e1-daf5-48f1-a18c-275330ae61d2/click] to [POST http://127.0.0.1:8200/wd/hub/session/2237fba1-6f46-4ad3-a16c-d8c502a02b8b/element/73a2d6e1-daf5-48f1-a18c-275330ae61d2/click] with body: {"element":"73a2d6e1-daf5-48f1-a18c-275330ae61d2"}
[debug] &amp#27;[35m[WD Proxy]&amp#27;[39m Got response with status 200: {"sessionId":"2237fba1-6f46-4ad3-a16c-d8c502a02b8b","value":null}
[debug] &amp#27;[35m[W3C (4b1a498c)]&amp#27;[39m Responding to client with driver.click() result: null
&amp#27;[35m[HTTP]&amp#27;[39m &amp#27;[37m<-- POST /wd/hub/session/4b1a498c-3774-4cf9-a2fe-021ea34b4d5e/element/73a2d6e1-daf5-48f1-a18c-275330ae61d2/click &amp#27;[39m&amp#27;[32m200&amp#27;[39m &amp#27;[90m3177 ms - 14&amp#27;[39m
&amp#27;[35m[HTTP]&amp#27;[39m &amp#27;[90m&amp#27;[39m
&amp#27;[35m[HTTP]&amp#27;[39m &amp#27;[37m-->&amp#27;[39m &amp#27;[37mGET&amp#27;[39m &amp#27;[37m/wd/hub/session/4b1a498c-3774-4cf9-a2fe-021ea34b4d5e/alert/text&amp#27;[39m
&amp#27;[35m[HTTP]&amp#27;[39m &amp#27;[90m{}&amp#27;[39m
[debug] &amp#27;[35m[W3C (4b1a498c)]&amp#27;[39m Calling AppiumDriver.getAlertText() with args: ["4b1a498c-3774-4cf9-a2fe-021ea34b4d5e"]
[debug] &amp#27;[35m[WD Proxy]&amp#27;[39m Matched '/alert/text' to command name 'getAlertText'
[debug] &amp#27;[35m[WD Proxy]&amp#27;[39m Proxying [GET /alert/text] to [GET http://127.0.0.1:8200/wd/hub/session/2237fba1-6f46-4ad3-a16c-d8c502a02b8b/alert/text] with no body
[debug] &amp#27;[35m[WD Proxy]&amp#27;[39m Got response with status 200: {"sessionId":"2237fba1-6f46-4ad3-a16c-d8c502a02b8b","value":"Empty location tier 2\nPlease select a location details tier 2"}
[debug] &amp#27;[35m[W3C (4b1a498c)]&amp#27;[39m Responding to client with driver.getAlertText() result: "Empty location tier 2\nPlease select a location details tier 2"
&amp#27;[35m[HTTP]&amp#27;[39m &amp#27;[37m<-- GET /wd/hub/session/4b1a498c-3774-4cf9-a2fe-021ea34b4d5e/alert/text &amp#27;[39m&amp#27;[32m200&amp#27;[39m &amp#27;[90m58 ms - 74&amp#27;[39m
&amp#27;[35m[HTTP]&amp#27;[39m &amp#27;[90m&amp#27;[39m
&amp#27;[35m[HTTP]&amp#27;[39m &amp#27;[37m-->&amp#27;[39m &amp#27;[37mGET&amp#27;[39m &amp#27;[37m/wd/hub/session/4b1a498c-3774-4cf9-a2fe-021ea34b4d5e/alert/text&amp#27;[39m
&amp#27;[35m[HTTP]&amp#27;[39m &amp#27;[90m{}&amp#27;[39m
[debug] &amp#27;[35m[W3C (4b1a498c)]&amp#27;[39m Calling AppiumDriver.getAlertText() with args: ["4b1a498c-3774-4cf9-a2fe-021ea34b4d5e"]
[debug] &amp#27;[35m[WD Proxy]&amp#27;[39m Matched '/alert/text' to command name 'getAlertText'
[debug] &amp#27;[35m[WD Proxy]&amp#27;[39m Proxying [GET /alert/text] to [GET http://127.0.0.1:8200/wd/hub/session/2237fba1-6f46-4ad3-a16c-d8c502a02b8b/alert/text] with no body
[debug] &amp#27;[35m[WD Proxy]&amp#27;[39m Got response with status 200: {"sessionId":"2237fba1-6f46-4ad3-a16c-d8c502a02b8b","value":"Empty location tier 2\nPlease select a location details tier 2"}
[debug] &amp#27;[35m[W3C (4b1a498c)]&amp#27;[39m Responding to client with driver.getAlertText() result: "Empty location tier 2\nPlease select a location details tier 2"
&amp#27;[35m[HTTP]&amp#27;[39m &amp#27;[37m<-- GET /wd/hub/session/4b1a498c-3774-4cf9-a2fe-021ea34b4d5e/alert/text &amp#27;[39m&amp#27;[32m200&amp#27;[39m &amp#27;[90m53 ms - 74&amp#27;[39m
&amp#27;[35m[HTTP]&amp#27;[39m &amp#27;[90m&amp#27;[39m
&amp#27;[35m[HTTP]&amp#27;[39m &amp#27;[37m-->&amp#27;[39m &amp#27;[37mGET&amp#27;[39m &amp#27;[37m/wd/hub/session/4b1a498c-3774-4cf9-a2fe-021ea34b4d5e/context&amp#27;[39m
&amp#27;[35m[HTTP]&amp#27;[39m &amp#27;[90m{}&amp#27;[39m
[debug] &amp#27;[35m[W3C (4b1a498c)]&amp#27;[39m Calling AppiumDriver.getCurrentContext() with args: ["4b1a498c-3774-4cf9-a2fe-021ea34b4d5e"]
[debug] &amp#27;[35m[W3C (4b1a498c)]&amp#27;[39m Responding to client with driver.getCurrentContext() result: "NATIVE_APP"
&amp#27;[35m[HTTP]&amp#27;[39m &amp#27;[37m<-- GET /wd/hub/session/4b1a498c-3774-4cf9-a2fe-021ea34b4d5e/context &amp#27;[39m&amp#27;[32m200&amp#27;[39m &amp#27;[90m1 ms - 22&amp#27;[39m
&amp#27;[35m[HTTP]&amp#27;[39m &amp#27;[90m&amp#27;[39m
&amp#27;[35m[HTTP]&amp#27;[39m &amp#27;[37m-->&amp#27;[39m &amp#27;[37mPOST&amp#27;[39m &amp#27;[37m/wd/hub/session/4b1a498c-3774-4cf9-a2fe-021ea34b4d5e/element&amp#27;[39m
&amp#27;[35m[HTTP]&amp#27;[39m &amp#27;[90m{"using":"-android uiautomator","value":"text(\"Empty location tier 2\")"}&amp#27;[39m
[debug] &amp#27;[35m[W3C (4b1a498c)]&amp#27;[39m Calling AppiumDriver.findElement() with args: ["-android uiautomator","text(\"Empty location tier 2\")","4b1a498c-3774-4cf9-a2fe-021ea34b4d5e"]
[debug] &amp#27;[35m[BaseDriver]&amp#27;[39m Valid locator strategies for this request: xpath, id, class name, accessibility id, -android uiautomator
[debug] &amp#27;[35m[BaseDriver]&amp#27;[39m Waiting up to 30000 ms for condition
[debug] &amp#27;[35m[WD Proxy]&amp#27;[39m Matched '/element' to command name 'findElement'
[debug] &amp#27;[35m[WD Proxy]&amp#27;[39m Proxying [POST /element] to [POST http://127.0.0.1:8200/wd/hub/session/2237fba1-6f46-4ad3-a16c-d8c502a02b8b/element] with body: {"strategy":"-android uiautomator","selector":"text(\"Empty location tier 2\")","context":"","multiple":false}
[debug] &amp#27;[35m[WD Proxy]&amp#27;[39m Got response with status 200: {"sessionId":"2237fba1-6f46-4ad3-a16c-d8c502a02b8b","value":{"ELEMENT":"972d73aa-392c-4a93-b69e-10a34ad85a76","element-6066-11e4-a52e-4f735466cecf":"972d73aa-392c-4a93-b69e-10a34ad85a76"}}
[debug] &amp#27;[35m[W3C (4b1a498c)]&amp#27;[39m Responding to client with driver.findElement() result: {"element-6066-11e4-a52e-4f735466cecf":"972d73aa-392c-4a93-b69e-10a34ad85a76","ELEMENT":"972d73aa-392c-4a93-b69e-10a34ad85a76"}
&amp#27;[35m[HTTP]&amp#27;[39m &amp#27;[37m<-- POST /wd/hub/session/4b1a498c-3774-4cf9-a2fe-021ea34b4d5e/element &amp#27;[39m&amp#27;[32m200&amp#27;[39m &amp#27;[90m15 ms - 137&amp#27;[39m
&amp#27;[35m[HTTP]&amp#27;[39m &amp#27;[90m&amp#27;[39m
&amp#27;[35m[HTTP]&amp#27;[39m &amp#27;[37m-->&amp#27;[39m &amp#27;[37mGET&amp#27;[39m &amp#27;[37m/wd/hub/session/4b1a498c-3774-4cf9-a2fe-021ea34b4d5e/element/972d73aa-392c-4a93-b69e-10a34ad85a76/text&amp#27;[39m
&amp#27;[35m[HTTP]&amp#27;[39m &amp#27;[90m{}&amp#27;[39m
&amp#27;[35m[W3C (4b1a498c)]&amp#27;[39m Driver proxy active, passing request on via HTTP proxy
[debug] &amp#27;[35m[WD Proxy]&amp#27;[39m Matched '/wd/hub/session/4b1a498c-3774-4cf9-a2fe-021ea34b4d5e/element/972d73aa-392c-4a93-b69e-10a34ad85a76/text' to command name 'getText'
[debug] &amp#27;[35m[WD Proxy]&amp#27;[39m Proxying [GET /wd/hub/session/4b1a498c-3774-4cf9-a2fe-021ea34b4d5e/element/972d73aa-392c-4a93-b69e-10a34ad85a76/text] to [GET http://127.0.0.1:8200/wd/hub/session/2237fba1-6f46-4ad3-a16c-d8c502a02b8b/element/972d73aa-392c-4a93-b69e-10a34ad85a76/text] with no body
[debug] &amp#27;[35m[WD Proxy]&amp#27;[39m Got response with status 200: {"sessionId":"2237fba1-6f46-4ad3-a16c-d8c502a02b8b","value":"Empty location tier 2"}
&amp#27;[35m[WD Proxy]&amp#27;[39m Replacing sessionId 2237fba1-6f46-4ad3-a16c-d8c502a02b8b with 4b1a498c-3774-4cf9-a2fe-021ea34b4d5e
&amp#27;[35m[HTTP]&amp#27;[39m &amp#27;[37m<-- GET /wd/hub/session/4b1a498c-3774-4cf9-a2fe-021ea34b4d5e/element/972d73aa-392c-4a93-b69e-10a34ad85a76/text &amp#27;[39m&amp#27;[32m200&amp#27;[39m &amp#27;[90m19 ms - 84&amp#27;[39m
&amp#27;[35m[HTTP]&amp#27;[39m &amp#27;[90m&amp#27;[39m
&amp#27;[35m[HTTP]&amp#27;[39m &amp#27;[37m-->&amp#27;[39m &amp#27;[37mPOST&amp#27;[39m &amp#27;[37m/wd/hub/session/4b1a498c-3774-4cf9-a2fe-021ea34b4d5e/alert/accept&amp#27;[39m
&amp#27;[35m[HTTP]&amp#27;[39m &amp#27;[90m{}&amp#27;[39m
[debug] &amp#27;[35m[W3C (4b1a498c)]&amp#27;[39m Calling AppiumDriver.postAcceptAlert() with args: ["4b1a498c-3774-4cf9-a2fe-021ea34b4d5e"]
[debug] &amp#27;[35m[WD Proxy]&amp#27;[39m Matched '/alert/accept' to command name 'postAcceptAlert'
[debug] &amp#27;[35m[WD Proxy]&amp#27;[39m Proxying [POST /alert/accept] to [POST http://127.0.0.1:8200/wd/hub/session/2237fba1-6f46-4ad3-a16c-d8c502a02b8b/alert/accept] with body: {}
[debug] &amp#27;[35m[WD Proxy]&amp#27;[39m Got response with status 200: {"sessionId":"2237fba1-6f46-4ad3-a16c-d8c502a02b8b","value":null}
[debug] &amp#27;[35m[W3C (4b1a498c)]&amp#27;[39m Responding to client with driver.postAcceptAlert() result: null
&amp#27;[35m[HTTP]&amp#27;[39m &amp#27;[37m<-- POST /wd/hub/session/4b1a498c-3774-4cf9-a2fe-021ea34b4d5e/alert/accept &amp#27;[39m&amp#27;[32m200&amp#27;[39m &amp#27;[90m45 ms - 14&amp#27;[39m
&amp#27;[35m[HTTP]&amp#27;[39m &amp#27;[90m&amp#27;[39m
&amp#27;[35m[HTTP]&amp#27;[39m &amp#27;[37m-->&amp#27;[39m &amp#27;[37mGET&amp#27;[39m &amp#27;[37m/wd/hub/session/4b1a498c-3774-4cf9-a2fe-021ea34b4d5e/context&amp#27;[39m
&amp#27;[35m[HTTP]&amp#27;[39m &amp#27;[90m{}&amp#27;[39m
[debug] &amp#27;[35m[W3C (4b1a498c)]&amp#27;[39m Calling AppiumDriver.getCurrentContext() with args: ["4b1a498c-3774-4cf9-a2fe-021ea34b4d5e"]
[debug] &amp#27;[35m[W3C (4b1a498c)]&amp#27;[39m Responding to client with driver.getCurrentContext() result: "NATIVE_APP"
&amp#27;[35m[HTTP]&amp#27;[39m &amp#27;[37m<-- GET /wd/hub/session/4b1a498c-3774-4cf9-a2fe-021ea34b4d5e/context &amp#27;[39m&amp#27;[32m200&amp#27;[39m &amp#27;[90m1 ms - 22&amp#27;[39m
&amp#27;[35m[HTTP]&amp#27;[39m &amp#27;[90m&amp#27;[39m
&amp#27;[35m[HTTP]&amp#27;[39m &amp#27;[37m-->&amp#27;[39m &amp#27;[37mPOST&amp#27;[39m &amp#27;[37m/wd/hub/session/4b1a498c-3774-4cf9-a2fe-021ea34b4d5e/element&amp#27;[39m
&amp#27;[35m[HTTP]&amp#27;[39m &amp#27;[90m{"using":"id","value":"com.colt.coltengineering:id/spin_loc_details_2"}&amp#27;[39m
[debug] &amp#27;[35m[W3C (4b1a498c)]&amp#27;[39m Calling AppiumDriver.findElement() with args: ["id","com.colt.coltengineering:id/spin_loc_details_2","4b1a498c-3774-4cf9-a2fe-021ea34b4d5e"]
[debug] &amp#27;[35m[BaseDriver]&amp#27;[39m Valid locator strategies for this request: xpath, id, class name, accessibility id, -android uiautomator
[debug] &amp#27;[35m[BaseDriver]&amp#27;[39m Waiting up to 30000 ms for condition
[debug] &amp#27;[35m[WD Proxy]&amp#27;[39m Matched '/element' to command name 'findElement'
[debug] &amp#27;[35m[WD Proxy]&amp#27;[39m Proxying [POST /element] to [POST http://127.0.0.1:8200/wd/hub/session/2237fba1-6f46-4ad3-a16c-d8c502a02b8b/element] with body: {"strategy":"id","selector":"com.colt.coltengineering:id/spin_loc_details_2","context":"","multiple":false}
[debug] &amp#27;[35m[WD Proxy]&amp#27;[39m Got response with status 200: {"sessionId":"2237fba1-6f46-4ad3-a16c-d8c502a02b8b","value":{"ELEMENT":"0c046dad-a291-42ef-838c-449e31512287","element-6066-11e4-a52e-4f735466cecf":"0c046dad-a291-42ef-838c-449e31512287"}}
[debug] &amp#27;[35m[W3C (4b1a498c)]&amp#27;[39m Responding to client with driver.findElement() result: {"element-6066-11e4-a52e-4f735466cecf":"0c046dad-a291-42ef-838c-449e31512287","ELEMENT":"0c046dad-a291-42ef-838c-449e31512287"}
&amp#27;[35m[HTTP]&amp#27;[39m &amp#27;[37m<-- POST /wd/hub/session/4b1a498c-3774-4cf9-a2fe-021ea34b4d5e/element &amp#27;[39m&amp#27;[32m200&amp#27;[39m &amp#27;[90m549 ms - 137&amp#27;[39m
&amp#27;[35m[HTTP]&amp#27;[39m &amp#27;[90m&amp#27;[39m
&amp#27;[35m[HTTP]&amp#27;[39m &amp#27;[37m-->&amp#27;[39m &amp#27;[37mPOST&amp#27;[39m &amp#27;[37m/wd/hub/session/4b1a498c-3774-4cf9-a2fe-021ea34b4d5e/element/0c046dad-a291-42ef-838c-449e31512287/click&amp#27;[39m
&amp#27;[35m[HTTP]&amp#27;[39m &amp#27;[90m{"id":"0c046dad-a291-42ef-838c-449e31512287"}&amp#27;[39m
[debug] &amp#27;[35m[W3C (4b1a498c)]&amp#27;[39m Calling AppiumDriver.click() with args: ["0c046dad-a291-42ef-838c-449e31512287","4b1a498c-3774-4cf9-a2fe-021ea34b4d5e"]
[debug] &amp#27;[35m[WD Proxy]&amp#27;[39m Matched '/element/0c046dad-a291-42ef-838c-449e31512287/click' to command name 'click'
[debug] &amp#27;[35m[WD Proxy]&amp#27;[39m Proxying [POST /element/0c046dad-a291-42ef-838c-449e31512287/click] to [POST http://127.0.0.1:8200/wd/hub/session/2237fba1-6f46-4ad3-a16c-d8c502a02b8b/element/0c046dad-a291-42ef-838c-449e31512287/click] with body: {"element":"0c046dad-a291-42ef-838c-449e31512287"}
[debug] &amp#27;[35m[WD Proxy]&amp#27;[39m Got response with status 200: {"sessionId":"2237fba1-6f46-4ad3-a16c-d8c502a02b8b","value":null}
[debug] &amp#27;[35m[W3C (4b1a498c)]&amp#27;[39m Responding to client with driver.click() result: null
 search Web element   new UiScrollable(new UiSelector()).scrollIntoView(text("Birmingham"));
&amp#27;[35m[HTTP]&amp#27;[39m &amp#27;[37m<-- POST /wd/hub/session/4b1a498c-3774-4cf9-a2fe-021ea34b4d5e/element/0c046dad-a291-42ef-838c-449e31512287/click &amp#27;[39m&amp#27;[32m200&amp#27;[39m &amp#27;[90m20 ms - 14&amp#27;[39m
&amp#27;[35m[HTTP]&amp#27;[39m &amp#27;[90m&amp#27;[39m
&amp#27;[35m[HTTP]&amp#27;[39m &amp#27;[37m-->&amp#27;[39m &amp#27;[37mPOST&amp#27;[39m &amp#27;[37m/wd/hub/session/4b1a498c-3774-4cf9-a2fe-021ea34b4d5e/element&amp#27;[39m
&amp#27;[35m[HTTP]&amp#27;[39m &amp#27;[90m{"using":"-android uiautomator","value":"new UiScrollable(new UiSelector()).scrollIntoView(text(\"Birmingham\"));"}&amp#27;[39m
[debug] &amp#27;[35m[W3C (4b1a498c)]&amp#27;[39m Calling AppiumDriver.findElement() with args: ["-android uiautomator","new UiScrollable(new UiSelector()).scrollIntoView(text(\"Birmingham\"));","4b1a498c-3774-4cf9-a2fe-021ea34b4d5e"]
[debug] &amp#27;[35m[BaseDriver]&amp#27;[39m Valid locator strategies for this request: xpath, id, class name, accessibility id, -android uiautomator
[debug] &amp#27;[35m[BaseDriver]&amp#27;[39m Waiting up to 30000 ms for condition
[debug] &amp#27;[35m[WD Proxy]&amp#27;[39m Matched '/element' to command name 'findElement'
[debug] &amp#27;[35m[WD Proxy]&amp#27;[39m Proxying [POST /element] to [POST http://127.0.0.1:8200/wd/hub/session/2237fba1-6f46-4ad3-a16c-d8c502a02b8b/element] with body: {"strategy":"-android uiautomator","selector":"new UiScrollable(new UiSelector()).scrollIntoView(text(\"Birmingham\"));","context":"","multiple":false}
[debug] &amp#27;[35m[WD Proxy]&amp#27;[39m Got response with status 200: {"sessionId":"2237fba1-6f46-4ad3-a16c-d8c502a02b8b","value":{"ELEMENT":"e9ec1273-7fb9-487e-821c-51302ed2223e","element-6066-11e4-a52e-4f735466cecf":"e9ec1273-7fb9-487e-821c-51302ed2223e"}}
[debug] &amp#27;[35m[W3C (4b1a498c)]&amp#27;[39m Responding to client with driver.findElement() result: {"element-6066-11e4-a52e-4f735466cecf":"e9ec1273-7fb9-487e-821c-51302ed2223e","ELEMENT":"e9ec1273-7fb9-487e-821c-51302ed2223e"}
&amp#27;[35m[HTTP]&amp#27;[39m &amp#27;[37m<-- POST /wd/hub/session/4b1a498c-3774-4cf9-a2fe-021ea34b4d5e/element &amp#27;[39m&amp#27;[32m200&amp#27;[39m &amp#27;[90m991 ms - 137&amp#27;[39m
&amp#27;[35m[HTTP]&amp#27;[39m &amp#27;[90m&amp#27;[39m
&amp#27;[35m[HTTP]&amp#27;[39m &amp#27;[37m-->&amp#27;[39m &amp#27;[37mPOST&amp#27;[39m &amp#27;[37m/wd/hub/session/4b1a498c-3774-4cf9-a2fe-021ea34b4d5e/touch/perform&amp#27;[39m
&amp#27;[35m[HTTP]&amp#27;[39m &amp#27;[90m{"actions":[{"action":"tap","options":{"element":"e9ec1273-7fb9-487e-821c-51302ed2223e"}}]}&amp#27;[39m
[debug] &amp#27;[35m[W3C (4b1a498c)]&amp#27;[39m Calling AppiumDriver.performTouch() with args: [[{"action":"tap","options":{"element":"e9ec1273-7fb9-487e-821c-51302ed2223e"}}],"4b1a498c-3774-4cf9-a2fe-021ea34b4d5e"]
&amp#27;[35m[UiAutomator2]&amp#27;[39m calling get location: e9ec1273-7fb9-487e-821c-51302ed2223e
[debug] &amp#27;[35m[WD Proxy]&amp#27;[39m Matched '/element/e9ec1273-7fb9-487e-821c-51302ed2223e/location' to command name 'getLocation'
[debug] &amp#27;[35m[WD Proxy]&amp#27;[39m Proxying [GET /element/e9ec1273-7fb9-487e-821c-51302ed2223e/location] to [GET http://127.0.0.1:8200/wd/hub/session/2237fba1-6f46-4ad3-a16c-d8c502a02b8b/element/e9ec1273-7fb9-487e-821c-51302ed2223e/location] with no body
[debug] &amp#27;[35m[WD Proxy]&amp#27;[39m Got response with status 200: {"sessionId":"2237fba1-6f46-4ad3-a16c-d8c502a02b8b","value":{"x":21,"y":801}}
[debug] &amp#27;[35m[WD Proxy]&amp#27;[39m Matched '/element/e9ec1273-7fb9-487e-821c-51302ed2223e/size' to command name 'getSize'
[debug] &amp#27;[35m[WD Proxy]&amp#27;[39m Proxying [GET /element/e9ec1273-7fb9-487e-821c-51302ed2223e/size] to [GET http://127.0.0.1:8200/wd/hub/session/2237fba1-6f46-4ad3-a16c-d8c502a02b8b/element/e9ec1273-7fb9-487e-821c-51302ed2223e/size] with no body
[debug] &amp#27;[35m[WD Proxy]&amp#27;[39m Got response with status 200: {"sessionId":"2237fba1-6f46-4ad3-a16c-d8c502a02b8b","value":{"height":115,"width":828}}
[debug] &amp#27;[35m[WD Proxy]&amp#27;[39m Proxying [POST /appium/tap] to [POST http://127.0.0.1:8200/wd/hub/session/2237fba1-6f46-4ad3-a16c-d8c502a02b8b/appium/tap] with body: {"x":435,"y":858.5,"undefined":null}
[debug] &amp#27;[35m[WD Proxy]&amp#27;[39m Got response with status 200: {"sessionId":"2237fba1-6f46-4ad3-a16c-d8c502a02b8b","value":null}
[debug] &amp#27;[35m[W3C (4b1a498c)]&amp#27;[39m Responding to client with driver.performTouch() result: null
&amp#27;[35m[HTTP]&amp#27;[39m &amp#27;[37m<-- POST /wd/hub/session/4b1a498c-3774-4cf9-a2fe-021ea34b4d5e/touch/perform &amp#27;[39m&amp#27;[32m200&amp#27;[39m &amp#27;[90m748 ms - 14&amp#27;[39m
&amp#27;[35m[HTTP]&amp#27;[39m &amp#27;[90m&amp#27;[39m
&amp#27;[35m[HTTP]&amp#27;[39m &amp#27;[37m-->&amp#27;[39m &amp#27;[37mPOST&amp#27;[39m &amp#27;[37m/wd/hub/session/4b1a498c-3774-4cf9-a2fe-021ea34b4d5e/touch/perform&amp#27;[39m
&amp#27;[35m[HTTP]&amp#27;[39m &amp#27;[90m{"actions":[]}&amp#27;[39m
[debug] &amp#27;[35m[W3C (4b1a498c)]&amp#27;[39m Calling AppiumDriver.performTouch() with args: [[],"4b1a498c-3774-4cf9-a2fe-021ea34b4d5e"]
[debug] &amp#27;[35m[W3C (4b1a498c)]&amp#27;[39m Responding to client with driver.performTouch() result: null
&amp#27;[35m[HTTP]&amp#27;[39m &amp#27;[37m<-- POST /wd/hub/session/4b1a498c-3774-4cf9-a2fe-021ea34b4d5e/touch/perform &amp#27;[39m&amp#27;[32m200&amp#27;[39m &amp#27;[90m2 ms - 14&amp#27;[39m
&amp#27;[35m[HTTP]&amp#27;[39m &amp#27;[90m&amp#27;[39m
&amp#27;[35m[HTTP]&amp#27;[39m &amp#27;[37m-->&amp#27;[39m &amp#27;[37mGET&amp#27;[39m &amp#27;[37m/wd/hub/session/4b1a498c-3774-4cf9-a2fe-021ea34b4d5e/context&amp#27;[39m
&amp#27;[35m[HTTP]&amp#27;[39m &amp#27;[90m{}&amp#27;[39m
[debug] &amp#27;[35m[W3C (4b1a498c)]&amp#27;[39m Calling AppiumDriver.getCurrentContext() with args: ["4b1a498c-3774-4cf9-a2fe-021ea34b4d5e"]
[debug] &amp#27;[35m[W3C (4b1a498c)]&amp#27;[39m Responding to client with driver.getCurrentContext() result: "NATIVE_APP"
&amp#27;[35m[HTTP]&amp#27;[39m &amp#27;[37m<-- GET /wd/hub/session/4b1a498c-3774-4cf9-a2fe-021ea34b4d5e/context &amp#27;[39m&amp#27;[32m200&amp#27;[39m &amp#27;[90m2 ms - 22&amp#27;[39m
&amp#27;[35m[HTTP]&amp#27;[39m &amp#27;[90m&amp#27;[39m
&amp#27;[35m[HTTP]&amp#27;[39m &amp#27;[37m-->&amp#27;[39m &amp#27;[37mPOST&amp#27;[39m &amp#27;[37m/wd/hub/session/4b1a498c-3774-4cf9-a2fe-021ea34b4d5e/element&amp#27;[39m
&amp#27;[35m[HTTP]&amp#27;[39m &amp#27;[90m{"using":"-android uiautomator","value":"text(\"Next\")"}&amp#27;[39m
[debug] &amp#27;[35m[W3C (4b1a498c)]&amp#27;[39m Calling AppiumDriver.findElement() with args: ["-android uiautomator","text(\"Next\")","4b1a498c-3774-4cf9-a2fe-021ea34b4d5e"]
[debug] &amp#27;[35m[BaseDriver]&amp#27;[39m Valid locator strategies for this request: xpath, id, class name, accessibility id, -android uiautomator
[debug] &amp#27;[35m[BaseDriver]&amp#27;[39m Waiting up to 30000 ms for condition
[debug] &amp#27;[35m[WD Proxy]&amp#27;[39m Matched '/element' to command name 'findElement'
[debug] &amp#27;[35m[WD Proxy]&amp#27;[39m Proxying [POST /element] to [POST http://127.0.0.1:8200/wd/hub/session/2237fba1-6f46-4ad3-a16c-d8c502a02b8b/element] with body: {"strategy":"-android uiautomator","selector":"text(\"Next\")","context":"","multiple":false}
[debug] &amp#27;[35m[WD Proxy]&amp#27;[39m Got response with status 200: {"sessionId":"2237fba1-6f46-4ad3-a16c-d8c502a02b8b","value":{"ELEMENT":"53e7ca1f-5c33-4441-992b-e81cd67ef78a","element-6066-11e4-a52e-4f735466cecf":"53e7ca1f-5c33-4441-992b-e81cd67ef78a"}}
[debug] &amp#27;[35m[W3C (4b1a498c)]&amp#27;[39m Responding to client with driver.findElement() result: {"element-6066-11e4-a52e-4f735466cecf":"53e7ca1f-5c33-4441-992b-e81cd67ef78a","ELEMENT":"53e7ca1f-5c33-4441-992b-e81cd67ef78a"}
&amp#27;[35m[HTTP]&amp#27;[39m &amp#27;[37m<-- POST /wd/hub/session/4b1a498c-3774-4cf9-a2fe-021ea34b4d5e/element &amp#27;[39m&amp#27;[32m200&amp#27;[39m &amp#27;[90m36 ms - 137&amp#27;[39m
&amp#27;[35m[HTTP]&amp#27;[39m &amp#27;[90m&amp#27;[39m
&amp#27;[35m[HTTP]&amp#27;[39m &amp#27;[37m-->&amp#27;[39m &amp#27;[37mPOST&amp#27;[39m &amp#27;[37m/wd/hub/session/4b1a498c-3774-4cf9-a2fe-021ea34b4d5e/element/53e7ca1f-5c33-4441-992b-e81cd67ef78a/click&amp#27;[39m
&amp#27;[35m[HTTP]&amp#27;[39m &amp#27;[90m{"id":"53e7ca1f-5c33-4441-992b-e81cd67ef78a"}&amp#27;[39m
[debug] &amp#27;[35m[W3C (4b1a498c)]&amp#27;[39m Calling AppiumDriver.click() with args: ["53e7ca1f-5c33-4441-992b-e81cd67ef78a","4b1a498c-3774-4cf9-a2fe-021ea34b4d5e"]
[debug] &amp#27;[35m[WD Proxy]&amp#27;[39m Matched '/element/53e7ca1f-5c33-4441-992b-e81cd67ef78a/click' to command name 'click'
[debug] &amp#27;[35m[WD Proxy]&amp#27;[39m Proxying [POST /element/53e7ca1f-5c33-4441-992b-e81cd67ef78a/click] to [POST http://127.0.0.1:8200/wd/hub/session/2237fba1-6f46-4ad3-a16c-d8c502a02b8b/element/53e7ca1f-5c33-4441-992b-e81cd67ef78a/click] with body: {"element":"53e7ca1f-5c33-4441-992b-e81cd67ef78a"}
[debug] &amp#27;[35m[WD Proxy]&amp#27;[39m Got response with status 200: {"sessionId":"2237fba1-6f46-4ad3-a16c-d8c502a02b8b","value":null}
[debug] &amp#27;[35m[W3C (4b1a498c)]&amp#27;[39m Responding to client with driver.click() result: null
&amp#27;[35m[HTTP]&amp#27;[39m &amp#27;[37m<-- POST /wd/hub/session/4b1a498c-3774-4cf9-a2fe-021ea34b4d5e/element/53e7ca1f-5c33-4441-992b-e81cd67ef78a/click &amp#27;[39m&amp#27;[32m200&amp#27;[39m &amp#27;[90m3150 ms - 14&amp#27;[39m
&amp#27;[35m[HTTP]&amp#27;[39m &amp#27;[90m&amp#27;[39m
&amp#27;[35m[HTTP]&amp#27;[39m &amp#27;[37m-->&amp#27;[39m &amp#27;[37mGET&amp#27;[39m &amp#27;[37m/wd/hub/session/4b1a498c-3774-4cf9-a2fe-021ea34b4d5e/alert/text&amp#27;[39m
&amp#27;[35m[HTTP]&amp#27;[39m &amp#27;[90m{}&amp#27;[39m
[debug] &amp#27;[35m[W3C (4b1a498c)]&amp#27;[39m Calling AppiumDriver.getAlertText() with args: ["4b1a498c-3774-4cf9-a2fe-021ea34b4d5e"]
[debug] &amp#27;[35m[WD Proxy]&amp#27;[39m Matched '/alert/text' to command name 'getAlertText'
[debug] &amp#27;[35m[WD Proxy]&amp#27;[39m Proxying [GET /alert/text] to [GET http://127.0.0.1:8200/wd/hub/session/2237fba1-6f46-4ad3-a16c-d8c502a02b8b/alert/text] with no body
[debug] &amp#27;[35m[WD Proxy]&amp#27;[39m Got response with status 200: {"sessionId":"2237fba1-6f46-4ad3-a16c-d8c502a02b8b","value":"Empty site address\nEnter Site Name as appears in XNG"}
[debug] &amp#27;[35m[W3C (4b1a498c)]&amp#27;[39m Responding to client with driver.getAlertText() result: "Empty site address\nEnter Site Name as appears in XNG"
&amp#27;[35m[HTTP]&amp#27;[39m &amp#27;[37m<-- GET /wd/hub/session/4b1a498c-3774-4cf9-a2fe-021ea34b4d5e/alert/text &amp#27;[39m&amp#27;[32m200&amp#27;[39m &amp#27;[90m89 ms - 65&amp#27;[39m
&amp#27;[35m[HTTP]&amp#27;[39m &amp#27;[90m&amp#27;[39m
&amp#27;[35m[HTTP]&amp#27;[39m &amp#27;[37m-->&amp#27;[39m &amp#27;[37mGET&amp#27;[39m &amp#27;[37m/wd/hub/session/4b1a498c-3774-4cf9-a2fe-021ea34b4d5e/alert/text&amp#27;[39m
&amp#27;[35m[HTTP]&amp#27;[39m &amp#27;[90m{}&amp#27;[39m
[debug] &amp#27;[35m[W3C (4b1a498c)]&amp#27;[39m Calling AppiumDriver.getAlertText() with args: ["4b1a498c-3774-4cf9-a2fe-021ea34b4d5e"]
[debug] &amp#27;[35m[WD Proxy]&amp#27;[39m Matched '/alert/text' to command name 'getAlertText'
[debug] &amp#27;[35m[WD Proxy]&amp#27;[39m Proxying [GET /alert/text] to [GET http://127.0.0.1:8200/wd/hub/session/2237fba1-6f46-4ad3-a16c-d8c502a02b8b/alert/text] with no body
[debug] &amp#27;[35m[WD Proxy]&amp#27;[39m Got response with status 200: {"sessionId":"2237fba1-6f46-4ad3-a16c-d8c502a02b8b","value":"Empty site address\nEnter Site Name as appears in XNG"}
[debug] &amp#27;[35m[W3C (4b1a498c)]&amp#27;[39m Responding to client with driver.getAlertText() result: "Empty site address\nEnter Site Name as appears in XNG"
&amp#27;[35m[HTTP]&amp#27;[39m &amp#27;[37m<-- GET /wd/hub/session/4b1a498c-3774-4cf9-a2fe-021ea34b4d5e/alert/text &amp#27;[39m&amp#27;[32m200&amp#27;[39m &amp#27;[90m76 ms - 65&amp#27;[39m
&amp#27;[35m[HTTP]&amp#27;[39m &amp#27;[90m&amp#27;[39m
&amp#27;[35m[HTTP]&amp#27;[39m &amp#27;[37m-->&amp#27;[39m &amp#27;[37mGET&amp#27;[39m &amp#27;[37m/wd/hub/session/4b1a498c-3774-4cf9-a2fe-021ea34b4d5e/context&amp#27;[39m
&amp#27;[35m[HTTP]&amp#27;[39m &amp#27;[90m{}&amp#27;[39m
[debug] &amp#27;[35m[W3C (4b1a498c)]&amp#27;[39m Calling AppiumDriver.getCurrentContext() with args: ["4b1a498c-3774-4cf9-a2fe-021ea34b4d5e"]
[debug] &amp#27;[35m[W3C (4b1a498c)]&amp#27;[39m Responding to client with driver.getCurrentContext() result: "NATIVE_APP"
&amp#27;[35m[HTTP]&amp#27;[39m &amp#27;[37m<-- GET /wd/hub/session/4b1a498c-3774-4cf9-a2fe-021ea34b4d5e/context &amp#27;[39m&amp#27;[32m200&amp#27;[39m &amp#27;[90m1 ms - 22&amp#27;[39m
&amp#27;[35m[HTTP]&amp#27;[39m &amp#27;[90m&amp#27;[39m
&amp#27;[35m[HTTP]&amp#27;[39m &amp#27;[37m-->&amp#27;[39m &amp#27;[37mPOST&amp#27;[39m &amp#27;[37m/wd/hub/session/4b1a498c-3774-4cf9-a2fe-021ea34b4d5e/element&amp#27;[39m
&amp#27;[35m[HTTP]&amp#27;[39m &amp#27;[90m{"using":"-android uiautomator","value":"text(\"Empty site address\")"}&amp#27;[39m
[debug] &amp#27;[35m[W3C (4b1a498c)]&amp#27;[39m Calling AppiumDriver.findElement() with args: ["-android uiautomator","text(\"Empty site address\")","4b1a498c-3774-4cf9-a2fe-021ea34b4d5e"]
[debug] &amp#27;[35m[BaseDriver]&amp#27;[39m Valid locator strategies for this request: xpath, id, class name, accessibility id, -android uiautomator
[debug] &amp#27;[35m[BaseDriver]&amp#27;[39m Waiting up to 30000 ms for condition
[debug] &amp#27;[35m[WD Proxy]&amp#27;[39m Matched '/element' to command name 'findElement'
[debug] &amp#27;[35m[WD Proxy]&amp#27;[39m Proxying [POST /element] to [POST http://127.0.0.1:8200/wd/hub/session/2237fba1-6f46-4ad3-a16c-d8c502a02b8b/element] with body: {"strategy":"-android uiautomator","selector":"text(\"Empty site address\")","context":"","multiple":false}
[debug] &amp#27;[35m[WD Proxy]&amp#27;[39m Got response with status 200: {"sessionId":"2237fba1-6f46-4ad3-a16c-d8c502a02b8b","value":{"ELEMENT":"2299db21-1005-487e-b87b-4fd2bd23a84f","element-6066-11e4-a52e-4f735466cecf":"2299db21-1005-487e-b87b-4fd2bd23a84f"}}
[debug] &amp#27;[35m[W3C (4b1a498c)]&amp#27;[39m Responding to client with driver.findElement() result: {"element-6066-11e4-a52e-4f735466cecf":"2299db21-1005-487e-b87b-4fd2bd23a84f","ELEMENT":"2299db21-1005-487e-b87b-4fd2bd23a84f"}
&amp#27;[35m[HTTP]&amp#27;[39m &amp#27;[37m<-- POST /wd/hub/session/4b1a498c-3774-4cf9-a2fe-021ea34b4d5e/element &amp#27;[39m&amp#27;[32m200&amp#27;[39m &amp#27;[90m16 ms - 137&amp#27;[39m
&amp#27;[35m[HTTP]&amp#27;[39m &amp#27;[90m&amp#27;[39m
&amp#27;[35m[HTTP]&amp#27;[39m &amp#27;[37m-->&amp#27;[39m &amp#27;[37mGET&amp#27;[39m &amp#27;[37m/wd/hub/session/4b1a498c-3774-4cf9-a2fe-021ea34b4d5e/element/2299db21-1005-487e-b87b-4fd2bd23a84f/text&amp#27;[39m
&amp#27;[35m[HTTP]&amp#27;[39m &amp#27;[90m{}&amp#27;[39m
&amp#27;[35m[W3C (4b1a498c)]&amp#27;[39m Driver proxy active, passing request on via HTTP proxy
[debug] &amp#27;[35m[WD Proxy]&amp#27;[39m Matched '/wd/hub/session/4b1a498c-3774-4cf9-a2fe-021ea34b4d5e/element/2299db21-1005-487e-b87b-4fd2bd23a84f/text' to command name 'getText'
[debug] &amp#27;[35m[WD Proxy]&amp#27;[39m Proxying [GET /wd/hub/session/4b1a498c-3774-4cf9-a2fe-021ea34b4d5e/element/2299db21-1005-487e-b87b-4fd2bd23a84f/text] to [GET http://127.0.0.1:8200/wd/hub/session/2237fba1-6f46-4ad3-a16c-d8c502a02b8b/element/2299db21-1005-487e-b87b-4fd2bd23a84f/text] with no body
[debug] &amp#27;[35m[WD Proxy]&amp#27;[39m Got response with status 200: {"sessionId":"2237fba1-6f46-4ad3-a16c-d8c502a02b8b","value":"Empty site address"}
&amp#27;[35m[WD Proxy]&amp#27;[39m Replacing sessionId 2237fba1-6f46-4ad3-a16c-d8c502a02b8b with 4b1a498c-3774-4cf9-a2fe-021ea34b4d5e
&amp#27;[35m[HTTP]&amp#27;[39m &amp#27;[37m<-- GET /wd/hub/session/4b1a498c-3774-4cf9-a2fe-021ea34b4d5e/element/2299db21-1005-487e-b87b-4fd2bd23a84f/text &amp#27;[39m&amp#27;[32m200&amp#27;[39m &amp#27;[90m15 ms - 81&amp#27;[39m
&amp#27;[35m[HTTP]&amp#27;[39m &amp#27;[90m&amp#27;[39m
&amp#27;[35m[HTTP]&amp#27;[39m &amp#27;[37m-->&amp#27;[39m &amp#27;[37mPOST&amp#27;[39m &amp#27;[37m/wd/hub/session/4b1a498c-3774-4cf9-a2fe-021ea34b4d5e/alert/accept&amp#27;[39m
&amp#27;[35m[HTTP]&amp#27;[39m &amp#27;[90m{}&amp#27;[39m
[debug] &amp#27;[35m[W3C (4b1a498c)]&amp#27;[39m Calling AppiumDriver.postAcceptAlert() with args: ["4b1a498c-3774-4cf9-a2fe-021ea34b4d5e"]
[debug] &amp#27;[35m[WD Proxy]&amp#27;[39m Matched '/alert/accept' to command name 'postAcceptAlert'
[debug] &amp#27;[35m[WD Proxy]&amp#27;[39m Proxying [POST /alert/accept] to [POST http://127.0.0.1:8200/wd/hub/session/2237fba1-6f46-4ad3-a16c-d8c502a02b8b/alert/accept] with body: {}
[debug] &amp#27;[35m[WD Proxy]&amp#27;[39m Got response with status 200: {"sessionId":"2237fba1-6f46-4ad3-a16c-d8c502a02b8b","value":null}
[debug] &amp#27;[35m[W3C (4b1a498c)]&amp#27;[39m Responding to client with driver.postAcceptAlert() result: null
&amp#27;[35m[HTTP]&amp#27;[39m &amp#27;[37m<-- POST /wd/hub/session/4b1a498c-3774-4cf9-a2fe-021ea34b4d5e/alert/accept &amp#27;[39m&amp#27;[32m200&amp#27;[39m &amp#27;[90m49 ms - 14&amp#27;[39m
&amp#27;[35m[HTTP]&amp#27;[39m &amp#27;[90m&amp#27;[39m
&amp#27;[35m[HTTP]&amp#27;[39m &amp#27;[37m-->&amp#27;[39m &amp#27;[37mGET&amp#27;[39m &amp#27;[37m/wd/hub/session/4b1a498c-3774-4cf9-a2fe-021ea34b4d5e/context&amp#27;[39m
&amp#27;[35m[HTTP]&amp#27;[39m &amp#27;[90m{}&amp#27;[39m
[debug] &amp#27;[35m[W3C (4b1a498c)]&amp#27;[39m Calling AppiumDriver.getCurrentContext() with args: ["4b1a498c-3774-4cf9-a2fe-021ea34b4d5e"]
[debug] &amp#27;[35m[W3C (4b1a498c)]&amp#27;[39m Responding to client with driver.getCurrentContext() result: "NATIVE_APP"
&amp#27;[35m[HTTP]&amp#27;[39m &amp#27;[37m<-- GET /wd/hub/session/4b1a498c-3774-4cf9-a2fe-021ea34b4d5e/context &amp#27;[39m&amp#27;[32m200&amp#27;[39m &amp#27;[90m1 ms - 22&amp#27;[39m
&amp#27;[35m[HTTP]&amp#27;[39m &amp#27;[90m&amp#27;[39m
&amp#27;[35m[HTTP]&amp#27;[39m &amp#27;[37m-->&amp#27;[39m &amp#27;[37mPOST&amp#27;[39m &amp#27;[37m/wd/hub/session/4b1a498c-3774-4cf9-a2fe-021ea34b4d5e/element&amp#27;[39m
&amp#27;[35m[HTTP]&amp#27;[39m &amp#27;[90m{"using":"id","value":"com.colt.coltengineering:id/et_site_address"}&amp#27;[39m
[debug] &amp#27;[35m[W3C (4b1a498c)]&amp#27;[39m Calling AppiumDriver.findElement() with args: ["id","com.colt.coltengineering:id/et_site_address","4b1a498c-3774-4cf9-a2fe-021ea34b4d5e"]
[debug] &amp#27;[35m[BaseDriver]&amp#27;[39m Valid locator strategies for this request: xpath, id, class name, accessibility id, -android uiautomator
[debug] &amp#27;[35m[BaseDriver]&amp#27;[39m Waiting up to 30000 ms for condition
[debug] &amp#27;[35m[WD Proxy]&amp#27;[39m Matched '/element' to command name 'findElement'
[debug] &amp#27;[35m[WD Proxy]&amp#27;[39m Proxying [POST /element] to [POST http://127.0.0.1:8200/wd/hub/session/2237fba1-6f46-4ad3-a16c-d8c502a02b8b/element] with body: {"strategy":"id","selector":"com.colt.coltengineering:id/et_site_address","context":"","multiple":false}
[debug] &amp#27;[35m[WD Proxy]&amp#27;[39m Got response with status 200: {"sessionId":"2237fba1-6f46-4ad3-a16c-d8c502a02b8b","value":{"ELEMENT":"2b5cd538-6aa4-4b01-ac2e-1a20b1f75195","element-6066-11e4-a52e-4f735466cecf":"2b5cd538-6aa4-4b01-ac2e-1a20b1f75195"}}
[debug] &amp#27;[35m[W3C (4b1a498c)]&amp#27;[39m Responding to client with driver.findElement() result: {"element-6066-11e4-a52e-4f735466cecf":"2b5cd538-6aa4-4b01-ac2e-1a20b1f75195","ELEMENT":"2b5cd538-6aa4-4b01-ac2e-1a20b1f75195"}
&amp#27;[35m[HTTP]&amp#27;[39m &amp#27;[37m<-- POST /wd/hub/session/4b1a498c-3774-4cf9-a2fe-021ea34b4d5e/element &amp#27;[39m&amp#27;[32m200&amp#27;[39m &amp#27;[90m550 ms - 137&amp#27;[39m
&amp#27;[35m[HTTP]&amp#27;[39m &amp#27;[90m&amp#27;[39m
&amp#27;[35m[HTTP]&amp#27;[39m &amp#27;[37m-->&amp#27;[39m &amp#27;[37mPOST&amp#27;[39m &amp#27;[37m/wd/hub/session/4b1a498c-3774-4cf9-a2fe-021ea34b4d5e/element/2b5cd538-6aa4-4b01-ac2e-1a20b1f75195/value&amp#27;[39m
&amp#27;[35m[HTTP]&amp#27;[39m &amp#27;[90m{"id":"2b5cd538-6aa4-4b01-ac2e-1a20b1f75195","text":"12345","value":["1","2","3","4","5"]}&amp#27;[39m
[debug] &amp#27;[35m[W3C (4b1a498c)]&amp#27;[39m Calling AppiumDriver.setValue() with args: [["1","2","3","4","5"],"2b5cd538-6aa4-4b01-ac2e-1a20b1f75195","4b1a498c-3774-4cf9-a2fe-021ea34b4d5e"]
[debug] &amp#27;[35m[WD Proxy]&amp#27;[39m Matched '/element/2b5cd538-6aa4-4b01-ac2e-1a20b1f75195/value' to command name 'setValue'
[debug] &amp#27;[35m[Protocol Converter]&amp#27;[39m Added 'value' property ["1","2","3","4","5"] to 'setValue' request body
[debug] &amp#27;[35m[WD Proxy]&amp#27;[39m Proxying [POST /element/2b5cd538-6aa4-4b01-ac2e-1a20b1f75195/value] to [POST http://127.0.0.1:8200/wd/hub/session/2237fba1-6f46-4ad3-a16c-d8c502a02b8b/element/2b5cd538-6aa4-4b01-ac2e-1a20b1f75195/value] with body: {"elementId":"2b5cd538-6aa4-4b01-ac2e-1a20b1f75195","text":"12345","replace":false,"value":["1","2","3","4","5"]}
[debug] &amp#27;[35m[WD Proxy]&amp#27;[39m Got response with status 200: {"sessionId":"2237fba1-6f46-4ad3-a16c-d8c502a02b8b","value":null}
[debug] &amp#27;[35m[W3C (4b1a498c)]&amp#27;[39m Responding to client with driver.setValue() result: null
&amp#27;[35m[HTTP]&amp#27;[39m &amp#27;[37m<-- POST /wd/hub/session/4b1a498c-3774-4cf9-a2fe-021ea34b4d5e/element/2b5cd538-6aa4-4b01-ac2e-1a20b1f75195/value &amp#27;[39m&amp#27;[32m200&amp#27;[39m &amp#27;[90m34 ms - 14&amp#27;[39m
&amp#27;[35m[HTTP]&amp#27;[39m &amp#27;[90m&amp#27;[39m
&amp#27;[35m[HTTP]&amp#27;[39m &amp#27;[37m-->&amp#27;[39m &amp#27;[37mGET&amp#27;[39m &amp#27;[37m/wd/hub/session/4b1a498c-3774-4cf9-a2fe-021ea34b4d5e/context&amp#27;[39m
&amp#27;[35m[HTTP]&amp#27;[39m &amp#27;[90m{}&amp#27;[39m
[debug] &amp#27;[35m[W3C (4b1a498c)]&amp#27;[39m Calling AppiumDriver.getCurrentContext() with args: ["4b1a498c-3774-4cf9-a2fe-021ea34b4d5e"]
[debug] &amp#27;[35m[W3C (4b1a498c)]&amp#27;[39m Responding to client with driver.getCurrentContext() result: "NATIVE_APP"
&amp#27;[35m[HTTP]&amp#27;[39m &amp#27;[37m<-- GET /wd/hub/session/4b1a498c-3774-4cf9-a2fe-021ea34b4d5e/context &amp#27;[39m&amp#27;[32m200&amp#27;[39m &amp#27;[90m1 ms - 22&amp#27;[39m
&amp#27;[35m[HTTP]&amp#27;[39m &amp#27;[90m&amp#27;[39m
&amp#27;[35m[HTTP]&amp#27;[39m &amp#27;[37m-->&amp#27;[39m &amp#27;[37mPOST&amp#27;[39m &amp#27;[37m/wd/hub/session/4b1a498c-3774-4cf9-a2fe-021ea34b4d5e/element&amp#27;[39m
&amp#27;[35m[HTTP]&amp#27;[39m &amp#27;[90m{"using":"-android uiautomator","value":"text(\"Next\")"}&amp#27;[39m
[debug] &amp#27;[35m[W3C (4b1a498c)]&amp#27;[39m Calling AppiumDriver.findElement() with args: ["-android uiautomator","text(\"Next\")","4b1a498c-3774-4cf9-a2fe-021ea34b4d5e"]
[debug] &amp#27;[35m[BaseDriver]&amp#27;[39m Valid locator strategies for this request: xpath, id, class name, accessibility id, -android uiautomator
[debug] &amp#27;[35m[BaseDriver]&amp#27;[39m Waiting up to 30000 ms for condition
[debug] &amp#27;[35m[WD Proxy]&amp#27;[39m Matched '/element' to command name 'findElement'
[debug] &amp#27;[35m[WD Proxy]&amp#27;[39m Proxying [POST /element] to [POST http://127.0.0.1:8200/wd/hub/session/2237fba1-6f46-4ad3-a16c-d8c502a02b8b/element] with body: {"strategy":"-android uiautomator","selector":"text(\"Next\")","context":"","multiple":false}
[debug] &amp#27;[35m[WD Proxy]&amp#27;[39m Got response with status 200: {"sessionId":"2237fba1-6f46-4ad3-a16c-d8c502a02b8b","value":{"ELEMENT":"1ab1098c-3cba-4a71-845d-3aae0d5b63ee","element-6066-11e4-a52e-4f735466cecf":"1ab1098c-3cba-4a71-845d-3aae0d5b63ee"}}
[debug] &amp#27;[35m[W3C (4b1a498c)]&amp#27;[39m Responding to client with driver.findElement() result: {"element-6066-11e4-a52e-4f735466cecf":"1ab1098c-3cba-4a71-845d-3aae0d5b63ee","ELEMENT":"1ab1098c-3cba-4a71-845d-3aae0d5b63ee"}
&amp#27;[35m[HTTP]&amp#27;[39m &amp#27;[37m<-- POST /wd/hub/session/4b1a498c-3774-4cf9-a2fe-021ea34b4d5e/element &amp#27;[39m&amp#27;[32m200&amp#27;[39m &amp#27;[90m505 ms - 137&amp#27;[39m
&amp#27;[35m[HTTP]&amp#27;[39m &amp#27;[90m&amp#27;[39m
&amp#27;[35m[HTTP]&amp#27;[39m &amp#27;[37m-->&amp#27;[39m &amp#27;[37mPOST&amp#27;[39m &amp#27;[37m/wd/hub/session/4b1a498c-3774-4cf9-a2fe-021ea34b4d5e/element/1ab1098c-3cba-4a71-845d-3aae0d5b63ee/click&amp#27;[39m
&amp#27;[35m[HTTP]&amp#27;[39m &amp#27;[90m{"id":"1ab1098c-3cba-4a71-845d-3aae0d5b63ee"}&amp#27;[39m
[debug] &amp#27;[35m[W3C (4b1a498c)]&amp#27;[39m Calling AppiumDriver.click() with args: ["1ab1098c-3cba-4a71-845d-3aae0d5b63ee","4b1a498c-3774-4cf9-a2fe-021ea34b4d5e"]
[debug] &amp#27;[35m[WD Proxy]&amp#27;[39m Matched '/element/1ab1098c-3cba-4a71-845d-3aae0d5b63ee/click' to command name 'click'
[debug] &amp#27;[35m[WD Proxy]&amp#27;[39m Proxying [POST /element/1ab1098c-3cba-4a71-845d-3aae0d5b63ee/click] to [POST http://127.0.0.1:8200/wd/hub/session/2237fba1-6f46-4ad3-a16c-d8c502a02b8b/element/1ab1098c-3cba-4a71-845d-3aae0d5b63ee/click] with body: {"element":"1ab1098c-3cba-4a71-845d-3aae0d5b63ee"}
[debug] &amp#27;[35m[WD Proxy]&amp#27;[39m Got response with status 200: {"sessionId":"2237fba1-6f46-4ad3-a16c-d8c502a02b8b","value":null}
[debug] &amp#27;[35m[W3C (4b1a498c)]&amp#27;[39m Responding to client with driver.click() result: null
&amp#27;[35m[HTTP]&amp#27;[39m &amp#27;[37m<-- POST /wd/hub/session/4b1a498c-3774-4cf9-a2fe-021ea34b4d5e/element/1ab1098c-3cba-4a71-845d-3aae0d5b63ee/click &amp#27;[39m&amp#27;[32m200&amp#27;[39m &amp#27;[90m979 ms - 14&amp#27;[39m
&amp#27;[35m[HTTP]&amp#27;[39m &amp#27;[90m&amp#27;[39m
&amp#27;[35m[HTTP]&amp#27;[39m &amp#27;[37m-->&amp#27;[39m &amp#27;[37mGET&amp#27;[39m &amp#27;[37m/wd/hub/session/4b1a498c-3774-4cf9-a2fe-021ea34b4d5e/context&amp#27;[39m
&amp#27;[35m[HTTP]&amp#27;[39m &amp#27;[90m{}&amp#27;[39m
[debug] &amp#27;[35m[W3C (4b1a498c)]&amp#27;[39m Calling AppiumDriver.getCurrentContext() with args: ["4b1a498c-3774-4cf9-a2fe-021ea34b4d5e"]
[debug] &amp#27;[35m[W3C (4b1a498c)]&amp#27;[39m Responding to client with driver.getCurrentContext() result: "NATIVE_APP"
&amp#27;[35m[HTTP]&amp#27;[39m &amp#27;[37m<-- GET /wd/hub/session/4b1a498c-3774-4cf9-a2fe-021ea34b4d5e/context &amp#27;[39m&amp#27;[32m200&amp#27;[39m &amp#27;[90m1 ms - 22&amp#27;[39m
&amp#27;[35m[HTTP]&amp#27;[39m &amp#27;[90m&amp#27;[39m
&amp#27;[35m[HTTP]&amp#27;[39m &amp#27;[37m-->&amp#27;[39m &amp#27;[37mPOST&amp#27;[39m &amp#27;[37m/wd/hub/session/4b1a498c-3774-4cf9-a2fe-021ea34b4d5e/element&amp#27;[39m
&amp#27;[35m[HTTP]&amp#27;[39m &amp#27;[90m{"using":"id","value":"com.colt.coltengineering:id/img_date_plan_start"}&amp#27;[39m
[debug] &amp#27;[35m[W3C (4b1a498c)]&amp#27;[39m Calling AppiumDriver.findElement() with args: ["id","com.colt.coltengineering:id/img_date_plan_start","4b1a498c-3774-4cf9-a2fe-021ea34b4d5e"]
[debug] &amp#27;[35m[BaseDriver]&amp#27;[39m Valid locator strategies for this request: xpath, id, class name, accessibility id, -android uiautomator
[debug] &amp#27;[35m[BaseDriver]&amp#27;[39m Waiting up to 30000 ms for condition
[debug] &amp#27;[35m[WD Proxy]&amp#27;[39m Matched '/element' to command name 'findElement'
[debug] &amp#27;[35m[WD Proxy]&amp#27;[39m Proxying [POST /element] to [POST http://127.0.0.1:8200/wd/hub/session/2237fba1-6f46-4ad3-a16c-d8c502a02b8b/element] with body: {"strategy":"id","selector":"com.colt.coltengineering:id/img_date_plan_start","context":"","multiple":false}
[debug] &amp#27;[35m[WD Proxy]&amp#27;[39m Got response with status 200: {"sessionId":"2237fba1-6f46-4ad3-a16c-d8c502a02b8b","value":{"ELEMENT":"f8dbfc78-e62c-4b2b-888e-daafa87b8e6b","element-6066-11e4-a52e-4f735466cecf":"f8dbfc78-e62c-4b2b-888e-daafa87b8e6b"}}
[debug] &amp#27;[35m[W3C (4b1a498c)]&amp#27;[39m Responding to client with driver.findElement() result: {"element-6066-11e4-a52e-4f735466cecf":"f8dbfc78-e62c-4b2b-888e-daafa87b8e6b","ELEMENT":"f8dbfc78-e62c-4b2b-888e-daafa87b8e6b"}
&amp#27;[35m[HTTP]&amp#27;[39m &amp#27;[37m<-- POST /wd/hub/session/4b1a498c-3774-4cf9-a2fe-021ea34b4d5e/element &amp#27;[39m&amp#27;[32m200&amp#27;[39m &amp#27;[90m24 ms - 137&amp#27;[39m
&amp#27;[35m[HTTP]&amp#27;[39m &amp#27;[90m&amp#27;[39m
&amp#27;[35m[HTTP]&amp#27;[39m &amp#27;[37m-->&amp#27;[39m &amp#27;[37mPOST&amp#27;[39m &amp#27;[37m/wd/hub/session/4b1a498c-3774-4cf9-a2fe-021ea34b4d5e/element/f8dbfc78-e62c-4b2b-888e-daafa87b8e6b/click&amp#27;[39m
&amp#27;[35m[HTTP]&amp#27;[39m &amp#27;[90m{"id":"f8dbfc78-e62c-4b2b-888e-daafa87b8e6b"}&amp#27;[39m
[debug] &amp#27;[35m[W3C (4b1a498c)]&amp#27;[39m Calling AppiumDriver.click() with args: ["f8dbfc78-e62c-4b2b-888e-daafa87b8e6b","4b1a498c-3774-4cf9-a2fe-021ea34b4d5e"]
[debug] &amp#27;[35m[WD Proxy]&amp#27;[39m Matched '/element/f8dbfc78-e62c-4b2b-888e-daafa87b8e6b/click' to command name 'click'
[debug] &amp#27;[35m[WD Proxy]&amp#27;[39m Proxying [POST /element/f8dbfc78-e62c-4b2b-888e-daafa87b8e6b/click] to [POST http://127.0.0.1:8200/wd/hub/session/2237fba1-6f46-4ad3-a16c-d8c502a02b8b/element/f8dbfc78-e62c-4b2b-888e-daafa87b8e6b/click] with body: {"element":"f8dbfc78-e62c-4b2b-888e-daafa87b8e6b"}
[debug] &amp#27;[35m[WD Proxy]&amp#27;[39m Got response with status 200: {"sessionId":"2237fba1-6f46-4ad3-a16c-d8c502a02b8b","value":null}
[debug] &amp#27;[35m[W3C (4b1a498c)]&amp#27;[39m Responding to client with driver.click() result: null
&amp#27;[35m[HTTP]&amp#27;[39m &amp#27;[37m<-- POST /wd/hub/session/4b1a498c-3774-4cf9-a2fe-021ea34b4d5e/element/f8dbfc78-e62c-4b2b-888e-daafa87b8e6b/click &amp#27;[39m&amp#27;[32m200&amp#27;[39m &amp#27;[90m20 ms - 14&amp#27;[39m
&amp#27;[35m[HTTP]&amp#27;[39m &amp#27;[90m&amp#27;[39m
&amp#27;[35m[HTTP]&amp#27;[39m &amp#27;[37m-->&amp#27;[39m &amp#27;[37mGET&amp#27;[39m &amp#27;[37m/wd/hub/session/4b1a498c-3774-4cf9-a2fe-021ea34b4d5e/context&amp#27;[39m
&amp#27;[35m[HTTP]&amp#27;[39m &amp#27;[90m{}&amp#27;[39m
[debug] &amp#27;[35m[W3C (4b1a498c)]&amp#27;[39m Calling AppiumDriver.getCurrentContext() with args: ["4b1a498c-3774-4cf9-a2fe-021ea34b4d5e"]
[debug] &amp#27;[35m[W3C (4b1a498c)]&amp#27;[39m Responding to client with driver.getCurrentContext() result: "NATIVE_APP"
&amp#27;[35m[HTTP]&amp#27;[39m &amp#27;[37m<-- GET /wd/hub/session/4b1a498c-3774-4cf9-a2fe-021ea34b4d5e/context &amp#27;[39m&amp#27;[32m200&amp#27;[39m &amp#27;[90m1 ms - 22&amp#27;[39m
&amp#27;[35m[HTTP]&amp#27;[39m &amp#27;[90m&amp#27;[39m
&amp#27;[35m[HTTP]&amp#27;[39m &amp#27;[37m-->&amp#27;[39m &amp#27;[37mPOST&amp#27;[39m &amp#27;[37m/wd/hub/session/4b1a498c-3774-4cf9-a2fe-021ea34b4d5e/element&amp#27;[39m
&amp#27;[35m[HTTP]&amp#27;[39m &amp#27;[90m{"using":"-android uiautomator","value":"text(\"GMT\")"}&amp#27;[39m
[debug] &amp#27;[35m[W3C (4b1a498c)]&amp#27;[39m Calling AppiumDriver.findElement() with args: ["-android uiautomator","text(\"GMT\")","4b1a498c-3774-4cf9-a2fe-021ea34b4d5e"]
[debug] &amp#27;[35m[BaseDriver]&amp#27;[39m Valid locator strategies for this request: xpath, id, class name, accessibility id, -android uiautomator
[debug] &amp#27;[35m[BaseDriver]&amp#27;[39m Waiting up to 30000 ms for condition
[debug] &amp#27;[35m[WD Proxy]&amp#27;[39m Matched '/element' to command name 'findElement'
[debug] &amp#27;[35m[WD Proxy]&amp#27;[39m Proxying [POST /element] to [POST http://127.0.0.1:8200/wd/hub/session/2237fba1-6f46-4ad3-a16c-d8c502a02b8b/element] with body: {"strategy":"-android uiautomator","selector":"text(\"GMT\")","context":"","multiple":false}
&amp#27;[35m[WD Proxy]&amp#27;[39m Got response with status 404: {"sessionId":"2237fba1-6f46-4ad3-a16c-d8c502a02b8b","value":{"error":"no such element","message":"An element could not be located on the page using the given search parameters","stacktrace":"io.appium.uiautomator2.common.exceptions.ElementNotFoundException: An element could not be located on the page using the given search parameters\n\tat io.appium.uiautomator2.handler.FindElement.safeHandle(FindElement.java:73)\n\tat io.appium.uiautomator2.handler.request.SafeRequestHandler.handle(SafeRequestHandler.java:41)\n\tat io.appium.uiautomator2.server.AppiumServlet.handleRequest(AppiumServlet.java:253)\n\tat io.appium.uiautomator2.server.AppiumServlet.handleHttpRequest(AppiumServlet.java:247)\n\tat io.appium.uiautomator2.http.ServerHandler.channelRead(ServerHandler.java:68)\n\tat io.netty.channel.AbstractChannelHandlerContext.invokeChannelRead(AbstractChannelHandlerContext.java:366)\n\tat io.netty.channel.AbstractChannelHandlerContext.invokeChannelRead(AbstractChannelHandlerContext.java:352)\n\tat io.netty.chann...
[debug] &amp#27;[35m[W3C]&amp#27;[39m Matched W3C error code 'no such element' to NoSuchElementError
[debug] &amp#27;[35m[BaseDriver]&amp#27;[39m Waited for 106 ms so far
[debug] &amp#27;[35m[WD Proxy]&amp#27;[39m Matched '/element' to command name 'findElement'
[debug] &amp#27;[35m[WD Proxy]&amp#27;[39m Proxying [POST /element] to [POST http://127.0.0.1:8200/wd/hub/session/2237fba1-6f46-4ad3-a16c-d8c502a02b8b/element] with body: {"strategy":"-android uiautomator","selector":"text(\"GMT\")","context":"","multiple":false}
[debug] &amp#27;[35m[WD Proxy]&amp#27;[39m Got response with status 200: {"sessionId":"2237fba1-6f46-4ad3-a16c-d8c502a02b8b","value":{"ELEMENT":"3a644acf-d857-4237-91bb-d2c7cff00bcb","element-6066-11e4-a52e-4f735466cecf":"3a644acf-d857-4237-91bb-d2c7cff00bcb"}}
[debug] &amp#27;[35m[W3C (4b1a498c)]&amp#27;[39m Responding to client with driver.findElement() result: {"element-6066-11e4-a52e-4f735466cecf":"3a644acf-d857-4237-91bb-d2c7cff00bcb","ELEMENT":"3a644acf-d857-4237-91bb-d2c7cff00bcb"}
&amp#27;[35m[HTTP]&amp#27;[39m &amp#27;[37m<-- POST /wd/hub/session/4b1a498c-3774-4cf9-a2fe-021ea34b4d5e/element &amp#27;[39m&amp#27;[32m200&amp#27;[39m &amp#27;[90m642 ms - 137&amp#27;[39m
&amp#27;[35m[HTTP]&amp#27;[39m &amp#27;[90m&amp#27;[39m
&amp#27;[35m[HTTP]&amp#27;[39m &amp#27;[37m-->&amp#27;[39m &amp#27;[37mGET&amp#27;[39m &amp#27;[37m/wd/hub/session/4b1a498c-3774-4cf9-a2fe-021ea34b4d5e/element/3a644acf-d857-4237-91bb-d2c7cff00bcb/text&amp#27;[39m
&amp#27;[35m[HTTP]&amp#27;[39m &amp#27;[90m{}&amp#27;[39m
&amp#27;[35m[W3C (4b1a498c)]&amp#27;[39m Driver proxy active, passing request on via HTTP proxy
[debug] &amp#27;[35m[WD Proxy]&amp#27;[39m Matched '/wd/hub/session/4b1a498c-3774-4cf9-a2fe-021ea34b4d5e/element/3a644acf-d857-4237-91bb-d2c7cff00bcb/text' to command name 'getText'
[debug] &amp#27;[35m[WD Proxy]&amp#27;[39m Proxying [GET /wd/hub/session/4b1a498c-3774-4cf9-a2fe-021ea34b4d5e/element/3a644acf-d857-4237-91bb-d2c7cff00bcb/text] to [GET http://127.0.0.1:8200/wd/hub/session/2237fba1-6f46-4ad3-a16c-d8c502a02b8b/element/3a644acf-d857-4237-91bb-d2c7cff00bcb/text] with no body
[debug] &amp#27;[35m[WD Proxy]&amp#27;[39m Got response with status 200: {"sessionId":"2237fba1-6f46-4ad3-a16c-d8c502a02b8b","value":"GMT"}
&amp#27;[35m[WD Proxy]&amp#27;[39m Replacing sessionId 2237fba1-6f46-4ad3-a16c-d8c502a02b8b with 4b1a498c-3774-4cf9-a2fe-021ea34b4d5e
&amp#27;[35m[HTTP]&amp#27;[39m &amp#27;[37m<-- GET /wd/hub/session/4b1a498c-3774-4cf9-a2fe-021ea34b4d5e/element/3a644acf-d857-4237-91bb-d2c7cff00bcb/text &amp#27;[39m&amp#27;[32m200&amp#27;[39m &amp#27;[90m18 ms - 66&amp#27;[39m
&amp#27;[35m[HTTP]&amp#27;[39m &amp#27;[90m&amp#27;[39m
&amp#27;[35m[HTTP]&amp#27;[39m &amp#27;[37m-->&amp#27;[39m &amp#27;[37mGET&amp#27;[39m &amp#27;[37m/wd/hub/session/4b1a498c-3774-4cf9-a2fe-021ea34b4d5e/context&amp#27;[39m
&amp#27;[35m[HTTP]&amp#27;[39m &amp#27;[90m{}&amp#27;[39m
[debug] &amp#27;[35m[W3C (4b1a498c)]&amp#27;[39m Calling AppiumDriver.getCurrentContext() with args: ["4b1a498c-3774-4cf9-a2fe-021ea34b4d5e"]
[debug] &amp#27;[35m[W3C (4b1a498c)]&amp#27;[39m Responding to client with driver.getCurrentContext() result: "NATIVE_APP"
&amp#27;[35m[HTTP]&amp#27;[39m &amp#27;[37m<-- GET /wd/hub/session/4b1a498c-3774-4cf9-a2fe-021ea34b4d5e/context &amp#27;[39m&amp#27;[32m200&amp#27;[39m &amp#27;[90m2 ms - 22&amp#27;[39m
&amp#27;[35m[HTTP]&amp#27;[39m &amp#27;[90m&amp#27;[39m
&amp#27;[35m[HTTP]&amp#27;[39m &amp#27;[37m-->&amp#27;[39m &amp#27;[37mPOST&amp#27;[39m &amp#27;[37m/wd/hub/session/4b1a498c-3774-4cf9-a2fe-021ea34b4d5e/element&amp#27;[39m
&amp#27;[35m[HTTP]&amp#27;[39m &amp#27;[90m{"using":"-android uiautomator","value":"text(\"GMT\")"}&amp#27;[39m
[debug] &amp#27;[35m[W3C (4b1a498c)]&amp#27;[39m Calling AppiumDriver.findElement() with args: ["-android uiautomator","text(\"GMT\")","4b1a498c-3774-4cf9-a2fe-021ea34b4d5e"]
[debug] &amp#27;[35m[BaseDriver]&amp#27;[39m Valid locator strategies for this request: xpath, id, class name, accessibility id, -android uiautomator
[debug] &amp#27;[35m[BaseDriver]&amp#27;[39m Waiting up to 30000 ms for condition
[debug] &amp#27;[35m[WD Proxy]&amp#27;[39m Matched '/element' to command name 'findElement'
[debug] &amp#27;[35m[WD Proxy]&amp#27;[39m Proxying [POST /element] to [POST http://127.0.0.1:8200/wd/hub/session/2237fba1-6f46-4ad3-a16c-d8c502a02b8b/element] with body: {"strategy":"-android uiautomator","selector":"text(\"GMT\")","context":"","multiple":false}
[debug] &amp#27;[35m[WD Proxy]&amp#27;[39m Got response with status 200: {"sessionId":"2237fba1-6f46-4ad3-a16c-d8c502a02b8b","value":{"ELEMENT":"5893ced0-2a44-4fbf-a927-f6201088fc0e","element-6066-11e4-a52e-4f735466cecf":"5893ced0-2a44-4fbf-a927-f6201088fc0e"}}
[debug] &amp#27;[35m[W3C (4b1a498c)]&amp#27;[39m Responding to client with driver.findElement() result: {"element-6066-11e4-a52e-4f735466cecf":"5893ced0-2a44-4fbf-a927-f6201088fc0e","ELEMENT":"5893ced0-2a44-4fbf-a927-f6201088fc0e"}
&amp#27;[35m[HTTP]&amp#27;[39m &amp#27;[37m<-- POST /wd/hub/session/4b1a498c-3774-4cf9-a2fe-021ea34b4d5e/element &amp#27;[39m&amp#27;[32m200&amp#27;[39m &amp#27;[90m14 ms - 137&amp#27;[39m
&amp#27;[35m[HTTP]&amp#27;[39m &amp#27;[90m&amp#27;[39m
&amp#27;[35m[HTTP]&amp#27;[39m &amp#27;[37m-->&amp#27;[39m &amp#27;[37mPOST&amp#27;[39m &amp#27;[37m/wd/hub/session/4b1a498c-3774-4cf9-a2fe-021ea34b4d5e/element/5893ced0-2a44-4fbf-a927-f6201088fc0e/click&amp#27;[39m
&amp#27;[35m[HTTP]&amp#27;[39m &amp#27;[90m{"id":"5893ced0-2a44-4fbf-a927-f6201088fc0e"}&amp#27;[39m
[debug] &amp#27;[35m[W3C (4b1a498c)]&amp#27;[39m Calling AppiumDriver.click() with args: ["5893ced0-2a44-4fbf-a927-f6201088fc0e","4b1a498c-3774-4cf9-a2fe-021ea34b4d5e"]
[debug] &amp#27;[35m[WD Proxy]&amp#27;[39m Matched '/element/5893ced0-2a44-4fbf-a927-f6201088fc0e/click' to command name 'click'
[debug] &amp#27;[35m[WD Proxy]&amp#27;[39m Proxying [POST /element/5893ced0-2a44-4fbf-a927-f6201088fc0e/click] to [POST http://127.0.0.1:8200/wd/hub/session/2237fba1-6f46-4ad3-a16c-d8c502a02b8b/element/5893ced0-2a44-4fbf-a927-f6201088fc0e/click] with body: {"element":"5893ced0-2a44-4fbf-a927-f6201088fc0e"}
[debug] &amp#27;[35m[WD Proxy]&amp#27;[39m Got response with status 200: {"sessionId":"2237fba1-6f46-4ad3-a16c-d8c502a02b8b","value":null}
[debug] &amp#27;[35m[W3C (4b1a498c)]&amp#27;[39m Responding to client with driver.click() result: null
year     = 2020
day     = 3
month     = 11
hour     = 5
&amp#27;[35m[HTTP]&amp#27;[39m &amp#27;[37m<-- POST /minute     = 20
wd/hub/session/4b1a498c-3774-4cf9-a2fe-021ea34b4d5e/element/5893ced0-2a44-4fbf-a927-f6201088fc0e/click &amp#27;[39m&amp#27;[32m200&amp#27;[39m &amp#27;[90m1014 ms - 14&amp#27;[39m
&amp#27;[35m[HTTP]&amp#27;[39m &amp#27;[90m&amp#27;[39m
 search Web element   new UiScrollable(new UiSelector()).scrollIntoView(text("4"));
&amp#27;[35m[HTTP]&amp#27;[39m &amp#27;[37m-->&amp#27;[39m &amp#27;[37mPOST&amp#27;[39m &amp#27;[37m/wd/hub/session/4b1a498c-3774-4cf9-a2fe-021ea34b4d5e/element&amp#27;[39m
&amp#27;[35m[HTTP]&amp#27;[39m &amp#27;[90m{"using":"-android uiautomator","value":"new UiScrollable(new UiSelector()).scrollIntoView(text(\"4\"));"}&amp#27;[39m
[debug] &amp#27;[35m[W3C (4b1a498c)]&amp#27;[39m Calling AppiumDriver.findElement() with args: ["-android uiautomator","new UiScrollable(new UiSelector()).scrollIntoView(text(\"4\"));","4b1a498c-3774-4cf9-a2fe-021ea34b4d5e"]
[debug] &amp#27;[35m[BaseDriver]&amp#27;[39m Valid locator strategies for this request: xpath, id, class name, accessibility id, -android uiautomator
[debug] &amp#27;[35m[BaseDriver]&amp#27;[39m Waiting up to 30000 ms for condition
[debug] &amp#27;[35m[WD Proxy]&amp#27;[39m Matched '/element' to command name 'findElement'
[debug] &amp#27;[35m[WD Proxy]&amp#27;[39m Proxying [POST /element] to [POST http://127.0.0.1:8200/wd/hub/session/2237fba1-6f46-4ad3-a16c-d8c502a02b8b/element] with body: {"strategy":"-android uiautomator","selector":"new UiScrollable(new UiSelector()).scrollIntoView(text(\"4\"));","context":"","multiple":false}
[debug] &amp#27;[35m[WD Proxy]&amp#27;[39m Got response with status 200: {"sessionId":"2237fba1-6f46-4ad3-a16c-d8c502a02b8b","value":{"ELEMENT":"b6ba25b9-6153-4e35-bd2a-ef66e88725a3","element-6066-11e4-a52e-4f735466cecf":"b6ba25b9-6153-4e35-bd2a-ef66e88725a3"}}
[debug] &amp#27;[35m[W3C (4b1a498c)]&amp#27;[39m Responding to client with driver.findElement() result: {"element-6066-11e4-a52e-4f735466cecf":"b6ba25b9-6153-4e35-bd2a-ef66e88725a3","ELEMENT":"b6ba25b9-6153-4e35-bd2a-ef66e88725a3"}
&amp#27;[35m[HTTP]&amp#27;[39m &amp#27;[37m<-- POST /wd/hub/session/4b1a498c-3774-4cf9-a2fe-021ea34b4d5e/element &amp#27;[39m&amp#27;[32m200&amp#27;[39m &amp#27;[90m70 ms - 137&amp#27;[39m
&amp#27;[35m[HTTP]&amp#27;[39m &amp#27;[90m&amp#27;[39m
&amp#27;[35m[HTTP]&amp#27;[39m &amp#27;[37m-->&amp#27;[39m &amp#27;[37mPOST&amp#27;[39m &amp#27;[37m/wd/hub/session/4b1a498c-3774-4cf9-a2fe-021ea34b4d5e/touch/perform&amp#27;[39m
&amp#27;[35m[HTTP]&amp#27;[39m &amp#27;[90m{"actions":[{"action":"tap","options":{"element":"b6ba25b9-6153-4e35-bd2a-ef66e88725a3"}}]}&amp#27;[39m
[debug] &amp#27;[35m[W3C (4b1a498c)]&amp#27;[39m Calling AppiumDriver.performTouch() with args: [[{"action":"tap","options":{"element":"b6ba25b9-6153-4e35-bd2a-ef66e88725a3"}}],"4b1a498c-3774-4cf9-a2fe-021ea34b4d5e"]
&amp#27;[35m[UiAutomator2]&amp#27;[39m calling get location: b6ba25b9-6153-4e35-bd2a-ef66e88725a3
[debug] &amp#27;[35m[WD Proxy]&amp#27;[39m Matched '/element/b6ba25b9-6153-4e35-bd2a-ef66e88725a3/location' to command name 'getLocation'
[debug] &amp#27;[35m[WD Proxy]&amp#27;[39m Proxying [GET /element/b6ba25b9-6153-4e35-bd2a-ef66e88725a3/location] to [GET http://127.0.0.1:8200/wd/hub/session/2237fba1-6f46-4ad3-a16c-d8c502a02b8b/element/b6ba25b9-6153-4e35-bd2a-ef66e88725a3/location] with no body
[debug] &amp#27;[35m[WD Proxy]&amp#27;[39m Got response with status 200: {"sessionId":"2237fba1-6f46-4ad3-a16c-d8c502a02b8b","value":{"x":491,"y":790}}
[debug] &amp#27;[35m[WD Proxy]&amp#27;[39m Matched '/element/b6ba25b9-6153-4e35-bd2a-ef66e88725a3/size' to command name 'getSize'
[debug] &amp#27;[35m[WD Proxy]&amp#27;[39m Proxying [GET /element/b6ba25b9-6153-4e35-bd2a-ef66e88725a3/size] to [GET http://127.0.0.1:8200/wd/hub/session/2237fba1-6f46-4ad3-a16c-d8c502a02b8b/element/b6ba25b9-6153-4e35-bd2a-ef66e88725a3/size] with no body
[debug] &amp#27;[35m[WD Proxy]&amp#27;[39m Got response with status 200: {"sessionId":"2237fba1-6f46-4ad3-a16c-d8c502a02b8b","value":{"height":105,"width":92}}
[debug] &amp#27;[35m[WD Proxy]&amp#27;[39m Proxying [POST /appium/tap] to [POST http://127.0.0.1:8200/wd/hub/session/2237fba1-6f46-4ad3-a16c-d8c502a02b8b/appium/tap] with body: {"x":537,"y":842.5,"undefined":null}
[debug] &amp#27;[35m[WD Proxy]&amp#27;[39m Got response with status 200: {"sessionId":"2237fba1-6f46-4ad3-a16c-d8c502a02b8b","value":null}
[debug] &amp#27;[35m[W3C (4b1a498c)]&amp#27;[39m Responding to client with driver.performTouch() result: null
&amp#27;[35m[HTTP]&amp#27;[39m &amp#27;[37m<-- POST /wd/hub/session/4b1a498c-3774-4cf9-a2fe-021ea34b4d5e/touch/perform &amp#27;[39m&amp#27;[32m200&amp#27;[39m &amp#27;[90m810 ms - 14&amp#27;[39m
&amp#27;[35m[HTTP]&amp#27;[39m &amp#27;[90m&amp#27;[39m
&amp#27;[35m[HTTP]&amp#27;[39m &amp#27;[37m-->&amp#27;[39m &amp#27;[37mPOST&amp#27;[39m &amp#27;[37m/wd/hub/session/4b1a498c-3774-4cf9-a2fe-021ea34b4d5e/touch/perform&amp#27;[39m
&amp#27;[35m[HTTP]&amp#27;[39m &amp#27;[90m{"actions":[]}&amp#27;[39m
[debug] &amp#27;[35m[W3C (4b1a498c)]&amp#27;[39m Calling AppiumDriver.performTouch() with args: [[],"4b1a498c-3774-4cf9-a2fe-021ea34b4d5e"]
[debug] &amp#27;[35m[W3C (4b1a498c)]&amp#27;[39m Responding to client with driver.performTouch() result: null
&amp#27;[35m[HTTP]&amp#27;[39m &amp#27;[37m<-- POST /wd/hub/session/4b1a498c-3774-4cf9-a2fe-021ea34b4d5e/touch/perform &amp#27;[39m&amp#27;[32m200&amp#27;[39m &amp#27;[90m2 ms - 14&amp#27;[39m
&amp#27;[35m[HTTP]&amp#27;[39m &amp#27;[90m&amp#27;[39m
&amp#27;[35m[HTTP]&amp#27;[39m &amp#27;[37m-->&amp#27;[39m &amp#27;[37mGET&amp#27;[39m &amp#27;[37m/wd/hub/session/4b1a498c-3774-4cf9-a2fe-021ea34b4d5e/context&amp#27;[39m
&amp#27;[35m[HTTP]&amp#27;[39m &amp#27;[90m{}&amp#27;[39m
[debug] &amp#27;[35m[W3C (4b1a498c)]&amp#27;[39m Calling AppiumDriver.getCurrentContext() with args: ["4b1a498c-3774-4cf9-a2fe-021ea34b4d5e"]
[debug] &amp#27;[35m[W3C (4b1a498c)]&amp#27;[39m Responding to client with driver.getCurrentContext() result: "NATIVE_APP"
&amp#27;[35m[HTTP]&amp#27;[39m &amp#27;[37m<-- GET /wd/hub/session/4b1a498c-3774-4cf9-a2fe-021ea34b4d5e/context &amp#27;[39m&amp#27;[32m200&amp#27;[39m &amp#27;[90m2 ms - 22&amp#27;[39m
&amp#27;[35m[HTTP]&amp#27;[39m &amp#27;[90m&amp#27;[39m
&amp#27;[35m[HTTP]&amp#27;[39m &amp#27;[37m-->&amp#27;[39m &amp#27;[37mPOST&amp#27;[39m &amp#27;[37m/wd/hub/session/4b1a498c-3774-4cf9-a2fe-021ea34b4d5e/element&amp#27;[39m
&amp#27;[35m[HTTP]&amp#27;[39m &amp#27;[90m{"using":"id","value":"android:id/button1"}&amp#27;[39m
[debug] &amp#27;[35m[W3C (4b1a498c)]&amp#27;[39m Calling AppiumDriver.findElement() with args: ["id","android:id/button1","4b1a498c-3774-4cf9-a2fe-021ea34b4d5e"]
[debug] &amp#27;[35m[BaseDriver]&amp#27;[39m Valid locator strategies for this request: xpath, id, class name, accessibility id, -android uiautomator
[debug] &amp#27;[35m[BaseDriver]&amp#27;[39m Waiting up to 30000 ms for condition
[debug] &amp#27;[35m[WD Proxy]&amp#27;[39m Matched '/element' to command name 'findElement'
[debug] &amp#27;[35m[WD Proxy]&amp#27;[39m Proxying [POST /element] to [POST http://127.0.0.1:8200/wd/hub/session/2237fba1-6f46-4ad3-a16c-d8c502a02b8b/element] with body: {"strategy":"id","selector":"android:id/button1","context":"","multiple":false}
[debug] &amp#27;[35m[WD Proxy]&amp#27;[39m Got response with status 200: {"sessionId":"2237fba1-6f46-4ad3-a16c-d8c502a02b8b","value":{"ELEMENT":"c3a687b2-a39c-4068-a891-0af17436523d","element-6066-11e4-a52e-4f735466cecf":"c3a687b2-a39c-4068-a891-0af17436523d"}}
[debug] &amp#27;[35m[W3C (4b1a498c)]&amp#27;[39m Responding to client with driver.findElement() result: {"element-6066-11e4-a52e-4f735466cecf":"c3a687b2-a39c-4068-a891-0af17436523d","ELEMENT":"c3a687b2-a39c-4068-a891-0af17436523d"}
&amp#27;[35m[HTTP]&amp#27;[39m &amp#27;[37m<-- POST /wd/hub/session/4b1a498c-3774-4cf9-a2fe-021ea34b4d5e/element &amp#27;[39m&amp#27;[32m200&amp#27;[39m &amp#27;[90m299 ms - 137&amp#27;[39m
&amp#27;[35m[HTTP]&amp#27;[39m &amp#27;[90m&amp#27;[39m
&amp#27;[35m[HTTP]&amp#27;[39m &amp#27;[37m-->&amp#27;[39m &amp#27;[37mPOST&amp#27;[39m &amp#27;[37m/wd/hub/session/4b1a498c-3774-4cf9-a2fe-021ea34b4d5e/element/c3a687b2-a39c-4068-a891-0af17436523d/click&amp#27;[39m
&amp#27;[35m[HTTP]&amp#27;[39m &amp#27;[90m{"id":"c3a687b2-a39c-4068-a891-0af17436523d"}&amp#27;[39m
[debug] &amp#27;[35m[W3C (4b1a498c)]&amp#27;[39m Calling AppiumDriver.click() with args: ["c3a687b2-a39c-4068-a891-0af17436523d","4b1a498c-3774-4cf9-a2fe-021ea34b4d5e"]
[debug] &amp#27;[35m[WD Proxy]&amp#27;[39m Matched '/element/c3a687b2-a39c-4068-a891-0af17436523d/click' to command name 'click'
[debug] &amp#27;[35m[WD Proxy]&amp#27;[39m Proxying [POST /element/c3a687b2-a39c-4068-a891-0af17436523d/click] to [POST http://127.0.0.1:8200/wd/hub/session/2237fba1-6f46-4ad3-a16c-d8c502a02b8b/element/c3a687b2-a39c-4068-a891-0af17436523d/click] with body: {"element":"c3a687b2-a39c-4068-a891-0af17436523d"}
[debug] &amp#27;[35m[WD Proxy]&amp#27;[39m Got response with status 200: {"sessionId":"2237fba1-6f46-4ad3-a16c-d8c502a02b8b","value":null}
[debug] &amp#27;[35m[W3C (4b1a498c)]&amp#27;[39m Responding to client with driver.click() result: null
&amp#27;[35m[HTTP]&amp#27;[39m &amp#27;[37m<-- POST /wd/hub/session/4b1a498c-3774-4cf9-a2fe-021ea34b4d5e/element/c3a687b2-a39c-4068-a891-0af17436523d/click &amp#27;[39m&amp#27;[32m200&amp#27;[39m &amp#27;[90m21 ms - 14&amp#27;[39m
&amp#27;[35m[HTTP]&amp#27;[39m &amp#27;[90m&amp#27;[39m
&amp#27;[35m[HTTP]&amp#27;[39m &amp#27;[37m-->&amp#27;[39m &amp#27;[37mGET&amp#27;[39m &amp#27;[37m/wd/hub/session/4b1a498c-3774-4cf9-a2fe-021ea34b4d5e/context&amp#27;[39m
&amp#27;[35m[HTTP]&amp#27;[39m &amp#27;[90m{}&amp#27;[39m
[debug] &amp#27;[35m[W3C (4b1a498c)]&amp#27;[39m Calling AppiumDriver.getCurrentContext() with args: ["4b1a498c-3774-4cf9-a2fe-021ea34b4d5e"]
[debug] &amp#27;[35m[W3C (4b1a498c)]&amp#27;[39m Responding to client with driver.getCurrentContext() result: "NATIVE_APP"
&amp#27;[35m[HTTP]&amp#27;[39m &amp#27;[37m<-- GET /wd/hub/session/4b1a498c-3774-4cf9-a2fe-021ea34b4d5e/context &amp#27;[39m&amp#27;[32m200&amp#27;[39m &amp#27;[90m1 ms - 22&amp#27;[39m
&amp#27;[35m[HTTP]&amp#27;[39m &amp#27;[90m&amp#27;[39m
&amp#27;[35m[HTTP]&amp#27;[39m &amp#27;[37m-->&amp#27;[39m &amp#27;[37mPOST&amp#27;[39m &amp#27;[37m/wd/hub/session/4b1a498c-3774-4cf9-a2fe-021ea34b4d5e/element&amp#27;[39m
&amp#27;[35m[HTTP]&amp#27;[39m &amp#27;[90m{"using":"id","value":"android:id/toggle_mode"}&amp#27;[39m
[debug] &amp#27;[35m[W3C (4b1a498c)]&amp#27;[39m Calling AppiumDriver.findElement() with args: ["id","android:id/toggle_mode","4b1a498c-3774-4cf9-a2fe-021ea34b4d5e"]
[debug] &amp#27;[35m[BaseDriver]&amp#27;[39m Valid locator strategies for this request: xpath, id, class name, accessibility id, -android uiautomator
[debug] &amp#27;[35m[BaseDriver]&amp#27;[39m Waiting up to 30000 ms for condition
[debug] &amp#27;[35m[WD Proxy]&amp#27;[39m Matched '/element' to command name 'findElement'
[debug] &amp#27;[35m[WD Proxy]&amp#27;[39m Proxying [POST /element] to [POST http://127.0.0.1:8200/wd/hub/session/2237fba1-6f46-4ad3-a16c-d8c502a02b8b/element] with body: {"strategy":"id","selector":"android:id/toggle_mode","context":"","multiple":false}
[debug] &amp#27;[35m[WD Proxy]&amp#27;[39m Got response with status 200: {"sessionId":"2237fba1-6f46-4ad3-a16c-d8c502a02b8b","value":{"ELEMENT":"5b6155a4-e1c0-4e61-92b4-11b2df3e64ca","element-6066-11e4-a52e-4f735466cecf":"5b6155a4-e1c0-4e61-92b4-11b2df3e64ca"}}
[debug] &amp#27;[35m[W3C (4b1a498c)]&amp#27;[39m Responding to client with driver.findElement() result: {"element-6066-11e4-a52e-4f735466cecf":"5b6155a4-e1c0-4e61-92b4-11b2df3e64ca","ELEMENT":"5b6155a4-e1c0-4e61-92b4-11b2df3e64ca"}
&amp#27;[35m[HTTP]&amp#27;[39m &amp#27;[37m<-- POST /wd/hub/session/4b1a498c-3774-4cf9-a2fe-021ea34b4d5e/element &amp#27;[39m&amp#27;[32m200&amp#27;[39m &amp#27;[90m451 ms - 137&amp#27;[39m
&amp#27;[35m[HTTP]&amp#27;[39m &amp#27;[90m&amp#27;[39m
&amp#27;[35m[HTTP]&amp#27;[39m &amp#27;[37m-->&amp#27;[39m &amp#27;[37mPOST&amp#27;[39m &amp#27;[37m/wd/hub/session/4b1a498c-3774-4cf9-a2fe-021ea34b4d5e/element/5b6155a4-e1c0-4e61-92b4-11b2df3e64ca/click&amp#27;[39m
&amp#27;[35m[HTTP]&amp#27;[39m &amp#27;[90m{"id":"5b6155a4-e1c0-4e61-92b4-11b2df3e64ca"}&amp#27;[39m
[debug] &amp#27;[35m[W3C (4b1a498c)]&amp#27;[39m Calling AppiumDriver.click() with args: ["5b6155a4-e1c0-4e61-92b4-11b2df3e64ca","4b1a498c-3774-4cf9-a2fe-021ea34b4d5e"]
[debug] &amp#27;[35m[WD Proxy]&amp#27;[39m Matched '/element/5b6155a4-e1c0-4e61-92b4-11b2df3e64ca/click' to command name 'click'
[debug] &amp#27;[35m[WD Proxy]&amp#27;[39m Proxying [POST /element/5b6155a4-e1c0-4e61-92b4-11b2df3e64ca/click] to [POST http://127.0.0.1:8200/wd/hub/session/2237fba1-6f46-4ad3-a16c-d8c502a02b8b/element/5b6155a4-e1c0-4e61-92b4-11b2df3e64ca/click] with body: {"element":"5b6155a4-e1c0-4e61-92b4-11b2df3e64ca"}
[debug] &amp#27;[35m[WD Proxy]&amp#27;[39m Got response with status 200: {"sessionId":"2237fba1-6f46-4ad3-a16c-d8c502a02b8b","value":null}
[debug] &amp#27;[35m[W3C (4b1a498c)]&amp#27;[39m Responding to client with driver.click() result: null
&amp#27;[35m[HTTP]&amp#27;[39m &amp#27;[37m<-- POST /wd/hub/session/4b1a498c-3774-4cf9-a2fe-021ea34b4d5e/element/5b6155a4-e1c0-4e61-92b4-11b2df3e64ca/click &amp#27;[39m&amp#27;[32m200&amp#27;[39m &amp#27;[90m505 ms - 14&amp#27;[39m
 hourToBeSet 7
&amp#27;[35m[HTTP]&amp#27;[39m &amp#27;[90m&amp#27;[39m
&amp#27;[35m[HTTP]&amp#27;[39m &amp#27;[37m-->&amp#27;[39m &amp#27;[37mGET&amp#27;[39m &amp#27;[37m/wd/hub/session/4b1a498c-3774-4cf9-a2fe-021ea34b4d5e/context&amp#27;[39m
&amp#27;[35m[HTTP]&amp#27;[39m &amp#27;[90m{}&amp#27;[39m
[debug] &amp#27;[35m[W3C (4b1a498c)]&amp#27;[39m Calling AppiumDriver.getCurrentContext() with args: ["4b1a498c-3774-4cf9-a2fe-021ea34b4d5e"]
[debug] &amp#27;[35m[W3C (4b1a498c)]&amp#27;[39m Responding to client with driver.getCurrentContext() result: "NATIVE_APP"
&amp#27;[35m[HTTP]&amp#27;[39m &amp#27;[37m<-- GET /wd/hub/session/4b1a498c-3774-4cf9-a2fe-021ea34b4d5e/context &amp#27;[39m&amp#27;[32m200&amp#27;[39m &amp#27;[90m1 ms - 22&amp#27;[39m
&amp#27;[35m[HTTP]&amp#27;[39m &amp#27;[90m&amp#27;[39m
&amp#27;[35m[HTTP]&amp#27;[39m &amp#27;[37m-->&amp#27;[39m &amp#27;[37mPOST&amp#27;[39m &amp#27;[37m/wd/hub/session/4b1a498c-3774-4cf9-a2fe-021ea34b4d5e/element&amp#27;[39m
&amp#27;[35m[HTTP]&amp#27;[39m &amp#27;[90m{"using":"id","value":"android:id/input_hour"}&amp#27;[39m
[debug] &amp#27;[35m[W3C (4b1a498c)]&amp#27;[39m Calling AppiumDriver.findElement() with args: ["id","android:id/input_hour","4b1a498c-3774-4cf9-a2fe-021ea34b4d5e"]
[debug] &amp#27;[35m[BaseDriver]&amp#27;[39m Valid locator strategies for this request: xpath, id, class name, accessibility id, -android uiautomator
[debug] &amp#27;[35m[BaseDriver]&amp#27;[39m Waiting up to 30000 ms for condition
[debug] &amp#27;[35m[WD Proxy]&amp#27;[39m Matched '/element' to command name 'findElement'
[debug] &amp#27;[35m[WD Proxy]&amp#27;[39m Proxying [POST /element] to [POST http://127.0.0.1:8200/wd/hub/session/2237fba1-6f46-4ad3-a16c-d8c502a02b8b/element] with body: {"strategy":"id","selector":"android:id/input_hour","context":"","multiple":false}
[debug] &amp#27;[35m[WD Proxy]&amp#27;[39m Got response with status 200: {"sessionId":"2237fba1-6f46-4ad3-a16c-d8c502a02b8b","value":{"ELEMENT":"ef504fc4-13bc-4da4-a5f5-8e17f43b801a","element-6066-11e4-a52e-4f735466cecf":"ef504fc4-13bc-4da4-a5f5-8e17f43b801a"}}
[debug] &amp#27;[35m[W3C (4b1a498c)]&amp#27;[39m Responding to client with driver.findElement() result: {"element-6066-11e4-a52e-4f735466cecf":"ef504fc4-13bc-4da4-a5f5-8e17f43b801a","ELEMENT":"ef504fc4-13bc-4da4-a5f5-8e17f43b801a"}
&amp#27;[35m[HTTP]&amp#27;[39m &amp#27;[37m<-- POST /wd/hub/session/4b1a498c-3774-4cf9-a2fe-021ea34b4d5e/element &amp#27;[39m&amp#27;[32m200&amp#27;[39m &amp#27;[90m860 ms - 137&amp#27;[39m
&amp#27;[35m[HTTP]&amp#27;[39m &amp#27;[90m&amp#27;[39m
&amp#27;[35m[HTTP]&amp#27;[39m &amp#27;[37m-->&amp#27;[39m &amp#27;[37mPOST&amp#27;[39m &amp#27;[37m/wd/hub/session/4b1a498c-3774-4cf9-a2fe-021ea34b4d5e/element/ef504fc4-13bc-4da4-a5f5-8e17f43b801a/clear&amp#27;[39m
&amp#27;[35m[HTTP]&amp#27;[39m &amp#27;[90m{"id":"ef504fc4-13bc-4da4-a5f5-8e17f43b801a"}&amp#27;[39m
[debug] &amp#27;[35m[W3C (4b1a498c)]&amp#27;[39m Calling AppiumDriver.clear() with args: ["ef504fc4-13bc-4da4-a5f5-8e17f43b801a","4b1a498c-3774-4cf9-a2fe-021ea34b4d5e"]
[debug] &amp#27;[35m[WD Proxy]&amp#27;[39m Matched '/element/ef504fc4-13bc-4da4-a5f5-8e17f43b801a/clear' to command name 'clear'
[debug] &amp#27;[35m[WD Proxy]&amp#27;[39m Proxying [POST /element/ef504fc4-13bc-4da4-a5f5-8e17f43b801a/clear] to [POST http://127.0.0.1:8200/wd/hub/session/2237fba1-6f46-4ad3-a16c-d8c502a02b8b/element/ef504fc4-13bc-4da4-a5f5-8e17f43b801a/clear] with body: {"elementId":"ef504fc4-13bc-4da4-a5f5-8e17f43b801a"}
[debug] &amp#27;[35m[WD Proxy]&amp#27;[39m Got response with status 200: {"sessionId":"2237fba1-6f46-4ad3-a16c-d8c502a02b8b","value":null}
[debug] &amp#27;[35m[W3C (4b1a498c)]&amp#27;[39m Responding to client with driver.clear() result: null
&amp#27;[35m[HTTP]&amp#27;[39m &amp#27;[37m<-- POST /wd/hub/session/4b1a498c-3774-4cf9-a2fe-021ea34b4d5e/element/ef504fc4-13bc-4da4-a5f5-8e17f43b801a/clear &amp#27;[39m&amp#27;[32m200&amp#27;[39m &amp#27;[90m135 ms - 14&amp#27;[39m
&amp#27;[35m[HTTP]&amp#27;[39m &amp#27;[90m&amp#27;[39m
&amp#27;[35m[HTTP]&amp#27;[39m &amp#27;[37m-->&amp#27;[39m &amp#27;[37mGET&amp#27;[39m &amp#27;[37m/wd/hub/session/4b1a498c-3774-4cf9-a2fe-021ea34b4d5e/context&amp#27;[39m
&amp#27;[35m[HTTP]&amp#27;[39m &amp#27;[90m{}&amp#27;[39m
[debug] &amp#27;[35m[W3C (4b1a498c)]&amp#27;[39m Calling AppiumDriver.getCurrentContext() with args: ["4b1a498c-3774-4cf9-a2fe-021ea34b4d5e"]
[debug] &amp#27;[35m[W3C (4b1a498c)]&amp#27;[39m Responding to client with driver.getCurrentContext() result: "NATIVE_APP"
&amp#27;[35m[HTTP]&amp#27;[39m &amp#27;[37m<-- GET /wd/hub/session/4b1a498c-3774-4cf9-a2fe-021ea34b4d5e/context &amp#27;[39m&amp#27;[32m200&amp#27;[39m &amp#27;[90m1 ms - 22&amp#27;[39m
&amp#27;[35m[HTTP]&amp#27;[39m &amp#27;[90m&amp#27;[39m
&amp#27;[35m[HTTP]&amp#27;[39m &amp#27;[37m-->&amp#27;[39m &amp#27;[37mPOST&amp#27;[39m &amp#27;[37m/wd/hub/session/4b1a498c-3774-4cf9-a2fe-021ea34b4d5e/element&amp#27;[39m
&amp#27;[35m[HTTP]&amp#27;[39m &amp#27;[90m{"using":"id","value":"android:id/input_hour"}&amp#27;[39m
[debug] &amp#27;[35m[W3C (4b1a498c)]&amp#27;[39m Calling AppiumDriver.findElement() with args: ["id","android:id/input_hour","4b1a498c-3774-4cf9-a2fe-021ea34b4d5e"]
[debug] &amp#27;[35m[BaseDriver]&amp#27;[39m Valid locator strategies for this request: xpath, id, class name, accessibility id, -android uiautomator
[debug] &amp#27;[35m[BaseDriver]&amp#27;[39m Waiting up to 30000 ms for condition
[debug] &amp#27;[35m[WD Proxy]&amp#27;[39m Matched '/element' to command name 'findElement'
[debug] &amp#27;[35m[WD Proxy]&amp#27;[39m Proxying [POST /element] to [POST http://127.0.0.1:8200/wd/hub/session/2237fba1-6f46-4ad3-a16c-d8c502a02b8b/element] with body: {"strategy":"id","selector":"android:id/input_hour","context":"","multiple":false}
[debug] &amp#27;[35m[WD Proxy]&amp#27;[39m Got response with status 200: {"sessionId":"2237fba1-6f46-4ad3-a16c-d8c502a02b8b","value":{"ELEMENT":"4d9a3aa2-e6ec-4ebe-a926-fa66560ec246","element-6066-11e4-a52e-4f735466cecf":"4d9a3aa2-e6ec-4ebe-a926-fa66560ec246"}}
[debug] &amp#27;[35m[W3C (4b1a498c)]&amp#27;[39m Responding to client with driver.findElement() result: {"element-6066-11e4-a52e-4f735466cecf":"4d9a3aa2-e6ec-4ebe-a926-fa66560ec246","ELEMENT":"4d9a3aa2-e6ec-4ebe-a926-fa66560ec246"}
&amp#27;[35m[HTTP]&amp#27;[39m &amp#27;[37m<-- POST /wd/hub/session/4b1a498c-3774-4cf9-a2fe-021ea34b4d5e/element &amp#27;[39m&amp#27;[32m200&amp#27;[39m &amp#27;[90m114 ms - 137&amp#27;[39m
&amp#27;[35m[HTTP]&amp#27;[39m &amp#27;[90m&amp#27;[39m
&amp#27;[35m[HTTP]&amp#27;[39m &amp#27;[37m-->&amp#27;[39m &amp#27;[37mPOST&amp#27;[39m &amp#27;[37m/wd/hub/session/4b1a498c-3774-4cf9-a2fe-021ea34b4d5e/element/4d9a3aa2-e6ec-4ebe-a926-fa66560ec246/value&amp#27;[39m
&amp#27;[35m[HTTP]&amp#27;[39m &amp#27;[90m{"id":"4d9a3aa2-e6ec-4ebe-a926-fa66560ec246","text":"7","value":["7"]}&amp#27;[39m
[debug] &amp#27;[35m[W3C (4b1a498c)]&amp#27;[39m Calling AppiumDriver.setValue() with args: [["7"],"4d9a3aa2-e6ec-4ebe-a926-fa66560ec246","4b1a498c-3774-4cf9-a2fe-021ea34b4d5e"]
[debug] &amp#27;[35m[WD Proxy]&amp#27;[39m Matched '/element/4d9a3aa2-e6ec-4ebe-a926-fa66560ec246/value' to command name 'setValue'
[debug] &amp#27;[35m[Protocol Converter]&amp#27;[39m Added 'value' property ["7"] to 'setValue' request body
[debug] &amp#27;[35m[WD Proxy]&amp#27;[39m Proxying [POST /element/4d9a3aa2-e6ec-4ebe-a926-fa66560ec246/value] to [POST http://127.0.0.1:8200/wd/hub/session/2237fba1-6f46-4ad3-a16c-d8c502a02b8b/element/4d9a3aa2-e6ec-4ebe-a926-fa66560ec246/value] with body: {"elementId":"4d9a3aa2-e6ec-4ebe-a926-fa66560ec246","text":"7","replace":false,"value":["7"]}
[debug] &amp#27;[35m[WD Proxy]&amp#27;[39m Got response with status 200: {"sessionId":"2237fba1-6f46-4ad3-a16c-d8c502a02b8b","value":null}
[debug] &amp#27;[35m[W3C (4b1a498c)]&amp#27;[39m Responding to client with driver.setValue() result: null
&amp#27;[35m[HTTP]&amp#27;[39m &amp#27;[37m<-- POST /wd/hub/session/4b1a498c-3774-4cf9-a2fe-021ea34b4d5e/element/4d9a3aa2-e6ec-4ebe-a926-fa66560ec246/value &amp#27;[39m&amp#27;[32m200&amp#27;[39m &amp#27;[90m360 ms - 14&amp#27;[39m
&amp#27;[35m[HTTP]&amp#27;[39m &amp#27;[90m&amp#27;[39m
&amp#27;[35m[HTTP]&amp#27;[39m &amp#27;[37m-->&amp#27;[39m &amp#27;[37mGET&amp#27;[39m &amp#27;[37m/wd/hub/session/4b1a498c-3774-4cf9-a2fe-021ea34b4d5e/context&amp#27;[39m
&amp#27;[35m[HTTP]&amp#27;[39m &amp#27;[90m{}&amp#27;[39m
[debug] &amp#27;[35m[W3C (4b1a498c)]&amp#27;[39m Calling AppiumDriver.getCurrentContext() with args: ["4b1a498c-3774-4cf9-a2fe-021ea34b4d5e"]
[debug] &amp#27;[35m[W3C (4b1a498c)]&amp#27;[39m Responding to client with driver.getCurrentContext() result: "NATIVE_APP"
&amp#27;[35m[HTTP]&amp#27;[39m &amp#27;[37m<-- GET /wd/hub/session/4b1a498c-3774-4cf9-a2fe-021ea34b4d5e/context &amp#27;[39m&amp#27;[32m200&amp#27;[39m &amp#27;[90m1 ms - 22&amp#27;[39m
&amp#27;[35m[HTTP]&amp#27;[39m &amp#27;[90m&amp#27;[39m
&amp#27;[35m[HTTP]&amp#27;[39m &amp#27;[37m-->&amp#27;[39m &amp#27;[37mPOST&amp#27;[39m &amp#27;[37m/wd/hub/session/4b1a498c-3774-4cf9-a2fe-021ea34b4d5e/element&amp#27;[39m
&amp#27;[35m[HTTP]&amp#27;[39m &amp#27;[90m{"using":"id","value":"android:id/input_hour"}&amp#27;[39m
[debug] &amp#27;[35m[W3C (4b1a498c)]&amp#27;[39m Calling AppiumDriver.findElement() with args: ["id","android:id/input_hour","4b1a498c-3774-4cf9-a2fe-021ea34b4d5e"]
[debug] &amp#27;[35m[BaseDriver]&amp#27;[39m Valid locator strategies for this request: xpath, id, class name, accessibility id, -android uiautomator
[debug] &amp#27;[35m[BaseDriver]&amp#27;[39m Waiting up to 30000 ms for condition
[debug] &amp#27;[35m[WD Proxy]&amp#27;[39m Matched '/element' to command name 'findElement'
[debug] &amp#27;[35m[WD Proxy]&amp#27;[39m Proxying [POST /element] to [POST http://127.0.0.1:8200/wd/hub/session/2237fba1-6f46-4ad3-a16c-d8c502a02b8b/element] with body: {"strategy":"id","selector":"android:id/input_hour","context":"","multiple":false}
[debug] &amp#27;[35m[WD Proxy]&amp#27;[39m Got response with status 200: {"sessionId":"2237fba1-6f46-4ad3-a16c-d8c502a02b8b","value":{"ELEMENT":"0ddd8b2d-0aa4-4432-993d-7bb23ae95ae0","element-6066-11e4-a52e-4f735466cecf":"0ddd8b2d-0aa4-4432-993d-7bb23ae95ae0"}}
[debug] &amp#27;[35m[W3C (4b1a498c)]&amp#27;[39m Responding to client with driver.findElement() result: {"element-6066-11e4-a52e-4f735466cecf":"0ddd8b2d-0aa4-4432-993d-7bb23ae95ae0","ELEMENT":"0ddd8b2d-0aa4-4432-993d-7bb23ae95ae0"}
&amp#27;[35m[HTTP]&amp#27;[39m &amp#27;[37m<-- POST /wd/hub/session/4b1a498c-3774-4cf9-a2fe-021ea34b4d5e/element &amp#27;[39m&amp#27;[32m200&amp#27;[39m &amp#27;[90m487 ms - 137&amp#27;[39m
&amp#27;[35m[HTTP]&amp#27;[39m &amp#27;[90m&amp#27;[39m
&amp#27;[35m[HTTP]&amp#27;[39m &amp#27;[37m-->&amp#27;[39m &amp#27;[37mGET&amp#27;[39m &amp#27;[37m/wd/hub/session/4b1a498c-3774-4cf9-a2fe-021ea34b4d5e/element/0ddd8b2d-0aa4-4432-993d-7bb23ae95ae0/text&amp#27;[39m
&amp#27;[35m[HTTP]&amp#27;[39m &amp#27;[90m{}&amp#27;[39m
&amp#27;[35m[W3C (4b1a498c)]&amp#27;[39m Driver proxy active, passing request on via HTTP proxy
[debug] &amp#27;[35m[WD Proxy]&amp#27;[39m Matched '/wd/hub/session/4b1a498c-3774-4cf9-a2fe-021ea34b4d5e/element/0ddd8b2d-0aa4-4432-993d-7bb23ae95ae0/text' to command name 'getText'
[debug] &amp#27;[35m[WD Proxy]&amp#27;[39m Proxying [GET /wd/hub/session/4b1a498c-3774-4cf9-a2fe-021ea34b4d5e/element/0ddd8b2d-0aa4-4432-993d-7bb23ae95ae0/text] to [GET http://127.0.0.1:8200/wd/hub/session/2237fba1-6f46-4ad3-a16c-d8c502a02b8b/element/0ddd8b2d-0aa4-4432-993d-7bb23ae95ae0/text] with no body
[debug] &amp#27;[35m[WD Proxy]&amp#27;[39m Got response with status 200: {"sessionId":"2237fba1-6f46-4ad3-a16c-d8c502a02b8b","value":"7"}
&amp#27;[35m[WD Proxy]&amp#27;[39m Replacing sessionId 2237fba1-6f46-4ad3-a16c-d8c502a02b8b with 4b1a498c-3774-4cf9-a setTimePage hour 7
2fe-021ea34b4d5e
&amp#27;[35m[HTTP]&amp#27;[39m &amp#27;[37m<-- GET /wd/hub/session/4b1a498c-3774-4cf9-a2fe-021ea34b4d5e/element/0ddd8b2d-0aa4-4432-993d-7bb23ae95ae0/text &amp#27;[39m&amp#27;[32m200&amp#27;[39m &amp#27;[90m16 ms - 64&amp#27;[39m
&amp#27;[35m[HTTP]&amp#27;[39m &amp#27;[90m&amp#27;[39m
&amp#27;[35m[HTTP]&amp#27;[39m &amp#27;[37m-->&amp#27;[39m &amp#27;[37mGET&amp#27;[39m &amp#27;[37m/wd/hub/session/4b1a498c-3774-4cf9-a2fe-021ea34b4d5e/context&amp#27;[39m
&amp#27;[35m[HTTP]&amp#27;[39m &amp#27;[90m{}&amp#27;[39m
[debug] &amp#27;[35m[W3C (4b1a498c)]&amp#27;[39m Calling AppiumDriver.getCurrentContext() with args: ["4b1a498c-3774-4cf9-a2fe-021ea34b4d5e"]
[debug] &amp#27;[35m[W3C (4b1a498c)]&amp#27;[39m Responding to client with driver.getCurrentContext() result: "NATIVE_APP"
&amp#27;[35m[HTTP]&amp#27;[39m &amp#27;[37m<-- GET /wd/hub/session/4b1a498c-3774-4cf9-a2fe-021ea34b4d5e/context &amp#27;[39m&amp#27;[32m200&amp#27;[39m &amp#27;[90m1 ms - 22&amp#27;[39m
&amp#27;[35m[HTTP]&amp#27;[39m &amp#27;[90m&amp#27;[39m
&amp#27;[35m[HTTP]&amp#27;[39m &amp#27;[37m-->&amp#27;[39m &amp#27;[37mPOST&amp#27;[39m &amp#27;[37m/wd/hub/session/4b1a498c-3774-4cf9-a2fe-021ea34b4d5e/element&amp#27;[39m
&amp#27;[35m[HTTP]&amp#27;[39m &amp#27;[90m{"using":"id","value":"android:id/input_minute"}&amp#27;[39m
[debug] &amp#27;[35m[W3C (4b1a498c)]&amp#27;[39m Calling AppiumDriver.findElement() with args: ["id","android:id/input_minute","4b1a498c-3774-4cf9-a2fe-021ea34b4d5e"]
[debug] &amp#27;[35m[BaseDriver]&amp#27;[39m Valid locator strategies for this request: xpath, id, class name, accessibility id, -android uiautomator
[debug] &amp#27;[35m[BaseDriver]&amp#27;[39m Waiting up to 30000 ms for condition
[debug] &amp#27;[35m[WD Proxy]&amp#27;[39m Matched '/element' to command name 'findElement'
[debug] &amp#27;[35m[WD Proxy]&amp#27;[39m Proxying [POST /element] to [POST http://127.0.0.1:8200/wd/hub/session/2237fba1-6f46-4ad3-a16c-d8c502a02b8b/element] with body: {"strategy":"id","selector":"android:id/input_minute","context":"","multiple":false}
[debug] &amp#27;[35m[WD Proxy]&amp#27;[39m Got response with status 200: {"sessionId":"2237fba1-6f46-4ad3-a16c-d8c502a02b8b","value":{"ELEMENT":"a5deca84-2eef-45af-bf18-e416c16af487","element-6066-11e4-a52e-4f735466cecf":"a5deca84-2eef-45af-bf18-e416c16af487"}}
[debug] &amp#27;[35m[W3C (4b1a498c)]&amp#27;[39m Responding to client with driver.findElement() result: {"element-6066-11e4-a52e-4f735466cecf":"a5deca84-2eef-45af-bf18-e416c16af487","ELEMENT":"a5deca84-2eef-45af-bf18-e416c16af487"}
&amp#27;[35m[HTTP]&amp#27;[39m &amp#27;[37m<-- POST /wd/hub/session/4b1a498c-3774-4cf9-a2fe-021ea34b4d5e/element &amp#27;[39m&amp#27;[32m200&amp#27;[39m &amp#27;[90m17 ms - 137&amp#27;[39m
&amp#27;[35m[HTTP]&amp#27;[39m &amp#27;[90m&amp#27;[39m
&amp#27;[35m[HTTP]&amp#27;[39m &amp#27;[37m-->&amp#27;[39m &amp#27;[37mPOST&amp#27;[39m &amp#27;[37m/wd/hub/session/4b1a498c-3774-4cf9-a2fe-021ea34b4d5e/element/a5deca84-2eef-45af-bf18-e416c16af487/clear&amp#27;[39m
&amp#27;[35m[HTTP]&amp#27;[39m &amp#27;[90m{"id":"a5deca84-2eef-45af-bf18-e416c16af487"}&amp#27;[39m
[debug] &amp#27;[35m[W3C (4b1a498c)]&amp#27;[39m Calling AppiumDriver.clear() with args: ["a5deca84-2eef-45af-bf18-e416c16af487","4b1a498c-3774-4cf9-a2fe-021ea34b4d5e"]
[debug] &amp#27;[35m[WD Proxy]&amp#27;[39m Matched '/element/a5deca84-2eef-45af-bf18-e416c16af487/clear' to command name 'clear'
[debug] &amp#27;[35m[WD Proxy]&amp#27;[39m Proxying [POST /element/a5deca84-2eef-45af-bf18-e416c16af487/clear] to [POST http://127.0.0.1:8200/wd/hub/session/2237fba1-6f46-4ad3-a16c-d8c502a02b8b/element/a5deca84-2eef-45af-bf18-e416c16af487/clear] with body: {"elementId":"a5deca84-2eef-45af-bf18-e416c16af487"}
[debug] &amp#27;[35m[WD Proxy]&amp#27;[39m Got response with status 200: {"sessionId":"2237fba1-6f46-4ad3-a16c-d8c502a02b8b","value":null}
[debug] &amp#27;[35m[W3C (4b1a498c)]&amp#27;[39m Responding to client with driver.clear() result: null
&amp#27;[35m[HTTP]&amp#27;[39m &amp#27;[37m<-- POST /wd/hub/session/4b1a498c-3774-4cf9-a2fe-021ea34b4d5e/element/a5deca84-2eef-45af-bf18-e416c16af487/clear &amp#27;[39m&amp#27;[32m200&amp#27;[39m &amp#27;[90m18 ms - 14&amp#27;[39m
&amp#27;[35m[HTTP]&amp#27;[39m &amp#27;[90m&amp#27;[39m
&amp#27;[35m[HTTP]&amp#27;[39m &amp#27;[37m-->&amp#27;[39m &amp#27;[37mGET&amp#27;[39m &amp#27;[37m/wd/hub/session/4b1a498c-3774-4cf9-a2fe-021ea34b4d5e/context&amp#27;[39m
&amp#27;[35m[HTTP]&amp#27;[39m &amp#27;[90m{}&amp#27;[39m
[debug] &amp#27;[35m[W3C (4b1a498c)]&amp#27;[39m Calling AppiumDriver.getCurrentContext() with args: ["4b1a498c-3774-4cf9-a2fe-021ea34b4d5e"]
[debug] &amp#27;[35m[W3C (4b1a498c)]&amp#27;[39m Responding to client with driver.getCurrentContext() result: "NATIVE_APP"
&amp#27;[35m[HTTP]&amp#27;[39m &amp#27;[37m<-- GET /wd/hub/session/4b1a498c-3774-4cf9-a2fe-021ea34b4d5e/context &amp#27;[39m&amp#27;[32m200&amp#27;[39m &amp#27;[90m1 ms - 22&amp#27;[39m
&amp#27;[35m[HTTP]&amp#27;[39m &amp#27;[90m&amp#27;[39m
&amp#27;[35m[HTTP]&amp#27;[39m &amp#27;[37m-->&amp#27;[39m &amp#27;[37mPOST&amp#27;[39m &amp#27;[37m/wd/hub/session/4b1a498c-3774-4cf9-a2fe-021ea34b4d5e/element&amp#27;[39m
&amp#27;[35m[HTTP]&amp#27;[39m &amp#27;[90m{"using":"id","value":"android:id/input_minute"}&amp#27;[39m
[debug] &amp#27;[35m[W3C (4b1a498c)]&amp#27;[39m Calling AppiumDriver.findElement() with args: ["id","android:id/input_minute","4b1a498c-3774-4cf9-a2fe-021ea34b4d5e"]
[debug] &amp#27;[35m[BaseDriver]&amp#27;[39m Valid locator strategies for this request: xpath, id, class name, accessibility id, -android uiautomator
[debug] &amp#27;[35m[BaseDriver]&amp#27;[39m Waiting up to 30000 ms for condition
[debug] &amp#27;[35m[WD Proxy]&amp#27;[39m Matched '/element' to command name 'findElement'
[debug] &amp#27;[35m[WD Proxy]&amp#27;[39m Proxying [POST /element] to [POST http://127.0.0.1:8200/wd/hub/session/2237fba1-6f46-4ad3-a16c-d8c502a02b8b/element] with body: {"strategy":"id","selector":"android:id/input_minute","context":"","multiple":false}
[debug] &amp#27;[35m[WD Proxy]&amp#27;[39m Got response with status 200: {"sessionId":"2237fba1-6f46-4ad3-a16c-d8c502a02b8b","value":{"ELEMENT":"1e063e38-9375-4b03-afb4-a057298fc1bd","element-6066-11e4-a52e-4f735466cecf":"1e063e38-9375-4b03-afb4-a057298fc1bd"}}
[debug] &amp#27;[35m[W3C (4b1a498c)]&amp#27;[39m Responding to client with driver.findElement() result: {"element-6066-11e4-a52e-4f735466cecf":"1e063e38-9375-4b03-afb4-a057298fc1bd","ELEMENT":"1e063e38-9375-4b03-afb4-a057298fc1bd"}
&amp#27;[35m[HTTP]&amp#27;[39m &amp#27;[37m<-- POST /wd/hub/session/4b1a498c-3774-4cf9-a2fe-021ea34b4d5e/element &amp#27;[39m&amp#27;[32m200&amp#27;[39m &amp#27;[90m496 ms - 137&amp#27;[39m
&amp#27;[35m[HTTP]&amp#27;[39m &amp#27;[90m&amp#27;[39m
&amp#27;[35m[HTTP]&amp#27;[39m &amp#27;[37m-->&amp#27;[39m &amp#27;[37mPOST&amp#27;[39m &amp#27;[37m/wd/hub/session/4b1a498c-3774-4cf9-a2fe-021ea34b4d5e/element/1e063e38-9375-4b03-afb4-a057298fc1bd/value&amp#27;[39m
&amp#27;[35m[HTTP]&amp#27;[39m &amp#27;[90m{"id":"1e063e38-9375-4b03-afb4-a057298fc1bd","text":"60","value":["6","0"]}&amp#27;[39m
[debug] &amp#27;[35m[W3C (4b1a498c)]&amp#27;[39m Calling AppiumDriver.setValue() with args: [["6","0"],"1e063e38-9375-4b03-afb4-a057298fc1bd","4b1a498c-3774-4cf9-a2fe-021ea34b4d5e"]
[debug] &amp#27;[35m[WD Proxy]&amp#27;[39m Matched '/element/1e063e38-9375-4b03-afb4-a057298fc1bd/value' to command name 'setValue'
[debug] &amp#27;[35m[Protocol Converter]&amp#27;[39m Added 'value' property ["6","0"] to 'setValue' request body
[debug] &amp#27;[35m[WD Proxy]&amp#27;[39m Proxying [POST /element/1e063e38-9375-4b03-afb4-a057298fc1bd/value] to [POST http://127.0.0.1:8200/wd/hub/session/2237fba1-6f46-4ad3-a16c-d8c502a02b8b/element/1e063e38-9375-4b03-afb4-a057298fc1bd/value] with body: {"elementId":"1e063e38-9375-4b03-afb4-a057298fc1bd","text":"60","replace":false,"value":["6","0"]}
[debug] &amp#27;[35m[WD Proxy]&amp#27;[39m Got response with status 200: {"sessionId":"2237fba1-6f46-4ad3-a16c-d8c502a02b8b","value":null}
[debug] &amp#27;[35m[W3C (4b1a498c)]&amp#27;[39m Responding to client with driver.setValue() result: null
&amp#27;[35m[HTTP]&amp#27;[39m &amp#27;[37m<-- POST /wd/hub/session/4b1a498c-3774-4cf9-a2fe-021ea34b4d5e/element/1e063e38-9375-4b03-afb4-a057298fc1bd/value &amp#27;[39m&amp#27;[32m200&amp#27;[39m &amp#27;[90m19 ms - 14&amp#27;[39m
&amp#27;[35m[HTTP]&amp#27;[39m &amp#27;[90m&amp#27;[39m
&amp#27;[35m[HTTP]&amp#27;[39m &amp#27;[37m-->&amp#27;[39m &amp#27;[37mGET&amp#27;[39m &amp#27;[37m/wd/hub/session/4b1a498c-3774-4cf9-a2fe-021ea34b4d5e/context&amp#27;[39m
&amp#27;[35m[HTTP]&amp#27;[39m &amp#27;[90m{}&amp#27;[39m
[debug] &amp#27;[35m[W3C (4b1a498c)]&amp#27;[39m Calling AppiumDriver.getCurrentContext() with args: ["4b1a498c-3774-4cf9-a2fe-021ea34b4d5e"]
[debug] &amp#27;[35m[W3C (4b1a498c)]&amp#27;[39m Responding to client with driver.getCurrentContext() result: "NATIVE_APP"
&amp#27;[35m[HTTP]&amp#27;[39m &amp#27;[37m<-- GET /wd/hub/session/4b1a498c-3774-4cf9-a2fe-021ea34b4d5e/context &amp#27;[39m&amp#27;[32m200&amp#27;[39m &amp#27;[90m2 ms - 22&amp#27;[39m
&amp#27;[35m[HTTP]&amp#27;[39m &amp#27;[90m&amp#27;[39m
&amp#27;[35m[HTTP]&amp#27;[39m &amp#27;[37m-->&amp#27;[39m &amp#27;[37mPOST&amp#27;[39m &amp#27;[37m/wd/hub/session/4b1a498c-3774-4cf9-a2fe-021ea34b4d5e/element&amp#27;[39m
&amp#27;[35m[HTTP]&amp#27;[39m &amp#27;[90m{"using":"id","value":"android:id/input_minute"}&amp#27;[39m
[debug] &amp#27;[35m[W3C (4b1a498c)]&amp#27;[39m Calling AppiumDriver.findElement() with args: ["id","android:id/input_minute","4b1a498c-3774-4cf9-a2fe-021ea34b4d5e"]
[debug] &amp#27;[35m[BaseDriver]&amp#27;[39m Valid locator strategies for this request: xpath, id, class name, accessibility id, -android uiautomator
[debug] &amp#27;[35m[BaseDriver]&amp#27;[39m Waiting up to 30000 ms for condition
[debug] &amp#27;[35m[WD Proxy]&amp#27;[39m Matched '/element' to command name 'findElement'
[debug] &amp#27;[35m[WD Proxy]&amp#27;[39m Proxying [POST /element] to [POST http://127.0.0.1:8200/wd/hub/session/2237fba1-6f46-4ad3-a16c-d8c502a02b8b/element] with body: {"strategy":"id","selector":"android:id/input_minute","context":"","multiple":false}
[debug] &amp#27;[35m[WD Proxy]&amp#27;[39m Got response with status 200: {"sessionId":"2237fba1-6f46-4ad3-a16c-d8c502a02b8b","value":{"ELEMENT":"5d2f3ac3-d5ee-485f-b36c-53e9aa8b456a","element-6066-11e4-a52e-4f735466cecf":"5d2f3ac3-d5ee-485f-b36c-53e9aa8b456a"}}
[debug] &amp#27;[35m[W3C (4b1a498c)]&amp#27;[39m Responding to client with driver.findElement() result: {"element-6066-11e4-a52e-4f735466cecf":"5d2f3ac3-d5ee-485f-b36c-53e9aa8b456a","ELEMENT":"5d2f3ac3-d5ee-485f-b36c-53e9aa8b456a"}
&amp#27;[35m[HTTP]&amp#27;[39m &amp#27;[37m<-- POST /wd/hub/session/4b1a498c-3774-4cf9-a2fe-021ea34b4d5e/element &amp#27;[39m&amp#27;[32m200&amp#27;[39m &amp#27;[90m495 ms - 137&amp#27;[39m
&amp#27;[35m[HTTP]&amp#27;[39m &amp#27;[90m&amp#27;[39m
&amp#27;[35m[HTTP]&amp#27;[39m &amp#27;[37m-->&amp#27;[39m &amp#27;[37mGET&amp#27;[39m &amp#27;[37m/wd/hub/session/4b1a498c-3774-4cf9-a2fe-021ea34b4d5e/element/5d2f3ac3-d5ee-485f-b36c-53e9aa8b456a/text&amp#27;[39m
&amp#27;[35m[HTTP]&amp#27;[39m &amp#27;[90m{}&amp#27;[39m
&amp#27;[35m[W3C (4b1a498c)]&amp#27;[39m Driver proxy active, passing request on via HTTP proxy
[debug] &amp#27;[35m[WD Proxy]&amp#27;[39m Matched '/wd/hub/session/4b1a498c-3774-4cf9-a2fe-021ea34b4d5e/element/5d2f3ac3-d5ee-485f-b36c-53e9aa8b456a/text' to command name 'getText'
[debug] &amp#27;[35m[WD Proxy]&amp#27;[39m Proxying [GET /wd/hub/session/4b1a498c-3774-4cf9-a2fe-021ea34b4d5e/element/5d2f3ac3-d5ee-485f-b36c-53e9aa8b456a/text] to [GET http://127.0.0.1:8200/wd/hub/session/2237fba1-6f46-4ad3-a16c-d8c502a02b8b/element/5d2f3ac3-d5ee-485f-b36c-53e9aa8b456a/text] with no body
[debug] &amp#27;[35m[WD Proxy]&amp#27;[39m Got response with status 200: {"sessionId":"2237fba1-6f46-4ad3-a16c-d8c502a02b8b","value":"60"}
&amp#27;[35m[WD Proxy]&amp#27;[39m Replacing sessionId 2237fba1-6f46-4ad3-a16c-d8c setTimePage minutes 60
502a02b8b with 4b1a498c-3774-4cf9-a2fe-021ea34b4d5e
&amp#27;[35m[HTTP]&amp#27;[39m &amp#27;[37m<-- GET /wd/hub/session/4b1a498c-3774-4cf9-a2fe-021ea34b4d5e/element/5d2f3ac3-d5ee-485f-b36c-53e9aa8b456a/text &amp#27;[39m&amp#27;[32m200&amp#27;[39m &amp#27;[90m16 ms - 65&amp#27;[39m
&amp#27;[35m[HTTP]&amp#27;[39m &amp#27;[90m&amp#27;[39m
&amp#27;[35m[HTTP]&amp#27;[39m &amp#27;[37m-->&amp#27;[39m &amp#27;[37mGET&amp#27;[39m &amp#27;[37m/wd/hub/session/4b1a498c-3774-4cf9-a2fe-021ea34b4d5e/context&amp#27;[39m
&amp#27;[35m[HTTP]&amp#27;[39m &amp#27;[90m{}&amp#27;[39m
[debug] &amp#27;[35m[W3C (4b1a498c)]&amp#27;[39m Calling AppiumDriver.getCurrentContext() with args: ["4b1a498c-3774-4cf9-a2fe-021ea34b4d5e"]
[debug] &amp#27;[35m[W3C (4b1a498c)]&amp#27;[39m Responding to client with driver.getCurrentContext() result: "NATIVE_APP"
&amp#27;[35m[HTTP]&amp#27;[39m &amp#27;[37m<-- GET /wd/hub/session/4b1a498c-3774-4cf9-a2fe-021ea34b4d5e/context &amp#27;[39m&amp#27;[32m200&amp#27;[39m &amp#27;[90m1 ms - 22&amp#27;[39m
&amp#27;[35m[HTTP]&amp#27;[39m &amp#27;[90m&amp#27;[39m
&amp#27;[35m[HTTP]&amp#27;[39m &amp#27;[37m-->&amp#27;[39m &amp#27;[37mPOST&amp#27;[39m &amp#27;[37m/wd/hub/session/4b1a498c-3774-4cf9-a2fe-021ea34b4d5e/element&amp#27;[39m
&amp#27;[35m[HTTP]&amp#27;[39m &amp#27;[90m{"using":"id","value":"android:id/text1"}&amp#27;[39m
[debug] &amp#27;[35m[W3C (4b1a498c)]&amp#27;[39m Calling AppiumDriver.findElement() with args: ["id","android:id/text1","4b1a498c-3774-4cf9-a2fe-021ea34b4d5e"]
[debug] &amp#27;[35m[BaseDriver]&amp#27;[39m Valid locator strategies for this request: xpath, id, class name, accessibility id, -android uiautomator
[debug] &amp#27;[35m[BaseDriver]&amp#27;[39m Waiting up to 30000 ms for condition
[debug] &amp#27;[35m[WD Proxy]&amp#27;[39m Matched '/element' to command name 'findElement'
[debug] &amp#27;[35m[WD Proxy]&amp#27;[39m Proxying [POST /element] to [POST http://127.0.0.1:8200/wd/hub/session/2237fba1-6f46-4ad3-a16c-d8c502a02b8b/element] with body: {"strategy":"id","selector":"android:id/text1","context":"","multiple":false}
[debug] &amp#27;[35m[WD Proxy]&amp#27;[39m Got response with status 200: {"sessionId":"2237fba1-6f46-4ad3-a16c-d8c502a02b8b","value":{"ELEMENT":"bd38ef4b-20b2-41a2-8c04-57f4665b1317","element-6066-11e4-a52e-4f735466cecf":"bd38ef4b-20b2-41a2-8c04-57f4665b1317"}}
[debug] &amp#27;[35m[W3C (4b1a498c)]&amp#27;[39m Responding to client with driver.findElement() result: {"element-6066-11e4-a52e-4f735466cecf":"bd38ef4b-20b2-41a2-8c04-57f4665b1317","ELEMENT":"bd38ef4b-20b2-41a2-8c04-57f4665b1317"}
&amp#27;[35m[HTTP]&amp#27;[39m &amp#27;[37m<-- POST /wd/hub/session/4b1a498c-3774-4cf9-a2fe-021ea34b4d5e/element &amp#27;[39m&amp#27;[32m200&amp#27;[39m &amp#27;[90m15 ms - 137&amp#27;[39m
&amp#27;[35m[HTTP]&amp#27;[39m &amp#27;[90m&amp#27;[39m
&amp#27;[35m[HTTP]&amp#27;[39m &amp#27;[37m-->&amp#27;[39m &amp#27;[37mGET&amp#27;[39m &amp#27;[37m/wd/hub/session/4b1a498c-3774-4cf9-a2fe-021ea34b4d5e/element/bd38ef4b-20b2-41a2-8c04-57f4665b1317/text&amp#27;[39m
&amp#27;[35m[HTTP]&amp#27;[39m &amp#27;[90m{}&amp#27;[39m
&amp#27;[35m[W3C (4b1a498c)]&amp#27;[39m Driver proxy active, passing request on via HTTP proxy
[debug] &amp#27;[35m[WD Proxy]&amp#27;[39m Matched '/wd/hub/session/4b1a498c-3774-4cf9-a2fe-021ea34b4d5e/element/bd38ef4b-20b2-41a2-8c04-57f4665b1317/text' to command name 'getText'
[debug] &amp#27;[35m[WD Proxy]&amp#27;[39m Proxying [GET /wd/hub/session/4b1a498c-3774-4cf9-a2fe-021ea34b4d5e/element/bd38ef4b-20b2-41a2-8c04-57f4665b1317/text] to [GET http://127.0.0.1:8200/wd/hub/session/2237fba1-6f46-4ad3-a16c-d8c502a02b8b/element/bd38ef4b-20b2-41a2-8c04-57f4665b1317/text] with no body
[debug] &amp#27;[35m[WD Proxy]&amp#27;[39m Got response with status 200: {"sessionId":"2237fba1-6f46-4ad3-a16c-d8c502a02b8b","value":"AM"}
&amp#27;[35m[WD Proxy]&amp#27;[39m Replacing sessionId 2237fba1-6f46-4ad3-a16c-d8c502a02b8b with 4b1a498c-3774-4cf9-a2fe-021ea34b4d5e
&amp#27;[35m[HTTP]&amp#27;[39m &amp#27;[37m<-- GET /wd/hub/session/4b1a498c-3774-4cf9-a2fe-021ea34b4d5e/element/bd38ef4b-20b2-41a2-8c04-57f4665b1317/text &amp#27;[39m&amp#27;[32m200&amp#27;[39m &amp#27;[90m11 ms - 65&amp#27;[39m
&amp#27;[35m[HTTP]&amp#27;[39m &amp#27;[90m&amp#27;[39m
&amp#27;[35m[HTTP]&amp#27;[39m &amp#27;[37m-->&amp#27;[39m &amp#27;[37mGET&amp#27;[39m &amp#27;[37m/wd/hub/session/4b1a498c-3774-4cf9-a2fe-021ea34b4d5e/context&amp#27;[39m
&amp#27;[35m[HTTP]&amp#27;[39m &amp#27;[90m{}&amp#27;[39m
[debug] &amp#27;[35m[W3C (4b1a498c)]&amp#27;[39m Calling AppiumDriver.getCurrentContext() with args: ["4b1a498c-3774-4cf9-a2fe-021ea34b4d5e"]
[debug] &amp#27;[35m[W3C (4b1a498c)]&amp#27;[39m Responding to client with driver.getCurrentContext() result: "NATIVE_APP"
&amp#27;[35m[HTTP]&amp#27;[39m &amp#27;[37m<-- GET /wd/hub/session/4b1a498c-3774-4cf9-a2fe-021ea34b4d5e/context &amp#27;[39m&amp#27;[32m200&amp#27;[39m &amp#27;[90m1 ms - 22&amp#27;[39m
&amp#27;[35m[HTTP]&amp#27;[39m &amp#27;[90m&amp#27;[39m
&amp#27;[35m[HTTP]&amp#27;[39m &amp#27;[37m-->&amp#27;[39m &amp#27;[37mPOST&amp#27;[39m &amp#27;[37m/wd/hub/session/4b1a498c-3774-4cf9-a2fe-021ea34b4d5e/element&amp#27;[39m
&amp#27;[35m[HTTP]&amp#27;[39m &amp#27;[90m{"using":"id","value":"android:id/am_pm_spinner"}&amp#27;[39m
[debug] &amp#27;[35m[W3C (4b1a498c)]&amp#27;[39m Calling AppiumDriver.findElement() with args: ["id","android:id/am_pm_spinner","4b1a498c-3774-4cf9-a2fe-021ea34b4d5e"]
[debug] &amp#27;[35m[BaseDriver]&amp#27;[39m Valid locator strategies for this request: xpath, id, class name, accessibility id, -android uiautomator
[debug] &amp#27;[35m[BaseDriver]&amp#27;[39m Waiting up to 30000 ms for condition
[debug] &amp#27;[35m[WD Proxy]&amp#27;[39m Matched '/element' to command name 'findElement'
[debug] &amp#27;[35m[WD Proxy]&amp#27;[39m Proxying [POST /element] to [POST http://127.0.0.1:8200/wd/hub/session/2237fba1-6f46-4ad3-a16c-d8c502a02b8b/element] with body: {"strategy":"id","selector":"android:id/am_pm_spinner","context":"","multiple":false}
[debug] &amp#27;[35m[WD Proxy]&amp#27;[39m Got response with status 200: {"sessionId":"2237fba1-6f46-4ad3-a16c-d8c502a02b8b","value":{"ELEMENT":"a18175eb-433c-4ba5-a745-63db92a5f9ef","element-6066-11e4-a52e-4f735466cecf":"a18175eb-433c-4ba5-a745-63db92a5f9ef"}}
[debug] &amp#27;[35m[W3C (4b1a498c)]&amp#27;[39m Responding to client with driver.findElement() result: {"element-6066-11e4-a52e-4f735466cecf":"a18175eb-433c-4ba5-a745-63db92a5f9ef","ELEMENT":"a18175eb-433c-4ba5-a745-63db92a5f9ef"}
&amp#27;[35m[HTTP]&amp#27;[39m &amp#27;[37m<-- POST /wd/hub/session/4b1a498c-3774-4cf9-a2fe-021ea34b4d5e/element &amp#27;[39m&amp#27;[32m200&amp#27;[39m &amp#27;[90m14 ms - 137&amp#27;[39m
&amp#27;[35m[HTTP]&amp#27;[39m &amp#27;[90m&amp#27;[39m
&amp#27;[35m[HTTP]&amp#27;[39m &amp#27;[37m-->&amp#27;[39m &amp#27;[37mPOST&amp#27;[39m &amp#27;[37m/wd/hub/session/4b1a498c-3774-4cf9-a2fe-021ea34b4d5e/element/a18175eb-433c-4ba5-a745-63db92a5f9ef/click&amp#27;[39m
&amp#27;[35m[HTTP]&amp#27;[39m &amp#27;[90m{"id":"a18175eb-433c-4ba5-a745-63db92a5f9ef"}&amp#27;[39m
[debug] &amp#27;[35m[W3C (4b1a498c)]&amp#27;[39m Calling AppiumDriver.click() with args: ["a18175eb-433c-4ba5-a745-63db92a5f9ef","4b1a498c-3774-4cf9-a2fe-021ea34b4d5e"]
[debug] &amp#27;[35m[WD Proxy]&amp#27;[39m Matched '/element/a18175eb-433c-4ba5-a745-63db92a5f9ef/click' to command name 'click'
[debug] &amp#27;[35m[WD Proxy]&amp#27;[39m Proxying [POST /element/a18175eb-433c-4ba5-a745-63db92a5f9ef/click] to [POST http://127.0.0.1:8200/wd/hub/session/2237fba1-6f46-4ad3-a16c-d8c502a02b8b/element/a18175eb-433c-4ba5-a745-63db92a5f9ef/click] with body: {"element":"a18175eb-433c-4ba5-a745-63db92a5f9ef"}
[debug] &amp#27;[35m[WD Proxy]&amp#27;[39m Got response with status 200: {"sessionId":"2237fba1-6f46-4ad3-a16c-d8c502a02b8b","value":null}
[debug] &amp#27;[35m[W3C (4b1a498c)]&amp#27;[39m RespoCurrent APPM Value is AM
nding to client with driver.click() result: null
 search Web element   new UiScrollable(new UiSelector()).scrollIntoView(text("AM"));
&amp#27;[35m[HTTP]&amp#27;[39m &amp#27;[37m<-- POST /wd/hub/session/4b1a498c-3774-4cf9-a2fe-021ea34b4d5e/element/a18175eb-433c-4ba5-a745-63db92a5f9ef/click &amp#27;[39m&amp#27;[32m200&amp#27;[39m &amp#27;[90m18 ms - 14&amp#27;[39m
&amp#27;[35m[HTTP]&amp#27;[39m &amp#27;[90m&amp#27;[39m
&amp#27;[35m[HTTP]&amp#27;[39m &amp#27;[37m-->&amp#27;[39m &amp#27;[37mPOST&amp#27;[39m &amp#27;[37m/wd/hub/session/4b1a498c-3774-4cf9-a2fe-021ea34b4d5e/element&amp#27;[39m
&amp#27;[35m[HTTP]&amp#27;[39m &amp#27;[90m{"using":"-android uiautomator","value":"new UiScrollable(new UiSelector()).scrollIntoView(text(\"AM\"));"}&amp#27;[39m
[debug] &amp#27;[35m[W3C (4b1a498c)]&amp#27;[39m Calling AppiumDriver.findElement() with args: ["-android uiautomator","new UiScrollable(new UiSelector()).scrollIntoView(text(\"AM\"));","4b1a498c-3774-4cf9-a2fe-021ea34b4d5e"]
[debug] &amp#27;[35m[BaseDriver]&amp#27;[39m Valid locator strategies for this request: xpath, id, class name, accessibility id, -android uiautomator
[debug] &amp#27;[35m[BaseDriver]&amp#27;[39m Waiting up to 30000 ms for condition
[debug] &amp#27;[35m[WD Proxy]&amp#27;[39m Matched '/element' to command name 'findElement'
[debug] &amp#27;[35m[WD Proxy]&amp#27;[39m Proxying [POST /element] to [POST http://127.0.0.1:8200/wd/hub/session/2237fba1-6f46-4ad3-a16c-d8c502a02b8b/element] with body: {"strategy":"-android uiautomator","selector":"new UiScrollable(new UiSelector()).scrollIntoView(text(\"AM\"));","context":"","multiple":false}
[debug] &amp#27;[35m[WD Proxy]&amp#27;[39m Got response with status 200: {"sessionId":"2237fba1-6f46-4ad3-a16c-d8c502a02b8b","value":{"ELEMENT":"54c4f0eb-96c6-439c-b20f-f055b6c2c5d0","element-6066-11e4-a52e-4f735466cecf":"54c4f0eb-96c6-439c-b20f-f055b6c2c5d0"}}
[debug] &amp#27;[35m[W3C (4b1a498c)]&amp#27;[39m Responding to client with driver.findElement() result: {"element-6066-11e4-a52e-4f735466cecf":"54c4f0eb-96c6-439c-b20f-f055b6c2c5d0","ELEMENT":"54c4f0eb-96c6-439c-b20f-f055b6c2c5d0"}
&amp#27;[35m[HTTP]&amp#27;[39m &amp#27;[37m<-- POST /wd/hub/session/4b1a498c-3774-4cf9-a2fe-021ea34b4d5e/element &amp#27;[39m&amp#27;[32m200&amp#27;[39m &amp#27;[90m980 ms - 137&amp#27;[39m
&amp#27;[35m[HTTP]&amp#27;[39m &amp#27;[90m&amp#27;[39m
&amp#27;[35m[HTTP]&amp#27;[39m &amp#27;[37m-->&amp#27;[39m &amp#27;[37mPOST&amp#27;[39m &amp#27;[37m/wd/hub/session/4b1a498c-3774-4cf9-a2fe-021ea34b4d5e/touch/perform&amp#27;[39m
&amp#27;[35m[HTTP]&amp#27;[39m &amp#27;[90m{"actions":[{"action":"tap","options":{"element":"54c4f0eb-96c6-439c-b20f-f055b6c2c5d0"}}]}&amp#27;[39m
[debug] &amp#27;[35m[W3C (4b1a498c)]&amp#27;[39m Calling AppiumDriver.performTouch() with args: [[{"action":"tap","options":{"element":"54c4f0eb-96c6-439c-b20f-f055b6c2c5d0"}}],"4b1a498c-3774-4cf9-a2fe-021ea34b4d5e"]
&amp#27;[35m[UiAutomator2]&amp#27;[39m calling get location: 54c4f0eb-96c6-439c-b20f-f055b6c2c5d0
[debug] &amp#27;[35m[WD Proxy]&amp#27;[39m Matched '/element/54c4f0eb-96c6-439c-b20f-f055b6c2c5d0/location' to command name 'getLocation'
[debug] &amp#27;[35m[WD Proxy]&amp#27;[39m Proxying [GET /element/54c4f0eb-96c6-439c-b20f-f055b6c2c5d0/location] to [GET http://127.0.0.1:8200/wd/hub/session/2237fba1-6f46-4ad3-a16c-d8c502a02b8b/element/54c4f0eb-96c6-439c-b20f-f055b6c2c5d0/location] with no body
[debug] &amp#27;[35m[WD Proxy]&amp#27;[39m Got response with status 200: {"sessionId":"2237fba1-6f46-4ad3-a16c-d8c502a02b8b","value":{"x":623,"y":951}}
[debug] &amp#27;[35m[WD Proxy]&amp#27;[39m Matched '/element/54c4f0eb-96c6-439c-b20f-f055b6c2c5d0/size' to command name 'getSize'
[debug] &amp#27;[35m[WD Proxy]&amp#27;[39m Proxying [GET /element/54c4f0eb-96c6-439c-b20f-f055b6c2c5d0/size] to [GET http://127.0.0.1:8200/wd/hub/session/2237fba1-6f46-4ad3-a16c-d8c502a02b8b/element/54c4f0eb-96c6-439c-b20f-f055b6c2c5d0/size] with no body
[debug] &amp#27;[35m[WD Proxy]&amp#27;[39m Got response with status 200: {"sessionId":"2237fba1-6f46-4ad3-a16c-d8c502a02b8b","value":{"height":126,"width":22}}
[debug] &amp#27;[35m[WD Proxy]&amp#27;[39m Proxying [POST /appium/tap] to [POST http://127.0.0.1:8200/wd/hub/session/2237fba1-6f46-4ad3-a16c-d8c502a02b8b/appium/tap] with body: {"x":634,"y":1014,"undefined":null}
[debug] &amp#27;[35m[WD Proxy]&amp#27;[39m Got response with status 200: {"sessionId":"2237fba1-6f46-4ad3-a16c-d8c502a02b8b","value":null}
[debug] &amp#27;[35m[W3C (4b1a498c)]&amp#27;[39m Responding to client with driver.performTouch() result: null
&amp#27;[35m[HTTP]&amp#27;[39m &amp#27;[37m<-- POST /wd/hub/session/4b1a498c-3774-4cf9-a2fe-021ea34b4d5e/touch/perform &amp#27;[39m&amp#27;[32m200&amp#27;[39m &amp#27;[90m715 ms - 14&amp#27;[39m
&amp#27;[35m[HTTP]&amp#27;[39m &amp#27;[90m&amp#27;[39m
&amp#27;[35m[HTTP]&amp#27;[39m &amp#27;[37m-->&amp#27;[39m &amp#27;[37mGET&amp#27;[39m &amp#27;[37m/wd/hub/session/4b1a498c-3774-4cf9-a2fe-021ea34b4d5e/context&amp#27;[39m
&amp#27;[35m[HTTP]&amp#27;[39m &amp#27;[90m{}&amp#27;[39m
[debug] &amp#27;[35m[W3C (4b1a498c)]&amp#27;[39m Calling AppiumDriver.getCurrentContext() with args: ["4b1a498c-3774-4cf9-a2fe-021ea34b4d5e"]
[debug] &amp#27;[35m[W3C (4b1a498c)]&amp#27;[39m Responding to client with driver.getCurrentContext() result: "NATIVE_APP"
&amp#27;[35m[HTTP]&amp#27;[39m &amp#27;[37m<-- GET /wd/hub/session/4b1a498c-3774-4cf9-a2fe-021ea34b4d5e/context &amp#27;[39m&amp#27;[32m200&amp#27;[39m &amp#27;[90m1 ms - 22&amp#27;[39m
&amp#27;[35m[HTTP]&amp#27;[39m &amp#27;[90m&amp#27;[39m
&amp#27;[35m[HTTP]&amp#27;[39m &amp#27;[37m-->&amp#27;[39m &amp#27;[37mPOST&amp#27;[39m &amp#27;[37m/wd/hub/session/4b1a498c-3774-4cf9-a2fe-021ea34b4d5e/element&amp#27;[39m
&amp#27;[35m[HTTP]&amp#27;[39m &amp#27;[90m{"using":"id","value":"android:id/button1"}&amp#27;[39m
[debug] &amp#27;[35m[W3C (4b1a498c)]&amp#27;[39m Calling AppiumDriver.findElement() with args: ["id","android:id/button1","4b1a498c-3774-4cf9-a2fe-021ea34b4d5e"]
[debug] &amp#27;[35m[BaseDriver]&amp#27;[39m Valid locator strategies for this request: xpath, id, class name, accessibility id, -android uiautomator
[debug] &amp#27;[35m[BaseDriver]&amp#27;[39m Waiting up to 30000 ms for condition
[debug] &amp#27;[35m[WD Proxy]&amp#27;[39m Matched '/element' to command name 'findElement'
[debug] &amp#27;[35m[WD Proxy]&amp#27;[39m Proxying [POST /element] to [POST http://127.0.0.1:8200/wd/hub/session/2237fba1-6f46-4ad3-a16c-d8c502a02b8b/element] with body: {"strategy":"id","selector":"android:id/button1","context":"","multiple":false}
[debug] &amp#27;[35m[WD Proxy]&amp#27;[39m Got response with status 200: {"sessionId":"2237fba1-6f46-4ad3-a16c-d8c502a02b8b","value":{"ELEMENT":"0071f0ed-974e-48a4-a706-6a6e05085698","element-6066-11e4-a52e-4f735466cecf":"0071f0ed-974e-48a4-a706-6a6e05085698"}}
[debug] &amp#27;[35m[W3C (4b1a498c)]&amp#27;[39m Responding to client with driver.findElement() result: {"element-6066-11e4-a52e-4f735466cecf":"0071f0ed-974e-48a4-a706-6a6e05085698","ELEMENT":"0071f0ed-974e-48a4-a706-6a6e05085698"}
&amp#27;[35m[HTTP]&amp#27;[39m &amp#27;[37m<-- POST /wd/hub/session/4b1a498c-3774-4cf9-a2fe-021ea34b4d5e/element &amp#27;[39m&amp#27;[32m200&amp#27;[39m &amp#27;[90m21 ms - 137&amp#27;[39m
&amp#27;[35m[HTTP]&amp#27;[39m &amp#27;[90m&amp#27;[39m
&amp#27;[35m[HTTP]&amp#27;[39m &amp#27;[37m-->&amp#27;[39m &amp#27;[37mPOST&amp#27;[39m &amp#27;[37m/wd/hub/session/4b1a498c-3774-4cf9-a2fe-021ea34b4d5e/element/0071f0ed-974e-48a4-a706-6a6e05085698/click&amp#27;[39m
&amp#27;[35m[HTTP]&amp#27;[39m &amp#27;[90m{"id":"0071f0ed-974e-48a4-a706-6a6e05085698"}&amp#27;[39m
[debug] &amp#27;[35m[W3C (4b1a498c)]&amp#27;[39m Calling AppiumDriver.click() with args: ["0071f0ed-974e-48a4-a706-6a6e05085698","4b1a498c-3774-4cf9-a2fe-021ea34b4d5e"]
[debug] &amp#27;[35m[WD Proxy]&amp#27;[39m Matched '/element/0071f0ed-974e-48a4-a706-6a6e05085698/click' to command name 'click'
[debug] &amp#27;[35m[WD Proxy]&amp#27;[39m Proxying [POST /element/0071f0ed-974e-48a4-a706-6a6e05085698/click] to [POST http://127.0.0.1:8200/wd/hub/session/2237fba1-6f46-4ad3-a16c-d8c502a02b8b/element/0071f0ed-974e-48a4-a706-6a6e05085698/click] with body: {"element":"0071f0ed-974e-48a4-a706-6a6e05085698"}
[debug] &amp#27;[35m[WD Proxy]&amp#27;[39m Got response with status 200: {"sessionId":"2237fba1-6f46-4ad3-a16c-d8c502a02b8b","value":null}
[debug] &amp#27;[35m[W3C (4b1a498c)]&amp#27;[39m Responding to client with driver.click() result: null
&amp#27;[35m[HTTP]&amp#27;[39m &amp#27;[37m<-- POST /wd/hub/session/4b1a498c-3774-4cf9-a2fe-021ea34b4d5e/element/0071f0ed-974e-48a4-a706-6a6e05085698/click &amp#27;[39m&amp#27;[32m200&amp#27;[39m &amp#27;[90m22 ms - 14&amp#27;[39m
&amp#27;[35m[HTTP]&amp#27;[39m &amp#27;[90m&amp#27;[39m
&amp#27;[35m[HTTP]&amp#27;[39m &amp#27;[37m-->&amp#27;[39m &amp#27;[37mGET&amp#27;[39m &amp#27;[37m/wd/hub/session/4b1a498c-3774-4cf9-a2fe-021ea34b4d5e/context&amp#27;[39m
&amp#27;[35m[HTTP]&amp#27;[39m &amp#27;[90m{}&amp#27;[39m
[debug] &amp#27;[35m[W3C (4b1a498c)]&amp#27;[39m Calling AppiumDriver.getCurrentContext() with args: ["4b1a498c-3774-4cf9-a2fe-021ea34b4d5e"]
[debug] &amp#27;[35m[W3C (4b1a498c)]&amp#27;[39m Responding to client with driver.getCurrentContext() result: "NATIVE_APP"
&amp#27;[35m[HTTP]&amp#27;[39m &amp#27;[37m<-- GET /wd/hub/session/4b1a498c-3774-4cf9-a2fe-021ea34b4d5e/context &amp#27;[39m&amp#27;[32m200&amp#27;[39m &amp#27;[90m1 ms - 22&amp#27;[39m
&amp#27;[35m[HTTP]&amp#27;[39m &amp#27;[90m&amp#27;[39m
&amp#27;[35m[HTTP]&amp#27;[39m &amp#27;[37m-->&amp#27;[39m &amp#27;[37mPOST&amp#27;[39m &amp#27;[37m/wd/hub/session/4b1a498c-3774-4cf9-a2fe-021ea34b4d5e/element&amp#27;[39m
&amp#27;[35m[HTTP]&amp#27;[39m &amp#27;[90m{"using":"id","value":"com.colt.coltengineering:id/img_date_plan_end"}&amp#27;[39m
[debug] &amp#27;[35m[W3C (4b1a498c)]&amp#27;[39m Calling AppiumDriver.findElement() with args: ["id","com.colt.coltengineering:id/img_date_plan_end","4b1a498c-3774-4cf9-a2fe-021ea34b4d5e"]
[debug] &amp#27;[35m[BaseDriver]&amp#27;[39m Valid locator strategies for this request: xpath, id, class name, accessibility id, -android uiautomator
[debug] &amp#27;[35m[BaseDriver]&amp#27;[39m Waiting up to 30000 ms for condition
[debug] &amp#27;[35m[WD Proxy]&amp#27;[39m Matched '/element' to command name 'findElement'
[debug] &amp#27;[35m[WD Proxy]&amp#27;[39m Proxying [POST /element] to [POST http://127.0.0.1:8200/wd/hub/session/2237fba1-6f46-4ad3-a16c-d8c502a02b8b/element] with body: {"strategy":"id","selector":"com.colt.coltengineering:id/img_date_plan_end","context":"","multiple":false}
&amp#27;[35m[WD Proxy]&amp#27;[39m Got response with status 404: {"sessionId":"2237fba1-6f46-4ad3-a16c-d8c502a02b8b","value":{"error":"no such element","message":"An element could not be located on the page using the given search parameters","stacktrace":"io.appium.uiautomator2.common.exceptions.ElementNotFoundException: An element could not be located on the page using the given search parameters\n\tat io.appium.uiautomator2.handler.FindElement.safeHandle(FindElement.java:73)\n\tat io.appium.uiautomator2.handler.request.SafeRequestHandler.handle(SafeRequestHandler.java:41)\n\tat io.appium.uiautomator2.server.AppiumServlet.handleRequest(AppiumServlet.java:253)\n\tat io.appium.uiautomator2.server.AppiumServlet.handleHttpRequest(AppiumServlet.java:247)\n\tat io.appium.uiautomator2.http.ServerHandler.channelRead(ServerHandler.java:68)\n\tat io.netty.channel.AbstractChannelHandlerContext.invokeChannelRead(AbstractChannelHandlerContext.java:366)\n\tat io.netty.channel.AbstractChannelHandlerContext.invokeChannelRead(AbstractChannelHandlerContext.java:352)\n\tat io.netty.chann...
[debug] &amp#27;[35m[W3C]&amp#27;[39m Matched W3C error code 'no such element' to NoSuchElementError
[debug] &amp#27;[35m[BaseDriver]&amp#27;[39m Waited for 516 ms so far
[debug] &amp#27;[35m[WD Proxy]&amp#27;[39m Matched '/element' to command name 'findElement'
[debug] &amp#27;[35m[WD Proxy]&amp#27;[39m Proxying [POST /element] to [POST http://127.0.0.1:8200/wd/hub/session/2237fba1-6f46-4ad3-a16c-d8c502a02b8b/element] with body: {"strategy":"id","selector":"com.colt.coltengineering:id/img_date_plan_end","context":"","multiple":false}
&amp#27;[35m[WD Proxy]&amp#27;[39m Got response with status 404: {"sessionId":"2237fba1-6f46-4ad3-a16c-d8c502a02b8b","value":{"error":"no such element","message":"An element could not be located on the page using the given search parameters","stacktrace":"io.appium.uiautomator2.common.exceptions.ElementNotFoundException: An element could not be located on the page using the given search parameters\n\tat io.appium.uiautomator2.handler.FindElement.safeHandle(FindElement.java:73)\n\tat io.appium.uiautomator2.handler.request.SafeRequestHandler.handle(SafeRequestHandler.java:41)\n\tat io.appium.uiautomator2.server.AppiumServlet.handleRequest(AppiumServlet.java:253)\n\tat io.appium.uiautomator2.server.AppiumServlet.handleHttpRequest(AppiumServlet.java:247)\n\tat io.appium.uiautomator2.http.ServerHandler.channelRead(ServerHandler.java:68)\n\tat io.netty.channel.AbstractChannelHandlerContext.invokeChannelRead(AbstractChannelHandlerContext.java:366)\n\tat io.netty.channel.AbstractChannelHandlerContext.invokeChannelRead(AbstractChannelHandlerContext.java:352)\n\tat io.netty.chann...
[debug] &amp#27;[35m[W3C]&amp#27;[39m Matched W3C error code 'no such element' to NoSuchElementError
[debug] &amp#27;[35m[BaseDriver]&amp#27;[39m Waited for 1037 ms so far
[debug] &amp#27;[35m[WD Proxy]&amp#27;[39m Matched '/element' to command name 'findElement'
[debug] &amp#27;[35m[WD Proxy]&amp#27;[39m Proxying [POST /element] to [POST http://127.0.0.1:8200/wd/hub/session/2237fba1-6f46-4ad3-a16c-d8c502a02b8b/element] with body: {"strategy":"id","selector":"com.colt.coltengineering:id/img_date_plan_end","context":"","multiple":false}
&amp#27;[35m[WD Proxy]&amp#27;[39m Got response with status 404: {"sessionId":"2237fba1-6f46-4ad3-a16c-d8c502a02b8b","value":{"error":"no such element","message":"An element could not be located on the page using the given search parameters","stacktrace":"io.appium.uiautomator2.common.exceptions.ElementNotFoundException: An element could not be located on the page using the given search parameters\n\tat io.appium.uiautomator2.handler.FindElement.safeHandle(FindElement.java:73)\n\tat io.appium.uiautomator2.handler.request.SafeRequestHandler.handle(SafeRequestHandler.java:41)\n\tat io.appium.uiautomator2.server.AppiumServlet.handleRequest(AppiumServlet.java:253)\n\tat io.appium.uiautomator2.server.AppiumServlet.handleHttpRequest(AppiumServlet.java:247)\n\tat io.appium.uiautomator2.http.ServerHandler.channelRead(ServerHandler.java:68)\n\tat io.netty.channel.AbstractChannelHandlerContext.invokeChannelRead(AbstractChannelHandlerContext.java:366)\n\tat io.netty.channel.AbstractChannelHandlerContext.invokeChannelRead(AbstractChannelHandlerContext.java:352)\n\tat io.netty.chann...
[debug] &amp#27;[35m[W3C]&amp#27;[39m Matched W3C error code 'no such element' to NoSuchElementError
[debug] &amp#27;[35m[BaseDriver]&amp#27;[39m Waited for 1555 ms so far
[debug] &amp#27;[35m[WD Proxy]&amp#27;[39m Matched '/element' to command name 'findElement'
[debug] &amp#27;[35m[WD Proxy]&amp#27;[39m Proxying [POST /element] to [POST http://127.0.0.1:8200/wd/hub/session/2237fba1-6f46-4ad3-a16c-d8c502a02b8b/element] with body: {"strategy":"id","selector":"com.colt.coltengineering:id/img_date_plan_end","context":"","multiple":false}
&amp#27;[35m[WD Proxy]&amp#27;[39m Got response with status 404: {"sessionId":"2237fba1-6f46-4ad3-a16c-d8c502a02b8b","value":{"error":"no such element","message":"An element could not be located on the page using the given search parameters","stacktrace":"io.appium.uiautomator2.common.exceptions.ElementNotFoundException: An element could not be located on the page using the given search parameters\n\tat io.appium.uiautomator2.handler.FindElement.safeHandle(FindElement.java:73)\n\tat io.appium.uiautomator2.handler.request.SafeRequestHandler.handle(SafeRequestHandler.java:41)\n\tat io.appium.uiautomator2.server.AppiumServlet.handleRequest(AppiumServlet.java:253)\n\tat io.appium.uiautomator2.server.AppiumServlet.handleHttpRequest(AppiumServlet.java:247)\n\tat io.appium.uiautomator2.http.ServerHandler.channelRead(ServerHandler.java:68)\n\tat io.netty.channel.AbstractChannelHandlerContext.invokeChannelRead(AbstractChannelHandlerContext.java:366)\n\tat io.netty.channel.AbstractChannelHandlerContext.invokeChannelRead(AbstractChannelHandlerContext.java:352)\n\tat io.netty.chann...
[debug] &amp#27;[35m[W3C]&amp#27;[39m Matched W3C error code 'no such element' to NoSuchElementError
[debug] &amp#27;[35m[BaseDriver]&amp#27;[39m Waited for 2091 ms so far
[debug] &amp#27;[35m[WD Proxy]&amp#27;[39m Matched '/element' to command name 'findElement'
[debug] &amp#27;[35m[WD Proxy]&amp#27;[39m Proxying [POST /element] to [POST http://127.0.0.1:8200/wd/hub/session/2237fba1-6f46-4ad3-a16c-d8c502a02b8b/element] with body: {"strategy":"id","selector":"com.colt.coltengineering:id/img_date_plan_end","context":"","multiple":false}
&amp#27;[35m[WD Proxy]&amp#27;[39m Got response with status 404: {"sessionId":"2237fba1-6f46-4ad3-a16c-d8c502a02b8b","value":{"error":"no such element","message":"An element could not be located on the page using the given search parameters","stacktrace":"io.appium.uiautomator2.common.exceptions.ElementNotFoundException: An element could not be located on the page using the given search parameters\n\tat io.appium.uiautomator2.handler.FindElement.safeHandle(FindElement.java:73)\n\tat io.appium.uiautomator2.handler.request.SafeRequestHandler.handle(SafeRequestHandler.java:41)\n\tat io.appium.uiautomator2.server.AppiumServlet.handleRequest(AppiumServlet.java:253)\n\tat io.appium.uiautomator2.server.AppiumServlet.handleHttpRequest(AppiumServlet.java:247)\n\tat io.appium.uiautomator2.http.ServerHandler.channelRead(ServerHandler.java:68)\n\tat io.netty.channel.AbstractChannelHandlerContext.invokeChannelRead(AbstractChannelHandlerContext.java:366)\n\tat io.netty.channel.AbstractChannelHandlerContext.invokeChannelRead(AbstractChannelHandlerContext.java:352)\n\tat io.netty.chann...
[debug] &amp#27;[35m[W3C]&amp#27;[39m Matched W3C error code 'no such element' to NoSuchElementError
[debug] &amp#27;[35m[BaseDriver]&amp#27;[39m Waited for 2615 ms so far
[debug] &amp#27;[35m[WD Proxy]&amp#27;[39m Matched '/element' to command name 'findElement'
[debug] &amp#27;[35m[WD Proxy]&amp#27;[39m Proxying [POST /element] to [POST http://127.0.0.1:8200/wd/hub/session/2237fba1-6f46-4ad3-a16c-d8c502a02b8b/element] with body: {"strategy":"id","selector":"com.colt.coltengineering:id/img_date_plan_end","context":"","multiple":false}
&amp#27;[35m[WD Proxy]&amp#27;[39m Got response with status 404: {"sessionId":"2237fba1-6f46-4ad3-a16c-d8c502a02b8b","value":{"error":"no such element","message":"An element could not be located on the page using the given search parameters","stacktrace":"io.appium.uiautomator2.common.exceptions.ElementNotFoundException: An element could not be located on the page using the given search parameters\n\tat io.appium.uiautomator2.handler.FindElement.safeHandle(FindElement.java:73)\n\tat io.appium.uiautomator2.handler.request.SafeRequestHandler.handle(SafeRequestHandler.java:41)\n\tat io.appium.uiautomator2.server.AppiumServlet.handleRequest(AppiumServlet.java:253)\n\tat io.appium.uiautomator2.server.AppiumServlet.handleHttpRequest(AppiumServlet.java:247)\n\tat io.appium.uiautomator2.http.ServerHandler.channelRead(ServerHandler.java:68)\n\tat io.netty.channel.AbstractChannelHandlerContext.invokeChannelRead(AbstractChannelHandlerContext.java:366)\n\tat io.netty.channel.AbstractChannelHandlerContext.invokeChannelRead(AbstractChannelHandlerContext.java:352)\n\tat io.netty.chann...
[debug] &amp#27;[35m[W3C]&amp#27;[39m Matched W3C error code 'no such element' to NoSuchElementError
[debug] &amp#27;[35m[BaseDriver]&amp#27;[39m Waited for 3153 ms so far
[debug] &amp#27;[35m[WD Proxy]&amp#27;[39m Matched '/element' to command name 'findElement'
[debug] &amp#27;[35m[WD Proxy]&amp#27;[39m Proxying [POST /element] to [POST http://127.0.0.1:8200/wd/hub/session/2237fba1-6f46-4ad3-a16c-d8c502a02b8b/element] with body: {"strategy":"id","selector":"com.colt.coltengineering:id/img_date_plan_end","context":"","multiple":false}
&amp#27;[35m[WD Proxy]&amp#27;[39m Got response with status 404: {"sessionId":"2237fba1-6f46-4ad3-a16c-d8c502a02b8b","value":{"error":"no such element","message":"An element could not be located on the page using the given search parameters","stacktrace":"io.appium.uiautomator2.common.exceptions.ElementNotFoundException: An element could not be located on the page using the given search parameters\n\tat io.appium.uiautomator2.handler.FindElement.safeHandle(FindElement.java:73)\n\tat io.appium.uiautomator2.handler.request.SafeRequestHandler.handle(SafeRequestHandler.java:41)\n\tat io.appium.uiautomator2.server.AppiumServlet.handleRequest(AppiumServlet.java:253)\n\tat io.appium.uiautomator2.server.AppiumServlet.handleHttpRequest(AppiumServlet.java:247)\n\tat io.appium.uiautomator2.http.ServerHandler.channelRead(ServerHandler.java:68)\n\tat io.netty.channel.AbstractChannelHandlerContext.invokeChannelRead(AbstractChannelHandlerContext.java:366)\n\tat io.netty.channel.AbstractChannelHandlerContext.invokeChannelRead(AbstractChannelHandlerContext.java:352)\n\tat io.netty.chann...
[debug] &amp#27;[35m[W3C]&amp#27;[39m Matched W3C error code 'no such element' to NoSuchElementError
[debug] &amp#27;[35m[BaseDriver]&amp#27;[39m Waited for 3685 ms so far
[debug] &amp#27;[35m[WD Proxy]&amp#27;[39m Matched '/element' to command name 'findElement'
[debug] &amp#27;[35m[WD Proxy]&amp#27;[39m Proxying [POST /element] to [POST http://127.0.0.1:8200/wd/hub/session/2237fba1-6f46-4ad3-a16c-d8c502a02b8b/element] with body: {"strategy":"id","selector":"com.colt.coltengineering:id/img_date_plan_end","context":"","multiple":false}
&amp#27;[35m[WD Proxy]&amp#27;[39m Got response with status 404: {"sessionId":"2237fba1-6f46-4ad3-a16c-d8c502a02b8b","value":{"error":"no such element","message":"An element could not be located on the page using the given search parameters","stacktrace":"io.appium.uiautomator2.common.exceptions.ElementNotFoundException: An element could not be located on the page using the given search parameters\n\tat io.appium.uiautomator2.handler.FindElement.safeHandle(FindElement.java:73)\n\tat io.appium.uiautomator2.handler.request.SafeRequestHandler.handle(SafeRequestHandler.java:41)\n\tat io.appium.uiautomator2.server.AppiumServlet.handleRequest(AppiumServlet.java:253)\n\tat io.appium.uiautomator2.server.AppiumServlet.handleHttpRequest(AppiumServlet.java:247)\n\tat io.appium.uiautomator2.http.ServerHandler.channelRead(ServerHandler.java:68)\n\tat io.netty.channel.AbstractChannelHandlerContext.invokeChannelRead(AbstractChannelHandlerContext.java:366)\n\tat io.netty.channel.AbstractChannelHandlerContext.invokeChannelRead(AbstractChannelHandlerContext.java:352)\n\tat io.netty.chann...
[debug] &amp#27;[35m[W3C]&amp#27;[39m Matched W3C error code 'no such element' to NoSuchElementError
[debug] &amp#27;[35m[BaseDriver]&amp#27;[39m Waited for 4213 ms so far
[debug] &amp#27;[35m[WD Proxy]&amp#27;[39m Matched '/element' to command name 'findElement'
[debug] &amp#27;[35m[WD Proxy]&amp#27;[39m Proxying [POST /element] to [POST http://127.0.0.1:8200/wd/hub/session/2237fba1-6f46-4ad3-a16c-d8c502a02b8b/element] with body: {"strategy":"id","selector":"com.colt.coltengineering:id/img_date_plan_end","context":"","multiple":false}
&amp#27;[35m[WD Proxy]&amp#27;[39m Got response with status 404: {"sessionId":"2237fba1-6f46-4ad3-a16c-d8c502a02b8b","value":{"error":"no such element","message":"An element could not be located on the page using the given search parameters","stacktrace":"io.appium.uiautomator2.common.exceptions.ElementNotFoundException: An element could not be located on the page using the given search parameters\n\tat io.appium.uiautomator2.handler.FindElement.safeHandle(FindElement.java:73)\n\tat io.appium.uiautomator2.handler.request.SafeRequestHandler.handle(SafeRequestHandler.java:41)\n\tat io.appium.uiautomator2.server.AppiumServlet.handleRequest(AppiumServlet.java:253)\n\tat io.appium.uiautomator2.server.AppiumServlet.handleHttpRequest(AppiumServlet.java:247)\n\tat io.appium.uiautomator2.http.ServerHandler.channelRead(ServerHandler.java:68)\n\tat io.netty.channel.AbstractChannelHandlerContext.invokeChannelRead(AbstractChannelHandlerContext.java:366)\n\tat io.netty.channel.AbstractChannelHandlerContext.invokeChannelRead(AbstractChannelHandlerContext.java:352)\n\tat io.netty.chann...
[debug] &amp#27;[35m[W3C]&amp#27;[39m Matched W3C error code 'no such element' to NoSuchElementError
[debug] &amp#27;[35m[BaseDriver]&amp#27;[39m Waited for 4746 ms so far
[debug] &amp#27;[35m[WD Proxy]&amp#27;[39m Matched '/element' to command name 'findElement'
[debug] &amp#27;[35m[WD Proxy]&amp#27;[39m Proxying [POST /element] to [POST http://127.0.0.1:8200/wd/hub/session/2237fba1-6f46-4ad3-a16c-d8c502a02b8b/element] with body: {"strategy":"id","selector":"com.colt.coltengineering:id/img_date_plan_end","context":"","multiple":false}
&amp#27;[35m[WD Proxy]&amp#27;[39m Got response with status 404: {"sessionId":"2237fba1-6f46-4ad3-a16c-d8c502a02b8b","value":{"error":"no such element","message":"An element could not be located on the page using the given search parameters","stacktrace":"io.appium.uiautomator2.common.exceptions.ElementNotFoundException: An element could not be located on the page using the given search parameters\n\tat io.appium.uiautomator2.handler.FindElement.safeHandle(FindElement.java:73)\n\tat io.appium.uiautomator2.handler.request.SafeRequestHandler.handle(SafeRequestHandler.java:41)\n\tat io.appium.uiautomator2.server.AppiumServlet.handleRequest(AppiumServlet.java:253)\n\tat io.appium.uiautomator2.server.AppiumServlet.handleHttpRequest(AppiumServlet.java:247)\n\tat io.appium.uiautomator2.http.ServerHandler.channelRead(ServerHandler.java:68)\n\tat io.netty.channel.AbstractChannelHandlerContext.invokeChannelRead(AbstractChannelHandlerContext.java:366)\n\tat io.netty.channel.AbstractChannelHandlerContext.invokeChannelRead(AbstractChannelHandlerContext.java:352)\n\tat io.netty.chann...
[debug] &amp#27;[35m[W3C]&amp#27;[39m Matched W3C error code 'no such element' to NoSuchElementError
[debug] &amp#27;[35m[BaseDriver]&amp#27;[39m Waited for 5281 ms so far
[debug] &amp#27;[35m[WD Proxy]&amp#27;[39m Matched '/element' to command name 'findElement'
[debug] &amp#27;[35m[WD Proxy]&amp#27;[39m Proxying [POST /element] to [POST http://127.0.0.1:8200/wd/hub/session/2237fba1-6f46-4ad3-a16c-d8c502a02b8b/element] with body: {"strategy":"id","selector":"com.colt.coltengineering:id/img_date_plan_end","context":"","multiple":false}
&amp#27;[35m[WD Proxy]&amp#27;[39m Got response with status 404: {"sessionId":"2237fba1-6f46-4ad3-a16c-d8c502a02b8b","value":{"error":"no such element","message":"An element could not be located on the page using the given search parameters","stacktrace":"io.appium.uiautomator2.common.exceptions.ElementNotFoundException: An element could not be located on the page using the given search parameters\n\tat io.appium.uiautomator2.handler.FindElement.safeHandle(FindElement.java:73)\n\tat io.appium.uiautomator2.handler.request.SafeRequestHandler.handle(SafeRequestHandler.java:41)\n\tat io.appium.uiautomator2.server.AppiumServlet.handleRequest(AppiumServlet.java:253)\n\tat io.appium.uiautomator2.server.AppiumServlet.handleHttpRequest(AppiumServlet.java:247)\n\tat io.appium.uiautomator2.http.ServerHandler.channelRead(ServerHandler.java:68)\n\tat io.netty.channel.AbstractChannelHandlerContext.invokeChannelRead(AbstractChannelHandlerContext.java:366)\n\tat io.netty.channel.AbstractChannelHandlerContext.invokeChannelRead(AbstractChannelHandlerContext.java:352)\n\tat io.netty.chann...
[debug] &amp#27;[35m[W3C]&amp#27;[39m Matched W3C error code 'no such element' to NoSuchElementError
[debug] &amp#27;[35m[BaseDriver]&amp#27;[39m Waited for 5814 ms so far
[debug] &amp#27;[35m[WD Proxy]&amp#27;[39m Matched '/element' to command name 'findElement'
[debug] &amp#27;[35m[WD Proxy]&amp#27;[39m Proxying [POST /element] to [POST http://127.0.0.1:8200/wd/hub/session/2237fba1-6f46-4ad3-a16c-d8c502a02b8b/element] with body: {"strategy":"id","selector":"com.colt.coltengineering:id/img_date_plan_end","context":"","multiple":false}
&amp#27;[35m[WD Proxy]&amp#27;[39m Got response with status 404: {"sessionId":"2237fba1-6f46-4ad3-a16c-d8c502a02b8b","value":{"error":"no such element","message":"An element could not be located on the page using the given search parameters","stacktrace":"io.appium.uiautomator2.common.exceptions.ElementNotFoundException: An element could not be located on the page using the given search parameters\n\tat io.appium.uiautomator2.handler.FindElement.safeHandle(FindElement.java:73)\n\tat io.appium.uiautomator2.handler.request.SafeRequestHandler.handle(SafeRequestHandler.java:41)\n\tat io.appium.uiautomator2.server.AppiumServlet.handleRequest(AppiumServlet.java:253)\n\tat io.appium.uiautomator2.server.AppiumServlet.handleHttpRequest(AppiumServlet.java:247)\n\tat io.appium.uiautomator2.http.ServerHandler.channelRead(ServerHandler.java:68)\n\tat io.netty.channel.AbstractChannelHandlerContext.invokeChannelRead(AbstractChannelHandlerContext.java:366)\n\tat io.netty.channel.AbstractChannelHandlerContext.invokeChannelRead(AbstractChannelHandlerContext.java:352)\n\tat io.netty.chann...
[debug] &amp#27;[35m[W3C]&amp#27;[39m Matched W3C error code 'no such element' to NoSuchElementError
[debug] &amp#27;[35m[BaseDriver]&amp#27;[39m Waited for 6338 ms so far
[debug] &amp#27;[35m[WD Proxy]&amp#27;[39m Matched '/element' to command name 'findElement'
[debug] &amp#27;[35m[WD Proxy]&amp#27;[39m Proxying [POST /element] to [POST http://127.0.0.1:8200/wd/hub/session/2237fba1-6f46-4ad3-a16c-d8c502a02b8b/element] with body: {"strategy":"id","selector":"com.colt.coltengineering:id/img_date_plan_end","context":"","multiple":false}
&amp#27;[35m[WD Proxy]&amp#27;[39m Got response with status 404: {"sessionId":"2237fba1-6f46-4ad3-a16c-d8c502a02b8b","value":{"error":"no such element","message":"An element could not be located on the page using the given search parameters","stacktrace":"io.appium.uiautomator2.common.exceptions.ElementNotFoundException: An element could not be located on the page using the given search parameters\n\tat io.appium.uiautomator2.handler.FindElement.safeHandle(FindElement.java:73)\n\tat io.appium.uiautomator2.handler.request.SafeRequestHandler.handle(SafeRequestHandler.java:41)\n\tat io.appium.uiautomator2.server.AppiumServlet.handleRequest(AppiumServlet.java:253)\n\tat io.appium.uiautomator2.server.AppiumServlet.handleHttpRequest(AppiumServlet.java:247)\n\tat io.appium.uiautomator2.http.ServerHandler.channelRead(ServerHandler.java:68)\n\tat io.netty.channel.AbstractChannelHandlerContext.invokeChannelRead(AbstractChannelHandlerContext.java:366)\n\tat io.netty.channel.AbstractChannelHandlerContext.invokeChannelRead(AbstractChannelHandlerContext.java:352)\n\tat io.netty.chann...
[debug] &amp#27;[35m[W3C]&amp#27;[39m Matched W3C error code 'no such element' to NoSuchElementError
[debug] &amp#27;[35m[BaseDriver]&amp#27;[39m Waited for 6856 ms so far
[debug] &amp#27;[35m[WD Proxy]&amp#27;[39m Matched '/element' to command name 'findElement'
[debug] &amp#27;[35m[WD Proxy]&amp#27;[39m Proxying [POST /element] to [POST http://127.0.0.1:8200/wd/hub/session/2237fba1-6f46-4ad3-a16c-d8c502a02b8b/element] with body: {"strategy":"id","selector":"com.colt.coltengineering:id/img_date_plan_end","context":"","multiple":false}
&amp#27;[35m[WD Proxy]&amp#27;[39m Got response with status 404: {"sessionId":"2237fba1-6f46-4ad3-a16c-d8c502a02b8b","value":{"error":"no such element","message":"An element could not be located on the page using the given search parameters","stacktrace":"io.appium.uiautomator2.common.exceptions.ElementNotFoundException: An element could not be located on the page using the given search parameters\n\tat io.appium.uiautomator2.handler.FindElement.safeHandle(FindElement.java:73)\n\tat io.appium.uiautomator2.handler.request.SafeRequestHandler.handle(SafeRequestHandler.java:41)\n\tat io.appium.uiautomator2.server.AppiumServlet.handleRequest(AppiumServlet.java:253)\n\tat io.appium.uiautomator2.server.AppiumServlet.handleHttpRequest(AppiumServlet.java:247)\n\tat io.appium.uiautomator2.http.ServerHandler.channelRead(ServerHandler.java:68)\n\tat io.netty.channel.AbstractChannelHandlerContext.invokeChannelRead(AbstractChannelHandlerContext.java:366)\n\tat io.netty.channel.AbstractChannelHandlerContext.invokeChannelRead(AbstractChannelHandlerContext.java:352)\n\tat io.netty.chann...
[debug] &amp#27;[35m[W3C]&amp#27;[39m Matched W3C error code 'no such element' to NoSuchElementError
[debug] &amp#27;[35m[BaseDriver]&amp#27;[39m Waited for 7382 ms so far
[debug] &amp#27;[35m[WD Proxy]&amp#27;[39m Matched '/element' to command name 'findElement'
[debug] &amp#27;[35m[WD Proxy]&amp#27;[39m Proxying [POST /element] to [POST http://127.0.0.1:8200/wd/hub/session/2237fba1-6f46-4ad3-a16c-d8c502a02b8b/element] with body: {"strategy":"id","selector":"com.colt.coltengineering:id/img_date_plan_end","context":"","multiple":false}
&amp#27;[35m[WD Proxy]&amp#27;[39m Got response with status 404: {"sessionId":"2237fba1-6f46-4ad3-a16c-d8c502a02b8b","value":{"error":"no such element","message":"An element could not be located on the page using the given search parameters","stacktrace":"io.appium.uiautomator2.common.exceptions.ElementNotFoundException: An element could not be located on the page using the given search parameters\n\tat io.appium.uiautomator2.handler.FindElement.safeHandle(FindElement.java:73)\n\tat io.appium.uiautomator2.handler.request.SafeRequestHandler.handle(SafeRequestHandler.java:41)\n\tat io.appium.uiautomator2.server.AppiumServlet.handleRequest(AppiumServlet.java:253)\n\tat io.appium.uiautomator2.server.AppiumServlet.handleHttpRequest(AppiumServlet.java:247)\n\tat io.appium.uiautomator2.http.ServerHandler.channelRead(ServerHandler.java:68)\n\tat io.netty.channel.AbstractChannelHandlerContext.invokeChannelRead(AbstractChannelHandlerContext.java:366)\n\tat io.netty.channel.AbstractChannelHandlerContext.invokeChannelRead(AbstractChannelHandlerContext.java:352)\n\tat io.netty.chann...
[debug] &amp#27;[35m[W3C]&amp#27;[39m Matched W3C error code 'no such element' to NoSuchElementError
[debug] &amp#27;[35m[BaseDriver]&amp#27;[39m Waited for 7925 ms so far
[debug] &amp#27;[35m[WD Proxy]&amp#27;[39m Matched '/element' to command name 'findElement'
[debug] &amp#27;[35m[WD Proxy]&amp#27;[39m Proxying [POST /element] to [POST http://127.0.0.1:8200/wd/hub/session/2237fba1-6f46-4ad3-a16c-d8c502a02b8b/element] with body: {"strategy":"id","selector":"com.colt.coltengineering:id/img_date_plan_end","context":"","multiple":false}
&amp#27;[35m[WD Proxy]&amp#27;[39m Got response with status 404: {"sessionId":"2237fba1-6f46-4ad3-a16c-d8c502a02b8b","value":{"error":"no such element","message":"An element could not be located on the page using the given search parameters","stacktrace":"io.appium.uiautomator2.common.exceptions.ElementNotFoundException: An element could not be located on the page using the given search parameters\n\tat io.appium.uiautomator2.handler.FindElement.safeHandle(FindElement.java:73)\n\tat io.appium.uiautomator2.handler.request.SafeRequestHandler.handle(SafeRequestHandler.java:41)\n\tat io.appium.uiautomator2.server.AppiumServlet.handleRequest(AppiumServlet.java:253)\n\tat io.appium.uiautomator2.server.AppiumServlet.handleHttpRequest(AppiumServlet.java:247)\n\tat io.appium.uiautomator2.http.ServerHandler.channelRead(ServerHandler.java:68)\n\tat io.netty.channel.AbstractChannelHandlerContext.invokeChannelRead(AbstractChannelHandlerContext.java:366)\n\tat io.netty.channel.AbstractChannelHandlerContext.invokeChannelRead(AbstractChannelHandlerContext.java:352)\n\tat io.netty.chann...
[debug] &amp#27;[35m[W3C]&amp#27;[39m Matched W3C error code 'no such element' to NoSuchElementError
[debug] &amp#27;[35m[BaseDriver]&amp#27;[39m Waited for 8454 ms so far
[debug] &amp#27;[35m[WD Proxy]&amp#27;[39m Matched '/element' to command name 'findElement'
[debug] &amp#27;[35m[WD Proxy]&amp#27;[39m Proxying [POST /element] to [POST http://127.0.0.1:8200/wd/hub/session/2237fba1-6f46-4ad3-a16c-d8c502a02b8b/element] with body: {"strategy":"id","selector":"com.colt.coltengineering:id/img_date_plan_end","context":"","multiple":false}
&amp#27;[35m[WD Proxy]&amp#27;[39m Got response with status 404: {"sessionId":"2237fba1-6f46-4ad3-a16c-d8c502a02b8b","value":{"error":"no such element","message":"An element could not be located on the page using the given search parameters","stacktrace":"io.appium.uiautomator2.common.exceptions.ElementNotFoundException: An element could not be located on the page using the given search parameters\n\tat io.appium.uiautomator2.handler.FindElement.safeHandle(FindElement.java:73)\n\tat io.appium.uiautomator2.handler.request.SafeRequestHandler.handle(SafeRequestHandler.java:41)\n\tat io.appium.uiautomator2.server.AppiumServlet.handleRequest(AppiumServlet.java:253)\n\tat io.appium.uiautomator2.server.AppiumServlet.handleHttpRequest(AppiumServlet.java:247)\n\tat io.appium.uiautomator2.http.ServerHandler.channelRead(ServerHandler.java:68)\n\tat io.netty.channel.AbstractChannelHandlerContext.invokeChannelRead(AbstractChannelHandlerContext.java:366)\n\tat io.netty.channel.AbstractChannelHandlerContext.invokeChannelRead(AbstractChannelHandlerContext.java:352)\n\tat io.netty.chann...
[debug] &amp#27;[35m[W3C]&amp#27;[39m Matched W3C error code 'no such element' to NoSuchElementError
[debug] &amp#27;[35m[BaseDriver]&amp#27;[39m Waited for 8975 ms so far
[debug] &amp#27;[35m[WD Proxy]&amp#27;[39m Matched '/element' to command name 'findElement'
[debug] &amp#27;[35m[WD Proxy]&amp#27;[39m Proxying [POST /element] to [POST http://127.0.0.1:8200/wd/hub/session/2237fba1-6f46-4ad3-a16c-d8c502a02b8b/element] with body: {"strategy":"id","selector":"com.colt.coltengineering:id/img_date_plan_end","context":"","multiple":false}
&amp#27;[35m[WD Proxy]&amp#27;[39m Got response with status 404: {"sessionId":"2237fba1-6f46-4ad3-a16c-d8c502a02b8b","value":{"error":"no such element","message":"An element could not be located on the page using the given search parameters","stacktrace":"io.appium.uiautomator2.common.exceptions.ElementNotFoundException: An element could not be located on the page using the given search parameters\n\tat io.appium.uiautomator2.handler.FindElement.safeHandle(FindElement.java:73)\n\tat io.appium.uiautomator2.handler.request.SafeRequestHandler.handle(SafeRequestHandler.java:41)\n\tat io.appium.uiautomator2.server.AppiumServlet.handleRequest(AppiumServlet.java:253)\n\tat io.appium.uiautomator2.server.AppiumServlet.handleHttpRequest(AppiumServlet.java:247)\n\tat io.appium.uiautomator2.http.ServerHandler.channelRead(ServerHandler.java:68)\n\tat io.netty.channel.AbstractChannelHandlerContext.invokeChannelRead(AbstractChannelHandlerContext.java:366)\n\tat io.netty.channel.AbstractChannelHandlerContext.invokeChannelRead(AbstractChannelHandlerContext.java:352)\n\tat io.netty.chann...
[debug] &amp#27;[35m[W3C]&amp#27;[39m Matched W3C error code 'no such element' to NoSuchElementError
[debug] &amp#27;[35m[BaseDriver]&amp#27;[39m Waited for 9512 ms so far
[debug] &amp#27;[35m[WD Proxy]&amp#27;[39m Matched '/element' to command name 'findElement'
[debug] &amp#27;[35m[WD Proxy]&amp#27;[39m Proxying [POST /element] to [POST http://127.0.0.1:8200/wd/hub/session/2237fba1-6f46-4ad3-a16c-d8c502a02b8b/element] with body: {"strategy":"id","selector":"com.colt.coltengineering:id/img_date_plan_end","context":"","multiple":false}
&amp#27;[35m[WD Proxy]&amp#27;[39m Got response with status 404: {"sessionId":"2237fba1-6f46-4ad3-a16c-d8c502a02b8b","value":{"error":"no such element","message":"An element could not be located on the page using the given search parameters","stacktrace":"io.appium.uiautomator2.common.exceptions.ElementNotFoundException: An element could not be located on the page using the given search parameters\n\tat io.appium.uiautomator2.handler.FindElement.safeHandle(FindElement.java:73)\n\tat io.appium.uiautomator2.handler.request.SafeRequestHandler.handle(SafeRequestHandler.java:41)\n\tat io.appium.uiautomator2.server.AppiumServlet.handleRequest(AppiumServlet.java:253)\n\tat io.appium.uiautomator2.server.AppiumServlet.handleHttpRequest(AppiumServlet.java:247)\n\tat io.appium.uiautomator2.http.ServerHandler.channelRead(ServerHandler.java:68)\n\tat io.netty.channel.AbstractChannelHandlerContext.invokeChannelRead(AbstractChannelHandlerContext.java:366)\n\tat io.netty.channel.AbstractChannelHandlerContext.invokeChannelRead(AbstractChannelHandlerContext.java:352)\n\tat io.netty.chann...
[debug] &amp#27;[35m[W3C]&amp#27;[39m Matched W3C error code 'no such element' to NoSuchElementError
[debug] &amp#27;[35m[BaseDriver]&amp#27;[39m Waited for 10034 ms so far
[debug] &amp#27;[35m[WD Proxy]&amp#27;[39m Matched '/element' to command name 'findElement'
[debug] &amp#27;[35m[WD Proxy]&amp#27;[39m Proxying [POST /element] to [POST http://127.0.0.1:8200/wd/hub/session/2237fba1-6f46-4ad3-a16c-d8c502a02b8b/element] with body: {"strategy":"id","selector":"com.colt.coltengineering:id/img_date_plan_end","context":"","multiple":false}
&amp#27;[35m[WD Proxy]&amp#27;[39m Got response with status 404: {"sessionId":"2237fba1-6f46-4ad3-a16c-d8c502a02b8b","value":{"error":"no such element","message":"An element could not be located on the page using the given search parameters","stacktrace":"io.appium.uiautomator2.common.exceptions.ElementNotFoundException: An element could not be located on the page using the given search parameters\n\tat io.appium.uiautomator2.handler.FindElement.safeHandle(FindElement.java:73)\n\tat io.appium.uiautomator2.handler.request.SafeRequestHandler.handle(SafeRequestHandler.java:41)\n\tat io.appium.uiautomator2.server.AppiumServlet.handleRequest(AppiumServlet.java:253)\n\tat io.appium.uiautomator2.server.AppiumServlet.handleHttpRequest(AppiumServlet.java:247)\n\tat io.appium.uiautomator2.http.ServerHandler.channelRead(ServerHandler.java:68)\n\tat io.netty.channel.AbstractChannelHandlerContext.invokeChannelRead(AbstractChannelHandlerContext.java:366)\n\tat io.netty.channel.AbstractChannelHandlerContext.invokeChannelRead(AbstractChannelHandlerContext.java:352)\n\tat io.netty.chann...
[debug] &amp#27;[35m[W3C]&amp#27;[39m Matched W3C error code 'no such element' to NoSuchElementError
[debug] &amp#27;[35m[BaseDriver]&amp#27;[39m Waited for 10568 ms so far
[debug] &amp#27;[35m[WD Proxy]&amp#27;[39m Matched '/element' to command name 'findElement'
[debug] &amp#27;[35m[WD Proxy]&amp#27;[39m Proxying [POST /element] to [POST http://127.0.0.1:8200/wd/hub/session/2237fba1-6f46-4ad3-a16c-d8c502a02b8b/element] with body: {"strategy":"id","selector":"com.colt.coltengineering:id/img_date_plan_end","context":"","multiple":false}
&amp#27;[35m[WD Proxy]&amp#27;[39m Got response with status 404: {"sessionId":"2237fba1-6f46-4ad3-a16c-d8c502a02b8b","value":{"error":"no such element","message":"An element could not be located on the page using the given search parameters","stacktrace":"io.appium.uiautomator2.common.exceptions.ElementNotFoundException: An element could not be located on the page using the given search parameters\n\tat io.appium.uiautomator2.handler.FindElement.safeHandle(FindElement.java:73)\n\tat io.appium.uiautomator2.handler.request.SafeRequestHandler.handle(SafeRequestHandler.java:41)\n\tat io.appium.uiautomator2.server.AppiumServlet.handleRequest(AppiumServlet.java:253)\n\tat io.appium.uiautomator2.server.AppiumServlet.handleHttpRequest(AppiumServlet.java:247)\n\tat io.appium.uiautomator2.http.ServerHandler.channelRead(ServerHandler.java:68)\n\tat io.netty.channel.AbstractChannelHandlerContext.invokeChannelRead(AbstractChannelHandlerContext.java:366)\n\tat io.netty.channel.AbstractChannelHandlerContext.invokeChannelRead(AbstractChannelHandlerContext.java:352)\n\tat io.netty.chann...
[debug] &amp#27;[35m[W3C]&amp#27;[39m Matched W3C error code 'no such element' to NoSuchElementError
[debug] &amp#27;[35m[BaseDriver]&amp#27;[39m Waited for 11094 ms so far
[debug] &amp#27;[35m[WD Proxy]&amp#27;[39m Matched '/element' to command name 'findElement'
[debug] &amp#27;[35m[WD Proxy]&amp#27;[39m Proxying [POST /element] to [POST http://127.0.0.1:8200/wd/hub/session/2237fba1-6f46-4ad3-a16c-d8c502a02b8b/element] with body: {"strategy":"id","selector":"com.colt.coltengineering:id/img_date_plan_end","context":"","multiple":false}
&amp#27;[35m[WD Proxy]&amp#27;[39m Got response with status 404: {"sessionId":"2237fba1-6f46-4ad3-a16c-d8c502a02b8b","value":{"error":"no such element","message":"An element could not be located on the page using the given search parameters","stacktrace":"io.appium.uiautomator2.common.exceptions.ElementNotFoundException: An element could not be located on the page using the given search parameters\n\tat io.appium.uiautomator2.handler.FindElement.safeHandle(FindElement.java:73)\n\tat io.appium.uiautomator2.handler.request.SafeRequestHandler.handle(SafeRequestHandler.java:41)\n\tat io.appium.uiautomator2.server.AppiumServlet.handleRequest(AppiumServlet.java:253)\n\tat io.appium.uiautomator2.server.AppiumServlet.handleHttpRequest(AppiumServlet.java:247)\n\tat io.appium.uiautomator2.http.ServerHandler.channelRead(ServerHandler.java:68)\n\tat io.netty.channel.AbstractChannelHandlerContext.invokeChannelRead(AbstractChannelHandlerContext.java:366)\n\tat io.netty.channel.AbstractChannelHandlerContext.invokeChannelRead(AbstractChannelHandlerContext.java:352)\n\tat io.netty.chann...
[debug] &amp#27;[35m[W3C]&amp#27;[39m Matched W3C error code 'no such element' to NoSuchElementError
[debug] &amp#27;[35m[BaseDriver]&amp#27;[39m Waited for 11626 ms so far
[debug] &amp#27;[35m[WD Proxy]&amp#27;[39m Matched '/element' to command name 'findElement'
[debug] &amp#27;[35m[WD Proxy]&amp#27;[39m Proxying [POST /element] to [POST http://127.0.0.1:8200/wd/hub/session/2237fba1-6f46-4ad3-a16c-d8c502a02b8b/element] with body: {"strategy":"id","selector":"com.colt.coltengineering:id/img_date_plan_end","context":"","multiple":false}
&amp#27;[35m[WD Proxy]&amp#27;[39m Got response with status 404: {"sessionId":"2237fba1-6f46-4ad3-a16c-d8c502a02b8b","value":{"error":"no such element","message":"An element could not be located on the page using the given search parameters","stacktrace":"io.appium.uiautomator2.common.exceptions.ElementNotFoundException: An element could not be located on the page using the given search parameters\n\tat io.appium.uiautomator2.handler.FindElement.safeHandle(FindElement.java:73)\n\tat io.appium.uiautomator2.handler.request.SafeRequestHandler.handle(SafeRequestHandler.java:41)\n\tat io.appium.uiautomator2.server.AppiumServlet.handleRequest(AppiumServlet.java:253)\n\tat io.appium.uiautomator2.server.AppiumServlet.handleHttpRequest(AppiumServlet.java:247)\n\tat io.appium.uiautomator2.http.ServerHandler.channelRead(ServerHandler.java:68)\n\tat io.netty.channel.AbstractChannelHandlerContext.invokeChannelRead(AbstractChannelHandlerContext.java:366)\n\tat io.netty.channel.AbstractChannelHandlerContext.invokeChannelRead(AbstractChannelHandlerContext.java:352)\n\tat io.netty.chann...
[debug] &amp#27;[35m[W3C]&amp#27;[39m Matched W3C error code 'no such element' to NoSuchElementError
[debug] &amp#27;[35m[BaseDriver]&amp#27;[39m Waited for 12149 ms so far
[debug] &amp#27;[35m[WD Proxy]&amp#27;[39m Matched '/element' to command name 'findElement'
[debug] &amp#27;[35m[WD Proxy]&amp#27;[39m Proxying [POST /element] to [POST http://127.0.0.1:8200/wd/hub/session/2237fba1-6f46-4ad3-a16c-d8c502a02b8b/element] with body: {"strategy":"id","selector":"com.colt.coltengineering:id/img_date_plan_end","context":"","multiple":false}
&amp#27;[35m[WD Proxy]&amp#27;[39m Got response with status 404: {"sessionId":"2237fba1-6f46-4ad3-a16c-d8c502a02b8b","value":{"error":"no such element","message":"An element could not be located on the page using the given search parameters","stacktrace":"io.appium.uiautomator2.common.exceptions.ElementNotFoundException: An element could not be located on the page using the given search parameters\n\tat io.appium.uiautomator2.handler.FindElement.safeHandle(FindElement.java:73)\n\tat io.appium.uiautomator2.handler.request.SafeRequestHandler.handle(SafeRequestHandler.java:41)\n\tat io.appium.uiautomator2.server.AppiumServlet.handleRequest(AppiumServlet.java:253)\n\tat io.appium.uiautomator2.server.AppiumServlet.handleHttpRequest(AppiumServlet.java:247)\n\tat io.appium.uiautomator2.http.ServerHandler.channelRead(ServerHandler.java:68)\n\tat io.netty.channel.AbstractChannelHandlerContext.invokeChannelRead(AbstractChannelHandlerContext.java:366)\n\tat io.netty.channel.AbstractChannelHandlerContext.invokeChannelRead(AbstractChannelHandlerContext.java:352)\n\tat io.netty.chann...
[debug] &amp#27;[35m[W3C]&amp#27;[39m Matched W3C error code 'no such element' to NoSuchElementError
[debug] &amp#27;[35m[BaseDriver]&amp#27;[39m Waited for 12681 ms so far
[debug] &amp#27;[35m[WD Proxy]&amp#27;[39m Matched '/element' to command name 'findElement'
[debug] &amp#27;[35m[WD Proxy]&amp#27;[39m Proxying [POST /element] to [POST http://127.0.0.1:8200/wd/hub/session/2237fba1-6f46-4ad3-a16c-d8c502a02b8b/element] with body: {"strategy":"id","selector":"com.colt.coltengineering:id/img_date_plan_end","context":"","multiple":false}
&amp#27;[35m[WD Proxy]&amp#27;[39m Got response with status 404: {"sessionId":"2237fba1-6f46-4ad3-a16c-d8c502a02b8b","value":{"error":"no such element","message":"An element could not be located on the page using the given search parameters","stacktrace":"io.appium.uiautomator2.common.exceptions.ElementNotFoundException: An element could not be located on the page using the given search parameters\n\tat io.appium.uiautomator2.handler.FindElement.safeHandle(FindElement.java:73)\n\tat io.appium.uiautomator2.handler.request.SafeRequestHandler.handle(SafeRequestHandler.java:41)\n\tat io.appium.uiautomator2.server.AppiumServlet.handleRequest(AppiumServlet.java:253)\n\tat io.appium.uiautomator2.server.AppiumServlet.handleHttpRequest(AppiumServlet.java:247)\n\tat io.appium.uiautomator2.http.ServerHandler.channelRead(ServerHandler.java:68)\n\tat io.netty.channel.AbstractChannelHandlerContext.invokeChannelRead(AbstractChannelHandlerContext.java:366)\n\tat io.netty.channel.AbstractChannelHandlerContext.invokeChannelRead(AbstractChannelHandlerContext.java:352)\n\tat io.netty.chann...
[debug] &amp#27;[35m[W3C]&amp#27;[39m Matched W3C error code 'no such element' to NoSuchElementError
[debug] &amp#27;[35m[BaseDriver]&amp#27;[39m Waited for 13211 ms so far
[debug] &amp#27;[35m[WD Proxy]&amp#27;[39m Matched '/element' to command name 'findElement'
[debug] &amp#27;[35m[WD Proxy]&amp#27;[39m Proxying [POST /element] to [POST http://127.0.0.1:8200/wd/hub/session/2237fba1-6f46-4ad3-a16c-d8c502a02b8b/element] with body: {"strategy":"id","selector":"com.colt.coltengineering:id/img_date_plan_end","context":"","multiple":false}
&amp#27;[35m[WD Proxy]&amp#27;[39m Got response with status 404: {"sessionId":"2237fba1-6f46-4ad3-a16c-d8c502a02b8b","value":{"error":"no such element","message":"An element could not be located on the page using the given search parameters","stacktrace":"io.appium.uiautomator2.common.exceptions.ElementNotFoundException: An element could not be located on the page using the given search parameters\n\tat io.appium.uiautomator2.handler.FindElement.safeHandle(FindElement.java:73)\n\tat io.appium.uiautomator2.handler.request.SafeRequestHandler.handle(SafeRequestHandler.java:41)\n\tat io.appium.uiautomator2.server.AppiumServlet.handleRequest(AppiumServlet.java:253)\n\tat io.appium.uiautomator2.server.AppiumServlet.handleHttpRequest(AppiumServlet.java:247)\n\tat io.appium.uiautomator2.http.ServerHandler.channelRead(ServerHandler.java:68)\n\tat io.netty.channel.AbstractChannelHandlerContext.invokeChannelRead(AbstractChannelHandlerContext.java:366)\n\tat io.netty.channel.AbstractChannelHandlerContext.invokeChannelRead(AbstractChannelHandlerContext.java:352)\n\tat io.netty.chann...
[debug] &amp#27;[35m[W3C]&amp#27;[39m Matched W3C error code 'no such element' to NoSuchElementError
[debug] &amp#27;[35m[BaseDriver]&amp#27;[39m Waited for 13732 ms so far
[debug] &amp#27;[35m[WD Proxy]&amp#27;[39m Matched '/element' to command name 'findElement'
[debug] &amp#27;[35m[WD Proxy]&amp#27;[39m Proxying [POST /element] to [POST http://127.0.0.1:8200/wd/hub/session/2237fba1-6f46-4ad3-a16c-d8c502a02b8b/element] with body: {"strategy":"id","selector":"com.colt.coltengineering:id/img_date_plan_end","context":"","multiple":false}
&amp#27;[35m[WD Proxy]&amp#27;[39m Got response with status 404: {"sessionId":"2237fba1-6f46-4ad3-a16c-d8c502a02b8b","value":{"error":"no such element","message":"An element could not be located on the page using the given search parameters","stacktrace":"io.appium.uiautomator2.common.exceptions.ElementNotFoundException: An element could not be located on the page using the given search parameters\n\tat io.appium.uiautomator2.handler.FindElement.safeHandle(FindElement.java:73)\n\tat io.appium.uiautomator2.handler.request.SafeRequestHandler.handle(SafeRequestHandler.java:41)\n\tat io.appium.uiautomator2.server.AppiumServlet.handleRequest(AppiumServlet.java:253)\n\tat io.appium.uiautomator2.server.AppiumServlet.handleHttpRequest(AppiumServlet.java:247)\n\tat io.appium.uiautomator2.http.ServerHandler.channelRead(ServerHandler.java:68)\n\tat io.netty.channel.AbstractChannelHandlerContext.invokeChannelRead(AbstractChannelHandlerContext.java:366)\n\tat io.netty.channel.AbstractChannelHandlerContext.invokeChannelRead(AbstractChannelHandlerContext.java:352)\n\tat io.netty.chann...
[debug] &amp#27;[35m[W3C]&amp#27;[39m Matched W3C error code 'no such element' to NoSuchElementError
[debug] &amp#27;[35m[BaseDriver]&amp#27;[39m Waited for 14265 ms so far
[debug] &amp#27;[35m[WD Proxy]&amp#27;[39m Matched '/element' to command name 'findElement'
[debug] &amp#27;[35m[WD Proxy]&amp#27;[39m Proxying [POST /element] to [POST http://127.0.0.1:8200/wd/hub/session/2237fba1-6f46-4ad3-a16c-d8c502a02b8b/element] with body: {"strategy":"id","selector":"com.colt.coltengineering:id/img_date_plan_end","context":"","multiple":false}
&amp#27;[35m[WD Proxy]&amp#27;[39m Got response with status 404: {"sessionId":"2237fba1-6f46-4ad3-a16c-d8c502a02b8b","value":{"error":"no such element","message":"An element could not be located on the page using the given search parameters","stacktrace":"io.appium.uiautomator2.common.exceptions.ElementNotFoundException: An element could not be located on the page using the given search parameters\n\tat io.appium.uiautomator2.handler.FindElement.safeHandle(FindElement.java:73)\n\tat io.appium.uiautomator2.handler.request.SafeRequestHandler.handle(SafeRequestHandler.java:41)\n\tat io.appium.uiautomator2.server.AppiumServlet.handleRequest(AppiumServlet.java:253)\n\tat io.appium.uiautomator2.server.AppiumServlet.handleHttpRequest(AppiumServlet.java:247)\n\tat io.appium.uiautomator2.http.ServerHandler.channelRead(ServerHandler.java:68)\n\tat io.netty.channel.AbstractChannelHandlerContext.invokeChannelRead(AbstractChannelHandlerContext.java:366)\n\tat io.netty.channel.AbstractChannelHandlerContext.invokeChannelRead(AbstractChannelHandlerContext.java:352)\n\tat io.netty.chann...
[debug] &amp#27;[35m[W3C]&amp#27;[39m Matched W3C error code 'no such element' to NoSuchElementError
[debug] &amp#27;[35m[BaseDriver]&amp#27;[39m Waited for 14784 ms so far
[debug] &amp#27;[35m[WD Proxy]&amp#27;[39m Matched '/element' to command name 'findElement'
[debug] &amp#27;[35m[WD Proxy]&amp#27;[39m Proxying [POST /element] to [POST http://127.0.0.1:8200/wd/hub/session/2237fba1-6f46-4ad3-a16c-d8c502a02b8b/element] with body: {"strategy":"id","selector":"com.colt.coltengineering:id/img_date_plan_end","context":"","multiple":false}
&amp#27;[35m[WD Proxy]&amp#27;[39m Got response with status 404: {"sessionId":"2237fba1-6f46-4ad3-a16c-d8c502a02b8b","value":{"error":"no such element","message":"An element could not be located on the page using the given search parameters","stacktrace":"io.appium.uiautomator2.common.exceptions.ElementNotFoundException: An element could not be located on the page using the given search parameters\n\tat io.appium.uiautomator2.handler.FindElement.safeHandle(FindElement.java:73)\n\tat io.appium.uiautomator2.handler.request.SafeRequestHandler.handle(SafeRequestHandler.java:41)\n\tat io.appium.uiautomator2.server.AppiumServlet.handleRequest(AppiumServlet.java:253)\n\tat io.appium.uiautomator2.server.AppiumServlet.handleHttpRequest(AppiumServlet.java:247)\n\tat io.appium.uiautomator2.http.ServerHandler.channelRead(ServerHandler.java:68)\n\tat io.netty.channel.AbstractChannelHandlerContext.invokeChannelRead(AbstractChannelHandlerContext.java:366)\n\tat io.netty.channel.AbstractChannelHandlerContext.invokeChannelRead(AbstractChannelHandlerContext.java:352)\n\tat io.netty.chann...
[debug] &amp#27;[35m[W3C]&amp#27;[39m Matched W3C error code 'no such element' to NoSuchElementError
[debug] &amp#27;[35m[BaseDriver]&amp#27;[39m Waited for 15316 ms so far
[debug] &amp#27;[35m[WD Proxy]&amp#27;[39m Matched '/element' to command name 'findElement'
[debug] &amp#27;[35m[WD Proxy]&amp#27;[39m Proxying [POST /element] to [POST http://127.0.0.1:8200/wd/hub/session/2237fba1-6f46-4ad3-a16c-d8c502a02b8b/element] with body: {"strategy":"id","selector":"com.colt.coltengineering:id/img_date_plan_end","context":"","multiple":false}
&amp#27;[35m[WD Proxy]&amp#27;[39m Got response with status 404: {"sessionId":"2237fba1-6f46-4ad3-a16c-d8c502a02b8b","value":{"error":"no such element","message":"An element could not be located on the page using the given search parameters","stacktrace":"io.appium.uiautomator2.common.exceptions.ElementNotFoundException: An element could not be located on the page using the given search parameters\n\tat io.appium.uiautomator2.handler.FindElement.safeHandle(FindElement.java:73)\n\tat io.appium.uiautomator2.handler.request.SafeRequestHandler.handle(SafeRequestHandler.java:41)\n\tat io.appium.uiautomator2.server.AppiumServlet.handleRequest(AppiumServlet.java:253)\n\tat io.appium.uiautomator2.server.AppiumServlet.handleHttpRequest(AppiumServlet.java:247)\n\tat io.appium.uiautomator2.http.ServerHandler.channelRead(ServerHandler.java:68)\n\tat io.netty.channel.AbstractChannelHandlerContext.invokeChannelRead(AbstractChannelHandlerContext.java:366)\n\tat io.netty.channel.AbstractChannelHandlerContext.invokeChannelRead(AbstractChannelHandlerContext.java:352)\n\tat io.netty.chann...
[debug] &amp#27;[35m[W3C]&amp#27;[39m Matched W3C error code 'no such element' to NoSuchElementError
[debug] &amp#27;[35m[BaseDriver]&amp#27;[39m Waited for 15843 ms so far
[debug] &amp#27;[35m[WD Proxy]&amp#27;[39m Matched '/element' to command name 'findElement'
[debug] &amp#27;[35m[WD Proxy]&amp#27;[39m Proxying [POST /element] to [POST http://127.0.0.1:8200/wd/hub/session/2237fba1-6f46-4ad3-a16c-d8c502a02b8b/element] with body: {"strategy":"id","selector":"com.colt.coltengineering:id/img_date_plan_end","context":"","multiple":false}
&amp#27;[35m[WD Proxy]&amp#27;[39m Got response with status 404: {"sessionId":"2237fba1-6f46-4ad3-a16c-d8c502a02b8b","value":{"error":"no such element","message":"An element could not be located on the page using the given search parameters","stacktrace":"io.appium.uiautomator2.common.exceptions.ElementNotFoundException: An element could not be located on the page using the given search parameters\n\tat io.appium.uiautomator2.handler.FindElement.safeHandle(FindElement.java:73)\n\tat io.appium.uiautomator2.handler.request.SafeRequestHandler.handle(SafeRequestHandler.java:41)\n\tat io.appium.uiautomator2.server.AppiumServlet.handleRequest(AppiumServlet.java:253)\n\tat io.appium.uiautomator2.server.AppiumServlet.handleHttpRequest(AppiumServlet.java:247)\n\tat io.appium.uiautomator2.http.ServerHandler.channelRead(ServerHandler.java:68)\n\tat io.netty.channel.AbstractChannelHandlerContext.invokeChannelRead(AbstractChannelHandlerContext.java:366)\n\tat io.netty.channel.AbstractChannelHandlerContext.invokeChannelRead(AbstractChannelHandlerContext.java:352)\n\tat io.netty.chann...
[debug] &amp#27;[35m[W3C]&amp#27;[39m Matched W3C error code 'no such element' to NoSuchElementError
[debug] &amp#27;[35m[BaseDriver]&amp#27;[39m Waited for 16370 ms so far
[debug] &amp#27;[35m[WD Proxy]&amp#27;[39m Matched '/element' to command name 'findElement'
[debug] &amp#27;[35m[WD Proxy]&amp#27;[39m Proxying [POST /element] to [POST http://127.0.0.1:8200/wd/hub/session/2237fba1-6f46-4ad3-a16c-d8c502a02b8b/element] with body: {"strategy":"id","selector":"com.colt.coltengineering:id/img_date_plan_end","context":"","multiple":false}
&amp#27;[35m[WD Proxy]&amp#27;[39m Got response with status 404: {"sessionId":"2237fba1-6f46-4ad3-a16c-d8c502a02b8b","value":{"error":"no such element","message":"An element could not be located on the page using the given search parameters","stacktrace":"io.appium.uiautomator2.common.exceptions.ElementNotFoundException: An element could not be located on the page using the given search parameters\n\tat io.appium.uiautomator2.handler.FindElement.safeHandle(FindElement.java:73)\n\tat io.appium.uiautomator2.handler.request.SafeRequestHandler.handle(SafeRequestHandler.java:41)\n\tat io.appium.uiautomator2.server.AppiumServlet.handleRequest(AppiumServlet.java:253)\n\tat io.appium.uiautomator2.server.AppiumServlet.handleHttpRequest(AppiumServlet.java:247)\n\tat io.appium.uiautomator2.http.ServerHandler.channelRead(ServerHandler.java:68)\n\tat io.netty.channel.AbstractChannelHandlerContext.invokeChannelRead(AbstractChannelHandlerContext.java:366)\n\tat io.netty.channel.AbstractChannelHandlerContext.invokeChannelRead(AbstractChannelHandlerContext.java:352)\n\tat io.netty.chann...
[debug] &amp#27;[35m[W3C]&amp#27;[39m Matched W3C error code 'no such element' to NoSuchElementError
[debug] &amp#27;[35m[BaseDriver]&amp#27;[39m Waited for 16905 ms so far
[debug] &amp#27;[35m[WD Proxy]&amp#27;[39m Matched '/element' to command name 'findElement'
[debug] &amp#27;[35m[WD Proxy]&amp#27;[39m Proxying [POST /element] to [POST http://127.0.0.1:8200/wd/hub/session/2237fba1-6f46-4ad3-a16c-d8c502a02b8b/element] with body: {"strategy":"id","selector":"com.colt.coltengineering:id/img_date_plan_end","context":"","multiple":false}
&amp#27;[35m[WD Proxy]&amp#27;[39m Got response with status 404: {"sessionId":"2237fba1-6f46-4ad3-a16c-d8c502a02b8b","value":{"error":"no such element","message":"An element could not be located on the page using the given search parameters","stacktrace":"io.appium.uiautomator2.common.exceptions.ElementNotFoundException: An element could not be located on the page using the given search parameters\n\tat io.appium.uiautomator2.handler.FindElement.safeHandle(FindElement.java:73)\n\tat io.appium.uiautomator2.handler.request.SafeRequestHandler.handle(SafeRequestHandler.java:41)\n\tat io.appium.uiautomator2.server.AppiumServlet.handleRequest(AppiumServlet.java:253)\n\tat io.appium.uiautomator2.server.AppiumServlet.handleHttpRequest(AppiumServlet.java:247)\n\tat io.appium.uiautomator2.http.ServerHandler.channelRead(ServerHandler.java:68)\n\tat io.netty.channel.AbstractChannelHandlerContext.invokeChannelRead(AbstractChannelHandlerContext.java:366)\n\tat io.netty.channel.AbstractChannelHandlerContext.invokeChannelRead(AbstractChannelHandlerContext.java:352)\n\tat io.netty.chann...
[debug] &amp#27;[35m[W3C]&amp#27;[39m Matched W3C error code 'no such element' to NoSuchElementError
[debug] &amp#27;[35m[BaseDriver]&amp#27;[39m Waited for 17441 ms so far
[debug] &amp#27;[35m[WD Proxy]&amp#27;[39m Matched '/element' to command name 'findElement'
[debug] &amp#27;[35m[WD Proxy]&amp#27;[39m Proxying [POST /element] to [POST http://127.0.0.1:8200/wd/hub/session/2237fba1-6f46-4ad3-a16c-d8c502a02b8b/element] with body: {"strategy":"id","selector":"com.colt.coltengineering:id/img_date_plan_end","context":"","multiple":false}
&amp#27;[35m[WD Proxy]&amp#27;[39m Got response with status 404: {"sessionId":"2237fba1-6f46-4ad3-a16c-d8c502a02b8b","value":{"error":"no such element","message":"An element could not be located on the page using the given search parameters","stacktrace":"io.appium.uiautomator2.common.exceptions.ElementNotFoundException: An element could not be located on the page using the given search parameters\n\tat io.appium.uiautomator2.handler.FindElement.safeHandle(FindElement.java:73)\n\tat io.appium.uiautomator2.handler.request.SafeRequestHandler.handle(SafeRequestHandler.java:41)\n\tat io.appium.uiautomator2.server.AppiumServlet.handleRequest(AppiumServlet.java:253)\n\tat io.appium.uiautomator2.server.AppiumServlet.handleHttpRequest(AppiumServlet.java:247)\n\tat io.appium.uiautomator2.http.ServerHandler.channelRead(ServerHandler.java:68)\n\tat io.netty.channel.AbstractChannelHandlerContext.invokeChannelRead(AbstractChannelHandlerContext.java:366)\n\tat io.netty.channel.AbstractChannelHandlerContext.invokeChannelRead(AbstractChannelHandlerContext.java:352)\n\tat io.netty.chann...
[debug] &amp#27;[35m[W3C]&amp#27;[39m Matched W3C error code 'no such element' to NoSuchElementError
[debug] &amp#27;[35m[BaseDriver]&amp#27;[39m Waited for 17959 ms so far
[debug] &amp#27;[35m[WD Proxy]&amp#27;[39m Matched '/element' to command name 'findElement'
[debug] &amp#27;[35m[WD Proxy]&amp#27;[39m Proxying [POST /element] to [POST http://127.0.0.1:8200/wd/hub/session/2237fba1-6f46-4ad3-a16c-d8c502a02b8b/element] with body: {"strategy":"id","selector":"com.colt.coltengineering:id/img_date_plan_end","context":"","multiple":false}
&amp#27;[35m[WD Proxy]&amp#27;[39m Got response with status 404: {"sessionId":"2237fba1-6f46-4ad3-a16c-d8c502a02b8b","value":{"error":"no such element","message":"An element could not be located on the page using the given search parameters","stacktrace":"io.appium.uiautomator2.common.exceptions.ElementNotFoundException: An element could not be located on the page using the given search parameters\n\tat io.appium.uiautomator2.handler.FindElement.safeHandle(FindElement.java:73)\n\tat io.appium.uiautomator2.handler.request.SafeRequestHandler.handle(SafeRequestHandler.java:41)\n\tat io.appium.uiautomator2.server.AppiumServlet.handleRequest(AppiumServlet.java:253)\n\tat io.appium.uiautomator2.server.AppiumServlet.handleHttpRequest(AppiumServlet.java:247)\n\tat io.appium.uiautomator2.http.ServerHandler.channelRead(ServerHandler.java:68)\n\tat io.netty.channel.AbstractChannelHandlerContext.invokeChannelRead(AbstractChannelHandlerContext.java:366)\n\tat io.netty.channel.AbstractChannelHandlerContext.invokeChannelRead(AbstractChannelHandlerContext.java:352)\n\tat io.netty.chann...
[debug] &amp#27;[35m[W3C]&amp#27;[39m Matched W3C error code 'no such element' to NoSuchElementError
[debug] &amp#27;[35m[BaseDriver]&amp#27;[39m Waited for 18475 ms so far
[debug] &amp#27;[35m[WD Proxy]&amp#27;[39m Matched '/element' to command name 'findElement'
[debug] &amp#27;[35m[WD Proxy]&amp#27;[39m Proxying [POST /element] to [POST http://127.0.0.1:8200/wd/hub/session/2237fba1-6f46-4ad3-a16c-d8c502a02b8b/element] with body: {"strategy":"id","selector":"com.colt.coltengineering:id/img_date_plan_end","context":"","multiple":false}
&amp#27;[35m[WD Proxy]&amp#27;[39m Got response with status 404: {"sessionId":"2237fba1-6f46-4ad3-a16c-d8c502a02b8b","value":{"error":"no such element","message":"An element could not be located on the page using the given search parameters","stacktrace":"io.appium.uiautomator2.common.exceptions.ElementNotFoundException: An element could not be located on the page using the given search parameters\n\tat io.appium.uiautomator2.handler.FindElement.safeHandle(FindElement.java:73)\n\tat io.appium.uiautomator2.handler.request.SafeRequestHandler.handle(SafeRequestHandler.java:41)\n\tat io.appium.uiautomator2.server.AppiumServlet.handleRequest(AppiumServlet.java:253)\n\tat io.appium.uiautomator2.server.AppiumServlet.handleHttpRequest(AppiumServlet.java:247)\n\tat io.appium.uiautomator2.http.ServerHandler.channelRead(ServerHandler.java:68)\n\tat io.netty.channel.AbstractChannelHandlerContext.invokeChannelRead(AbstractChannelHandlerContext.java:366)\n\tat io.netty.channel.AbstractChannelHandlerContext.invokeChannelRead(AbstractChannelHandlerContext.java:352)\n\tat io.netty.chann...
[debug] &amp#27;[35m[W3C]&amp#27;[39m Matched W3C error code 'no such element' to NoSuchElementError
[debug] &amp#27;[35m[BaseDriver]&amp#27;[39m Waited for 19016 ms so far
[debug] &amp#27;[35m[WD Proxy]&amp#27;[39m Matched '/element' to command name 'findElement'
[debug] &amp#27;[35m[WD Proxy]&amp#27;[39m Proxying [POST /element] to [POST http://127.0.0.1:8200/wd/hub/session/2237fba1-6f46-4ad3-a16c-d8c502a02b8b/element] with body: {"strategy":"id","selector":"com.colt.coltengineering:id/img_date_plan_end","context":"","multiple":false}
&amp#27;[35m[WD Proxy]&amp#27;[39m Got response with status 404: {"sessionId":"2237fba1-6f46-4ad3-a16c-d8c502a02b8b","value":{"error":"no such element","message":"An element could not be located on the page using the given search parameters","stacktrace":"io.appium.uiautomator2.common.exceptions.ElementNotFoundException: An element could not be located on the page using the given search parameters\n\tat io.appium.uiautomator2.handler.FindElement.safeHandle(FindElement.java:73)\n\tat io.appium.uiautomator2.handler.request.SafeRequestHandler.handle(SafeRequestHandler.java:41)\n\tat io.appium.uiautomator2.server.AppiumServlet.handleRequest(AppiumServlet.java:253)\n\tat io.appium.uiautomator2.server.AppiumServlet.handleHttpRequest(AppiumServlet.java:247)\n\tat io.appium.uiautomator2.http.ServerHandler.channelRead(ServerHandler.java:68)\n\tat io.netty.channel.AbstractChannelHandlerContext.invokeChannelRead(AbstractChannelHandlerContext.java:366)\n\tat io.netty.channel.AbstractChannelHandlerContext.invokeChannelRead(AbstractChannelHandlerContext.java:352)\n\tat io.netty.chann...
[debug] &amp#27;[35m[W3C]&amp#27;[39m Matched W3C error code 'no such element' to NoSuchElementError
[debug] &amp#27;[35m[BaseDriver]&amp#27;[39m Waited for 19553 ms so far
[debug] &amp#27;[35m[WD Proxy]&amp#27;[39m Matched '/element' to command name 'findElement'
[debug] &amp#27;[35m[WD Proxy]&amp#27;[39m Proxying [POST /element] to [POST http://127.0.0.1:8200/wd/hub/session/2237fba1-6f46-4ad3-a16c-d8c502a02b8b/element] with body: {"strategy":"id","selector":"com.colt.coltengineering:id/img_date_plan_end","context":"","multiple":false}
&amp#27;[35m[WD Proxy]&amp#27;[39m Got response with status 404: {"sessionId":"2237fba1-6f46-4ad3-a16c-d8c502a02b8b","value":{"error":"no such element","message":"An element could not be located on the page using the given search parameters","stacktrace":"io.appium.uiautomator2.common.exceptions.ElementNotFoundException: An element could not be located on the page using the given search parameters\n\tat io.appium.uiautomator2.handler.FindElement.safeHandle(FindElement.java:73)\n\tat io.appium.uiautomator2.handler.request.SafeRequestHandler.handle(SafeRequestHandler.java:41)\n\tat io.appium.uiautomator2.server.AppiumServlet.handleRequest(AppiumServlet.java:253)\n\tat io.appium.uiautomator2.server.AppiumServlet.handleHttpRequest(AppiumServlet.java:247)\n\tat io.appium.uiautomator2.http.ServerHandler.channelRead(ServerHandler.java:68)\n\tat io.netty.channel.AbstractChannelHandlerContext.invokeChannelRead(AbstractChannelHandlerContext.java:366)\n\tat io.netty.channel.AbstractChannelHandlerContext.invokeChannelRead(AbstractChannelHandlerContext.java:352)\n\tat io.netty.chann...
[debug] &amp#27;[35m[W3C]&amp#27;[39m Matched W3C error code 'no such element' to NoSuchElementError
[debug] &amp#27;[35m[BaseDriver]&amp#27;[39m Waited for 20086 ms so far
[debug] &amp#27;[35m[WD Proxy]&amp#27;[39m Matched '/element' to command name 'findElement'
[debug] &amp#27;[35m[WD Proxy]&amp#27;[39m Proxying [POST /element] to [POST http://127.0.0.1:8200/wd/hub/session/2237fba1-6f46-4ad3-a16c-d8c502a02b8b/element] with body: {"strategy":"id","selector":"com.colt.coltengineering:id/img_date_plan_end","context":"","multiple":false}
&amp#27;[35m[WD Proxy]&amp#27;[39m Got response with status 404: {"sessionId":"2237fba1-6f46-4ad3-a16c-d8c502a02b8b","value":{"error":"no such element","message":"An element could not be located on the page using the given search parameters","stacktrace":"io.appium.uiautomator2.common.exceptions.ElementNotFoundException: An element could not be located on the page using the given search parameters\n\tat io.appium.uiautomator2.handler.FindElement.safeHandle(FindElement.java:73)\n\tat io.appium.uiautomator2.handler.request.SafeRequestHandler.handle(SafeRequestHandler.java:41)\n\tat io.appium.uiautomator2.server.AppiumServlet.handleRequest(AppiumServlet.java:253)\n\tat io.appium.uiautomator2.server.AppiumServlet.handleHttpRequest(AppiumServlet.java:247)\n\tat io.appium.uiautomator2.http.ServerHandler.channelRead(ServerHandler.java:68)\n\tat io.netty.channel.AbstractChannelHandlerContext.invokeChannelRead(AbstractChannelHandlerContext.java:366)\n\tat io.netty.channel.AbstractChannelHandlerContext.invokeChannelRead(AbstractChannelHandlerContext.java:352)\n\tat io.netty.chann...
[debug] &amp#27;[35m[W3C]&amp#27;[39m Matched W3C error code 'no such element' to NoSuchElementError
[debug] &amp#27;[35m[BaseDriver]&amp#27;[39m Waited for 20610 ms so far
[debug] &amp#27;[35m[WD Proxy]&amp#27;[39m Matched '/element' to command name 'findElement'
[debug] &amp#27;[35m[WD Proxy]&amp#27;[39m Proxying [POST /element] to [POST http://127.0.0.1:8200/wd/hub/session/2237fba1-6f46-4ad3-a16c-d8c502a02b8b/element] with body: {"strategy":"id","selector":"com.colt.coltengineering:id/img_date_plan_end","context":"","multiple":false}
&amp#27;[35m[WD Proxy]&amp#27;[39m Got response with status 404: {"sessionId":"2237fba1-6f46-4ad3-a16c-d8c502a02b8b","value":{"error":"no such element","message":"An element could not be located on the page using the given search parameters","stacktrace":"io.appium.uiautomator2.common.exceptions.ElementNotFoundException: An element could not be located on the page using the given search parameters\n\tat io.appium.uiautomator2.handler.FindElement.safeHandle(FindElement.java:73)\n\tat io.appium.uiautomator2.handler.request.SafeRequestHandler.handle(SafeRequestHandler.java:41)\n\tat io.appium.uiautomator2.server.AppiumServlet.handleRequest(AppiumServlet.java:253)\n\tat io.appium.uiautomator2.server.AppiumServlet.handleHttpRequest(AppiumServlet.java:247)\n\tat io.appium.uiautomator2.http.ServerHandler.channelRead(ServerHandler.java:68)\n\tat io.netty.channel.AbstractChannelHandlerContext.invokeChannelRead(AbstractChannelHandlerContext.java:366)\n\tat io.netty.channel.AbstractChannelHandlerContext.invokeChannelRead(AbstractChannelHandlerContext.java:352)\n\tat io.netty.chann...
[debug] &amp#27;[35m[W3C]&amp#27;[39m Matched W3C error code 'no such element' to NoSuchElementError
[debug] &amp#27;[35m[BaseDriver]&amp#27;[39m Waited for 21137 ms so far
[debug] &amp#27;[35m[WD Proxy]&amp#27;[39m Matched '/element' to command name 'findElement'
[debug] &amp#27;[35m[WD Proxy]&amp#27;[39m Proxying [POST /element] to [POST http://127.0.0.1:8200/wd/hub/session/2237fba1-6f46-4ad3-a16c-d8c502a02b8b/element] with body: {"strategy":"id","selector":"com.colt.coltengineering:id/img_date_plan_end","context":"","multiple":false}
&amp#27;[35m[WD Proxy]&amp#27;[39m Got response with status 404: {"sessionId":"2237fba1-6f46-4ad3-a16c-d8c502a02b8b","value":{"error":"no such element","message":"An element could not be located on the page using the given search parameters","stacktrace":"io.appium.uiautomator2.common.exceptions.ElementNotFoundException: An element could not be located on the page using the given search parameters\n\tat io.appium.uiautomator2.handler.FindElement.safeHandle(FindElement.java:73)\n\tat io.appium.uiautomator2.handler.request.SafeRequestHandler.handle(SafeRequestHandler.java:41)\n\tat io.appium.uiautomator2.server.AppiumServlet.handleRequest(AppiumServlet.java:253)\n\tat io.appium.uiautomator2.server.AppiumServlet.handleHttpRequest(AppiumServlet.java:247)\n\tat io.appium.uiautomator2.http.ServerHandler.channelRead(ServerHandler.java:68)\n\tat io.netty.channel.AbstractChannelHandlerContext.invokeChannelRead(AbstractChannelHandlerContext.java:366)\n\tat io.netty.channel.AbstractChannelHandlerContext.invokeChannelRead(AbstractChannelHandlerContext.java:352)\n\tat io.netty.chann...
[debug] &amp#27;[35m[W3C]&amp#27;[39m Matched W3C error code 'no such element' to NoSuchElementError
[debug] &amp#27;[35m[BaseDriver]&amp#27;[39m Waited for 21649 ms so far
[debug] &amp#27;[35m[WD Proxy]&amp#27;[39m Matched '/element' to command name 'findElement'
[debug] &amp#27;[35m[WD Proxy]&amp#27;[39m Proxying [POST /element] to [POST http://127.0.0.1:8200/wd/hub/session/2237fba1-6f46-4ad3-a16c-d8c502a02b8b/element] with body: {"strategy":"id","selector":"com.colt.coltengineering:id/img_date_plan_end","context":"","multiple":false}
&amp#27;[35m[WD Proxy]&amp#27;[39m Got response with status 404: {"sessionId":"2237fba1-6f46-4ad3-a16c-d8c502a02b8b","value":{"error":"no such element","message":"An element could not be located on the page using the given search parameters","stacktrace":"io.appium.uiautomator2.common.exceptions.ElementNotFoundException: An element could not be located on the page using the given search parameters\n\tat io.appium.uiautomator2.handler.FindElement.safeHandle(FindElement.java:73)\n\tat io.appium.uiautomator2.handler.request.SafeRequestHandler.handle(SafeRequestHandler.java:41)\n\tat io.appium.uiautomator2.server.AppiumServlet.handleRequest(AppiumServlet.java:253)\n\tat io.appium.uiautomator2.server.AppiumServlet.handleHttpRequest(AppiumServlet.java:247)\n\tat io.appium.uiautomator2.http.ServerHandler.channelRead(ServerHandler.java:68)\n\tat io.netty.channel.AbstractChannelHandlerContext.invokeChannelRead(AbstractChannelHandlerContext.java:366)\n\tat io.netty.channel.AbstractChannelHandlerContext.invokeChannelRead(AbstractChannelHandlerContext.java:352)\n\tat io.netty.chann...
[debug] &amp#27;[35m[W3C]&amp#27;[39m Matched W3C error code 'no such element' to NoSuchElementError
[debug] &amp#27;[35m[BaseDriver]&amp#27;[39m Waited for 22174 ms so far
[debug] &amp#27;[35m[WD Proxy]&amp#27;[39m Matched '/element' to command name 'findElement'
[debug] &amp#27;[35m[WD Proxy]&amp#27;[39m Proxying [POST /element] to [POST http://127.0.0.1:8200/wd/hub/session/2237fba1-6f46-4ad3-a16c-d8c502a02b8b/element] with body: {"strategy":"id","selector":"com.colt.coltengineering:id/img_date_plan_end","context":"","multiple":false}
&amp#27;[35m[WD Proxy]&amp#27;[39m Got response with status 404: {"sessionId":"2237fba1-6f46-4ad3-a16c-d8c502a02b8b","value":{"error":"no such element","message":"An element could not be located on the page using the given search parameters","stacktrace":"io.appium.uiautomator2.common.exceptions.ElementNotFoundException: An element could not be located on the page using the given search parameters\n\tat io.appium.uiautomator2.handler.FindElement.safeHandle(FindElement.java:73)\n\tat io.appium.uiautomator2.handler.request.SafeRequestHandler.handle(SafeRequestHandler.java:41)\n\tat io.appium.uiautomator2.server.AppiumServlet.handleRequest(AppiumServlet.java:253)\n\tat io.appium.uiautomator2.server.AppiumServlet.handleHttpRequest(AppiumServlet.java:247)\n\tat io.appium.uiautomator2.http.ServerHandler.channelRead(ServerHandler.java:68)\n\tat io.netty.channel.AbstractChannelHandlerContext.invokeChannelRead(AbstractChannelHandlerContext.java:366)\n\tat io.netty.channel.AbstractChannelHandlerContext.invokeChannelRead(AbstractChannelHandlerContext.java:352)\n\tat io.netty.chann...
[debug] &amp#27;[35m[W3C]&amp#27;[39m Matched W3C error code 'no such element' to NoSuchElementError
[debug] &amp#27;[35m[BaseDriver]&amp#27;[39m Waited for 22698 ms so far
[debug] &amp#27;[35m[WD Proxy]&amp#27;[39m Matched '/element' to command name 'findElement'
[debug] &amp#27;[35m[WD Proxy]&amp#27;[39m Proxying [POST /element] to [POST http://127.0.0.1:8200/wd/hub/session/2237fba1-6f46-4ad3-a16c-d8c502a02b8b/element] with body: {"strategy":"id","selector":"com.colt.coltengineering:id/img_date_plan_end","context":"","multiple":false}
&amp#27;[35m[WD Proxy]&amp#27;[39m Got response with status 404: {"sessionId":"2237fba1-6f46-4ad3-a16c-d8c502a02b8b","value":{"error":"no such element","message":"An element could not be located on the page using the given search parameters","stacktrace":"io.appium.uiautomator2.common.exceptions.ElementNotFoundException: An element could not be located on the page using the given search parameters\n\tat io.appium.uiautomator2.handler.FindElement.safeHandle(FindElement.java:73)\n\tat io.appium.uiautomator2.handler.request.SafeRequestHandler.handle(SafeRequestHandler.java:41)\n\tat io.appium.uiautomator2.server.AppiumServlet.handleRequest(AppiumServlet.java:253)\n\tat io.appium.uiautomator2.server.AppiumServlet.handleHttpRequest(AppiumServlet.java:247)\n\tat io.appium.uiautomator2.http.ServerHandler.channelRead(ServerHandler.java:68)\n\tat io.netty.channel.AbstractChannelHandlerContext.invokeChannelRead(AbstractChannelHandlerContext.java:366)\n\tat io.netty.channel.AbstractChannelHandlerContext.invokeChannelRead(AbstractChannelHandlerContext.java:352)\n\tat io.netty.chann...
[debug] &amp#27;[35m[W3C]&amp#27;[39m Matched W3C error code 'no such element' to NoSuchElementError
[debug] &amp#27;[35m[BaseDriver]&amp#27;[39m Waited for 23233 ms so far
[debug] &amp#27;[35m[WD Proxy]&amp#27;[39m Matched '/element' to command name 'findElement'
[debug] &amp#27;[35m[WD Proxy]&amp#27;[39m Proxying [POST /element] to [POST http://127.0.0.1:8200/wd/hub/session/2237fba1-6f46-4ad3-a16c-d8c502a02b8b/element] with body: {"strategy":"id","selector":"com.colt.coltengineering:id/img_date_plan_end","context":"","multiple":false}
&amp#27;[35m[WD Proxy]&amp#27;[39m Got response with status 404: {"sessionId":"2237fba1-6f46-4ad3-a16c-d8c502a02b8b","value":{"error":"no such element","message":"An element could not be located on the page using the given search parameters","stacktrace":"io.appium.uiautomator2.common.exceptions.ElementNotFoundException: An element could not be located on the page using the given search parameters\n\tat io.appium.uiautomator2.handler.FindElement.safeHandle(FindElement.java:73)\n\tat io.appium.uiautomator2.handler.request.SafeRequestHandler.handle(SafeRequestHandler.java:41)\n\tat io.appium.uiautomator2.server.AppiumServlet.handleRequest(AppiumServlet.java:253)\n\tat io.appium.uiautomator2.server.AppiumServlet.handleHttpRequest(AppiumServlet.java:247)\n\tat io.appium.uiautomator2.http.ServerHandler.channelRead(ServerHandler.java:68)\n\tat io.netty.channel.AbstractChannelHandlerContext.invokeChannelRead(AbstractChannelHandlerContext.java:366)\n\tat io.netty.channel.AbstractChannelHandlerContext.invokeChannelRead(AbstractChannelHandlerContext.java:352)\n\tat io.netty.chann...
[debug] &amp#27;[35m[W3C]&amp#27;[39m Matched W3C error code 'no such element' to NoSuchElementError
[debug] &amp#27;[35m[BaseDriver]&amp#27;[39m Waited for 23761 ms so far
[debug] &amp#27;[35m[WD Proxy]&amp#27;[39m Matched '/element' to command name 'findElement'
[debug] &amp#27;[35m[WD Proxy]&amp#27;[39m Proxying [POST /element] to [POST http://127.0.0.1:8200/wd/hub/session/2237fba1-6f46-4ad3-a16c-d8c502a02b8b/element] with body: {"strategy":"id","selector":"com.colt.coltengineering:id/img_date_plan_end","context":"","multiple":false}
&amp#27;[35m[WD Proxy]&amp#27;[39m Got response with status 404: {"sessionId":"2237fba1-6f46-4ad3-a16c-d8c502a02b8b","value":{"error":"no such element","message":"An element could not be located on the page using the given search parameters","stacktrace":"io.appium.uiautomator2.common.exceptions.ElementNotFoundException: An element could not be located on the page using the given search parameters\n\tat io.appium.uiautomator2.handler.FindElement.safeHandle(FindElement.java:73)\n\tat io.appium.uiautomator2.handler.request.SafeRequestHandler.handle(SafeRequestHandler.java:41)\n\tat io.appium.uiautomator2.server.AppiumServlet.handleRequest(AppiumServlet.java:253)\n\tat io.appium.uiautomator2.server.AppiumServlet.handleHttpRequest(AppiumServlet.java:247)\n\tat io.appium.uiautomator2.http.ServerHandler.channelRead(ServerHandler.java:68)\n\tat io.netty.channel.AbstractChannelHandlerContext.invokeChannelRead(AbstractChannelHandlerContext.java:366)\n\tat io.netty.channel.AbstractChannelHandlerContext.invokeChannelRead(AbstractChannelHandlerContext.java:352)\n\tat io.netty.chann...
[debug] &amp#27;[35m[W3C]&amp#27;[39m Matched W3C error code 'no such element' to NoSuchElementError
[debug] &amp#27;[35m[BaseDriver]&amp#27;[39m Waited for 24292 ms so far
[debug] &amp#27;[35m[WD Proxy]&amp#27;[39m Matched '/element' to command name 'findElement'
[debug] &amp#27;[35m[WD Proxy]&amp#27;[39m Proxying [POST /element] to [POST http://127.0.0.1:8200/wd/hub/session/2237fba1-6f46-4ad3-a16c-d8c502a02b8b/element] with body: {"strategy":"id","selector":"com.colt.coltengineering:id/img_date_plan_end","context":"","multiple":false}
&amp#27;[35m[WD Proxy]&amp#27;[39m Got response with status 404: {"sessionId":"2237fba1-6f46-4ad3-a16c-d8c502a02b8b","value":{"error":"no such element","message":"An element could not be located on the page using the given search parameters","stacktrace":"io.appium.uiautomator2.common.exceptions.ElementNotFoundException: An element could not be located on the page using the given search parameters\n\tat io.appium.uiautomator2.handler.FindElement.safeHandle(FindElement.java:73)\n\tat io.appium.uiautomator2.handler.request.SafeRequestHandler.handle(SafeRequestHandler.java:41)\n\tat io.appium.uiautomator2.server.AppiumServlet.handleRequest(AppiumServlet.java:253)\n\tat io.appium.uiautomator2.server.AppiumServlet.handleHttpRequest(AppiumServlet.java:247)\n\tat io.appium.uiautomator2.http.ServerHandler.channelRead(ServerHandler.java:68)\n\tat io.netty.channel.AbstractChannelHandlerContext.invokeChannelRead(AbstractChannelHandlerContext.java:366)\n\tat io.netty.channel.AbstractChannelHandlerContext.invokeChannelRead(AbstractChannelHandlerContext.java:352)\n\tat io.netty.chann...
[debug] &amp#27;[35m[W3C]&amp#27;[39m Matched W3C error code 'no such element' to NoSuchElementError
[debug] &amp#27;[35m[BaseDriver]&amp#27;[39m Waited for 24828 ms so far
[debug] &amp#27;[35m[WD Proxy]&amp#27;[39m Matched '/element' to command name 'findElement'
[debug] &amp#27;[35m[WD Proxy]&amp#27;[39m Proxying [POST /element] to [POST http://127.0.0.1:8200/wd/hub/session/2237fba1-6f46-4ad3-a16c-d8c502a02b8b/element] with body: {"strategy":"id","selector":"com.colt.coltengineering:id/img_date_plan_end","context":"","multiple":false}
&amp#27;[35m[WD Proxy]&amp#27;[39m Got response with status 404: {"sessionId":"2237fba1-6f46-4ad3-a16c-d8c502a02b8b","value":{"error":"no such element","message":"An element could not be located on the page using the given search parameters","stacktrace":"io.appium.uiautomator2.common.exceptions.ElementNotFoundException: An element could not be located on the page using the given search parameters\n\tat io.appium.uiautomator2.handler.FindElement.safeHandle(FindElement.java:73)\n\tat io.appium.uiautomator2.handler.request.SafeRequestHandler.handle(SafeRequestHandler.java:41)\n\tat io.appium.uiautomator2.server.AppiumServlet.handleRequest(AppiumServlet.java:253)\n\tat io.appium.uiautomator2.server.AppiumServlet.handleHttpRequest(AppiumServlet.java:247)\n\tat io.appium.uiautomator2.http.ServerHandler.channelRead(ServerHandler.java:68)\n\tat io.netty.channel.AbstractChannelHandlerContext.invokeChannelRead(AbstractChannelHandlerContext.java:366)\n\tat io.netty.channel.AbstractChannelHandlerContext.invokeChannelRead(AbstractChannelHandlerContext.java:352)\n\tat io.netty.chann...
[debug] &amp#27;[35m[W3C]&amp#27;[39m Matched W3C error code 'no such element' to NoSuchElementError
[debug] &amp#27;[35m[BaseDriver]&amp#27;[39m Waited for 25361 ms so far
[debug] &amp#27;[35m[WD Proxy]&amp#27;[39m Matched '/element' to command name 'findElement'
[debug] &amp#27;[35m[WD Proxy]&amp#27;[39m Proxying [POST /element] to [POST http://127.0.0.1:8200/wd/hub/session/2237fba1-6f46-4ad3-a16c-d8c502a02b8b/element] with body: {"strategy":"id","selector":"com.colt.coltengineering:id/img_date_plan_end","context":"","multiple":false}
&amp#27;[35m[WD Proxy]&amp#27;[39m Got response with status 404: {"sessionId":"2237fba1-6f46-4ad3-a16c-d8c502a02b8b","value":{"error":"no such element","message":"An element could not be located on the page using the given search parameters","stacktrace":"io.appium.uiautomator2.common.exceptions.ElementNotFoundException: An element could not be located on the page using the given search parameters\n\tat io.appium.uiautomator2.handler.FindElement.safeHandle(FindElement.java:73)\n\tat io.appium.uiautomator2.handler.request.SafeRequestHandler.handle(SafeRequestHandler.java:41)\n\tat io.appium.uiautomator2.server.AppiumServlet.handleRequest(AppiumServlet.java:253)\n\tat io.appium.uiautomator2.server.AppiumServlet.handleHttpRequest(AppiumServlet.java:247)\n\tat io.appium.uiautomator2.http.ServerHandler.channelRead(ServerHandler.java:68)\n\tat io.netty.channel.AbstractChannelHandlerContext.invokeChannelRead(AbstractChannelHandlerContext.java:366)\n\tat io.netty.channel.AbstractChannelHandlerContext.invokeChannelRead(AbstractChannelHandlerContext.java:352)\n\tat io.netty.chann...
[debug] &amp#27;[35m[W3C]&amp#27;[39m Matched W3C error code 'no such element' to NoSuchElementError
[debug] &amp#27;[35m[BaseDriver]&amp#27;[39m Waited for 25880 ms so far
[debug] &amp#27;[35m[WD Proxy]&amp#27;[39m Matched '/element' to command name 'findElement'
[debug] &amp#27;[35m[WD Proxy]&amp#27;[39m Proxying [POST /element] to [POST http://127.0.0.1:8200/wd/hub/session/2237fba1-6f46-4ad3-a16c-d8c502a02b8b/element] with body: {"strategy":"id","selector":"com.colt.coltengineering:id/img_date_plan_end","context":"","multiple":false}
&amp#27;[35m[WD Proxy]&amp#27;[39m Got response with status 404: {"sessionId":"2237fba1-6f46-4ad3-a16c-d8c502a02b8b","value":{"error":"no such element","message":"An element could not be located on the page using the given search parameters","stacktrace":"io.appium.uiautomator2.common.exceptions.ElementNotFoundException: An element could not be located on the page using the given search parameters\n\tat io.appium.uiautomator2.handler.FindElement.safeHandle(FindElement.java:73)\n\tat io.appium.uiautomator2.handler.request.SafeRequestHandler.handle(SafeRequestHandler.java:41)\n\tat io.appium.uiautomator2.server.AppiumServlet.handleRequest(AppiumServlet.java:253)\n\tat io.appium.uiautomator2.server.AppiumServlet.handleHttpRequest(AppiumServlet.java:247)\n\tat io.appium.uiautomator2.http.ServerHandler.channelRead(ServerHandler.java:68)\n\tat io.netty.channel.AbstractChannelHandlerContext.invokeChannelRead(AbstractChannelHandlerContext.java:366)\n\tat io.netty.channel.AbstractChannelHandlerContext.invokeChannelRead(AbstractChannelHandlerContext.java:352)\n\tat io.netty.chann...
[debug] &amp#27;[35m[W3C]&amp#27;[39m Matched W3C error code 'no such element' to NoSuchElementError
[debug] &amp#27;[35m[BaseDriver]&amp#27;[39m Waited for 26409 ms so far
[debug] &amp#27;[35m[WD Proxy]&amp#27;[39m Matched '/element' to command name 'findElement'
[debug] &amp#27;[35m[WD Proxy]&amp#27;[39m Proxying [POST /element] to [POST http://127.0.0.1:8200/wd/hub/session/2237fba1-6f46-4ad3-a16c-d8c502a02b8b/element] with body: {"strategy":"id","selector":"com.colt.coltengineering:id/img_date_plan_end","context":"","multiple":false}
&amp#27;[35m[WD Proxy]&amp#27;[39m Got response with status 404: {"sessionId":"2237fba1-6f46-4ad3-a16c-d8c502a02b8b","value":{"error":"no such element","message":"An element could not be located on the page using the given search parameters","stacktrace":"io.appium.uiautomator2.common.exceptions.ElementNotFoundException: An element could not be located on the page using the given search parameters\n\tat io.appium.uiautomator2.handler.FindElement.safeHandle(FindElement.java:73)\n\tat io.appium.uiautomator2.handler.request.SafeRequestHandler.handle(SafeRequestHandler.java:41)\n\tat io.appium.uiautomator2.server.AppiumServlet.handleRequest(AppiumServlet.java:253)\n\tat io.appium.uiautomator2.server.AppiumServlet.handleHttpRequest(AppiumServlet.java:247)\n\tat io.appium.uiautomator2.http.ServerHandler.channelRead(ServerHandler.java:68)\n\tat io.netty.channel.AbstractChannelHandlerContext.invokeChannelRead(AbstractChannelHandlerContext.java:366)\n\tat io.netty.channel.AbstractChannelHandlerContext.invokeChannelRead(AbstractChannelHandlerContext.java:352)\n\tat io.netty.chann...
[debug] &amp#27;[35m[W3C]&amp#27;[39m Matched W3C error code 'no such element' to NoSuchElementError
[debug] &amp#27;[35m[BaseDriver]&amp#27;[39m Waited for 26929 ms so far
[debug] &amp#27;[35m[WD Proxy]&amp#27;[39m Matched '/element' to command name 'findElement'
[debug] &amp#27;[35m[WD Proxy]&amp#27;[39m Proxying [POST /element] to [POST http://127.0.0.1:8200/wd/hub/session/2237fba1-6f46-4ad3-a16c-d8c502a02b8b/element] with body: {"strategy":"id","selector":"com.colt.coltengineering:id/img_date_plan_end","context":"","multiple":false}
&amp#27;[35m[WD Proxy]&amp#27;[39m Got response with status 404: {"sessionId":"2237fba1-6f46-4ad3-a16c-d8c502a02b8b","value":{"error":"no such element","message":"An element could not be located on the page using the given search parameters","stacktrace":"io.appium.uiautomator2.common.exceptions.ElementNotFoundException: An element could not be located on the page using the given search parameters\n\tat io.appium.uiautomator2.handler.FindElement.safeHandle(FindElement.java:73)\n\tat io.appium.uiautomator2.handler.request.SafeRequestHandler.handle(SafeRequestHandler.java:41)\n\tat io.appium.uiautomator2.server.AppiumServlet.handleRequest(AppiumServlet.java:253)\n\tat io.appium.uiautomator2.server.AppiumServlet.handleHttpRequest(AppiumServlet.java:247)\n\tat io.appium.uiautomator2.http.ServerHandler.channelRead(ServerHandler.java:68)\n\tat io.netty.channel.AbstractChannelHandlerContext.invokeChannelRead(AbstractChannelHandlerContext.java:366)\n\tat io.netty.channel.AbstractChannelHandlerContext.invokeChannelRead(AbstractChannelHandlerContext.java:352)\n\tat io.netty.chann...
[debug] &amp#27;[35m[W3C]&amp#27;[39m Matched W3C error code 'no such element' to NoSuchElementError
[debug] &amp#27;[35m[BaseDriver]&amp#27;[39m Waited for 27457 ms so far
[debug] &amp#27;[35m[WD Proxy]&amp#27;[39m Matched '/element' to command name 'findElement'
[debug] &amp#27;[35m[WD Proxy]&amp#27;[39m Proxying [POST /element] to [POST http://127.0.0.1:8200/wd/hub/session/2237fba1-6f46-4ad3-a16c-d8c502a02b8b/element] with body: {"strategy":"id","selector":"com.colt.coltengineering:id/img_date_plan_end","context":"","multiple":false}
&amp#27;[35m[WD Proxy]&amp#27;[39m Got response with status 404: {"sessionId":"2237fba1-6f46-4ad3-a16c-d8c502a02b8b","value":{"error":"no such element","message":"An element could not be located on the page using the given search parameters","stacktrace":"io.appium.uiautomator2.common.exceptions.ElementNotFoundException: An element could not be located on the page using the given search parameters\n\tat io.appium.uiautomator2.handler.FindElement.safeHandle(FindElement.java:73)\n\tat io.appium.uiautomator2.handler.request.SafeRequestHandler.handle(SafeRequestHandler.java:41)\n\tat io.appium.uiautomator2.server.AppiumServlet.handleRequest(AppiumServlet.java:253)\n\tat io.appium.uiautomator2.server.AppiumServlet.handleHttpRequest(AppiumServlet.java:247)\n\tat io.appium.uiautomator2.http.ServerHandler.channelRead(ServerHandler.java:68)\n\tat io.netty.channel.AbstractChannelHandlerContext.invokeChannelRead(AbstractChannelHandlerContext.java:366)\n\tat io.netty.channel.AbstractChannelHandlerContext.invokeChannelRead(AbstractChannelHandlerContext.java:352)\n\tat io.netty.chann...
[debug] &amp#27;[35m[W3C]&amp#27;[39m Matched W3C error code 'no such element' to NoSuchElementError
[debug] &amp#27;[35m[BaseDriver]&amp#27;[39m Waited for 27993 ms so far
[debug] &amp#27;[35m[WD Proxy]&amp#27;[39m Matched '/element' to command name 'findElement'
[debug] &amp#27;[35m[WD Proxy]&amp#27;[39m Proxying [POST /element] to [POST http://127.0.0.1:8200/wd/hub/session/2237fba1-6f46-4ad3-a16c-d8c502a02b8b/element] with body: {"strategy":"id","selector":"com.colt.coltengineering:id/img_date_plan_end","context":"","multiple":false}
&amp#27;[35m[WD Proxy]&amp#27;[39m Got response with status 404: {"sessionId":"2237fba1-6f46-4ad3-a16c-d8c502a02b8b","value":{"error":"no such element","message":"An element could not be located on the page using the given search parameters","stacktrace":"io.appium.uiautomator2.common.exceptions.ElementNotFoundException: An element could not be located on the page using the given search parameters\n\tat io.appium.uiautomator2.handler.FindElement.safeHandle(FindElement.java:73)\n\tat io.appium.uiautomator2.handler.request.SafeRequestHandler.handle(SafeRequestHandler.java:41)\n\tat io.appium.uiautomator2.server.AppiumServlet.handleRequest(AppiumServlet.java:253)\n\tat io.appium.uiautomator2.server.AppiumServlet.handleHttpRequest(AppiumServlet.java:247)\n\tat io.appium.uiautomator2.http.ServerHandler.channelRead(ServerHandler.java:68)\n\tat io.netty.channel.AbstractChannelHandlerContext.invokeChannelRead(AbstractChannelHandlerContext.java:366)\n\tat io.netty.channel.AbstractChannelHandlerContext.invokeChannelRead(AbstractChannelHandlerContext.java:352)\n\tat io.netty.chann...
[debug] &amp#27;[35m[W3C]&amp#27;[39m Matched W3C error code 'no such element' to NoSuchElementError
[debug] &amp#27;[35m[BaseDriver]&amp#27;[39m Waited for 28514 ms so far
[debug] &amp#27;[35m[WD Proxy]&amp#27;[39m Matched '/element' to command name 'findElement'
[debug] &amp#27;[35m[WD Proxy]&amp#27;[39m Proxying [POST /element] to [POST http://127.0.0.1:8200/wd/hub/session/2237fba1-6f46-4ad3-a16c-d8c502a02b8b/element] with body: {"strategy":"id","selector":"com.colt.coltengineering:id/img_date_plan_end","context":"","multiple":false}
&amp#27;[35m[WD Proxy]&amp#27;[39m Got response with status 404: {"sessionId":"2237fba1-6f46-4ad3-a16c-d8c502a02b8b","value":{"error":"no such element","message":"An element could not be located on the page using the given search parameters","stacktrace":"io.appium.uiautomator2.common.exceptions.ElementNotFoundException: An element could not be located on the page using the given search parameters\n\tat io.appium.uiautomator2.handler.FindElement.safeHandle(FindElement.java:73)\n\tat io.appium.uiautomator2.handler.request.SafeRequestHandler.handle(SafeRequestHandler.java:41)\n\tat io.appium.uiautomator2.server.AppiumServlet.handleRequest(AppiumServlet.java:253)\n\tat io.appium.uiautomator2.server.AppiumServlet.handleHttpRequest(AppiumServlet.java:247)\n\tat io.appium.uiautomator2.http.ServerHandler.channelRead(ServerHandler.java:68)\n\tat io.netty.channel.AbstractChannelHandlerContext.invokeChannelRead(AbstractChannelHandlerContext.java:366)\n\tat io.netty.channel.AbstractChannelHandlerContext.invokeChannelRead(AbstractChannelHandlerContext.java:352)\n\tat io.netty.chann...
[debug] &amp#27;[35m[W3C]&amp#27;[39m Matched W3C error code 'no such element' to NoSuchElementError
[debug] &amp#27;[35m[BaseDriver]&amp#27;[39m Waited for 29041 ms so far
[debug] &amp#27;[35m[WD Proxy]&amp#27;[39m Matched '/element' to command name 'findElement'
[debug] &amp#27;[35m[WD Proxy]&amp#27;[39m Proxying [POST /element] to [POST http://127.0.0.1:8200/wd/hub/session/2237fba1-6f46-4ad3-a16c-d8c502a02b8b/element] with body: {"strategy":"id","selector":"com.colt.coltengineering:id/img_date_plan_end","context":"","multiple":false}
&amp#27;[35m[WD Proxy]&amp#27;[39m Got response with status 404: {"sessionId":"2237fba1-6f46-4ad3-a16c-d8c502a02b8b","value":{"error":"no such element","message":"An element could not be located on the page using the given search parameters","stacktrace":"io.appium.uiautomator2.common.exceptions.ElementNotFoundException: An element could not be located on the page using the given search parameters\n\tat io.appium.uiautomator2.handler.FindElement.safeHandle(FindElement.java:73)\n\tat io.appium.uiautomator2.handler.request.SafeRequestHandler.handle(SafeRequestHandler.java:41)\n\tat io.appium.uiautomator2.server.AppiumServlet.handleRequest(AppiumServlet.java:253)\n\tat io.appium.uiautomator2.server.AppiumServlet.handleHttpRequest(AppiumServlet.java:247)\n\tat io.appium.uiautomator2.http.ServerHandler.channelRead(ServerHandler.java:68)\n\tat io.netty.channel.AbstractChannelHandlerContext.invokeChannelRead(AbstractChannelHandlerContext.java:366)\n\tat io.netty.channel.AbstractChannelHandlerContext.invokeChannelRead(AbstractChannelHandlerContext.java:352)\n\tat io.netty.chann...
[debug] &amp#27;[35m[W3C]&amp#27;[39m Matched W3C error code 'no such element' to NoSuchElementError
[debug] &amp#27;[35m[BaseDriver]&amp#27;[39m Waited for 29555 ms so far
[debug] &amp#27;[35m[WD Proxy]&amp#27;[39m Matched '/element' to command name 'findElement'
[debug] &amp#27;[35m[WD Proxy]&amp#27;[39m Proxying [POST /element] to [POST http://127.0.0.1:8200/wd/hub/session/2237fba1-6f46-4ad3-a16c-d8c502a02b8b/element] with body: {"strategy":"id","selector":"com.colt.coltengineering:id/img_date_plan_end","context":"","multiple":false}
&amp#27;[35m[WD Proxy]&amp#27;[39m Got response with status 404: {"sessionId":"2237fba1-6f46-4ad3-a16c-d8c502a02b8b","value":{"error":"no such element","message":"An element could not be located on the page using the given search parameters","stacktrace":"io.appium.uiautomator2.common.exceptions.ElementNotFoundException: An element could not be located on the page using the given search parameters\n\tat io.appium.uiautomator2.handler.FindElement.safeHandle(FindElement.java:73)\n\tat io.appium.uiautomator2.handler.request.SafeRequestHandler.handle(SafeRequestHandler.java:41)\n\tat io.appium.uiautomator2.server.AppiumServlet.handleRequest(AppiumServlet.java:253)\n\tat io.appium.uiautomator2.server.AppiumServlet.handleHttpRequest(AppiumServlet.java:247)\n\tat io.appium.uiautomator2.http.ServerHandler.channelRead(ServerHandler.java:68)\n\tat io.netty.channel.AbstractChannelHandlerContext.invokeChannelRead(AbstractChannelHandlerContext.java:366)\n\tat io.netty.channel.AbstractChannelHandlerContext.invokeChannelRead(AbstractChannelHandlerContext.java:352)\n\tat io.netty.chann...
[debug] &amp#27;[35m[W3C]&amp#27;[39m Matched W3C error code 'no such element' to NoSuchElementError
[debug] &amp#27;[35m[W3C (4b1a498c)]&amp#27;[39m Encountered internal error running command: NoSuchElementError: An element could not be located on the page using the given search parameters.
[debug] &amp#27;[35m[W3C (4b1a498c)]&amp#27;[39m     at AndroidUiautomator2Driver.findElOrEls (C:\Users\Medhansh\AppData\Roaming\npm\node_modules\appium\node_modules\appium-android-driver\lib\commands\find.js:75:11)
[debug] &amp#27;[35m[W3C (4b1a498c)]&amp#27;[39m     at runMicrotasks (<anonymous>)
[debug] &amp#27;[35m[W3C (4b1a498c)]&amp#27;[39m     at processTicksAndRejections (internal/process/task_queues.js:93:5)
[debug] &amp#27;[35m[W3C (4b1a498c)]&amp#27;[39m     at AndroidUiautomator2Driver.findElOrElsWithProcessing (C:\Users\Medhansh\AppData\Roaming\npm\node_modules\appium\node_modules\appium-base-driver\lib\basedriver\commands\find.js:33:12)
[debug] &amp#27;[35m[W3C (4b1a498c)]&amp#27;[39m     at AndroidUiautomator2Driver.findElement (C:\Users\Medhansh\AppData\Roaming\npm\node_modules\appium\node_modules\appium-base-driver\lib\basedriver\commands\find.js:53:10)
&amp#27;[35m[HTTP]&amp#27;[39m &amp#27;[37m<-- POST /wd/hub/session/4b1a498c-3774-4cf9-a2fe-021ea34b4d5e/element &amp#27;[39m&amp#27;[33m404&amp#27;[39m &amp#27;[90m30108 ms - 923&amp#27;[39m
&amp#27;[35m[HTTP]&amp#27;[39m &amp#27;[90m&amp#27;[39m
]]></system-out>
    <system-err><![CDATA[Nov 03, 2020 10:49:30 AM io.appium.java_client.remote.AppiumCommandExecutor$1 lambda$0
INFO: Detected dialect: W3C
]]></system-err>
  </testcase>
  <testcase name="validateAllLabelAndTextFields" classname="com.colt.fieldengineerapp.testcases.EndToEndTestForPlannedWorks" time="19.418"/>
  <testcase name="setUp" classname="com.colt.fieldengineerapp.testcases.EndToEndTestForSingleTaskView" time="123.759">
    <failure message="Can&apos;t locate an element by this strategy: By.chained({By.id: com.colt.coltengineering:id/img_next})" type="org.openqa.selenium.NoSuchElementException">org.openqa.selenium.NoSuchElementException: Can't locate an element by this strategy: By.chained({By.id: com.colt.coltengineering:id/img_next})
	at com.colt.fieldengineerapp.testcases.EndToEndTestForSingleTaskView.setUp(EndToEndTestForSingleTaskView.java:58)
Caused by: org.openqa.selenium.TimeoutException: Expected condition failed: waiting for io.appium.java_client.pagefactory.AppiumElementLocator$WaitingFunction@432f521f (tried for 30 second(s) with 500 milliseconds interval)
	at com.colt.fieldengineerapp.testcases.EndToEndTestForSingleTaskView.setUp(EndToEndTestForSingleTaskView.java:58)
Caused by: org.openqa.selenium.NoSuchElementException: 
Cannot locate an element using By.chained({By.id: com.colt.coltengineering:id/img_next})
For documentation on this error, please visit: https://www.seleniumhq.org/exceptions/no_such_element.html
Build info: version: '3.141.59', revision: 'e82be7d358', time: '2018-11-14T08:17:03'
System info: host: 'DESKTOP-K4MGEUM', ip: '192.168.0.7', os.name: 'Windows 10', os.arch: 'amd64', os.version: '10.0', java.version: '1.8.0_251'
Driver info: driver.version: AndroidDriver
	at com.colt.fieldengineerapp.testcases.EndToEndTestForSingleTaskView.setUp(EndToEndTestForSingleTaskView.java:58)
</failure>
    <system-out><![CDATA[ The test passed is ==validateAllLabelAndTextFields in class : [TestClass name=class com.colt.fieldengineerapp.testcases.EndToEndTestForPlannedWorks]
&amp#27;[35m[HTTP]&amp#27;[39m &amp#27;[37m-->&amp#27;[39m &amp#27;[37mGET&amp#27;[39m &amp#27;[37m/wd/hub/session/cfc42c16-0b37-490c-baf0-c0b9d88bfd65/screenshot&amp#27;[39m
&amp#27;[35m[HTTP]&amp#27;[39m &amp#27;[90m{}&amp#27;[39m
[debug] &amp#27;[35m[W3C (cfc42c16)]&amp#27;[39m Calling AppiumDriver.getScreenshot() with args: ["cfc42c16-0b37-490c-baf0-c0b9d88bfd65"]
[debug] &amp#27;[35m[WD Proxy]&amp#27;[39m Matched '/screenshot' to command name 'getScreenshot'
[debug] &amp#27;[35m[WD Proxy]&amp#27;[39m Proxying [GET /screenshot] to [GET http://127.0.0.1:8200/wd/hub/session/81c57135-b1c2-4071-8d65-4c313ce61cb2/screenshot] with no body
[debug] &amp#27;[35m[WD Proxy]&amp#27;[39m Got response with status 200: {"sessionId":"81c57135-b1c2-4071-8d65-4c313ce61cb2","value":"iVBORw0KGgoAAAANSUhEUgAABDgAAAeACAYAAAArYecKAAAABHNCSVQICAgIfAhkiAAAIABJREFU\neJzsvXl8VdXV//+5CUkIUwKEyRAZRARRQBBQEJmRQXAo2Dpbq31an76s2m9rrVax5Wnt01rn2l+1\nk9Va5ZE61DaijyigVlQQ1AiCUJnHkCAhkOn8/rA3z7n77mHtffa5N9H1fr14kZyz99pr77322muv\nnHtuAkCALJJIJBAEQfP/1PKq3yl1VGUAaMvJ2k6iqqdrO3zPpV8uqOT6GkeX9n321SRLNYcutuei\nk6++uoxjlLbjskeb9jK9JuKWKbML8ZqIj7VL9QE240L1cy66m9oFYLWH2LbtsjeI1zLl3yl6xdVG\nXHu4656Vyb5nql4csuL0f3HEFZmIVbJd30Webp0AtBjHJD+KHMo+4LJP+dAlTl/ha/yTsrKxj7QU\nXPuvqke97rNt2/oUfOvmq7yvuq6ycgEskFU2XTOVkd2nopITdXB1utkGu5kMUHU6uMrwiUl+HLYQ\nVb5tHdXB07Vvunqq+VX97nNcdLiMWVQZtvKj1KfIs50bajtUm5LJykaAY9N/3TXKvSjYyPWlH8Uf\nir6EUke3/qm27GpnNnVtiVOuyxo3yXQp48MXxu3Pfdp4tojbRm3kxzFG2bQ/G5m2samr7WV7Dank\nm8Ymjpgt6ljo9PKlhy+bs7WXTP9xzne9OO3WNVZz9UXUujao5BkTHHFMls/64qLMVLu68i6GGiW4\nUOlgc+hyaddU1kcbps1A5rzistlMBQ5UHcT+m8Ypanuy61E2Gl/jlK3APK5gWtUOZaP2teaosn0E\nptQARGb7vtZfJoIg2TiL6yFTG3/Usi6o9qQ4nh6w+d1GjumJEdV1H3+YUd1XHb5tD1KUeMF2D3QJ\ngqnrwHa9uMaUKjlR7IhKlEOE...
[debug] &amp#27;[35m[W3C (cfc42c16)]&amp#27;[39m Responding to client with driver.getScreenshot() result: "iVBORw0KGgoAAAANSUhEUgAABDgAAAeACAYAAAArYecKAAAABHNCSVQICAgIfAhkiAAAIABJREFU\neJzsvXl8VdXV//+5CUkIUwKEyRAZRARRQBBQEJmRQXAo2Dpbq31an76s2m9rrVax5Wnt01rn2l+1\nk9Va5ZE61DaijyigVlQQ1AiCUJnHkCAhkOn8/rA3z7n77mHtffa5N9H1fr14kZyz99pr77322muv\nnHtuAkCALJJIJBAEQfP/1PKq3yl1VGUAaMvJ2k6iqqdrO3zPpV8uqOT6GkeX9n321SRLNYcutuei\nk6++uoxjlLbjskeb9jK9JuKWKbML8ZqIj7VL9QE240L1cy66m9oFYLWH2LbtsjeI1zLl3yl6xdVG\nXHu4656Vyb5nql4csuL0f3HEFZmIVbJd30Webp0AtBjHJD+KHMo+4LJP+dAlTl/ha/yTsrKxj7QU\nXPuvqke97rNt2/oUfOvmq7yvuq6ycgEskFU2XTOVkd2nopITdXB1utkGu5kMUHU6uMrwiUl+HLYQ\nVb5tHdXB07Vvunqq+VX97nNcdLiMWVQZtvKj1KfIs50bajtUm5LJykaAY9N/3TXKvSjYyPWlH8Uf\nir6EUke3/qm27GpnNnVtiVOuyxo3yXQp48MXxu3Pfdp4tojbRm3kxzFG2bQ/G5m2samr7WV7Dank\nm8Ymjpgt6ljo9PKlhy+bs7WXTP9xzne9OO3WNVZz9UXUujao5BkTHHFMls/64qLMVLu68i6GGiW4\nUOlgc+hyaddU1kcbps1A5rzistlMBQ5UHcT+m8Ypanuy61E2Gl/jlK3APK5gWtUOZaP2teaosn0E\nptQARGb7vtZfJoIg2TiL6yFTG3/Usi6o9qQ4nh6w+d1GjumJEdV1H3+YUd1XHb5tD1KUeMF2D3QJ\ngqnrwHa9uMaUKjlR7IhKlEOEbVmXPd2mXd16itKmzTwk/zpvK4e6FnR1M9FHn3UzsY+6nLeirCfb\ntjIl09...
&amp#27;[35m[HTTP]&amp#27;[39m &amp#27;[37m<-- GET /wd/hub/session/cfc42c16-0b37-490c-baf0-c0b9d88bfd65/screenshot &amp#27;[39m&amp#27;[32m200&amp#27;[39m &amp#27;[90m311 ms - 194484&amp#27;[39m
&amp#27;[35m[HTTP]&amp#27;[39m &amp#27;[90m&amp#27;[39m
Tearing  down AVD== com.colt.fieldengineerapp.testcases.EndToEndTestForPlannedWorks
This will close the avd
the avd is closed successfully
[debug] &amp#27;[35m[Instrumentation]&amp#27;[39m INSTRUMENTATION_ABORTED: System has crashed.
[debug] &amp#27;[35m[Instrumentation]&amp#27;[39m The process has exited with code 0
&amp#27;[35m[Logcat]&amp#27;[39m Logcat terminated with code 0, signal null
Tearing  down Appium== com.colt.fieldengineerapp.testcases.EndToEndTestForPlannedWorks
Appimum server stopped successfully
This will start avd
the avd is started successfully
Starting Appium == com.colt.fieldengineerapp.testcases.EndToEndTestForSingleTaskView
&amp#27;[35m[Appium]&amp#27;[39m Welcome to Appium v1.18.3
&amp#27;[35m[Appium]&amp#27;[39m Appium REST http interface listener started on 0.0.0.0:4723
&amp#27;[35m[HTTP]&amp#27;[39m &amp#27;[37m-->&amp#27;[39m &amp#27;[37mGET&amp#27;[39m &amp#27;[37m/wd/hub/status&amp#27;[39m
&amp#27;[35m[HTTP]&amp#27;[39m &amp#27;[90m{}&amp#27;[39m
[debug] &amp#27;[35m[GENERIC]&amp#27;[39m Calling AppiumDriver.getStatus() with args: []
[debug] &amp#27;[35m[GENERIC]&amp#27;[39m Responding to client with driver.getStatus() result: {"build":{"version":"1.18.3"}}
&amp#27;[35m[HTTP]&amp#27;[39m &amp#27;[37m<-- GET /wd/hub/status &amp#27;[39m&amp#27;[32m200&amp#27;[39m &amp#27;[90m10 ms - 68&amp#27;[39m
&amp#27;[35m[HTTP]&amp#27;[39m &amp#27;[90m&amp#27;[39m
&amp#27;[35m[HTTP]&amp#27;[39m &amp#27;[37m-->&amp#27;[39m &amp#27;[37mPOST&amp#27;[39m &amp#27;[37m/wd/hub/session&amp#27;[39m
&amp#27;[35m[HTTP]&amp#27;[39m &amp#27;[90m{"desiredCapabilities":{"app":"D:\\TechPractice\\Appium\\FieldEngineerApp/Apks/FEApp.apk","appActivity":"com.colt.coltengineering.screen.SplashActivity","appPackage":"com.colt.coltengineering","automationName":"uiautomator2","autoGrantPermissions":"true","platformName":"Android","deviceName":"pixel2","avd":"Pixel2"},"capabilities":{"firstMatch":[{"appium:app":"D:\\TechPractice\\Appium\\FieldEngineerApp/Apks/FEApp.apk","appium:appActivity":"com.colt.coltengineering.screen.SplashActivity","appium:appPackage":"com.colt.coltengineering","appium:autoGrantPermissions":"true","appium:automationName":"uiautomator2","appium:avd":"Pixel2","appium:deviceName":"pixel2","platformName":"android"}]}}&amp#27;[39m
[debug] &amp#27;[35m[W3C]&amp#27;[39m Calling AppiumDriver.createSession() with args: [{"app":"D:\\TechPractice\\Appium\\FieldEngineerApp/Apks/FEApp.apk","appActivity":"com.colt.coltengineering.screen.SplashActivity","appPackage":"com.colt.coltengineering","automationName":"uiautomator2","autoGrantPermissions":"true","platformName":"Android","deviceName":"pixel2","avd":"Pixel2"},null,{"firstMatch":[{"appium:app":"D:\\TechPractice\\Appium\\FieldEngineerApp/Apks/FEApp.apk","appium:appActivity":"com.colt.coltengineering.screen.SplashActivity","appium:appPackage":"com.colt.coltengineering","appium:autoGrantPermissions":"true","appium:automationName":"uiautomator2","appium:avd":"Pixel2","appium:deviceName":"pixel2","platformName":"android"}]}]
[debug] &amp#27;[35m[BaseDriver]&amp#27;[39m Event 'newSessionRequested' logged at 1604380990650 (10:53:10 GMT+0530 (India Standard Time))
&amp#27;[35m[Appium]&amp#27;[39m Appium v1.18.3 creating new AndroidUiautomator2Driver (v1.56.1) session
[debug] &amp#27;[35m[BaseDriver]&amp#27;[39m W3C capabilities and MJSONWP desired capabilities were provided
[debug] &amp#27;[35m[BaseDriver]&amp#27;[39m Creating session with W3C capabilities: {
[debug] &amp#27;[35m[BaseDriver]&amp#27;[39m   "alwaysMatch": {
[debug] &amp#27;[35m[BaseDriver]&amp#27;[39m     "platformName": "android",
[debug] &amp#27;[35m[BaseDriver]&amp#27;[39m     "appium:app": "D:\\TechPractice\\Appium\\FieldEngineerApp/Apks/FEApp.apk",
[debug] &amp#27;[35m[BaseDriver]&amp#27;[39m     "appium:appActivity": "com.colt.coltengineering.screen.SplashActivity",
[debug] &amp#27;[35m[BaseDriver]&amp#27;[39m     "appium:appPackage": "com.colt.coltengineering",
[debug] &amp#27;[35m[BaseDriver]&amp#27;[39m     "appium:autoGrantPermissions": "true",
[debug] &amp#27;[35m[BaseDriver]&amp#27;[39m     "appium:automationName": "uiautomator2",
[debug] &amp#27;[35m[BaseDriver]&amp#27;[39m     "appium:avd": "Pixel2",
[debug] &amp#27;[35m[BaseDriver]&amp#27;[39m     "appium:deviceName": "pixel2"
[debug] &amp#27;[35m[BaseDriver]&amp#27;[39m   },
[debug] &amp#27;[35m[BaseDriver]&amp#27;[39m   "firstMatch": [
[debug] &amp#27;[35m[BaseDriver]&amp#27;[39m     {}
[debug] &amp#27;[35m[BaseDriver]&amp#27;[39m   ]
[debug] &amp#27;[35m[BaseDriver]&amp#27;[39m }
&amp#27;[35m[BaseDriver]&amp#27;[39m Capability 'autoGrantPermissions' changed from string to boolean. This may cause unexpected behavior
&amp#27;[35m[BaseDriver]&amp#27;[39m Session created with session id: 93af38db-9524-4f12-a647-f4f705ec9611
&amp#27;[35m[BaseDriver]&amp#27;[39m Using local app 'D:\TechPractice\Appium\FieldEngineerApp/Apks/FEApp.apk'
[debug] &amp#27;[35m[UiAutomator2]&amp#27;[39m Checking whether app is actually present
&amp#27;[35m[ADB]&amp#27;[39m Found 1 'build-tools' folders under 'D:\TechSoftwares\AndroidSDK' (newest first):
&amp#27;[35m[ADB]&amp#27;[39m     D:/TechSoftwares/AndroidSDK/build-tools/30.0.2
&amp#27;[35m[ADB]&amp#27;[39m Using 'adb.exe' from 'D:\TechSoftwares\AndroidSDK\platform-tools\adb.exe'
[debug] &amp#27;[35m[ADB]&amp#27;[39m Running 'D:\TechSoftwares\AndroidSDK\platform-tools\adb.exe -P 5037 start-server'
[debug] &amp#27;[35m[ADB]&amp#27;[39m Trying to find 'Pixel2' emulator
[debug] &amp#27;[35m[ADB]&amp#27;[39m Getting connected emulators
[debug] &amp#27;[35m[ADB]&amp#27;[39m Getting connected devices
[debug] &amp#27;[35m[ADB]&amp#27;[39m Connected devices: [{"udid":"emulator-5554","state":"device"}]
[debug] &amp#27;[35m[ADB]&amp#27;[39m 1 emulator connected
[debug] &amp#27;[35m[ADB]&amp#27;[39m Overriding C:\Users\Medhansh\.emulator_console_auth_token with an empty string to avoid telnet authentication for emulator commands
[debug] &amp#27;[35m[ADB]&amp#27;[39m Executing Emulator console command: avd name
[debug] &amp#27;[35m[ADB]&amp#27;[39m Found emulator 'Pixel2' on port 5554
[debug] &amp#27;[35m[ADB]&amp#27;[39m Setting device id to emulator-5554
[debug] &amp#27;[35m[AndroidDriver]&amp#27;[39m Not launching AVD because it is already running.
&amp#27;[35m[AndroidDriver]&amp#27;[39m Using device: emulator-5554
&amp#27;[35m[ADB]&amp#27;[39m Using 'adb.exe' from 'D:\TechSoftwares\AndroidSDK\platform-tools\adb.exe'
[debug] &amp#27;[35m[ADB]&amp#27;[39m Running 'D:\TechSoftwares\AndroidSDK\platform-tools\adb.exe -P 5037 start-server'
[debug] &amp#27;[35m[ADB]&amp#27;[39m Setting device id to emulator-5554
[debug] &amp#27;[35m[ADB]&amp#27;[39m Running 'D:\TechSoftwares\AndroidSDK\platform-tools\adb.exe -P 5037 -s emulator-5554 shell getprop ro.build.version.sdk'
[debug] &amp#27;[35m[ADB]&amp#27;[39m Current device property 'ro.build.version.sdk': 28
&amp#27;[35m[ADB]&amp#27;[39m Getting device platform version
[debug] &amp#27;[35m[ADB]&amp#27;[39m Running 'D:\TechSoftwares\AndroidSDK\platform-tools\adb.exe -P 5037 -s emulator-5554 shell getprop ro.build.version.release'
[debug] &amp#27;[35m[ADB]&amp#27;[39m Current device property 'ro.build.version.release': 9
[debug] &amp#27;[35m[ADB]&amp#27;[39m Device API level: 28
&amp#27;[35m[UiAutomator2]&amp#27;[39m Relaxing hidden api policy
[debug] &amp#27;[35m[ADB]&amp#27;[39m Running 'D:\TechSoftwares\AndroidSDK\platform-tools\adb.exe -P 5037 -s emulator-5554 shell 'settings put global hidden_api_policy_pre_p_apps 1;settings put global hidden_api_policy_p_apps 1;settings put global hidden_api_policy 1''
[debug] &amp#27;[35m[ADB]&amp#27;[39m Running 'D:\TechSoftwares\AndroidSDK\platform-tools\adb.exe -P 5037 -s emulator-5554 wait-for-device'
[debug] &amp#27;[35m[ADB]&amp#27;[39m Running 'D:\TechSoftwares\AndroidSDK\platform-tools\adb.exe -P 5037 -s emulator-5554 shell echo ping'
[debug] &amp#27;[35m[AndroidDriver]&amp#27;[39m Pushing settings apk to device...
[debug] &amp#27;[35m[ADB]&amp#27;[39m Getting install status for io.appium.settings
[debug] &amp#27;[35m[ADB]&amp#27;[39m Running 'D:\TechSoftwares\AndroidSDK\platform-tools\adb.exe -P 5037 -s emulator-5554 shell dumpsys package io.appium.settings'
[debug] &amp#27;[35m[ADB]&amp#27;[39m 'io.appium.settings' is installed
[debug] &amp#27;[35m[ADB]&amp#27;[39m Getting package info for 'io.appium.settings'
[debug] &amp#27;[35m[ADB]&amp#27;[39m Running 'D:\TechSoftwares\AndroidSDK\platform-tools\adb.exe -P 5037 -s emulator-5554 shell dumpsys package io.appium.settings'
[debug] &amp#27;[35m[ADB]&amp#27;[39m The version name of the installed 'io.appium.settings' is greater or equal to the application version name ('3.2.0' >= '3.2.0')
[debug] &amp#27;[35m[ADB]&amp#27;[39m There is no need to install/upgrade 'C:\Users\Medhansh\AppData\Roaming\npm\node_modules\appium\node_modules\io.appium.settings\apks\settings_apk-debug.apk'
[debug] &amp#27;[35m[ADB]&amp#27;[39m Getting IDs of all 'io.appium.settings' processes
[debug] &amp#27;[35m[ADB]&amp#27;[39m Running 'D:\TechSoftwares\AndroidSDK\platform-tools\adb.exe -P 5037 -s emulator-5554 shell 'pgrep --help; echo $?''
[debug] &amp#27;[35m[ADB]&amp#27;[39m Running 'D:\TechSoftwares\AndroidSDK\platform-tools\adb.exe -P 5037 -s emulator-5554 shell pgrep -f io\\.appium\\.settings'
[debug] &amp#27;[35m[ADB]&amp#27;[39m Getting IDs of all 'io.appium.settings' processes
[debug] &amp#27;[35m[ADB]&amp#27;[39m Running 'D:\TechSoftwares\AndroidSDK\platform-tools\adb.exe -P 5037 -s emulator-5554 shell pgrep -f io\\.appium\\.settings'
[debug] &amp#27;[35m[ADB]&amp#27;[39m Starting Appium Settings app
[debug] &amp#27;[35m[ADB]&amp#27;[39m Running 'D:\TechSoftwares\AndroidSDK\platform-tools\adb.exe -P 5037 -s emulator-5554 shell am start -n io.appium.settings/.Settings -a android.intent.action.MAIN -c android.intent.category.LAUNCHER'
[debug] &amp#27;[35m[ADB]&amp#27;[39m Getting IDs of all 'io.appium.settings' processes
[debug] &amp#27;[35m[ADB]&amp#27;[39m Running 'D:\TechSoftwares\AndroidSDK\platform-tools\adb.exe -P 5037 -s emulator-5554 shell pgrep -f io\\.appium\\.settings'
[debug] &amp#27;[35m[Logcat]&amp#27;[39m Starting logs capture with command: D:\\TechSoftwares\\AndroidSDK\\platform-tools\\adb.exe -P 5037 -s emulator-5554 logcat -v threadtime
[debug] &amp#27;[35m[UiAutomator2]&amp#27;[39m Forwarding UiAutomator2 Server port 6790 to 8200
[debug] &amp#27;[35m[ADB]&amp#27;[39m Forwarding system: 8200 to device: 6790
[debug] &amp#27;[35m[ADB]&amp#27;[39m Running 'D:\TechSoftwares\AndroidSDK\platform-tools\adb.exe -P 5037 -s emulator-5554 forward tcp\:8200 tcp\:6790'
[debug] &amp#27;[35m[ADB]&amp#27;[39m Getting install status for io.appium.uiautomator2.server
[debug] &amp#27;[35m[ADB]&amp#27;[39m Running 'D:\TechSoftwares\AndroidSDK\platform-tools\adb.exe -P 5037 -s emulator-5554 shell dumpsys package io.appium.uiautomator2.server'
[debug] &amp#27;[35m[ADB]&amp#27;[39m 'io.appium.uiautomator2.server' is installed
[debug] &amp#27;[35m[ADB]&amp#27;[39m Getting package info for 'io.appium.uiautomator2.server'
[debug] &amp#27;[35m[ADB]&amp#27;[39m Running 'D:\TechSoftwares\AndroidSDK\platform-tools\adb.exe -P 5037 -s emulator-5554 shell dumpsys package io.appium.uiautomator2.server'
[debug] &amp#27;[35m[ADB]&amp#27;[39m The version name of the installed 'io.appium.uiautomator2.server' is greater or equal to the application version name ('4.12.2' >= '4.12.2')
[debug] &amp#27;[35m[UiAutomator2]&amp#27;[39m io.appium.uiautomator2.server installation state: sameVersionInstalled
[debug] &amp#27;[35m[ADB]&amp#27;[39m Checking app cert for C:\Users\Medhansh\AppData\Roaming\npm\node_modules\appium\node_modules\appium-uiautomator2-server\apks\appium-uiautomator2-server-v4.12.2.apk
&amp#27;[35m[ADB]&amp#27;[39m Using 'apksigner.jar' from 'D:\TechSoftwares\AndroidSDK\build-tools\30.0.2\lib\apksigner.jar'
[debug] &amp#27;[35m[ADB]&amp#27;[39m Starting apksigner: D:\\jdk1.8\\bin\\java.exe -Xmx1024M -Xss1m -jar D:\\TechSoftwares\\AndroidSDK\\build-tools\\30.0.2\\lib\\apksigner.jar verify --print-certs C:\\Users\\Medhansh\\AppData\\Roaming\\npm\\node_modules\\appium\\node_modules\\appium-uiautomator2-server\\apks\\appium-uiautomator2-server-v4.12.2.apk
[debug] &amp#27;[35m[ADB]&amp#27;[39m apksigner stdout: Signer #1 certificate DN: EMAILADDRESS=android@android.com, CN=Android, OU=Android, O=Android, L=Mountain View, ST=California, C=US
[debug] &amp#27;[35m[ADB]&amp#27;[39m Signer #1 certificate SHA-256 digest: a40da80a59d170caa950cf15c18c454d47a39b26989d8b640ecd745ba71bf5dc
[debug] &amp#27;[35m[ADB]&amp#27;[39m Signer #1 certificate SHA-1 digest: 61ed377e85d386a8dfee6b864bd85b0bfaa5af81
[debug] &amp#27;[35m[ADB]&amp#27;[39m Signer #1 certificate MD5 digest: e89b158e4bcf988ebd09eb83f5378e87
[debug] &amp#27;[35m[ADB]&amp#27;[39m 
[debug] &amp#27;[35m[ADB]&amp#27;[39m 'C:\Users\Medhansh\AppData\Roaming\npm\node_modules\appium\node_modules\appium-uiautomator2-server\apks\appium-uiautomator2-server-v4.12.2.apk' is signed with the default certificate
[debug] &amp#27;[35m[ADB]&amp#27;[39m Getting install status for io.appium.uiautomator2.server.test
[debug] &amp#27;[35m[ADB]&amp#27;[39m Running 'D:\TechSoftwares\AndroidSDK\platform-tools\adb.exe -P 5037 -s emulator-5554 shell dumpsys package io.appium.uiautomator2.server.test'
[debug] &amp#27;[35m[ADB]&amp#27;[39m 'io.appium.uiautomator2.server.test' is installed
[debug] &amp#27;[35m[ADB]&amp#27;[39m Checking app cert for C:\Users\Medhansh\AppData\Roaming\npm\node_modules\appium\node_modules\appium-uiautomator2-server\apks\appium-uiautomator2-server-debug-androidTest.apk
[debug] &amp#27;[35m[ADB]&amp#27;[39m Starting apksigner: D:\\jdk1.8\\bin\\java.exe -Xmx1024M -Xss1m -jar D:\\TechSoftwares\\AndroidSDK\\build-tools\\30.0.2\\lib\\apksigner.jar verify --print-certs C:\\Users\\Medhansh\\AppData\\Roaming\\npm\\node_modules\\appium\\node_modules\\appium-uiautomator2-server\\apks\\appium-uiautomator2-server-debug-androidTest.apk
[debug] &amp#27;[35m[ADB]&amp#27;[39m apksigner stdout: Signer #1 certificate DN: EMAILADDRESS=android@android.com, CN=Android, OU=Android, O=Android, L=Mountain View, ST=California, C=US
[debug] &amp#27;[35m[ADB]&amp#27;[39m Signer #1 certificate SHA-256 digest: a40da80a59d170caa950cf15c18c454d47a39b26989d8b640ecd745ba71bf5dc
[debug] &amp#27;[35m[ADB]&amp#27;[39m Signer #1 certificate SHA-1 digest: 61ed377e85d386a8dfee6b864bd85b0bfaa5af81
[debug] &amp#27;[35m[ADB]&amp#27;[39m Signer #1 certificate MD5 digest: e89b158e4bcf988ebd09eb83f5378e87
[debug] &amp#27;[35m[ADB]&amp#27;[39m 
[debug] &amp#27;[35m[ADB]&amp#27;[39m 'C:\Users\Medhansh\AppData\Roaming\npm\node_modules\appium\node_modules\appium-uiautomator2-server\apks\appium-uiautomator2-server-debug-androidTest.apk' is signed with the default certificate
&amp#27;[35m[UiAutomator2]&amp#27;[39m Server packages are not going to be (re)installed
[debug] &amp#27;[35m[UiAutomator2]&amp#27;[39m Waiting up to 30000ms for services to be available
[debug] &amp#27;[35m[ADB]&amp#27;[39m Running 'D:\TechSoftwares\AndroidSDK\platform-tools\adb.exe -P 5037 -s emulator-5554 shell pm list instrumentation'
[debug] &amp#27;[35m[UiAutomator2]&amp#27;[39m Instrumentation target 'io.appium.uiautomator2.server.test/androidx.test.runner.AndroidJUnitRunner' is available
[debug] &amp#27;[35m[ADB]&amp#27;[39m Checking app cert for D:\TechPractice\Appium\FieldEngineerApp/Apks/FEApp.apk
[debug] &amp#27;[35m[ADB]&amp#27;[39m Starting apksigner: D:\\jdk1.8\\bin\\java.exe -Xmx1024M -Xss1m -jar D:\\TechSoftwares\\AndroidSDK\\build-tools\\30.0.2\\lib\\apksigner.jar verify --print-certs D:\\TechPractice\\Appium\\FieldEngineerApp/Apks/FEApp.apk
[debug] &amp#27;[35m[ADB]&amp#27;[39m apksigner stdout: Signer #1 certificate DN: C=US, O=Android, CN=Android Debug
[debug] &amp#27;[35m[ADB]&amp#27;[39m Signer #1 certificate SHA-256 digest: 3c46dd3f732dd2a86e23a902f413fe580567d53d375d3cbc0a0ae481625785aa
[debug] &amp#27;[35m[ADB]&amp#27;[39m Signer #1 certificate SHA-1 digest: cd7140b857eedd24f2a23512bc1b7f28fa8c5812
[debug] &amp#27;[35m[ADB]&amp#27;[39m Signer #1 certificate MD5 digest: daf2b28471cf5e67ee74247ef5b08da9
[debug] &amp#27;[35m[ADB]&amp#27;[39m 
[debug] &amp#27;[35m[ADB]&amp#27;[39m 'D:\TechPractice\Appium\FieldEngineerApp/Apks/FEApp.apk' is signed with a non-default certificate
[debug] &amp#27;[35m[ADB]&amp#27;[39m Getting install status for com.colt.coltengineering
[debug] &amp#27;[35m[ADB]&amp#27;[39m Running 'D:\TechSoftwares\AndroidSDK\platform-tools\adb.exe -P 5037 -s emulator-5554 shell dumpsys package com.colt.coltengineering'
[debug] &amp#27;[35m[ADB]&amp#27;[39m 'com.colt.coltengineering' is installed
[debug] &amp#27;[35m[ADB]&amp#27;[39m Getting package info for 'com.colt.coltengineering'
[debug] &amp#27;[35m[ADB]&amp#27;[39m Running 'D:\TechSoftwares\AndroidSDK\platform-tools\adb.exe -P 5037 -s emulator-5554 shell dumpsys package com.colt.coltengineering'
[debug] &amp#27;[35m[ADB]&amp#27;[39m The version name of the installed 'com.colt.coltengineering' is greater or equal to the application version name ('2.0.0' >= '2.0.0')
[debug] &amp#27;[35m[ADB]&amp#27;[39m There is no need to install/upgrade 'D:\TechPractice\Appium\FieldEngineerApp/Apks/FEApp.apk'
&amp#27;[35m[AndroidDriver]&amp#27;[39m Performing fast reset on 'com.colt.coltengineering'
[debug] &amp#27;[35m[ADB]&amp#27;[39m Getting install status for com.colt.coltengineering
[debug] &amp#27;[35m[ADB]&amp#27;[39m Running 'D:\TechSoftwares\AndroidSDK\platform-tools\adb.exe -P 5037 -s emulator-5554 shell dumpsys package com.colt.coltengineering'
[debug] &amp#27;[35m[ADB]&amp#27;[39m 'com.colt.coltengineering' is installed
[debug] &amp#27;[35m[ADB]&amp#27;[39m Running 'D:\TechSoftwares\AndroidSDK\platform-tools\adb.exe -P 5037 -s emulator-5554 shell am force-stop com.colt.coltengineering'
[debug] &amp#27;[35m[ADB]&amp#27;[39m Running 'D:\TechSoftwares\AndroidSDK\platform-tools\adb.exe -P 5037 -s emulator-5554 shell pm clear com.colt.coltengineering'
[debug] &amp#27;[35m[ADB]&amp#27;[39m Running 'D:\TechSoftwares\AndroidSDK\platform-tools\adb.exe -P 5037 -s emulator-5554 shell dumpsys package com.colt.coltengineering'
[debug] &amp#27;[35m[ADB]&amp#27;[39m Retrieving requested permissions
[debug] &amp#27;[35m[ADB]&amp#27;[39m Retrieved 18 permissions from requested group
[debug] &amp#27;[35m[ADB]&amp#27;[39m Retrieving granted permissions
[debug] &amp#27;[35m[ADB]&amp#27;[39m Retrieved 6 permissions from install,runtime groups
[debug] &amp#27;[35m[ADB]&amp#27;[39m Granting permissions ["android.permission.ACCESS_FINE_LOCATION","android.permission.ACCESS_COARSE_LOCATION","android.permission.WRITE_EXTERNAL_STORAGE","android.permission.READ_EXTERNAL_STORAGE","android.permission.CAMERA","android.permission.CALL_PHONE"] to 'com.colt.coltengineering'
[debug] &amp#27;[35m[ADB]&amp#27;[39m Got the following command chunks to execute: [["pm","grant","com.colt.coltengineering","android.permission.ACCESS_FINE_LOCATION",";","pm","grant","com.colt.coltengineering","android.permission.ACCESS_COARSE_LOCATION",";","pm","grant","com.colt.coltengineering","android.permission.WRITE_EXTERNAL_STORAGE",";","pm","grant","com.colt.coltengineering","android.permission.READ_EXTERNAL_STORAGE",";","pm","grant","com.colt.coltengineering","android.permission.CAMERA",";","pm","grant","com.colt.coltengineering","android.permission.CALL_PHONE",";"]]
[debug] &amp#27;[35m[ADB]&amp#27;[39m Running 'D:\TechSoftwares\AndroidSDK\platform-tools\adb.exe -P 5037 -s emulator-5554 shell pm grant com.colt.coltengineering android.permission.ACCESS_FINE_LOCATION \; pm grant com.colt.coltengineering android.permission.ACCESS_COARSE_LOCATION \; pm grant com.colt.coltengineering android.permission.WRITE_EXTERNAL_STORAGE \; pm grant com.colt.coltengineering android.permission.READ_EXTERNAL_STORAGE \; pm grant com.colt.coltengineering android.permission.CAMERA \; pm grant com.colt.coltengineering android.permission.CALL_PHONE \;'
[debug] &amp#27;[35m[AndroidDriver]&amp#27;[39m Performed fast reset on the installed 'com.colt.coltengineering' application (stop and clear)
[debug] &amp#27;[35m[UiAutomator2]&amp#27;[39m Performing shallow cleanup of automation leftovers
[debug] &amp#27;[35m[UiAutomator2]&amp#27;[39m No obsolete sessions have been detected (socket hang up)
[debug] &amp#27;[35m[ADB]&amp#27;[39m Running 'D:\TechSoftwares\AndroidSDK\platform-tools\adb.exe -P 5037 -s emulator-5554 shell am force-stop io.appium.uiautomator2.server.test'
&amp#27;[35m[UiAutomator2]&amp#27;[39m Starting UIAutomator2 server 4.12.2
&amp#27;[35m[UiAutomator2]&amp#27;[39m Using UIAutomator2 server from 'C:\Users\Medhansh\AppData\Roaming\npm\node_modules\appium\node_modules\appium-uiautomator2-server\apks\appium-uiautomator2-server-v4.12.2.apk' and test from 'C:\Users\Medhansh\AppData\Roaming\npm\node_modules\appium\node_modules\appium-uiautomator2-server\apks\appium-uiautomator2-server-debug-androidTest.apk'
&amp#27;[35m[UiAutomator2]&amp#27;[39m Waiting up to 30000ms for UiAutomator2 to be online...
[debug] &amp#27;[35m[ADB]&amp#27;[39m Creating ADB subprocess with args: ["-P",5037,"-s","emulator-5554","shell","am","instrument","-w","io.appium.uiautomator2.server.test/androidx.test.runner.AndroidJUnitRunner"]
[debug] &amp#27;[35m[WD Proxy]&amp#27;[39m Matched '/status' to command name 'getStatus'
[debug] &amp#27;[35m[WD Proxy]&amp#27;[39m Proxying [GET /status] to [GET http://127.0.0.1:8200/wd/hub/status] with no body
&amp#27;[35m[WD Proxy]&amp#27;[39m socket hang up
[debug] &amp#27;[35m[WD Proxy]&amp#27;[39m Matched '/status' to command name 'getStatus'
[debug] &amp#27;[35m[WD Proxy]&amp#27;[39m Proxying [GET /status] to [GET http://127.0.0.1:8200/wd/hub/status] with no body
&amp#27;[35m[WD Proxy]&amp#27;[39m socket hang up
[debug] &amp#27;[35m[Instrumentation]&amp#27;[39m io.appium.uiautomator2.server.test.AppiumUiAutomator2Server:
[debug] &amp#27;[35m[WD Proxy]&amp#27;[39m Matched '/status' to command name 'getStatus'
[debug] &amp#27;[35m[WD Proxy]&amp#27;[39m Proxying [GET /status] to [GET http://127.0.0.1:8200/wd/hub/status] with no body
&amp#27;[35m[WD Proxy]&amp#27;[39m socket hang up
[debug] &amp#27;[35m[WD Proxy]&amp#27;[39m Matched '/status' to command name 'getStatus'
[debug] &amp#27;[35m[WD Proxy]&amp#27;[39m Proxying [GET /status] to [GET http://127.0.0.1:8200/wd/hub/status] with no body
[debug] &amp#27;[35m[WD Proxy]&amp#27;[39m Got response with status 200: {"sessionId":"None","value":{"message":"UiAutomator2 Server is ready to accept commands","ready":true}}
[debug] &amp#27;[35m[UiAutomator2]&amp#27;[39m The initialization of the instrumentation process took 4303ms
[debug] &amp#27;[35m[WD Proxy]&amp#27;[39m Matched '/session' to command name 'createSession'
[debug] &amp#27;[35m[WD Proxy]&amp#27;[39m Proxying [POST /session] to [POST http://127.0.0.1:8200/wd/hub/session] with body: {"capabilities":{"firstMatch":[{"platform":"LINUX","webStorageEnabled":false,"takesScreenshot":true,"javascriptEnabled":true,"databaseEnabled":false,"networkConnectionEnabled":true,"locationContextEnabled":false,"warnings":{},"desired":{"platformName":"android","app":"D:\\TechPractice\\Appium\\FieldEngineerApp/Apks/FEApp.apk","appActivity":"com.colt.coltengineering.screen.SplashActivity","appPackage":"com.colt.coltengineering","autoGrantPermissions":true,"automationName":"uiautomator2","avd":"Pixel2","deviceName":"pixel2"},"platformName":"android","app":"D:\\TechPractice\\Appium\\FieldEngineerApp/Apks/FEApp.apk","appActivity":"com.colt.coltengineering.screen.SplashActivity","appPackage":"com.colt.coltengineering","autoGrantPermissions":true,"automationName":"uiautomator2","avd":"Pixel2","deviceName":"emulator-5554","deviceUDID":"emulator-5554"}],"alwaysMatch":{}}}
[debug] &amp#27;[35m[WD Proxy]&amp#27;[39m Got response with status 200: {"sessionId":"0e786dee-078d-46b9-920d-56472648766d","value":{"capabilities":{"firstMatch":[{"platform":"LINUX","webStorageEnabled":false,"takesScreenshot":true,"javascriptEnabled":true,"databaseEnabled":false,"networkConnectionEnabled":true,"locationContextEnabled":false,"warnings":{},"desired":{"platformName":"android","app":"D:\\TechPractice\\Appium\\FieldEngineerApp/Apks/FEApp.apk","appActivity":"com.colt.coltengineering.screen.SplashActivity","appPackage":"com.colt.coltengineering","autoGrantPermissions":true,"automationName":"uiautomator2","avd":"Pixel2","deviceName":"pixel2"},"platformName":"android","app":"D:\\TechPractice\\Appium\\FieldEngineerApp/Apks/FEApp.apk","appActivity":"com.colt.coltengineering.screen.SplashActivity","appPackage":"com.colt.coltengineering","autoGrantPermissions":true,"automationName":"uiautomator2","avd":"Pixel2","deviceName":"emulator-5554","deviceUDID":"emulator-5554"}],"alwaysMatch":{}},"sessionId":"0e786dee-078d-46b9-920d-56472648766d"}}
&amp#27;[35m[WD Proxy]&amp#27;[39m Determined the downstream protocol as 'W3C'
[debug] &amp#27;[35m[WD Proxy]&amp#27;[39m Proxying [GET /appium/device/info] to [GET http://127.0.0.1:8200/wd/hub/session/0e786dee-078d-46b9-920d-56472648766d/appium/device/info] with no body
[debug] &amp#27;[35m[WD Proxy]&amp#27;[39m Got response with status 200: {"sessionId":"0e786dee-078d-46b9-920d-56472648766d","value":{"androidId":"e45960c38005a994","apiVersion":"28","bluetooth":null,"brand":"google","carrierName":"Android","displayDensity":420,"locale":"en_US","manufacturer":"Google","model":"AOSP on IA Emulator","networks":[{"capabilities":{"SSID":null,"linkDownBandwidthKbps":102400,"linkUpstreamBandwidthKbps":51200,"networkCapabilities":"NET_CAPABILITY_MMS,NET_CAPABILITY_SUPL,NET_CAPABILITY_DUN,NET_CAPABILITY_FOTA,NET_CAPABILITY_IMS,NET_CAPABILITY_CBS,NET_CAPABILITY_IA,NET_CAPABILITY_INTERNET,NET_CAPABILITY_NOT_RESTRICTED,NET_CAPABILITY_TRUSTED,NET_CAPABILITY_NOT_VPN,NET_CAPABILITY_VALIDATED,NET_CAPABILITY_NOT_ROAMING,NET_CAPABILITY_FOREGROUND,NET_CAPABILITY_NOT_CONGESTED,NET_CAPABILITY_NOT_SUSPENDED","signalStrength":-2147483648,"transportTypes":"TRANSPORT_CELLULAR"},"detailedState":"CONNECTED","extraInfo":"epc.tmobile.com","isAvailable":true,"isConnected":true,"isFailover":false,"isRoaming":false,"state":"CONNECTED","subtype":13,"subtypeName":"LTE","type":...
[debug] &amp#27;[35m[ADB]&amp#27;[39m Running 'D:\TechSoftwares\AndroidSDK\platform-tools\adb.exe -P 5037 -s emulator-5554 shell dumpsys window'
&amp#27;[35m[AndroidDriver]&amp#27;[39m Screen already unlocked, doing nothing
&amp#27;[35m[UiAutomator2]&amp#27;[39m Starting 'com.colt.coltengineering/com.colt.coltengineering.screen.SplashActivity and waiting for 'com.colt.coltengineering/com.colt.coltengineering.screen.SplashActivity'
[debug] &amp#27;[35m[ADB]&amp#27;[39m Running 'D:\TechSoftwares\AndroidSDK\platform-tools\adb.exe -P 5037 -s emulator-5554 shell am start -W -n com.colt.coltengineering/com.colt.coltengineering.screen.SplashActivity -S -a android.intent.action.MAIN -c android.intent.category.LAUNCHER -f 0x10200000'
[debug] &amp#27;[35m[WD Proxy]&amp#27;[39m Proxying [GET /appium/device/pixel_ratio] to [GET http://127.0.0.1:8200/wd/hub/session/0e786dee-078d-46b9-920d-56472648766d/appium/device/pixel_ratio] with no body
[debug] &amp#27;[35m[WD Proxy]&amp#27;[39m Got response with status 200: {"sessionId":"0e786dee-078d-46b9-920d-56472648766d","value":2.625}
[debug] &amp#27;[35m[WD Proxy]&amp#27;[39m Matched '/appium/device/system_bars' to command name 'getSystemBars'
[debug] &amp#27;[35m[WD Proxy]&amp#27;[39m Proxying [GET /appium/device/system_bars] to [GET http://127.0.0.1:8200/wd/hub/session/0e786dee-078d-46b9-920d-56472648766d/appium/device/system_bars] with no body
[debug] &amp#27;[35m[WD Proxy]&amp#27;[39m Got response with status 200: {"sessionId":"0e786dee-078d-46b9-920d-56472648766d","value":{"statusBar":63}}
[debug] &amp#27;[35m[WD Proxy]&amp#27;[39m Matched '/window/current/size' to command name 'getWindowSize'
[debug] &amp#27;[35m[WD Proxy]&amp#27;[39m Proxying [GET /window/current/size] to [GET http://127.0.0.1:8200/wd/hub/session/0e786dee-078d-46b9-920d-56472648766d/window/current/size] with no body
[debug] &amp#27;[35m[WD Proxy]&amp#27;[39m Got response with status 200: {"sessionId":"0e786dee-078d-46b9-920d-56472648766d","value":{"height":1794,"width":1080}}
&amp#27;[35m[Appium]&amp#27;[39m New AndroidUiautomator2Driver session created successfully, session 93af38db-9524-4f12-a647-f4f705ec9611 added to master session list
[debug] &amp#27;[35m[BaseDriver]&amp#27;[39m Event 'newSessionStarted' logged at 1604381008675 (10:53:28 GMT+0530 (India Standard Time))
[debug] &amp#27;[35m[W3C (93af38db)]&amp#27;[39m Cached the protocol value 'W3C' for the new session 93af38db-9524-4f12-a647-f4f705ec9611
[debug] &amp#27;[35m[W3C (93af38db)]&amp#27;[39m Responding to client with driver.createSession() result: {"capabilities":{"platform":"LINUX","webStorageEnabled":false,"takesScreenshot":true,"javascriptEnabled":true,"databaseEnabled":false,"networkConnectionEnabled":true,"locationContextEnabled":false,"warnings":{},"desired":{"platformName":"android","app":"D:\\TechPractice\\Appium\\FieldEngineerApp/Apks/FEApp.apk","appActivity":"com.colt.coltengineering.screen.SplashActivity","appPackage":"com.colt.coltengineering","autoGrantPermissions":true,"automationName":"uiautomator2","avd":"Pixel2","deviceName":"pixel2"},"platformName":"android","app":"D:\\TechPractice\\Appium\\FieldEngineerApp/Apks/FEApp.apk","appActivity":"com.colt.coltengineering.screen.SplashActivity","appPackage":"com.colt.coltengineering","autoGrantPermissions":true,"automationName":"uiautomator2","avd":"Pixel2","deviceName":"emulator-5554","deviceUDID":"emulator-5554","deviceApiLevel":28,"platformVersion":"9","deviceScreenSize":"1080x1920","deviceScreenDensity":420,"deviceModel":"AOSP on IA Emulator","deviceManufacturer":"Google","pixelRatio":2....
&amp#27;[35m[HTTP]&amp#27;[39m &amp#27;[37m<-- POST /wd/hub/session &amp#27;[39m&amp#27;[32m200&amp#27;[39m &amp#27;[90m18030 ms - 1168&amp#27;[39m
&amp#27;[35m[HTTP]&amp#27;[39m &amp#27;[90m&amp#27;[39m
&amp#27;[35m[HTTP]&amp#27;[39m &amp#27;[37m-->&amp#27;[39m &amp#27;[37mPOST&amp#27;[39m &amp#27;[37m/wd/hub/session/93af38db-9524-4f12-a647-f4f705ec9611/timeouts&amp#27;[39m
&amp#27;[35m[HTTP]&amp#27;[39m &amp#27;[90m{"implicit":30000}&amp#27;[39m
[debug] &amp#27;[35m[W3C (93af38db)]&amp#27;[39m Calling AppiumDriver.timeouts() with args: [null,null,null,null,30000,"93af38db-9524-4f12-a647-f4f705ec9611"]
[debug] &amp#27;[35m[BaseDriver]&amp#27;[39m W3C timeout argument: {"implicit":30000}}
[debug] &amp#27;[35m[BaseDriver]&amp#27;[39m Set implicit wait to 30000ms
[debug] &amp#27;[35m[W3C (93af38db)]&amp#27;[39m Responding to client with driver.timeouts() result: null
&amp#27;[35m[HTTP]&amp#27;[39m &amp#27;[37m<-- POST /wd/hub/session/93af38db-9524-4f12-a647-f4f705ec9611/timeouts &amp#27;[39m&amp#27;[32m200&amp#27;[39m &amp#27;[90m8 ms - 14&amp#27;[39m
&amp#27;[35m[HTTP]&amp#27;[39m &amp#27;[90m&amp#27;[39m
&amp#27;[35m[HTTP]&amp#27;[39m &amp#27;[37m-->&amp#27;[39m &amp#27;[37mGET&amp#27;[39m &amp#27;[37m/wd/hub/session/93af38db-9524-4f12-a647-f4f705ec9611/context&amp#27;[39m
&amp#27;[35m[HTTP]&amp#27;[39m &amp#27;[90m{}&amp#27;[39m
[debug] &amp#27;[35m[W3C (93af38db)]&amp#27;[39m Calling AppiumDriver.getCurrentContext() with args: ["93af38db-9524-4f12-a647-f4f705ec9611"]
[debug] &amp#27;[35m[W3C (93af38db)]&amp#27;[39m Responding to client with driver.getCurrentContext() result: "NATIVE_APP"
&amp#27;[35m[HTTP]&amp#27;[39m &amp#27;[37m<-- GET /wd/hub/session/93af38db-9524-4f12-a647-f4f705ec9611/context &amp#27;[39m&amp#27;[32m200&amp#27;[39m &amp#27;[90m14 ms - 22&amp#27;[39m
&amp#27;[35m[HTTP]&amp#27;[39m &amp#27;[90m&amp#27;[39m
&amp#27;[35m[HTTP]&amp#27;[39m &amp#27;[37m-->&amp#27;[39m &amp#27;[37mPOST&amp#27;[39m &amp#27;[37m/wd/hub/session/93af38db-9524-4f12-a647-f4f705ec9611/element&amp#27;[39m
&amp#27;[35m[HTTP]&amp#27;[39m &amp#27;[90m{"using":"-android uiautomator","value":"text(\"User ID\")"}&amp#27;[39m
[debug] &amp#27;[35m[W3C (93af38db)]&amp#27;[39m Calling AppiumDriver.findElement() with args: ["-android uiautomator","text(\"User ID\")","93af38db-9524-4f12-a647-f4f705ec9611"]
[debug] &amp#27;[35m[BaseDriver]&amp#27;[39m Valid locator strategies for this request: xpath, id, class name, accessibility id, -android uiautomator
[debug] &amp#27;[35m[BaseDriver]&amp#27;[39m Waiting up to 30000 ms for condition
[debug] &amp#27;[35m[WD Proxy]&amp#27;[39m Matched '/element' to command name 'findElement'
[debug] &amp#27;[35m[WD Proxy]&amp#27;[39m Proxying [POST /element] to [POST http://127.0.0.1:8200/wd/hub/session/0e786dee-078d-46b9-920d-56472648766d/element] with body: {"strategy":"-android uiautomator","selector":"text(\"User ID\")","context":"","multiple":false}
[debug] &amp#27;[35m[WD Proxy]&amp#27;[39m Got response with status 200: {"sessionId":"0e786dee-078d-46b9-920d-56472648766d","value":{"ELEMENT":"64abed98-d2c2-43a5-8b0c-f94e5e2e75a8","element-6066-11e4-a52e-4f735466cecf":"64abed98-d2c2-43a5-8b0c-f94e5e2e75a8"}}
[debug] &amp#27;[35m[W3C (93af38db)]&amp#27;[39m Responding to client with driver.findElement() result: {"element-6066-11e4-a52e-4f735466cecf":"64abed98-d2c2-43a5-8b0c-f94e5e2e75a8","ELEMENT":"64abed98-d2c2-43a5-8b0c-f94e5e2e75a8"}
&amp#27;[35m[HTTP]&amp#27;[39m &amp#27;[37m<-- POST /wd/hub/session/93af38db-9524-4f12-a647-f4f705ec9611/element &amp#27;[39m&amp#27;[32m200&amp#27;[39m &amp#27;[90m924 ms - 137&amp#27;[39m
&amp#27;[35m[HTTP]&amp#27;[39m &amp#27;[90m&amp#27;[39m
&amp#27;[35m[HTTP]&amp#27;[39m &amp#27;[37m-->&amp#27;[39m &amp#27;[37mPOST&amp#27;[39m &amp#27;[37m/wd/hub/session/93af38db-9524-4f12-a647-f4f705ec9611/element/64abed98-d2c2-43a5-8b0c-f94e5e2e75a8/value&amp#27;[39m
&amp#27;[35m[HTTP]&amp#27;[39m &amp#27;[90m{"id":"64abed98-d2c2-43a5-8b0c-f94e5e2e75a8","text":"coltonlinedcp","value":["c","o","l","t","o","n","l","i","n","e","d","c","p"]}&amp#27;[39m
[debug] &amp#27;[35m[W3C (93af38db)]&amp#27;[39m Calling AppiumDriver.setValue() with args: [["c","o","l","t","o","n","l","i","n","e","d","c","p"],"64abed98-d2c2-43a5-8b0c-f94e5e2e75a8","93af38db-9524-4f12-a647-f4f705ec9611"]
[debug] &amp#27;[35m[WD Proxy]&amp#27;[39m Matched '/element/64abed98-d2c2-43a5-8b0c-f94e5e2e75a8/value' to command name 'setValue'
[debug] &amp#27;[35m[Protocol Converter]&amp#27;[39m Added 'value' property ["c","o","l","t","o","n","l","i","n","e","d","c","p"] to 'setValue' request body
[debug] &amp#27;[35m[WD Proxy]&amp#27;[39m Proxying [POST /element/64abed98-d2c2-43a5-8b0c-f94e5e2e75a8/value] to [POST http://127.0.0.1:8200/wd/hub/session/0e786dee-078d-46b9-920d-56472648766d/element/64abed98-d2c2-43a5-8b0c-f94e5e2e75a8/value] with body: {"elementId":"64abed98-d2c2-43a5-8b0c-f94e5e2e75a8","text":"coltonlinedcp","replace":false,"value":["c","o","l","t","o","n","l","i","n","e","d","c","p"]}
[debug] &amp#27;[35m[WD Proxy]&amp#27;[39m Got response with status 200: {"sessionId":"0e786dee-078d-46b9-920d-56472648766d","value":null}
[debug] &amp#27;[35m[W3C (93af38db)]&amp#27;[39m Responding to client with driver.setValue() result: null
&amp#27;[35m[HTTP]&amp#27;[39m &amp#27;[37m<-- POST /wd/hub/session/93af38db-9524-4f12-a647-f4f705ec9611/element/64abed98-d2c2-43a5-8b0c-f94e5e2e75a8/value &amp#27;[39m&amp#27;[32m200&amp#27;[39m &amp#27;[90m353 ms - 14&amp#27;[39m
&amp#27;[35m[HTTP]&amp#27;[39m &amp#27;[90m&amp#27;[39m
&amp#27;[35m[HTTP]&amp#27;[39m &amp#27;[37m-->&amp#27;[39m &amp#27;[37mGET&amp#27;[39m &amp#27;[37m/wd/hub/session/93af38db-9524-4f12-a647-f4f705ec9611/context&amp#27;[39m
&amp#27;[35m[HTTP]&amp#27;[39m &amp#27;[90m{}&amp#27;[39m
[debug] &amp#27;[35m[W3C (93af38db)]&amp#27;[39m Calling AppiumDriver.getCurrentContext() with args: ["93af38db-9524-4f12-a647-f4f705ec9611"]
[debug] &amp#27;[35m[W3C (93af38db)]&amp#27;[39m Responding to client with driver.getCurrentContext() result: "NATIVE_APP"
&amp#27;[35m[HTTP]&amp#27;[39m &amp#27;[37m<-- GET /wd/hub/session/93af38db-9524-4f12-a647-f4f705ec9611/context &amp#27;[39m&amp#27;[32m200&amp#27;[39m &amp#27;[90m6 ms - 22&amp#27;[39m
&amp#27;[35m[HTTP]&amp#27;[39m &amp#27;[90m&amp#27;[39m
&amp#27;[35m[HTTP]&amp#27;[39m &amp#27;[37m-->&amp#27;[39m &amp#27;[37mPOST&amp#27;[39m &amp#27;[37m/wd/hub/session/93af38db-9524-4f12-a647-f4f705ec9611/element&amp#27;[39m
&amp#27;[35m[HTTP]&amp#27;[39m &amp#27;[90m{"using":"-android uiautomator","value":"text(\"Password\")"}&amp#27;[39m
[debug] &amp#27;[35m[W3C (93af38db)]&amp#27;[39m Calling AppiumDriver.findElement() with args: ["-android uiautomator","text(\"Password\")","93af38db-9524-4f12-a647-f4f705ec9611"]
[debug] &amp#27;[35m[BaseDriver]&amp#27;[39m Valid locator strategies for this request: xpath, id, class name, accessibility id, -android uiautomator
[debug] &amp#27;[35m[BaseDriver]&amp#27;[39m Waiting up to 30000 ms for condition
[debug] &amp#27;[35m[WD Proxy]&amp#27;[39m Matched '/element' to command name 'findElement'
[debug] &amp#27;[35m[WD Proxy]&amp#27;[39m Proxying [POST /element] to [POST http://127.0.0.1:8200/wd/hub/session/0e786dee-078d-46b9-920d-56472648766d/element] with body: {"strategy":"-android uiautomator","selector":"text(\"Password\")","context":"","multiple":false}
[debug] &amp#27;[35m[WD Proxy]&amp#27;[39m Got response with status 200: {"sessionId":"0e786dee-078d-46b9-920d-56472648766d","value":{"ELEMENT":"104b0cf6-1278-4338-b471-2d4e86a90c7d","element-6066-11e4-a52e-4f735466cecf":"104b0cf6-1278-4338-b471-2d4e86a90c7d"}}
[debug] &amp#27;[35m[W3C (93af38db)]&amp#27;[39m Responding to client with driver.findElement() result: {"element-6066-11e4-a52e-4f735466cecf":"104b0cf6-1278-4338-b471-2d4e86a90c7d","ELEMENT":"104b0cf6-1278-4338-b471-2d4e86a90c7d"}
&amp#27;[35m[HTTP]&amp#27;[39m &amp#27;[37m<-- POST /wd/hub/session/93af38db-9524-4f12-a647-f4f705ec9611/element &amp#27;[39m&amp#27;[32m200&amp#27;[39m &amp#27;[90m344 ms - 137&amp#27;[39m
&amp#27;[35m[HTTP]&amp#27;[39m &amp#27;[90m&amp#27;[39m
&amp#27;[35m[HTTP]&amp#27;[39m &amp#27;[37m-->&amp#27;[39m &amp#27;[37mPOST&amp#27;[39m &amp#27;[37m/wd/hub/session/93af38db-9524-4f12-a647-f4f705ec9611/element/104b0cf6-1278-4338-b471-2d4e86a90c7d/value&amp#27;[39m
&amp#27;[35m[HTTP]&amp#27;[39m &amp#27;[90m{"id":"104b0cf6-1278-4338-b471-2d4e86a90c7d","text":"Colt@1234","value":["C","o","l","t","@","1","2","3","4"]}&amp#27;[39m
[debug] &amp#27;[35m[W3C (93af38db)]&amp#27;[39m Calling AppiumDriver.setValue() with args: [["C","o","l","t","@","1","2","3","4"],"104b0cf6-1278-4338-b471-2d4e86a90c7d","93af38db-9524-4f12-a647-f4f705ec9611"]
[debug] &amp#27;[35m[WD Proxy]&amp#27;[39m Matched '/element/104b0cf6-1278-4338-b471-2d4e86a90c7d/value' to command name 'setValue'
[debug] &amp#27;[35m[Protocol Converter]&amp#27;[39m Added 'value' property ["C","o","l","t","@","1","2","3","4"] to 'setValue' request body
[debug] &amp#27;[35m[WD Proxy]&amp#27;[39m Proxying [POST /element/104b0cf6-1278-4338-b471-2d4e86a90c7d/value] to [POST http://127.0.0.1:8200/wd/hub/session/0e786dee-078d-46b9-920d-56472648766d/element/104b0cf6-1278-4338-b471-2d4e86a90c7d/value] with body: {"elementId":"104b0cf6-1278-4338-b471-2d4e86a90c7d","text":"Colt@1234","replace":false,"value":["C","o","l","t","@","1","2","3","4"]}
[debug] &amp#27;[35m[WD Proxy]&amp#27;[39m Got response with status 200: {"sessionId":"0e786dee-078d-46b9-920d-56472648766d","value":null}
[debug] &amp#27;[35m[W3C (93af38db)]&amp#27;[39m Responding to client with driver.setValue() result: null
&amp#27;[35m[HTTP]&amp#27;[39m &amp#27;[37m<-- POST /wd/hub/session/93af38db-9524-4f12-a647-f4f705ec9611/element/104b0cf6-1278-4338-b471-2d4e86a90c7d/value &amp#27;[39m&amp#27;[32m200&amp#27;[39m &amp#27;[90m797 ms - 14&amp#27;[39m
&amp#27;[35m[HTTP]&amp#27;[39m &amp#27;[90m&amp#27;[39m
&amp#27;[35m[HTTP]&amp#27;[39m &amp#27;[37m-->&amp#27;[39m &amp#27;[37mGET&amp#27;[39m &amp#27;[37m/wd/hub/session/93af38db-9524-4f12-a647-f4f705ec9611/context&amp#27;[39m
&amp#27;[35m[HTTP]&amp#27;[39m &amp#27;[90m{}&amp#27;[39m
[debug] &amp#27;[35m[W3C (93af38db)]&amp#27;[39m Calling AppiumDriver.getCurrentContext() with args: ["93af38db-9524-4f12-a647-f4f705ec9611"]
[debug] &amp#27;[35m[W3C (93af38db)]&amp#27;[39m Responding to client with driver.getCurrentContext() result: "NATIVE_APP"
&amp#27;[35m[HTTP]&amp#27;[39m &amp#27;[37m<-- GET /wd/hub/session/93af38db-9524-4f12-a647-f4f705ec9611/context &amp#27;[39m&amp#27;[32m200&amp#27;[39m &amp#27;[90m3 ms - 22&amp#27;[39m
&amp#27;[35m[HTTP]&amp#27;[39m &amp#27;[90m&amp#27;[39m
&amp#27;[35m[HTTP]&amp#27;[39m &amp#27;[37m-->&amp#27;[39m &amp#27;[37mPOST&amp#27;[39m &amp#27;[37m/wd/hub/session/93af38db-9524-4f12-a647-f4f705ec9611/element&amp#27;[39m
&amp#27;[35m[HTTP]&amp#27;[39m &amp#27;[90m{"using":"-android uiautomator","value":"text(\"Remember me\")"}&amp#27;[39m
[debug] &amp#27;[35m[W3C (93af38db)]&amp#27;[39m Calling AppiumDriver.findElement() with args: ["-android uiautomator","text(\"Remember me\")","93af38db-9524-4f12-a647-f4f705ec9611"]
[debug] &amp#27;[35m[BaseDriver]&amp#27;[39m Valid locator strategies for this request: xpath, id, class name, accessibility id, -android uiautomator
[debug] &amp#27;[35m[BaseDriver]&amp#27;[39m Waiting up to 30000 ms for condition
[debug] &amp#27;[35m[WD Proxy]&amp#27;[39m Matched '/element' to command name 'findElement'
[debug] &amp#27;[35m[WD Proxy]&amp#27;[39m Proxying [POST /element] to [POST http://127.0.0.1:8200/wd/hub/session/0e786dee-078d-46b9-920d-56472648766d/element] with body: {"strategy":"-android uiautomator","selector":"text(\"Remember me\")","context":"","multiple":false}
[debug] &amp#27;[35m[WD Proxy]&amp#27;[39m Got response with status 200: {"sessionId":"0e786dee-078d-46b9-920d-56472648766d","value":{"ELEMENT":"111dead7-62f6-45c4-8e6b-387db6b36d75","element-6066-11e4-a52e-4f735466cecf":"111dead7-62f6-45c4-8e6b-387db6b36d75"}}
[debug] &amp#27;[35m[W3C (93af38db)]&amp#27;[39m Responding to client with driver.findElement() result: {"element-6066-11e4-a52e-4f735466cecf":"111dead7-62f6-45c4-8e6b-387db6b36d75","ELEMENT":"111dead7-62f6-45c4-8e6b-387db6b36d75"}
&amp#27;[35m[HTTP]&amp#27;[39m &amp#27;[37m<-- POST /wd/hub/session/93af38db-9524-4f12-a647-f4f705ec9611/element &amp#27;[39m&amp#27;[32m200&amp#27;[39m &amp#27;[90m514 ms - 137&amp#27;[39m
&amp#27;[35m[HTTP]&amp#27;[39m &amp#27;[90m&amp#27;[39m
&amp#27;[35m[HTTP]&amp#27;[39m &amp#27;[37m-->&amp#27;[39m &amp#27;[37mPOST&amp#27;[39m &amp#27;[37m/wd/hub/session/93af38db-9524-4f12-a647-f4f705ec9611/element/111dead7-62f6-45c4-8e6b-387db6b36d75/click&amp#27;[39m
&amp#27;[35m[HTTP]&amp#27;[39m &amp#27;[90m{"id":"111dead7-62f6-45c4-8e6b-387db6b36d75"}&amp#27;[39m
[debug] &amp#27;[35m[W3C (93af38db)]&amp#27;[39m Calling AppiumDriver.click() with args: ["111dead7-62f6-45c4-8e6b-387db6b36d75","93af38db-9524-4f12-a647-f4f705ec9611"]
[debug] &amp#27;[35m[WD Proxy]&amp#27;[39m Matched '/element/111dead7-62f6-45c4-8e6b-387db6b36d75/click' to command name 'click'
[debug] &amp#27;[35m[WD Proxy]&amp#27;[39m Proxying [POST /element/111dead7-62f6-45c4-8e6b-387db6b36d75/click] to [POST http://127.0.0.1:8200/wd/hub/session/0e786dee-078d-46b9-920d-56472648766d/element/111dead7-62f6-45c4-8e6b-387db6b36d75/click] with body: {"element":"111dead7-62f6-45c4-8e6b-387db6b36d75"}
[debug] &amp#27;[35m[WD Proxy]&amp#27;[39m Got response with status 200: {"sessionId":"0e786dee-078d-46b9-920d-56472648766d","value":null}
[debug] &amp#27;[35m[W3C (93af38db)]&amp#27;[39m Responding to client with driver.click() result: null
&amp#27;[35m[HTTP]&amp#27;[39m &amp#27;[37m<-- POST /wd/hub/session/93af38db-9524-4f12-a647-f4f705ec9611/element/111dead7-62f6-45c4-8e6b-387db6b36d75/click &amp#27;[39m&amp#27;[32m200&amp#27;[39m &amp#27;[90m1206 ms - 14&amp#27;[39m
&amp#27;[35m[HTTP]&amp#27;[39m &amp#27;[90m&amp#27;[39m
&amp#27;[35m[HTTP]&amp#27;[39m &amp#27;[37m-->&amp#27;[39m &amp#27;[37mGET&amp#27;[39m &amp#27;[37m/wd/hub/session/93af38db-9524-4f12-a647-f4f705ec9611/context&amp#27;[39m
&amp#27;[35m[HTTP]&amp#27;[39m &amp#27;[90m{}&amp#27;[39m
[debug] &amp#27;[35m[W3C (93af38db)]&amp#27;[39m Calling AppiumDriver.getCurrentContext() with args: ["93af38db-9524-4f12-a647-f4f705ec9611"]
[debug] &amp#27;[35m[W3C (93af38db)]&amp#27;[39m Responding to client with driver.getCurrentContext() result: "NATIVE_APP"
&amp#27;[35m[HTTP]&amp#27;[39m &amp#27;[37m<-- GET /wd/hub/session/93af38db-9524-4f12-a647-f4f705ec9611/context &amp#27;[39m&amp#27;[32m200&amp#27;[39m &amp#27;[90m2 ms - 22&amp#27;[39m
&amp#27;[35m[HTTP]&amp#27;[39m &amp#27;[90m&amp#27;[39m
&amp#27;[35m[HTTP]&amp#27;[39m &amp#27;[37m-->&amp#27;[39m &amp#27;[37mPOST&amp#27;[39m &amp#27;[37m/wd/hub/session/93af38db-9524-4f12-a647-f4f705ec9611/element&amp#27;[39m
&amp#27;[35m[HTTP]&amp#27;[39m &amp#27;[90m{"using":"-android uiautomator","value":"text(\"Login\")"}&amp#27;[39m
[debug] &amp#27;[35m[W3C (93af38db)]&amp#27;[39m Calling AppiumDriver.findElement() with args: ["-android uiautomator","text(\"Login\")","93af38db-9524-4f12-a647-f4f705ec9611"]
[debug] &amp#27;[35m[BaseDriver]&amp#27;[39m Valid locator strategies for this request: xpath, id, class name, accessibility id, -android uiautomator
[debug] &amp#27;[35m[BaseDriver]&amp#27;[39m Waiting up to 30000 ms for condition
[debug] &amp#27;[35m[WD Proxy]&amp#27;[39m Matched '/element' to command name 'findElement'
[debug] &amp#27;[35m[WD Proxy]&amp#27;[39m Proxying [POST /element] to [POST http://127.0.0.1:8200/wd/hub/session/0e786dee-078d-46b9-920d-56472648766d/element] with body: {"strategy":"-android uiautomator","selector":"text(\"Login\")","context":"","multiple":false}
[debug] &amp#27;[35m[WD Proxy]&amp#27;[39m Got response with status 200: {"sessionId":"0e786dee-078d-46b9-920d-56472648766d","value":{"ELEMENT":"70a5b6ac-d6c1-405e-b238-741830550783","element-6066-11e4-a52e-4f735466cecf":"70a5b6ac-d6c1-405e-b238-741830550783"}}
[debug] &amp#27;[35m[W3C (93af38db)]&amp#27;[39m Responding to client with driver.findElement() result: {"element-6066-11e4-a52e-4f735466cecf":"70a5b6ac-d6c1-405e-b238-741830550783","ELEMENT":"70a5b6ac-d6c1-405e-b238-741830550783"}
&amp#27;[35m[HTTP]&amp#27;[39m &amp#27;[37m<-- POST /wd/hub/session/93af38db-9524-4f12-a647-f4f705ec9611/element &amp#27;[39m&amp#27;[32m200&amp#27;[39m &amp#27;[90m33 ms - 137&amp#27;[39m
&amp#27;[35m[HTTP]&amp#27;[39m &amp#27;[90m&amp#27;[39m
&amp#27;[35m[HTTP]&amp#27;[39m &amp#27;[37m-->&amp#27;[39m &amp#27;[37mPOST&amp#27;[39m &amp#27;[37m/wd/hub/session/93af38db-9524-4f12-a647-f4f705ec9611/element/70a5b6ac-d6c1-405e-b238-741830550783/click&amp#27;[39m
&amp#27;[35m[HTTP]&amp#27;[39m &amp#27;[90m{"id":"70a5b6ac-d6c1-405e-b238-741830550783"}&amp#27;[39m
[debug] &amp#27;[35m[W3C (93af38db)]&amp#27;[39m Calling AppiumDriver.click() with args: ["70a5b6ac-d6c1-405e-b238-741830550783","93af38db-9524-4f12-a647-f4f705ec9611"]
[debug] &amp#27;[35m[WD Proxy]&amp#27;[39m Matched '/element/70a5b6ac-d6c1-405e-b238-741830550783/click' to command name 'click'
[debug] &amp#27;[35m[WD Proxy]&amp#27;[39m Proxying [POST /element/70a5b6ac-d6c1-405e-b238-741830550783/click] to [POST http://127.0.0.1:8200/wd/hub/session/0e786dee-078d-46b9-920d-56472648766d/element/70a5b6ac-d6c1-405e-b238-741830550783/click] with body: {"element":"70a5b6ac-d6c1-405e-b238-741830550783"}
[debug] &amp#27;[35m[WD Proxy]&amp#27;[39m Got response with status 200: {"sessionId":"0e786dee-078d-46b9-920d-56472648766d","value":null}
[debug] &amp#27;[35m[W3C (93af38db)]&amp#27;[39m Responding to client with driver.click() result: null
&amp#27;[35m[HTTP]&amp#27;[39m &amp#27;[37m<-- POST /wd/hub/session/93af38db-9524-4f12-a647-f4f705ec9611/element/70a5b6ac-d6c1-405e-b238-741830550783/click &amp#27;[39m&amp#27;[32m200&amp#27;[39m &amp#27;[90m3944 ms - 14&amp#27;[39m
&amp#27;[35m[HTTP]&amp#27;[39m &amp#27;[90m&amp#27;[39m
&amp#27;[35m[HTTP]&amp#27;[39m &amp#27;[37m-->&amp#27;[39m &amp#27;[37mGET&amp#27;[39m &amp#27;[37m/wd/hub/session/93af38db-9524-4f12-a647-f4f705ec9611/context&amp#27;[39m
&amp#27;[35m[HTTP]&amp#27;[39m &amp#27;[90m{}&amp#27;[39m
[debug] &amp#27;[35m[W3C (93af38db)]&amp#27;[39m Calling AppiumDriver.getCurrentContext() with args: ["93af38db-9524-4f12-a647-f4f705ec9611"]
[debug] &amp#27;[35m[W3C (93af38db)]&amp#27;[39m Responding to client with driver.getCurrentContext() result: "NATIVE_APP"
&amp#27;[35m[HTTP]&amp#27;[39m &amp#27;[37m<-- GET /wd/hub/session/93af38db-9524-4f12-a647-f4f705ec9611/context &amp#27;[39m&amp#27;[32m200&amp#27;[39m &amp#27;[90m2 ms - 22&amp#27;[39m
&amp#27;[35m[HTTP]&amp#27;[39m &amp#27;[90m&amp#27;[39m
&amp#27;[35m[HTTP]&amp#27;[39m &amp#27;[37m-->&amp#27;[39m &amp#27;[37mPOST&amp#27;[39m &amp#27;[37m/wd/hub/session/93af38db-9524-4f12-a647-f4f705ec9611/element&amp#27;[39m
&amp#27;[35m[HTTP]&amp#27;[39m &amp#27;[90m{"using":"-android uiautomator","value":"text(\"Continue\")"}&amp#27;[39m
[debug] &amp#27;[35m[W3C (93af38db)]&amp#27;[39m Calling AppiumDriver.findElement() with args: ["-android uiautomator","text(\"Continue\")","93af38db-9524-4f12-a647-f4f705ec9611"]
[debug] &amp#27;[35m[BaseDriver]&amp#27;[39m Valid locator strategies for this request: xpath, id, class name, accessibility id, -android uiautomator
[debug] &amp#27;[35m[BaseDriver]&amp#27;[39m Waiting up to 30000 ms for condition
[debug] &amp#27;[35m[WD Proxy]&amp#27;[39m Matched '/element' to command name 'findElement'
[debug] &amp#27;[35m[WD Proxy]&amp#27;[39m Proxying [POST /element] to [POST http://127.0.0.1:8200/wd/hub/session/0e786dee-078d-46b9-920d-56472648766d/element] with body: {"strategy":"-android uiautomator","selector":"text(\"Continue\")","context":"","multiple":false}
[debug] &amp#27;[35m[WD Proxy]&amp#27;[39m Got response with status 200: {"sessionId":"0e786dee-078d-46b9-920d-56472648766d","value":{"ELEMENT":"164cebf3-54d4-4a5f-86fb-af3beaf675ad","element-6066-11e4-a52e-4f735466cecf":"164cebf3-54d4-4a5f-86fb-af3beaf675ad"}}
[debug] &amp#27;[35m[W3C (93af38db)]&amp#27;[39m Responding to client with driver.findElement() result: {"element-6066-11e4-a52e-4f735466cecf":"164cebf3-54d4-4a5f-86fb-af3beaf675ad","ELEMENT":"164cebf3-54d4-4a5f-86fb-af3beaf675ad"}
&amp#27;[35m[HTTP]&amp#27;[39m &amp#27;[37m<-- POST /wd/hub/session/93af38db-9524-4f12-a647-f4f705ec9611/element &amp#27;[39m&amp#27;[32m200&amp#27;[39m &amp#27;[90m18 ms - 137&amp#27;[39m
&amp#27;[35m[HTTP]&amp#27;[39m &amp#27;[90m&amp#27;[39m
&amp#27;[35m[HTTP]&amp#27;[39m &amp#27;[37m-->&amp#27;[39m &amp#27;[37mPOST&amp#27;[39m &amp#27;[37m/wd/hub/session/93af38db-9524-4f12-a647-f4f705ec9611/element/164cebf3-54d4-4a5f-86fb-af3beaf675ad/click&amp#27;[39m
&amp#27;[35m[HTTP]&amp#27;[39m &amp#27;[90m{"id":"164cebf3-54d4-4a5f-86fb-af3beaf675ad"}&amp#27;[39m
[debug] &amp#27;[35m[W3C (93af38db)]&amp#27;[39m Calling AppiumDriver.click() with args: ["164cebf3-54d4-4a5f-86fb-af3beaf675ad","93af38db-9524-4f12-a647-f4f705ec9611"]
[debug] &amp#27;[35m[WD Proxy]&amp#27;[39m Matched '/element/164cebf3-54d4-4a5f-86fb-af3beaf675ad/click' to command name 'click'
[debug] &amp#27;[35m[WD Proxy]&amp#27;[39m Proxying [POST /element/164cebf3-54d4-4a5f-86fb-af3beaf675ad/click] to [POST http://127.0.0.1:8200/wd/hub/session/0e786dee-078d-46b9-920d-56472648766d/element/164cebf3-54d4-4a5f-86fb-af3beaf675ad/click] with body: {"element":"164cebf3-54d4-4a5f-86fb-af3beaf675ad"}
[debug] &amp#27;[35m[WD Proxy]&amp#27;[39m Got response with status 200: {"sessionId":"0e786dee-078d-46b9-920d-56472648766d","value":null}
[debug] &amp#27;[35m[W3C (93af38db)]&amp#27;[39m Responding to client with driver.click() result: null
&amp#27;[35m[HTTP]&amp#27;[39m &amp#27;[37m<-- POST /wd/hub/session/93af38db-9524-4f12-a647-f4f705ec9611/element/164cebf3-54d4-4a5f-86fb-af3beaf675ad/click &amp#27;[39m&amp#27;[32m200&amp#27;[39m &amp#27;[90m3132 ms - 14&amp#27;[39m
&amp#27;[35m[HTTP]&amp#27;[39m &amp#27;[90m&amp#27;[39m
&amp#27;[35m[HTTP]&amp#27;[39m &amp#27;[37m-->&amp#27;[39m &amp#27;[37mGET&amp#27;[39m &amp#27;[37m/wd/hub/session/93af38db-9524-4f12-a647-f4f705ec9611/context&amp#27;[39m
&amp#27;[35m[HTTP]&amp#27;[39m &amp#27;[90m{}&amp#27;[39m
[debug] &amp#27;[35m[W3C (93af38db)]&amp#27;[39m Calling AppiumDriver.getCurrentContext() with args: ["93af38db-9524-4f12-a647-f4f705ec9611"]
[debug] &amp#27;[35m[W3C (93af38db)]&amp#27;[39m Responding to client with driver.getCurrentContext() result: "NATIVE_APP"
&amp#27;[35m[HTTP]&amp#27;[39m &amp#27;[37m<-- GET /wd/hub/session/93af38db-9524-4f12-a647-f4f705ec9611/context &amp#27;[39m&amp#27;[32m200&amp#27;[39m &amp#27;[90m1 ms - 22&amp#27;[39m
&amp#27;[35m[HTTP]&amp#27;[39m &amp#27;[90m&amp#27;[39m
&amp#27;[35m[HTTP]&amp#27;[39m &amp#27;[37m-->&amp#27;[39m &amp#27;[37mPOST&amp#27;[39m &amp#27;[37m/wd/hub/session/93af38db-9524-4f12-a647-f4f705ec9611/element&amp#27;[39m
&amp#27;[35m[HTTP]&amp#27;[39m &amp#27;[90m{"using":"-android uiautomator","value":"text(\"View All\")"}&amp#27;[39m
[debug] &amp#27;[35m[W3C (93af38db)]&amp#27;[39m Calling AppiumDriver.findElement() with args: ["-android uiautomator","text(\"View All\")","93af38db-9524-4f12-a647-f4f705ec9611"]
[debug] &amp#27;[35m[BaseDriver]&amp#27;[39m Valid locator strategies for this request: xpath, id, class name, accessibility id, -android uiautomator
[debug] &amp#27;[35m[BaseDriver]&amp#27;[39m Waiting up to 30000 ms for condition
[debug] &amp#27;[35m[WD Proxy]&amp#27;[39m Matched '/element' to command name 'findElement'
[debug] &amp#27;[35m[WD Proxy]&amp#27;[39m Proxying [POST /element] to [POST http://127.0.0.1:8200/wd/hub/session/0e786dee-078d-46b9-920d-56472648766d/element] with body: {"strategy":"-android uiautomator","selector":"text(\"View All\")","context":"","multiple":false}
[debug] &amp#27;[35m[WD Proxy]&amp#27;[39m Got response with status 200: {"sessionId":"0e786dee-078d-46b9-920d-56472648766d","value":{"ELEMENT":"a71b4ccc-38f5-454f-aee1-1fd844442019","element-6066-11e4-a52e-4f735466cecf":"a71b4ccc-38f5-454f-aee1-1fd844442019"}}
[debug] &amp#27;[35m[W3C (93af38db)]&amp#27;[39m Responding to client with driver.findElement() result: {"element-6066-11e4-a52e-4f735466cecf":"a71b4ccc-38f5-454f-aee1-1fd844442019","ELEMENT":"a71b4ccc-38f5-454f-aee1-1fd844442019"}
&amp#27;[35m[HTTP]&amp#27;[39m &amp#27;[37m<-- POST /wd/hub/session/93af38db-9524-4f12-a647-f4f705ec9611/element &amp#27;[39m&amp#27;[32m200&amp#27;[39m &amp#27;[90m29 ms - 137&amp#27;[39m
&amp#27;[35m[HTTP]&amp#27;[39m &amp#27;[90m&amp#27;[39m
&amp#27;[35m[HTTP]&amp#27;[39m &amp#27;[37m-->&amp#27;[39m &amp#27;[37mPOST&amp#27;[39m &amp#27;[37m/wd/hub/session/93af38db-9524-4f12-a647-f4f705ec9611/element/a71b4ccc-38f5-454f-aee1-1fd844442019/click&amp#27;[39m
&amp#27;[35m[HTTP]&amp#27;[39m &amp#27;[90m{"id":"a71b4ccc-38f5-454f-aee1-1fd844442019"}&amp#27;[39m
[debug] &amp#27;[35m[W3C (93af38db)]&amp#27;[39m Calling AppiumDriver.click() with args: ["a71b4ccc-38f5-454f-aee1-1fd844442019","93af38db-9524-4f12-a647-f4f705ec9611"]
[debug] &amp#27;[35m[WD Proxy]&amp#27;[39m Matched '/element/a71b4ccc-38f5-454f-aee1-1fd844442019/click' to command name 'click'
[debug] &amp#27;[35m[WD Proxy]&amp#27;[39m Proxying [POST /element/a71b4ccc-38f5-454f-aee1-1fd844442019/click] to [POST http://127.0.0.1:8200/wd/hub/session/0e786dee-078d-46b9-920d-56472648766d/element/a71b4ccc-38f5-454f-aee1-1fd844442019/click] with body: {"element":"a71b4ccc-38f5-454f-aee1-1fd844442019"}
[debug] &amp#27;[35m[WD Proxy]&amp#27;[39m Got response with status 200: {"sessionId":"0e786dee-078d-46b9-920d-56472648766d","value":null}
[debug] &amp#27;[35m[W3C (93af38db)]&amp#27;[39m Responding to client with driver.click() result: null
&amp#27;[35m[HTTP]&amp#27;[39m &amp#27;[37m<-- POST /wd/hub/session/93af38db-9524-4f12-a647-f4f705ec9611/element/a71b4ccc-38f5-454f-aee1-1fd844442019/click &amp#27;[39m&amp#27;[32m200&amp#27;[39m &amp#27;[90m3145 ms - 14&amp#27;[39m
&amp#27;[35m[HTTP]&amp#27;[39m &amp#27;[90m&amp#27;[39m
&amp#27;[35m[HTTP]&amp#27;[39m &amp#27;[37m-->&amp#27;[39m &amp#27;[37mGET&amp#27;[39m &amp#27;[37m/wd/hub/session/93af38db-9524-4f12-a647-f4f705ec9611/context&amp#27;[39m
&amp#27;[35m[HTTP]&amp#27;[39m &amp#27;[90m{}&amp#27;[39m
[debug] &amp#27;[35m[W3C (93af38db)]&amp#27;[39m Calling AppiumDriver.getCurrentContext() with args: ["93af38db-9524-4f12-a647-f4f705ec9611"]
[debug] &amp#27;[35m[W3C (93af38db)]&amp#27;[39m Responding to client with driver.getCurrentContext() result: "NATIVE_APP"
&amp#27;[35m[HTTP]&amp#27;[39m &amp#27;[37m<-- GET /wd/hub/session/93af38db-9524-4f12-a647-f4f705ec9611/context &amp#27;[39m&amp#27;[32m200&amp#27;[39m &amp#27;[90m1 ms - 22&amp#27;[39m
&amp#27;[35m[HTTP]&amp#27;[39m &amp#27;[90m&amp#27;[39m
&amp#27;[35m[HTTP]&amp#27;[39m &amp#27;[37m-->&amp#27;[39m &amp#27;[37mPOST&amp#27;[39m &amp#27;[37m/wd/hub/session/93af38db-9524-4f12-a647-f4f705ec9611/element&amp#27;[39m
&amp#27;[35m[HTTP]&amp#27;[39m &amp#27;[90m{"using":"id","value":"com.colt.coltengineering:id/img_next"}&amp#27;[39m
[debug] &amp#27;[35m[W3C (93af38db)]&amp#27;[39m Calling AppiumDriver.findElement() with args: ["id","com.colt.coltengineering:id/img_next","93af38db-9524-4f12-a647-f4f705ec9611"]
[debug] &amp#27;[35m[BaseDriver]&amp#27;[39m Valid locator strategies for this request: xpath, id, class name, accessibility id, -android uiautomator
[debug] &amp#27;[35m[BaseDriver]&amp#27;[39m Waiting up to 30000 ms for condition
[debug] &amp#27;[35m[WD Proxy]&amp#27;[39m Matched '/element' to command name 'findElement'
[debug] &amp#27;[35m[WD Proxy]&amp#27;[39m Proxying [POST /element] to [POST http://127.0.0.1:8200/wd/hub/session/0e786dee-078d-46b9-920d-56472648766d/element] with body: {"strategy":"id","selector":"com.colt.coltengineering:id/img_next","context":"","multiple":false}
&amp#27;[35m[WD Proxy]&amp#27;[39m Got response with status 404: {"sessionId":"0e786dee-078d-46b9-920d-56472648766d","value":{"error":"no such element","message":"An element could not be located on the page using the given search parameters","stacktrace":"io.appium.uiautomator2.common.exceptions.ElementNotFoundException: An element could not be located on the page using the given search parameters\n\tat io.appium.uiautomator2.handler.FindElement.safeHandle(FindElement.java:73)\n\tat io.appium.uiautomator2.handler.request.SafeRequestHandler.handle(SafeRequestHandler.java:41)\n\tat io.appium.uiautomator2.server.AppiumServlet.handleRequest(AppiumServlet.java:253)\n\tat io.appium.uiautomator2.server.AppiumServlet.handleHttpRequest(AppiumServlet.java:247)\n\tat io.appium.uiautomator2.http.ServerHandler.channelRead(ServerHandler.java:68)\n\tat io.netty.channel.AbstractChannelHandlerContext.invokeChannelRead(AbstractChannelHandlerContext.java:366)\n\tat io.netty.channel.AbstractChannelHandlerContext.invokeChannelRead(AbstractChannelHandlerContext.java:352)\n\tat io.netty.chann...
[debug] &amp#27;[35m[W3C]&amp#27;[39m Matched W3C error code 'no such element' to NoSuchElementError
[debug] &amp#27;[35m[BaseDriver]&amp#27;[39m Waited for 35 ms so far
[debug] &amp#27;[35m[WD Proxy]&amp#27;[39m Matched '/element' to command name 'findElement'
[debug] &amp#27;[35m[WD Proxy]&amp#27;[39m Proxying [POST /element] to [POST http://127.0.0.1:8200/wd/hub/session/0e786dee-078d-46b9-920d-56472648766d/element] with body: {"strategy":"id","selector":"com.colt.coltengineering:id/img_next","context":"","multiple":false}
&amp#27;[35m[WD Proxy]&amp#27;[39m Got response with status 404: {"sessionId":"0e786dee-078d-46b9-920d-56472648766d","value":{"error":"no such element","message":"An element could not be located on the page using the given search parameters","stacktrace":"io.appium.uiautomator2.common.exceptions.ElementNotFoundException: An element could not be located on the page using the given search parameters\n\tat io.appium.uiautomator2.handler.FindElement.safeHandle(FindElement.java:73)\n\tat io.appium.uiautomator2.handler.request.SafeRequestHandler.handle(SafeRequestHandler.java:41)\n\tat io.appium.uiautomator2.server.AppiumServlet.handleRequest(AppiumServlet.java:253)\n\tat io.appium.uiautomator2.server.AppiumServlet.handleHttpRequest(AppiumServlet.java:247)\n\tat io.appium.uiautomator2.http.ServerHandler.channelRead(ServerHandler.java:68)\n\tat io.netty.channel.AbstractChannelHandlerContext.invokeChannelRead(AbstractChannelHandlerContext.java:366)\n\tat io.netty.channel.AbstractChannelHandlerContext.invokeChannelRead(AbstractChannelHandlerContext.java:352)\n\tat io.netty.chann...
[debug] &amp#27;[35m[W3C]&amp#27;[39m Matched W3C error code 'no such element' to NoSuchElementError
[debug] &amp#27;[35m[BaseDriver]&amp#27;[39m Waited for 564 ms so far
[debug] &amp#27;[35m[WD Proxy]&amp#27;[39m Matched '/element' to command name 'findElement'
[debug] &amp#27;[35m[WD Proxy]&amp#27;[39m Proxying [POST /element] to [POST http://127.0.0.1:8200/wd/hub/session/0e786dee-078d-46b9-920d-56472648766d/element] with body: {"strategy":"id","selector":"com.colt.coltengineering:id/img_next","context":"","multiple":false}
&amp#27;[35m[WD Proxy]&amp#27;[39m Got response with status 404: {"sessionId":"0e786dee-078d-46b9-920d-56472648766d","value":{"error":"no such element","message":"An element could not be located on the page using the given search parameters","stacktrace":"io.appium.uiautomator2.common.exceptions.ElementNotFoundException: An element could not be located on the page using the given search parameters\n\tat io.appium.uiautomator2.handler.FindElement.safeHandle(FindElement.java:73)\n\tat io.appium.uiautomator2.handler.request.SafeRequestHandler.handle(SafeRequestHandler.java:41)\n\tat io.appium.uiautomator2.server.AppiumServlet.handleRequest(AppiumServlet.java:253)\n\tat io.appium.uiautomator2.server.AppiumServlet.handleHttpRequest(AppiumServlet.java:247)\n\tat io.appium.uiautomator2.http.ServerHandler.channelRead(ServerHandler.java:68)\n\tat io.netty.channel.AbstractChannelHandlerContext.invokeChannelRead(AbstractChannelHandlerContext.java:366)\n\tat io.netty.channel.AbstractChannelHandlerContext.invokeChannelRead(AbstractChannelHandlerContext.java:352)\n\tat io.netty.chann...
[debug] &amp#27;[35m[W3C]&amp#27;[39m Matched W3C error code 'no such element' to NoSuchElementError
[debug] &amp#27;[35m[BaseDriver]&amp#27;[39m Waited for 1097 ms so far
[debug] &amp#27;[35m[WD Proxy]&amp#27;[39m Matched '/element' to command name 'findElement'
[debug] &amp#27;[35m[WD Proxy]&amp#27;[39m Proxying [POST /element] to [POST http://127.0.0.1:8200/wd/hub/session/0e786dee-078d-46b9-920d-56472648766d/element] with body: {"strategy":"id","selector":"com.colt.coltengineering:id/img_next","context":"","multiple":false}
&amp#27;[35m[WD Proxy]&amp#27;[39m Got response with status 404: {"sessionId":"0e786dee-078d-46b9-920d-56472648766d","value":{"error":"no such element","message":"An element could not be located on the page using the given search parameters","stacktrace":"io.appium.uiautomator2.common.exceptions.ElementNotFoundException: An element could not be located on the page using the given search parameters\n\tat io.appium.uiautomator2.handler.FindElement.safeHandle(FindElement.java:73)\n\tat io.appium.uiautomator2.handler.request.SafeRequestHandler.handle(SafeRequestHandler.java:41)\n\tat io.appium.uiautomator2.server.AppiumServlet.handleRequest(AppiumServlet.java:253)\n\tat io.appium.uiautomator2.server.AppiumServlet.handleHttpRequest(AppiumServlet.java:247)\n\tat io.appium.uiautomator2.http.ServerHandler.channelRead(ServerHandler.java:68)\n\tat io.netty.channel.AbstractChannelHandlerContext.invokeChannelRead(AbstractChannelHandlerContext.java:366)\n\tat io.netty.channel.AbstractChannelHandlerContext.invokeChannelRead(AbstractChannelHandlerContext.java:352)\n\tat io.netty.chann...
[debug] &amp#27;[35m[W3C]&amp#27;[39m Matched W3C error code 'no such element' to NoSuchElementError
[debug] &amp#27;[35m[BaseDriver]&amp#27;[39m Waited for 1621 ms so far
[debug] &amp#27;[35m[WD Proxy]&amp#27;[39m Matched '/element' to command name 'findElement'
[debug] &amp#27;[35m[WD Proxy]&amp#27;[39m Proxying [POST /element] to [POST http://127.0.0.1:8200/wd/hub/session/0e786dee-078d-46b9-920d-56472648766d/element] with body: {"strategy":"id","selector":"com.colt.coltengineering:id/img_next","context":"","multiple":false}
&amp#27;[35m[WD Proxy]&amp#27;[39m Got response with status 404: {"sessionId":"0e786dee-078d-46b9-920d-56472648766d","value":{"error":"no such element","message":"An element could not be located on the page using the given search parameters","stacktrace":"io.appium.uiautomator2.common.exceptions.ElementNotFoundException: An element could not be located on the page using the given search parameters\n\tat io.appium.uiautomator2.handler.FindElement.safeHandle(FindElement.java:73)\n\tat io.appium.uiautomator2.handler.request.SafeRequestHandler.handle(SafeRequestHandler.java:41)\n\tat io.appium.uiautomator2.server.AppiumServlet.handleRequest(AppiumServlet.java:253)\n\tat io.appium.uiautomator2.server.AppiumServlet.handleHttpRequest(AppiumServlet.java:247)\n\tat io.appium.uiautomator2.http.ServerHandler.channelRead(ServerHandler.java:68)\n\tat io.netty.channel.AbstractChannelHandlerContext.invokeChannelRead(AbstractChannelHandlerContext.java:366)\n\tat io.netty.channel.AbstractChannelHandlerContext.invokeChannelRead(AbstractChannelHandlerContext.java:352)\n\tat io.netty.chann...
[debug] &amp#27;[35m[W3C]&amp#27;[39m Matched W3C error code 'no such element' to NoSuchElementError
[debug] &amp#27;[35m[BaseDriver]&amp#27;[39m Waited for 2161 ms so far
[debug] &amp#27;[35m[WD Proxy]&amp#27;[39m Matched '/element' to command name 'findElement'
[debug] &amp#27;[35m[WD Proxy]&amp#27;[39m Proxying [POST /element] to [POST http://127.0.0.1:8200/wd/hub/session/0e786dee-078d-46b9-920d-56472648766d/element] with body: {"strategy":"id","selector":"com.colt.coltengineering:id/img_next","context":"","multiple":false}
&amp#27;[35m[WD Proxy]&amp#27;[39m Got response with status 404: {"sessionId":"0e786dee-078d-46b9-920d-56472648766d","value":{"error":"no such element","message":"An element could not be located on the page using the given search parameters","stacktrace":"io.appium.uiautomator2.common.exceptions.ElementNotFoundException: An element could not be located on the page using the given search parameters\n\tat io.appium.uiautomator2.handler.FindElement.safeHandle(FindElement.java:73)\n\tat io.appium.uiautomator2.handler.request.SafeRequestHandler.handle(SafeRequestHandler.java:41)\n\tat io.appium.uiautomator2.server.AppiumServlet.handleRequest(AppiumServlet.java:253)\n\tat io.appium.uiautomator2.server.AppiumServlet.handleHttpRequest(AppiumServlet.java:247)\n\tat io.appium.uiautomator2.http.ServerHandler.channelRead(ServerHandler.java:68)\n\tat io.netty.channel.AbstractChannelHandlerContext.invokeChannelRead(AbstractChannelHandlerContext.java:366)\n\tat io.netty.channel.AbstractChannelHandlerContext.invokeChannelRead(AbstractChannelHandlerContext.java:352)\n\tat io.netty.chann...
[debug] &amp#27;[35m[W3C]&amp#27;[39m Matched W3C error code 'no such element' to NoSuchElementError
[debug] &amp#27;[35m[BaseDriver]&amp#27;[39m Waited for 2689 ms so far
[debug] &amp#27;[35m[WD Proxy]&amp#27;[39m Matched '/element' to command name 'findElement'
[debug] &amp#27;[35m[WD Proxy]&amp#27;[39m Proxying [POST /element] to [POST http://127.0.0.1:8200/wd/hub/session/0e786dee-078d-46b9-920d-56472648766d/element] with body: {"strategy":"id","selector":"com.colt.coltengineering:id/img_next","context":"","multiple":false}
&amp#27;[35m[WD Proxy]&amp#27;[39m Got response with status 404: {"sessionId":"0e786dee-078d-46b9-920d-56472648766d","value":{"error":"no such element","message":"An element could not be located on the page using the given search parameters","stacktrace":"io.appium.uiautomator2.common.exceptions.ElementNotFoundException: An element could not be located on the page using the given search parameters\n\tat io.appium.uiautomator2.handler.FindElement.safeHandle(FindElement.java:73)\n\tat io.appium.uiautomator2.handler.request.SafeRequestHandler.handle(SafeRequestHandler.java:41)\n\tat io.appium.uiautomator2.server.AppiumServlet.handleRequest(AppiumServlet.java:253)\n\tat io.appium.uiautomator2.server.AppiumServlet.handleHttpRequest(AppiumServlet.java:247)\n\tat io.appium.uiautomator2.http.ServerHandler.channelRead(ServerHandler.java:68)\n\tat io.netty.channel.AbstractChannelHandlerContext.invokeChannelRead(AbstractChannelHandlerContext.java:366)\n\tat io.netty.channel.AbstractChannelHandlerContext.invokeChannelRead(AbstractChannelHandlerContext.java:352)\n\tat io.netty.chann...
[debug] &amp#27;[35m[W3C]&amp#27;[39m Matched W3C error code 'no such element' to NoSuchElementError
[debug] &amp#27;[35m[BaseDriver]&amp#27;[39m Waited for 3209 ms so far
[debug] &amp#27;[35m[WD Proxy]&amp#27;[39m Matched '/element' to command name 'findElement'
[debug] &amp#27;[35m[WD Proxy]&amp#27;[39m Proxying [POST /element] to [POST http://127.0.0.1:8200/wd/hub/session/0e786dee-078d-46b9-920d-56472648766d/element] with body: {"strategy":"id","selector":"com.colt.coltengineering:id/img_next","context":"","multiple":false}
&amp#27;[35m[WD Proxy]&amp#27;[39m Got response with status 404: {"sessionId":"0e786dee-078d-46b9-920d-56472648766d","value":{"error":"no such element","message":"An element could not be located on the page using the given search parameters","stacktrace":"io.appium.uiautomator2.common.exceptions.ElementNotFoundException: An element could not be located on the page using the given search parameters\n\tat io.appium.uiautomator2.handler.FindElement.safeHandle(FindElement.java:73)\n\tat io.appium.uiautomator2.handler.request.SafeRequestHandler.handle(SafeRequestHandler.java:41)\n\tat io.appium.uiautomator2.server.AppiumServlet.handleRequest(AppiumServlet.java:253)\n\tat io.appium.uiautomator2.server.AppiumServlet.handleHttpRequest(AppiumServlet.java:247)\n\tat io.appium.uiautomator2.http.ServerHandler.channelRead(ServerHandler.java:68)\n\tat io.netty.channel.AbstractChannelHandlerContext.invokeChannelRead(AbstractChannelHandlerContext.java:366)\n\tat io.netty.channel.AbstractChannelHandlerContext.invokeChannelRead(AbstractChannelHandlerContext.java:352)\n\tat io.netty.chann...
[debug] &amp#27;[35m[W3C]&amp#27;[39m Matched W3C error code 'no such element' to NoSuchElementError
[debug] &amp#27;[35m[BaseDriver]&amp#27;[39m Waited for 3747 ms so far
[debug] &amp#27;[35m[WD Proxy]&amp#27;[39m Matched '/element' to command name 'findElement'
[debug] &amp#27;[35m[WD Proxy]&amp#27;[39m Proxying [POST /element] to [POST http://127.0.0.1:8200/wd/hub/session/0e786dee-078d-46b9-920d-56472648766d/element] with body: {"strategy":"id","selector":"com.colt.coltengineering:id/img_next","context":"","multiple":false}
&amp#27;[35m[WD Proxy]&amp#27;[39m Got response with status 404: {"sessionId":"0e786dee-078d-46b9-920d-56472648766d","value":{"error":"no such element","message":"An element could not be located on the page using the given search parameters","stacktrace":"io.appium.uiautomator2.common.exceptions.ElementNotFoundException: An element could not be located on the page using the given search parameters\n\tat io.appium.uiautomator2.handler.FindElement.safeHandle(FindElement.java:73)\n\tat io.appium.uiautomator2.handler.request.SafeRequestHandler.handle(SafeRequestHandler.java:41)\n\tat io.appium.uiautomator2.server.AppiumServlet.handleRequest(AppiumServlet.java:253)\n\tat io.appium.uiautomator2.server.AppiumServlet.handleHttpRequest(AppiumServlet.java:247)\n\tat io.appium.uiautomator2.http.ServerHandler.channelRead(ServerHandler.java:68)\n\tat io.netty.channel.AbstractChannelHandlerContext.invokeChannelRead(AbstractChannelHandlerContext.java:366)\n\tat io.netty.channel.AbstractChannelHandlerContext.invokeChannelRead(AbstractChannelHandlerContext.java:352)\n\tat io.netty.chann...
[debug] &amp#27;[35m[W3C]&amp#27;[39m Matched W3C error code 'no such element' to NoSuchElementError
[debug] &amp#27;[35m[BaseDriver]&amp#27;[39m Waited for 4282 ms so far
[debug] &amp#27;[35m[WD Proxy]&amp#27;[39m Matched '/element' to command name 'findElement'
[debug] &amp#27;[35m[WD Proxy]&amp#27;[39m Proxying [POST /element] to [POST http://127.0.0.1:8200/wd/hub/session/0e786dee-078d-46b9-920d-56472648766d/element] with body: {"strategy":"id","selector":"com.colt.coltengineering:id/img_next","context":"","multiple":false}
&amp#27;[35m[WD Proxy]&amp#27;[39m Got response with status 404: {"sessionId":"0e786dee-078d-46b9-920d-56472648766d","value":{"error":"no such element","message":"An element could not be located on the page using the given search parameters","stacktrace":"io.appium.uiautomator2.common.exceptions.ElementNotFoundException: An element could not be located on the page using the given search parameters\n\tat io.appium.uiautomator2.handler.FindElement.safeHandle(FindElement.java:73)\n\tat io.appium.uiautomator2.handler.request.SafeRequestHandler.handle(SafeRequestHandler.java:41)\n\tat io.appium.uiautomator2.server.AppiumServlet.handleRequest(AppiumServlet.java:253)\n\tat io.appium.uiautomator2.server.AppiumServlet.handleHttpRequest(AppiumServlet.java:247)\n\tat io.appium.uiautomator2.http.ServerHandler.channelRead(ServerHandler.java:68)\n\tat io.netty.channel.AbstractChannelHandlerContext.invokeChannelRead(AbstractChannelHandlerContext.java:366)\n\tat io.netty.channel.AbstractChannelHandlerContext.invokeChannelRead(AbstractChannelHandlerContext.java:352)\n\tat io.netty.chann...
[debug] &amp#27;[35m[W3C]&amp#27;[39m Matched W3C error code 'no such element' to NoSuchElementError
[debug] &amp#27;[35m[BaseDriver]&amp#27;[39m Waited for 4819 ms so far
[debug] &amp#27;[35m[WD Proxy]&amp#27;[39m Matched '/element' to command name 'findElement'
[debug] &amp#27;[35m[WD Proxy]&amp#27;[39m Proxying [POST /element] to [POST http://127.0.0.1:8200/wd/hub/session/0e786dee-078d-46b9-920d-56472648766d/element] with body: {"strategy":"id","selector":"com.colt.coltengineering:id/img_next","context":"","multiple":false}
&amp#27;[35m[WD Proxy]&amp#27;[39m Got response with status 404: {"sessionId":"0e786dee-078d-46b9-920d-56472648766d","value":{"error":"no such element","message":"An element could not be located on the page using the given search parameters","stacktrace":"io.appium.uiautomator2.common.exceptions.ElementNotFoundException: An element could not be located on the page using the given search parameters\n\tat io.appium.uiautomator2.handler.FindElement.safeHandle(FindElement.java:73)\n\tat io.appium.uiautomator2.handler.request.SafeRequestHandler.handle(SafeRequestHandler.java:41)\n\tat io.appium.uiautomator2.server.AppiumServlet.handleRequest(AppiumServlet.java:253)\n\tat io.appium.uiautomator2.server.AppiumServlet.handleHttpRequest(AppiumServlet.java:247)\n\tat io.appium.uiautomator2.http.ServerHandler.channelRead(ServerHandler.java:68)\n\tat io.netty.channel.AbstractChannelHandlerContext.invokeChannelRead(AbstractChannelHandlerContext.java:366)\n\tat io.netty.channel.AbstractChannelHandlerContext.invokeChannelRead(AbstractChannelHandlerContext.java:352)\n\tat io.netty.chann...
[debug] &amp#27;[35m[W3C]&amp#27;[39m Matched W3C error code 'no such element' to NoSuchElementError
[debug] &amp#27;[35m[BaseDriver]&amp#27;[39m Waited for 5347 ms so far
[debug] &amp#27;[35m[WD Proxy]&amp#27;[39m Matched '/element' to command name 'findElement'
[debug] &amp#27;[35m[WD Proxy]&amp#27;[39m Proxying [POST /element] to [POST http://127.0.0.1:8200/wd/hub/session/0e786dee-078d-46b9-920d-56472648766d/element] with body: {"strategy":"id","selector":"com.colt.coltengineering:id/img_next","context":"","multiple":false}
&amp#27;[35m[WD Proxy]&amp#27;[39m Got response with status 404: {"sessionId":"0e786dee-078d-46b9-920d-56472648766d","value":{"error":"no such element","message":"An element could not be located on the page using the given search parameters","stacktrace":"io.appium.uiautomator2.common.exceptions.ElementNotFoundException: An element could not be located on the page using the given search parameters\n\tat io.appium.uiautomator2.handler.FindElement.safeHandle(FindElement.java:73)\n\tat io.appium.uiautomator2.handler.request.SafeRequestHandler.handle(SafeRequestHandler.java:41)\n\tat io.appium.uiautomator2.server.AppiumServlet.handleRequest(AppiumServlet.java:253)\n\tat io.appium.uiautomator2.server.AppiumServlet.handleHttpRequest(AppiumServlet.java:247)\n\tat io.appium.uiautomator2.http.ServerHandler.channelRead(ServerHandler.java:68)\n\tat io.netty.channel.AbstractChannelHandlerContext.invokeChannelRead(AbstractChannelHandlerContext.java:366)\n\tat io.netty.channel.AbstractChannelHandlerContext.invokeChannelRead(AbstractChannelHandlerContext.java:352)\n\tat io.netty.chann...
[debug] &amp#27;[35m[W3C]&amp#27;[39m Matched W3C error code 'no such element' to NoSuchElementError
[debug] &amp#27;[35m[BaseDriver]&amp#27;[39m Waited for 5876 ms so far
[debug] &amp#27;[35m[WD Proxy]&amp#27;[39m Matched '/element' to command name 'findElement'
[debug] &amp#27;[35m[WD Proxy]&amp#27;[39m Proxying [POST /element] to [POST http://127.0.0.1:8200/wd/hub/session/0e786dee-078d-46b9-920d-56472648766d/element] with body: {"strategy":"id","selector":"com.colt.coltengineering:id/img_next","context":"","multiple":false}
&amp#27;[35m[WD Proxy]&amp#27;[39m Got response with status 404: {"sessionId":"0e786dee-078d-46b9-920d-56472648766d","value":{"error":"no such element","message":"An element could not be located on the page using the given search parameters","stacktrace":"io.appium.uiautomator2.common.exceptions.ElementNotFoundException: An element could not be located on the page using the given search parameters\n\tat io.appium.uiautomator2.handler.FindElement.safeHandle(FindElement.java:73)\n\tat io.appium.uiautomator2.handler.request.SafeRequestHandler.handle(SafeRequestHandler.java:41)\n\tat io.appium.uiautomator2.server.AppiumServlet.handleRequest(AppiumServlet.java:253)\n\tat io.appium.uiautomator2.server.AppiumServlet.handleHttpRequest(AppiumServlet.java:247)\n\tat io.appium.uiautomator2.http.ServerHandler.channelRead(ServerHandler.java:68)\n\tat io.netty.channel.AbstractChannelHandlerContext.invokeChannelRead(AbstractChannelHandlerContext.java:366)\n\tat io.netty.channel.AbstractChannelHandlerContext.invokeChannelRead(AbstractChannelHandlerContext.java:352)\n\tat io.netty.chann...
[debug] &amp#27;[35m[W3C]&amp#27;[39m Matched W3C error code 'no such element' to NoSuchElementError
[debug] &amp#27;[35m[BaseDriver]&amp#27;[39m Waited for 6405 ms so far
[debug] &amp#27;[35m[WD Proxy]&amp#27;[39m Matched '/element' to command name 'findElement'
[debug] &amp#27;[35m[WD Proxy]&amp#27;[39m Proxying [POST /element] to [POST http://127.0.0.1:8200/wd/hub/session/0e786dee-078d-46b9-920d-56472648766d/element] with body: {"strategy":"id","selector":"com.colt.coltengineering:id/img_next","context":"","multiple":false}
&amp#27;[35m[WD Proxy]&amp#27;[39m Got response with status 404: {"sessionId":"0e786dee-078d-46b9-920d-56472648766d","value":{"error":"no such element","message":"An element could not be located on the page using the given search parameters","stacktrace":"io.appium.uiautomator2.common.exceptions.ElementNotFoundException: An element could not be located on the page using the given search parameters\n\tat io.appium.uiautomator2.handler.FindElement.safeHandle(FindElement.java:73)\n\tat io.appium.uiautomator2.handler.request.SafeRequestHandler.handle(SafeRequestHandler.java:41)\n\tat io.appium.uiautomator2.server.AppiumServlet.handleRequest(AppiumServlet.java:253)\n\tat io.appium.uiautomator2.server.AppiumServlet.handleHttpRequest(AppiumServlet.java:247)\n\tat io.appium.uiautomator2.http.ServerHandler.channelRead(ServerHandler.java:68)\n\tat io.netty.channel.AbstractChannelHandlerContext.invokeChannelRead(AbstractChannelHandlerContext.java:366)\n\tat io.netty.channel.AbstractChannelHandlerContext.invokeChannelRead(AbstractChannelHandlerContext.java:352)\n\tat io.netty.chann...
[debug] &amp#27;[35m[W3C]&amp#27;[39m Matched W3C error code 'no such element' to NoSuchElementError
[debug] &amp#27;[35m[BaseDriver]&amp#27;[39m Waited for 6926 ms so far
[debug] &amp#27;[35m[WD Proxy]&amp#27;[39m Matched '/element' to command name 'findElement'
[debug] &amp#27;[35m[WD Proxy]&amp#27;[39m Proxying [POST /element] to [POST http://127.0.0.1:8200/wd/hub/session/0e786dee-078d-46b9-920d-56472648766d/element] with body: {"strategy":"id","selector":"com.colt.coltengineering:id/img_next","context":"","multiple":false}
&amp#27;[35m[WD Proxy]&amp#27;[39m Got response with status 404: {"sessionId":"0e786dee-078d-46b9-920d-56472648766d","value":{"error":"no such element","message":"An element could not be located on the page using the given search parameters","stacktrace":"io.appium.uiautomator2.common.exceptions.ElementNotFoundException: An element could not be located on the page using the given search parameters\n\tat io.appium.uiautomator2.handler.FindElement.safeHandle(FindElement.java:73)\n\tat io.appium.uiautomator2.handler.request.SafeRequestHandler.handle(SafeRequestHandler.java:41)\n\tat io.appium.uiautomator2.server.AppiumServlet.handleRequest(AppiumServlet.java:253)\n\tat io.appium.uiautomator2.server.AppiumServlet.handleHttpRequest(AppiumServlet.java:247)\n\tat io.appium.uiautomator2.http.ServerHandler.channelRead(ServerHandler.java:68)\n\tat io.netty.channel.AbstractChannelHandlerContext.invokeChannelRead(AbstractChannelHandlerContext.java:366)\n\tat io.netty.channel.AbstractChannelHandlerContext.invokeChannelRead(AbstractChannelHandlerContext.java:352)\n\tat io.netty.chann...
[debug] &amp#27;[35m[W3C]&amp#27;[39m Matched W3C error code 'no such element' to NoSuchElementError
[debug] &amp#27;[35m[BaseDriver]&amp#27;[39m Waited for 7471 ms so far
[debug] &amp#27;[35m[WD Proxy]&amp#27;[39m Matched '/element' to command name 'findElement'
[debug] &amp#27;[35m[WD Proxy]&amp#27;[39m Proxying [POST /element] to [POST http://127.0.0.1:8200/wd/hub/session/0e786dee-078d-46b9-920d-56472648766d/element] with body: {"strategy":"id","selector":"com.colt.coltengineering:id/img_next","context":"","multiple":false}
&amp#27;[35m[WD Proxy]&amp#27;[39m Got response with status 404: {"sessionId":"0e786dee-078d-46b9-920d-56472648766d","value":{"error":"no such element","message":"An element could not be located on the page using the given search parameters","stacktrace":"io.appium.uiautomator2.common.exceptions.ElementNotFoundException: An element could not be located on the page using the given search parameters\n\tat io.appium.uiautomator2.handler.FindElement.safeHandle(FindElement.java:73)\n\tat io.appium.uiautomator2.handler.request.SafeRequestHandler.handle(SafeRequestHandler.java:41)\n\tat io.appium.uiautomator2.server.AppiumServlet.handleRequest(AppiumServlet.java:253)\n\tat io.appium.uiautomator2.server.AppiumServlet.handleHttpRequest(AppiumServlet.java:247)\n\tat io.appium.uiautomator2.http.ServerHandler.channelRead(ServerHandler.java:68)\n\tat io.netty.channel.AbstractChannelHandlerContext.invokeChannelRead(AbstractChannelHandlerContext.java:366)\n\tat io.netty.channel.AbstractChannelHandlerContext.invokeChannelRead(AbstractChannelHandlerContext.java:352)\n\tat io.netty.chann...
[debug] &amp#27;[35m[W3C]&amp#27;[39m Matched W3C error code 'no such element' to NoSuchElementError
[debug] &amp#27;[35m[BaseDriver]&amp#27;[39m Waited for 8006 ms so far
[debug] &amp#27;[35m[WD Proxy]&amp#27;[39m Matched '/element' to command name 'findElement'
[debug] &amp#27;[35m[WD Proxy]&amp#27;[39m Proxying [POST /element] to [POST http://127.0.0.1:8200/wd/hub/session/0e786dee-078d-46b9-920d-56472648766d/element] with body: {"strategy":"id","selector":"com.colt.coltengineering:id/img_next","context":"","multiple":false}
&amp#27;[35m[WD Proxy]&amp#27;[39m Got response with status 404: {"sessionId":"0e786dee-078d-46b9-920d-56472648766d","value":{"error":"no such element","message":"An element could not be located on the page using the given search parameters","stacktrace":"io.appium.uiautomator2.common.exceptions.ElementNotFoundException: An element could not be located on the page using the given search parameters\n\tat io.appium.uiautomator2.handler.FindElement.safeHandle(FindElement.java:73)\n\tat io.appium.uiautomator2.handler.request.SafeRequestHandler.handle(SafeRequestHandler.java:41)\n\tat io.appium.uiautomator2.server.AppiumServlet.handleRequest(AppiumServlet.java:253)\n\tat io.appium.uiautomator2.server.AppiumServlet.handleHttpRequest(AppiumServlet.java:247)\n\tat io.appium.uiautomator2.http.ServerHandler.channelRead(ServerHandler.java:68)\n\tat io.netty.channel.AbstractChannelHandlerContext.invokeChannelRead(AbstractChannelHandlerContext.java:366)\n\tat io.netty.channel.AbstractChannelHandlerContext.invokeChannelRead(AbstractChannelHandlerContext.java:352)\n\tat io.netty.chann...
[debug] &amp#27;[35m[W3C]&amp#27;[39m Matched W3C error code 'no such element' to NoSuchElementError
[debug] &amp#27;[35m[BaseDriver]&amp#27;[39m Waited for 8548 ms so far
[debug] &amp#27;[35m[WD Proxy]&amp#27;[39m Matched '/element' to command name 'findElement'
[debug] &amp#27;[35m[WD Proxy]&amp#27;[39m Proxying [POST /element] to [POST http://127.0.0.1:8200/wd/hub/session/0e786dee-078d-46b9-920d-56472648766d/element] with body: {"strategy":"id","selector":"com.colt.coltengineering:id/img_next","context":"","multiple":false}
&amp#27;[35m[WD Proxy]&amp#27;[39m Got response with status 404: {"sessionId":"0e786dee-078d-46b9-920d-56472648766d","value":{"error":"no such element","message":"An element could not be located on the page using the given search parameters","stacktrace":"io.appium.uiautomator2.common.exceptions.ElementNotFoundException: An element could not be located on the page using the given search parameters\n\tat io.appium.uiautomator2.handler.FindElement.safeHandle(FindElement.java:73)\n\tat io.appium.uiautomator2.handler.request.SafeRequestHandler.handle(SafeRequestHandler.java:41)\n\tat io.appium.uiautomator2.server.AppiumServlet.handleRequest(AppiumServlet.java:253)\n\tat io.appium.uiautomator2.server.AppiumServlet.handleHttpRequest(AppiumServlet.java:247)\n\tat io.appium.uiautomator2.http.ServerHandler.channelRead(ServerHandler.java:68)\n\tat io.netty.channel.AbstractChannelHandlerContext.invokeChannelRead(AbstractChannelHandlerContext.java:366)\n\tat io.netty.channel.AbstractChannelHandlerContext.invokeChannelRead(AbstractChannelHandlerContext.java:352)\n\tat io.netty.chann...
[debug] &amp#27;[35m[W3C]&amp#27;[39m Matched W3C error code 'no such element' to NoSuchElementError
[debug] &amp#27;[35m[BaseDriver]&amp#27;[39m Waited for 9079 ms so far
[debug] &amp#27;[35m[WD Proxy]&amp#27;[39m Matched '/element' to command name 'findElement'
[debug] &amp#27;[35m[WD Proxy]&amp#27;[39m Proxying [POST /element] to [POST http://127.0.0.1:8200/wd/hub/session/0e786dee-078d-46b9-920d-56472648766d/element] with body: {"strategy":"id","selector":"com.colt.coltengineering:id/img_next","context":"","multiple":false}
&amp#27;[35m[WD Proxy]&amp#27;[39m Got response with status 404: {"sessionId":"0e786dee-078d-46b9-920d-56472648766d","value":{"error":"no such element","message":"An element could not be located on the page using the given search parameters","stacktrace":"io.appium.uiautomator2.common.exceptions.ElementNotFoundException: An element could not be located on the page using the given search parameters\n\tat io.appium.uiautomator2.handler.FindElement.safeHandle(FindElement.java:73)\n\tat io.appium.uiautomator2.handler.request.SafeRequestHandler.handle(SafeRequestHandler.java:41)\n\tat io.appium.uiautomator2.server.AppiumServlet.handleRequest(AppiumServlet.java:253)\n\tat io.appium.uiautomator2.server.AppiumServlet.handleHttpRequest(AppiumServlet.java:247)\n\tat io.appium.uiautomator2.http.ServerHandler.channelRead(ServerHandler.java:68)\n\tat io.netty.channel.AbstractChannelHandlerContext.invokeChannelRead(AbstractChannelHandlerContext.java:366)\n\tat io.netty.channel.AbstractChannelHandlerContext.invokeChannelRead(AbstractChannelHandlerContext.java:352)\n\tat io.netty.chann...
[debug] &amp#27;[35m[W3C]&amp#27;[39m Matched W3C error code 'no such element' to NoSuchElementError
[debug] &amp#27;[35m[BaseDriver]&amp#27;[39m Waited for 9611 ms so far
[debug] &amp#27;[35m[WD Proxy]&amp#27;[39m Matched '/element' to command name 'findElement'
[debug] &amp#27;[35m[WD Proxy]&amp#27;[39m Proxying [POST /element] to [POST http://127.0.0.1:8200/wd/hub/session/0e786dee-078d-46b9-920d-56472648766d/element] with body: {"strategy":"id","selector":"com.colt.coltengineering:id/img_next","context":"","multiple":false}
&amp#27;[35m[WD Proxy]&amp#27;[39m Got response with status 404: {"sessionId":"0e786dee-078d-46b9-920d-56472648766d","value":{"error":"no such element","message":"An element could not be located on the page using the given search parameters","stacktrace":"io.appium.uiautomator2.common.exceptions.ElementNotFoundException: An element could not be located on the page using the given search parameters\n\tat io.appium.uiautomator2.handler.FindElement.safeHandle(FindElement.java:73)\n\tat io.appium.uiautomator2.handler.request.SafeRequestHandler.handle(SafeRequestHandler.java:41)\n\tat io.appium.uiautomator2.server.AppiumServlet.handleRequest(AppiumServlet.java:253)\n\tat io.appium.uiautomator2.server.AppiumServlet.handleHttpRequest(AppiumServlet.java:247)\n\tat io.appium.uiautomator2.http.ServerHandler.channelRead(ServerHandler.java:68)\n\tat io.netty.channel.AbstractChannelHandlerContext.invokeChannelRead(AbstractChannelHandlerContext.java:366)\n\tat io.netty.channel.AbstractChannelHandlerContext.invokeChannelRead(AbstractChannelHandlerContext.java:352)\n\tat io.netty.chann...
[debug] &amp#27;[35m[W3C]&amp#27;[39m Matched W3C error code 'no such element' to NoSuchElementError
[debug] &amp#27;[35m[BaseDriver]&amp#27;[39m Waited for 10155 ms so far
[debug] &amp#27;[35m[WD Proxy]&amp#27;[39m Matched '/element' to command name 'findElement'
[debug] &amp#27;[35m[WD Proxy]&amp#27;[39m Proxying [POST /element] to [POST http://127.0.0.1:8200/wd/hub/session/0e786dee-078d-46b9-920d-56472648766d/element] with body: {"strategy":"id","selector":"com.colt.coltengineering:id/img_next","context":"","multiple":false}
&amp#27;[35m[WD Proxy]&amp#27;[39m Got response with status 404: {"sessionId":"0e786dee-078d-46b9-920d-56472648766d","value":{"error":"no such element","message":"An element could not be located on the page using the given search parameters","stacktrace":"io.appium.uiautomator2.common.exceptions.ElementNotFoundException: An element could not be located on the page using the given search parameters\n\tat io.appium.uiautomator2.handler.FindElement.safeHandle(FindElement.java:73)\n\tat io.appium.uiautomator2.handler.request.SafeRequestHandler.handle(SafeRequestHandler.java:41)\n\tat io.appium.uiautomator2.server.AppiumServlet.handleRequest(AppiumServlet.java:253)\n\tat io.appium.uiautomator2.server.AppiumServlet.handleHttpRequest(AppiumServlet.java:247)\n\tat io.appium.uiautomator2.http.ServerHandler.channelRead(ServerHandler.java:68)\n\tat io.netty.channel.AbstractChannelHandlerContext.invokeChannelRead(AbstractChannelHandlerContext.java:366)\n\tat io.netty.channel.AbstractChannelHandlerContext.invokeChannelRead(AbstractChannelHandlerContext.java:352)\n\tat io.netty.chann...
[debug] &amp#27;[35m[W3C]&amp#27;[39m Matched W3C error code 'no such element' to NoSuchElementError
[debug] &amp#27;[35m[BaseDriver]&amp#27;[39m Waited for 10697 ms so far
[debug] &amp#27;[35m[WD Proxy]&amp#27;[39m Matched '/element' to command name 'findElement'
[debug] &amp#27;[35m[WD Proxy]&amp#27;[39m Proxying [POST /element] to [POST http://127.0.0.1:8200/wd/hub/session/0e786dee-078d-46b9-920d-56472648766d/element] with body: {"strategy":"id","selector":"com.colt.coltengineering:id/img_next","context":"","multiple":false}
&amp#27;[35m[WD Proxy]&amp#27;[39m Got response with status 404: {"sessionId":"0e786dee-078d-46b9-920d-56472648766d","value":{"error":"no such element","message":"An element could not be located on the page using the given search parameters","stacktrace":"io.appium.uiautomator2.common.exceptions.ElementNotFoundException: An element could not be located on the page using the given search parameters\n\tat io.appium.uiautomator2.handler.FindElement.safeHandle(FindElement.java:73)\n\tat io.appium.uiautomator2.handler.request.SafeRequestHandler.handle(SafeRequestHandler.java:41)\n\tat io.appium.uiautomator2.server.AppiumServlet.handleRequest(AppiumServlet.java:253)\n\tat io.appium.uiautomator2.server.AppiumServlet.handleHttpRequest(AppiumServlet.java:247)\n\tat io.appium.uiautomator2.http.ServerHandler.channelRead(ServerHandler.java:68)\n\tat io.netty.channel.AbstractChannelHandlerContext.invokeChannelRead(AbstractChannelHandlerContext.java:366)\n\tat io.netty.channel.AbstractChannelHandlerContext.invokeChannelRead(AbstractChannelHandlerContext.java:352)\n\tat io.netty.chann...
[debug] &amp#27;[35m[W3C]&amp#27;[39m Matched W3C error code 'no such element' to NoSuchElementError
[debug] &amp#27;[35m[BaseDriver]&amp#27;[39m Waited for 11226 ms so far
[debug] &amp#27;[35m[WD Proxy]&amp#27;[39m Matched '/element' to command name 'findElement'
[debug] &amp#27;[35m[WD Proxy]&amp#27;[39m Proxying [POST /element] to [POST http://127.0.0.1:8200/wd/hub/session/0e786dee-078d-46b9-920d-56472648766d/element] with body: {"strategy":"id","selector":"com.colt.coltengineering:id/img_next","context":"","multiple":false}
&amp#27;[35m[WD Proxy]&amp#27;[39m Got response with status 404: {"sessionId":"0e786dee-078d-46b9-920d-56472648766d","value":{"error":"no such element","message":"An element could not be located on the page using the given search parameters","stacktrace":"io.appium.uiautomator2.common.exceptions.ElementNotFoundException: An element could not be located on the page using the given search parameters\n\tat io.appium.uiautomator2.handler.FindElement.safeHandle(FindElement.java:73)\n\tat io.appium.uiautomator2.handler.request.SafeRequestHandler.handle(SafeRequestHandler.java:41)\n\tat io.appium.uiautomator2.server.AppiumServlet.handleRequest(AppiumServlet.java:253)\n\tat io.appium.uiautomator2.server.AppiumServlet.handleHttpRequest(AppiumServlet.java:247)\n\tat io.appium.uiautomator2.http.ServerHandler.channelRead(ServerHandler.java:68)\n\tat io.netty.channel.AbstractChannelHandlerContext.invokeChannelRead(AbstractChannelHandlerContext.java:366)\n\tat io.netty.channel.AbstractChannelHandlerContext.invokeChannelRead(AbstractChannelHandlerContext.java:352)\n\tat io.netty.chann...
[debug] &amp#27;[35m[W3C]&amp#27;[39m Matched W3C error code 'no such element' to NoSuchElementError
[debug] &amp#27;[35m[BaseDriver]&amp#27;[39m Waited for 11754 ms so far
[debug] &amp#27;[35m[WD Proxy]&amp#27;[39m Matched '/element' to command name 'findElement'
[debug] &amp#27;[35m[WD Proxy]&amp#27;[39m Proxying [POST /element] to [POST http://127.0.0.1:8200/wd/hub/session/0e786dee-078d-46b9-920d-56472648766d/element] with body: {"strategy":"id","selector":"com.colt.coltengineering:id/img_next","context":"","multiple":false}
&amp#27;[35m[WD Proxy]&amp#27;[39m Got response with status 404: {"sessionId":"0e786dee-078d-46b9-920d-56472648766d","value":{"error":"no such element","message":"An element could not be located on the page using the given search parameters","stacktrace":"io.appium.uiautomator2.common.exceptions.ElementNotFoundException: An element could not be located on the page using the given search parameters\n\tat io.appium.uiautomator2.handler.FindElement.safeHandle(FindElement.java:73)\n\tat io.appium.uiautomator2.handler.request.SafeRequestHandler.handle(SafeRequestHandler.java:41)\n\tat io.appium.uiautomator2.server.AppiumServlet.handleRequest(AppiumServlet.java:253)\n\tat io.appium.uiautomator2.server.AppiumServlet.handleHttpRequest(AppiumServlet.java:247)\n\tat io.appium.uiautomator2.http.ServerHandler.channelRead(ServerHandler.java:68)\n\tat io.netty.channel.AbstractChannelHandlerContext.invokeChannelRead(AbstractChannelHandlerContext.java:366)\n\tat io.netty.channel.AbstractChannelHandlerContext.invokeChannelRead(AbstractChannelHandlerContext.java:352)\n\tat io.netty.chann...
[debug] &amp#27;[35m[W3C]&amp#27;[39m Matched W3C error code 'no such element' to NoSuchElementError
[debug] &amp#27;[35m[BaseDriver]&amp#27;[39m Waited for 12289 ms so far
[debug] &amp#27;[35m[WD Proxy]&amp#27;[39m Matched '/element' to command name 'findElement'
[debug] &amp#27;[35m[WD Proxy]&amp#27;[39m Proxying [POST /element] to [POST http://127.0.0.1:8200/wd/hub/session/0e786dee-078d-46b9-920d-56472648766d/element] with body: {"strategy":"id","selector":"com.colt.coltengineering:id/img_next","context":"","multiple":false}
&amp#27;[35m[WD Proxy]&amp#27;[39m Got response with status 404: {"sessionId":"0e786dee-078d-46b9-920d-56472648766d","value":{"error":"no such element","message":"An element could not be located on the page using the given search parameters","stacktrace":"io.appium.uiautomator2.common.exceptions.ElementNotFoundException: An element could not be located on the page using the given search parameters\n\tat io.appium.uiautomator2.handler.FindElement.safeHandle(FindElement.java:73)\n\tat io.appium.uiautomator2.handler.request.SafeRequestHandler.handle(SafeRequestHandler.java:41)\n\tat io.appium.uiautomator2.server.AppiumServlet.handleRequest(AppiumServlet.java:253)\n\tat io.appium.uiautomator2.server.AppiumServlet.handleHttpRequest(AppiumServlet.java:247)\n\tat io.appium.uiautomator2.http.ServerHandler.channelRead(ServerHandler.java:68)\n\tat io.netty.channel.AbstractChannelHandlerContext.invokeChannelRead(AbstractChannelHandlerContext.java:366)\n\tat io.netty.channel.AbstractChannelHandlerContext.invokeChannelRead(AbstractChannelHandlerContext.java:352)\n\tat io.netty.chann...
[debug] &amp#27;[35m[W3C]&amp#27;[39m Matched W3C error code 'no such element' to NoSuchElementError
[debug] &amp#27;[35m[BaseDriver]&amp#27;[39m Waited for 12826 ms so far
[debug] &amp#27;[35m[WD Proxy]&amp#27;[39m Matched '/element' to command name 'findElement'
[debug] &amp#27;[35m[WD Proxy]&amp#27;[39m Proxying [POST /element] to [POST http://127.0.0.1:8200/wd/hub/session/0e786dee-078d-46b9-920d-56472648766d/element] with body: {"strategy":"id","selector":"com.colt.coltengineering:id/img_next","context":"","multiple":false}
&amp#27;[35m[WD Proxy]&amp#27;[39m Got response with status 404: {"sessionId":"0e786dee-078d-46b9-920d-56472648766d","value":{"error":"no such element","message":"An element could not be located on the page using the given search parameters","stacktrace":"io.appium.uiautomator2.common.exceptions.ElementNotFoundException: An element could not be located on the page using the given search parameters\n\tat io.appium.uiautomator2.handler.FindElement.safeHandle(FindElement.java:73)\n\tat io.appium.uiautomator2.handler.request.SafeRequestHandler.handle(SafeRequestHandler.java:41)\n\tat io.appium.uiautomator2.server.AppiumServlet.handleRequest(AppiumServlet.java:253)\n\tat io.appium.uiautomator2.server.AppiumServlet.handleHttpRequest(AppiumServlet.java:247)\n\tat io.appium.uiautomator2.http.ServerHandler.channelRead(ServerHandler.java:68)\n\tat io.netty.channel.AbstractChannelHandlerContext.invokeChannelRead(AbstractChannelHandlerContext.java:366)\n\tat io.netty.channel.AbstractChannelHandlerContext.invokeChannelRead(AbstractChannelHandlerContext.java:352)\n\tat io.netty.chann...
[debug] &amp#27;[35m[W3C]&amp#27;[39m Matched W3C error code 'no such element' to NoSuchElementError
[debug] &amp#27;[35m[BaseDriver]&amp#27;[39m Waited for 13358 ms so far
[debug] &amp#27;[35m[WD Proxy]&amp#27;[39m Matched '/element' to command name 'findElement'
[debug] &amp#27;[35m[WD Proxy]&amp#27;[39m Proxying [POST /element] to [POST http://127.0.0.1:8200/wd/hub/session/0e786dee-078d-46b9-920d-56472648766d/element] with body: {"strategy":"id","selector":"com.colt.coltengineering:id/img_next","context":"","multiple":false}
&amp#27;[35m[WD Proxy]&amp#27;[39m Got response with status 404: {"sessionId":"0e786dee-078d-46b9-920d-56472648766d","value":{"error":"no such element","message":"An element could not be located on the page using the given search parameters","stacktrace":"io.appium.uiautomator2.common.exceptions.ElementNotFoundException: An element could not be located on the page using the given search parameters\n\tat io.appium.uiautomator2.handler.FindElement.safeHandle(FindElement.java:73)\n\tat io.appium.uiautomator2.handler.request.SafeRequestHandler.handle(SafeRequestHandler.java:41)\n\tat io.appium.uiautomator2.server.AppiumServlet.handleRequest(AppiumServlet.java:253)\n\tat io.appium.uiautomator2.server.AppiumServlet.handleHttpRequest(AppiumServlet.java:247)\n\tat io.appium.uiautomator2.http.ServerHandler.channelRead(ServerHandler.java:68)\n\tat io.netty.channel.AbstractChannelHandlerContext.invokeChannelRead(AbstractChannelHandlerContext.java:366)\n\tat io.netty.channel.AbstractChannelHandlerContext.invokeChannelRead(AbstractChannelHandlerContext.java:352)\n\tat io.netty.chann...
[debug] &amp#27;[35m[W3C]&amp#27;[39m Matched W3C error code 'no such element' to NoSuchElementError
[debug] &amp#27;[35m[BaseDriver]&amp#27;[39m Waited for 13880 ms so far
[debug] &amp#27;[35m[WD Proxy]&amp#27;[39m Matched '/element' to command name 'findElement'
[debug] &amp#27;[35m[WD Proxy]&amp#27;[39m Proxying [POST /element] to [POST http://127.0.0.1:8200/wd/hub/session/0e786dee-078d-46b9-920d-56472648766d/element] with body: {"strategy":"id","selector":"com.colt.coltengineering:id/img_next","context":"","multiple":false}
&amp#27;[35m[WD Proxy]&amp#27;[39m Got response with status 404: {"sessionId":"0e786dee-078d-46b9-920d-56472648766d","value":{"error":"no such element","message":"An element could not be located on the page using the given search parameters","stacktrace":"io.appium.uiautomator2.common.exceptions.ElementNotFoundException: An element could not be located on the page using the given search parameters\n\tat io.appium.uiautomator2.handler.FindElement.safeHandle(FindElement.java:73)\n\tat io.appium.uiautomator2.handler.request.SafeRequestHandler.handle(SafeRequestHandler.java:41)\n\tat io.appium.uiautomator2.server.AppiumServlet.handleRequest(AppiumServlet.java:253)\n\tat io.appium.uiautomator2.server.AppiumServlet.handleHttpRequest(AppiumServlet.java:247)\n\tat io.appium.uiautomator2.http.ServerHandler.channelRead(ServerHandler.java:68)\n\tat io.netty.channel.AbstractChannelHandlerContext.invokeChannelRead(AbstractChannelHandlerContext.java:366)\n\tat io.netty.channel.AbstractChannelHandlerContext.invokeChannelRead(AbstractChannelHandlerContext.java:352)\n\tat io.netty.chann...
[debug] &amp#27;[35m[W3C]&amp#27;[39m Matched W3C error code 'no such element' to NoSuchElementError
[debug] &amp#27;[35m[BaseDriver]&amp#27;[39m Waited for 14401 ms so far
[debug] &amp#27;[35m[WD Proxy]&amp#27;[39m Matched '/element' to command name 'findElement'
[debug] &amp#27;[35m[WD Proxy]&amp#27;[39m Proxying [POST /element] to [POST http://127.0.0.1:8200/wd/hub/session/0e786dee-078d-46b9-920d-56472648766d/element] with body: {"strategy":"id","selector":"com.colt.coltengineering:id/img_next","context":"","multiple":false}
&amp#27;[35m[WD Proxy]&amp#27;[39m Got response with status 404: {"sessionId":"0e786dee-078d-46b9-920d-56472648766d","value":{"error":"no such element","message":"An element could not be located on the page using the given search parameters","stacktrace":"io.appium.uiautomator2.common.exceptions.ElementNotFoundException: An element could not be located on the page using the given search parameters\n\tat io.appium.uiautomator2.handler.FindElement.safeHandle(FindElement.java:73)\n\tat io.appium.uiautomator2.handler.request.SafeRequestHandler.handle(SafeRequestHandler.java:41)\n\tat io.appium.uiautomator2.server.AppiumServlet.handleRequest(AppiumServlet.java:253)\n\tat io.appium.uiautomator2.server.AppiumServlet.handleHttpRequest(AppiumServlet.java:247)\n\tat io.appium.uiautomator2.http.ServerHandler.channelRead(ServerHandler.java:68)\n\tat io.netty.channel.AbstractChannelHandlerContext.invokeChannelRead(AbstractChannelHandlerContext.java:366)\n\tat io.netty.channel.AbstractChannelHandlerContext.invokeChannelRead(AbstractChannelHandlerContext.java:352)\n\tat io.netty.chann...
[debug] &amp#27;[35m[W3C]&amp#27;[39m Matched W3C error code 'no such element' to NoSuchElementError
[debug] &amp#27;[35m[BaseDriver]&amp#27;[39m Waited for 14923 ms so far
[debug] &amp#27;[35m[WD Proxy]&amp#27;[39m Matched '/element' to command name 'findElement'
[debug] &amp#27;[35m[WD Proxy]&amp#27;[39m Proxying [POST /element] to [POST http://127.0.0.1:8200/wd/hub/session/0e786dee-078d-46b9-920d-56472648766d/element] with body: {"strategy":"id","selector":"com.colt.coltengineering:id/img_next","context":"","multiple":false}
&amp#27;[35m[WD Proxy]&amp#27;[39m Got response with status 404: {"sessionId":"0e786dee-078d-46b9-920d-56472648766d","value":{"error":"no such element","message":"An element could not be located on the page using the given search parameters","stacktrace":"io.appium.uiautomator2.common.exceptions.ElementNotFoundException: An element could not be located on the page using the given search parameters\n\tat io.appium.uiautomator2.handler.FindElement.safeHandle(FindElement.java:73)\n\tat io.appium.uiautomator2.handler.request.SafeRequestHandler.handle(SafeRequestHandler.java:41)\n\tat io.appium.uiautomator2.server.AppiumServlet.handleRequest(AppiumServlet.java:253)\n\tat io.appium.uiautomator2.server.AppiumServlet.handleHttpRequest(AppiumServlet.java:247)\n\tat io.appium.uiautomator2.http.ServerHandler.channelRead(ServerHandler.java:68)\n\tat io.netty.channel.AbstractChannelHandlerContext.invokeChannelRead(AbstractChannelHandlerContext.java:366)\n\tat io.netty.channel.AbstractChannelHandlerContext.invokeChannelRead(AbstractChannelHandlerContext.java:352)\n\tat io.netty.chann...
[debug] &amp#27;[35m[W3C]&amp#27;[39m Matched W3C error code 'no such element' to NoSuchElementError
[debug] &amp#27;[35m[BaseDriver]&amp#27;[39m Waited for 15467 ms so far
[debug] &amp#27;[35m[WD Proxy]&amp#27;[39m Matched '/element' to command name 'findElement'
[debug] &amp#27;[35m[WD Proxy]&amp#27;[39m Proxying [POST /element] to [POST http://127.0.0.1:8200/wd/hub/session/0e786dee-078d-46b9-920d-56472648766d/element] with body: {"strategy":"id","selector":"com.colt.coltengineering:id/img_next","context":"","multiple":false}
&amp#27;[35m[WD Proxy]&amp#27;[39m Got response with status 404: {"sessionId":"0e786dee-078d-46b9-920d-56472648766d","value":{"error":"no such element","message":"An element could not be located on the page using the given search parameters","stacktrace":"io.appium.uiautomator2.common.exceptions.ElementNotFoundException: An element could not be located on the page using the given search parameters\n\tat io.appium.uiautomator2.handler.FindElement.safeHandle(FindElement.java:73)\n\tat io.appium.uiautomator2.handler.request.SafeRequestHandler.handle(SafeRequestHandler.java:41)\n\tat io.appium.uiautomator2.server.AppiumServlet.handleRequest(AppiumServlet.java:253)\n\tat io.appium.uiautomator2.server.AppiumServlet.handleHttpRequest(AppiumServlet.java:247)\n\tat io.appium.uiautomator2.http.ServerHandler.channelRead(ServerHandler.java:68)\n\tat io.netty.channel.AbstractChannelHandlerContext.invokeChannelRead(AbstractChannelHandlerContext.java:366)\n\tat io.netty.channel.AbstractChannelHandlerContext.invokeChannelRead(AbstractChannelHandlerContext.java:352)\n\tat io.netty.chann...
[debug] &amp#27;[35m[W3C]&amp#27;[39m Matched W3C error code 'no such element' to NoSuchElementError
[debug] &amp#27;[35m[BaseDriver]&amp#27;[39m Waited for 15992 ms so far
[debug] &amp#27;[35m[WD Proxy]&amp#27;[39m Matched '/element' to command name 'findElement'
[debug] &amp#27;[35m[WD Proxy]&amp#27;[39m Proxying [POST /element] to [POST http://127.0.0.1:8200/wd/hub/session/0e786dee-078d-46b9-920d-56472648766d/element] with body: {"strategy":"id","selector":"com.colt.coltengineering:id/img_next","context":"","multiple":false}
&amp#27;[35m[WD Proxy]&amp#27;[39m Got response with status 404: {"sessionId":"0e786dee-078d-46b9-920d-56472648766d","value":{"error":"no such element","message":"An element could not be located on the page using the given search parameters","stacktrace":"io.appium.uiautomator2.common.exceptions.ElementNotFoundException: An element could not be located on the page using the given search parameters\n\tat io.appium.uiautomator2.handler.FindElement.safeHandle(FindElement.java:73)\n\tat io.appium.uiautomator2.handler.request.SafeRequestHandler.handle(SafeRequestHandler.java:41)\n\tat io.appium.uiautomator2.server.AppiumServlet.handleRequest(AppiumServlet.java:253)\n\tat io.appium.uiautomator2.server.AppiumServlet.handleHttpRequest(AppiumServlet.java:247)\n\tat io.appium.uiautomator2.http.ServerHandler.channelRead(ServerHandler.java:68)\n\tat io.netty.channel.AbstractChannelHandlerContext.invokeChannelRead(AbstractChannelHandlerContext.java:366)\n\tat io.netty.channel.AbstractChannelHandlerContext.invokeChannelRead(AbstractChannelHandlerContext.java:352)\n\tat io.netty.chann...
[debug] &amp#27;[35m[W3C]&amp#27;[39m Matched W3C error code 'no such element' to NoSuchElementError
[debug] &amp#27;[35m[BaseDriver]&amp#27;[39m Waited for 16522 ms so far
[debug] &amp#27;[35m[WD Proxy]&amp#27;[39m Matched '/element' to command name 'findElement'
[debug] &amp#27;[35m[WD Proxy]&amp#27;[39m Proxying [POST /element] to [POST http://127.0.0.1:8200/wd/hub/session/0e786dee-078d-46b9-920d-56472648766d/element] with body: {"strategy":"id","selector":"com.colt.coltengineering:id/img_next","context":"","multiple":false}
&amp#27;[35m[WD Proxy]&amp#27;[39m Got response with status 404: {"sessionId":"0e786dee-078d-46b9-920d-56472648766d","value":{"error":"no such element","message":"An element could not be located on the page using the given search parameters","stacktrace":"io.appium.uiautomator2.common.exceptions.ElementNotFoundException: An element could not be located on the page using the given search parameters\n\tat io.appium.uiautomator2.handler.FindElement.safeHandle(FindElement.java:73)\n\tat io.appium.uiautomator2.handler.request.SafeRequestHandler.handle(SafeRequestHandler.java:41)\n\tat io.appium.uiautomator2.server.AppiumServlet.handleRequest(AppiumServlet.java:253)\n\tat io.appium.uiautomator2.server.AppiumServlet.handleHttpRequest(AppiumServlet.java:247)\n\tat io.appium.uiautomator2.http.ServerHandler.channelRead(ServerHandler.java:68)\n\tat io.netty.channel.AbstractChannelHandlerContext.invokeChannelRead(AbstractChannelHandlerContext.java:366)\n\tat io.netty.channel.AbstractChannelHandlerContext.invokeChannelRead(AbstractChannelHandlerContext.java:352)\n\tat io.netty.chann...
[debug] &amp#27;[35m[W3C]&amp#27;[39m Matched W3C error code 'no such element' to NoSuchElementError
[debug] &amp#27;[35m[BaseDriver]&amp#27;[39m Waited for 17558 ms so far
[debug] &amp#27;[35m[WD Proxy]&amp#27;[39m Matched '/element' to command name 'findElement'
[debug] &amp#27;[35m[WD Proxy]&amp#27;[39m Proxying [POST /element] to [POST http://127.0.0.1:8200/wd/hub/session/0e786dee-078d-46b9-920d-56472648766d/element] with body: {"strategy":"id","selector":"com.colt.coltengineering:id/img_next","context":"","multiple":false}
&amp#27;[35m[WD Proxy]&amp#27;[39m Got response with status 404: {"sessionId":"0e786dee-078d-46b9-920d-56472648766d","value":{"error":"no such element","message":"An element could not be located on the page using the given search parameters","stacktrace":"io.appium.uiautomator2.common.exceptions.ElementNotFoundException: An element could not be located on the page using the given search parameters\n\tat io.appium.uiautomator2.handler.FindElement.safeHandle(FindElement.java:73)\n\tat io.appium.uiautomator2.handler.request.SafeRequestHandler.handle(SafeRequestHandler.java:41)\n\tat io.appium.uiautomator2.server.AppiumServlet.handleRequest(AppiumServlet.java:253)\n\tat io.appium.uiautomator2.server.AppiumServlet.handleHttpRequest(AppiumServlet.java:247)\n\tat io.appium.uiautomator2.http.ServerHandler.channelRead(ServerHandler.java:68)\n\tat io.netty.channel.AbstractChannelHandlerContext.invokeChannelRead(AbstractChannelHandlerContext.java:366)\n\tat io.netty.channel.AbstractChannelHandlerContext.invokeChannelRead(AbstractChannelHandlerContext.java:352)\n\tat io.netty.chann...
[debug] &amp#27;[35m[W3C]&amp#27;[39m Matched W3C error code 'no such element' to NoSuchElementError
[debug] &amp#27;[35m[BaseDriver]&amp#27;[39m Waited for 18076 ms so far
[debug] &amp#27;[35m[WD Proxy]&amp#27;[39m Matched '/element' to command name 'findElement'
[debug] &amp#27;[35m[WD Proxy]&amp#27;[39m Proxying [POST /element] to [POST http://127.0.0.1:8200/wd/hub/session/0e786dee-078d-46b9-920d-56472648766d/element] with body: {"strategy":"id","selector":"com.colt.coltengineering:id/img_next","context":"","multiple":false}
&amp#27;[35m[WD Proxy]&amp#27;[39m Got response with status 404: {"sessionId":"0e786dee-078d-46b9-920d-56472648766d","value":{"error":"no such element","message":"An element could not be located on the page using the given search parameters","stacktrace":"io.appium.uiautomator2.common.exceptions.ElementNotFoundException: An element could not be located on the page using the given search parameters\n\tat io.appium.uiautomator2.handler.FindElement.safeHandle(FindElement.java:73)\n\tat io.appium.uiautomator2.handler.request.SafeRequestHandler.handle(SafeRequestHandler.java:41)\n\tat io.appium.uiautomator2.server.AppiumServlet.handleRequest(AppiumServlet.java:253)\n\tat io.appium.uiautomator2.server.AppiumServlet.handleHttpRequest(AppiumServlet.java:247)\n\tat io.appium.uiautomator2.http.ServerHandler.channelRead(ServerHandler.java:68)\n\tat io.netty.channel.AbstractChannelHandlerContext.invokeChannelRead(AbstractChannelHandlerContext.java:366)\n\tat io.netty.channel.AbstractChannelHandlerContext.invokeChannelRead(AbstractChannelHandlerContext.java:352)\n\tat io.netty.chann...
[debug] &amp#27;[35m[W3C]&amp#27;[39m Matched W3C error code 'no such element' to NoSuchElementError
[debug] &amp#27;[35m[BaseDriver]&amp#27;[39m Waited for 18608 ms so far
[debug] &amp#27;[35m[WD Proxy]&amp#27;[39m Matched '/element' to command name 'findElement'
[debug] &amp#27;[35m[WD Proxy]&amp#27;[39m Proxying [POST /element] to [POST http://127.0.0.1:8200/wd/hub/session/0e786dee-078d-46b9-920d-56472648766d/element] with body: {"strategy":"id","selector":"com.colt.coltengineering:id/img_next","context":"","multiple":false}
&amp#27;[35m[WD Proxy]&amp#27;[39m Got response with status 404: {"sessionId":"0e786dee-078d-46b9-920d-56472648766d","value":{"error":"no such element","message":"An element could not be located on the page using the given search parameters","stacktrace":"io.appium.uiautomator2.common.exceptions.ElementNotFoundException: An element could not be located on the page using the given search parameters\n\tat io.appium.uiautomator2.handler.FindElement.safeHandle(FindElement.java:73)\n\tat io.appium.uiautomator2.handler.request.SafeRequestHandler.handle(SafeRequestHandler.java:41)\n\tat io.appium.uiautomator2.server.AppiumServlet.handleRequest(AppiumServlet.java:253)\n\tat io.appium.uiautomator2.server.AppiumServlet.handleHttpRequest(AppiumServlet.java:247)\n\tat io.appium.uiautomator2.http.ServerHandler.channelRead(ServerHandler.java:68)\n\tat io.netty.channel.AbstractChannelHandlerContext.invokeChannelRead(AbstractChannelHandlerContext.java:366)\n\tat io.netty.channel.AbstractChannelHandlerContext.invokeChannelRead(AbstractChannelHandlerContext.java:352)\n\tat io.netty.chann...
[debug] &amp#27;[35m[W3C]&amp#27;[39m Matched W3C error code 'no such element' to NoSuchElementError
[debug] &amp#27;[35m[BaseDriver]&amp#27;[39m Waited for 19136 ms so far
[debug] &amp#27;[35m[WD Proxy]&amp#27;[39m Matched '/element' to command name 'findElement'
[debug] &amp#27;[35m[WD Proxy]&amp#27;[39m Proxying [POST /element] to [POST http://127.0.0.1:8200/wd/hub/session/0e786dee-078d-46b9-920d-56472648766d/element] with body: {"strategy":"id","selector":"com.colt.coltengineering:id/img_next","context":"","multiple":false}
&amp#27;[35m[WD Proxy]&amp#27;[39m Got response with status 404: {"sessionId":"0e786dee-078d-46b9-920d-56472648766d","value":{"error":"no such element","message":"An element could not be located on the page using the given search parameters","stacktrace":"io.appium.uiautomator2.common.exceptions.ElementNotFoundException: An element could not be located on the page using the given search parameters\n\tat io.appium.uiautomator2.handler.FindElement.safeHandle(FindElement.java:73)\n\tat io.appium.uiautomator2.handler.request.SafeRequestHandler.handle(SafeRequestHandler.java:41)\n\tat io.appium.uiautomator2.server.AppiumServlet.handleRequest(AppiumServlet.java:253)\n\tat io.appium.uiautomator2.server.AppiumServlet.handleHttpRequest(AppiumServlet.java:247)\n\tat io.appium.uiautomator2.http.ServerHandler.channelRead(ServerHandler.java:68)\n\tat io.netty.channel.AbstractChannelHandlerContext.invokeChannelRead(AbstractChannelHandlerContext.java:366)\n\tat io.netty.channel.AbstractChannelHandlerContext.invokeChannelRead(AbstractChannelHandlerContext.java:352)\n\tat io.netty.chann...
[debug] &amp#27;[35m[W3C]&amp#27;[39m Matched W3C error code 'no such element' to NoSuchElementError
[debug] &amp#27;[35m[BaseDriver]&amp#27;[39m Waited for 19660 ms so far
[debug] &amp#27;[35m[WD Proxy]&amp#27;[39m Matched '/element' to command name 'findElement'
[debug] &amp#27;[35m[WD Proxy]&amp#27;[39m Proxying [POST /element] to [POST http://127.0.0.1:8200/wd/hub/session/0e786dee-078d-46b9-920d-56472648766d/element] with body: {"strategy":"id","selector":"com.colt.coltengineering:id/img_next","context":"","multiple":false}
&amp#27;[35m[WD Proxy]&amp#27;[39m Got response with status 404: {"sessionId":"0e786dee-078d-46b9-920d-56472648766d","value":{"error":"no such element","message":"An element could not be located on the page using the given search parameters","stacktrace":"io.appium.uiautomator2.common.exceptions.ElementNotFoundException: An element could not be located on the page using the given search parameters\n\tat io.appium.uiautomator2.handler.FindElement.safeHandle(FindElement.java:73)\n\tat io.appium.uiautomator2.handler.request.SafeRequestHandler.handle(SafeRequestHandler.java:41)\n\tat io.appium.uiautomator2.server.AppiumServlet.handleRequest(AppiumServlet.java:253)\n\tat io.appium.uiautomator2.server.AppiumServlet.handleHttpRequest(AppiumServlet.java:247)\n\tat io.appium.uiautomator2.http.ServerHandler.channelRead(ServerHandler.java:68)\n\tat io.netty.channel.AbstractChannelHandlerContext.invokeChannelRead(AbstractChannelHandlerContext.java:366)\n\tat io.netty.channel.AbstractChannelHandlerContext.invokeChannelRead(AbstractChannelHandlerContext.java:352)\n\tat io.netty.chann...
[debug] &amp#27;[35m[W3C]&amp#27;[39m Matched W3C error code 'no such element' to NoSuchElementError
[debug] &amp#27;[35m[BaseDriver]&amp#27;[39m Waited for 20189 ms so far
[debug] &amp#27;[35m[WD Proxy]&amp#27;[39m Matched '/element' to command name 'findElement'
[debug] &amp#27;[35m[WD Proxy]&amp#27;[39m Proxying [POST /element] to [POST http://127.0.0.1:8200/wd/hub/session/0e786dee-078d-46b9-920d-56472648766d/element] with body: {"strategy":"id","selector":"com.colt.coltengineering:id/img_next","context":"","multiple":false}
&amp#27;[35m[WD Proxy]&amp#27;[39m Got response with status 404: {"sessionId":"0e786dee-078d-46b9-920d-56472648766d","value":{"error":"no such element","message":"An element could not be located on the page using the given search parameters","stacktrace":"io.appium.uiautomator2.common.exceptions.ElementNotFoundException: An element could not be located on the page using the given search parameters\n\tat io.appium.uiautomator2.handler.FindElement.safeHandle(FindElement.java:73)\n\tat io.appium.uiautomator2.handler.request.SafeRequestHandler.handle(SafeRequestHandler.java:41)\n\tat io.appium.uiautomator2.server.AppiumServlet.handleRequest(AppiumServlet.java:253)\n\tat io.appium.uiautomator2.server.AppiumServlet.handleHttpRequest(AppiumServlet.java:247)\n\tat io.appium.uiautomator2.http.ServerHandler.channelRead(ServerHandler.java:68)\n\tat io.netty.channel.AbstractChannelHandlerContext.invokeChannelRead(AbstractChannelHandlerContext.java:366)\n\tat io.netty.channel.AbstractChannelHandlerContext.invokeChannelRead(AbstractChannelHandlerContext.java:352)\n\tat io.netty.chann...
[debug] &amp#27;[35m[W3C]&amp#27;[39m Matched W3C error code 'no such element' to NoSuchElementError
[debug] &amp#27;[35m[BaseDriver]&amp#27;[39m Waited for 20726 ms so far
[debug] &amp#27;[35m[WD Proxy]&amp#27;[39m Matched '/element' to command name 'findElement'
[debug] &amp#27;[35m[WD Proxy]&amp#27;[39m Proxying [POST /element] to [POST http://127.0.0.1:8200/wd/hub/session/0e786dee-078d-46b9-920d-56472648766d/element] with body: {"strategy":"id","selector":"com.colt.coltengineering:id/img_next","context":"","multiple":false}
&amp#27;[35m[WD Proxy]&amp#27;[39m Got response with status 404: {"sessionId":"0e786dee-078d-46b9-920d-56472648766d","value":{"error":"no such element","message":"An element could not be located on the page using the given search parameters","stacktrace":"io.appium.uiautomator2.common.exceptions.ElementNotFoundException: An element could not be located on the page using the given search parameters\n\tat io.appium.uiautomator2.handler.FindElement.safeHandle(FindElement.java:73)\n\tat io.appium.uiautomator2.handler.request.SafeRequestHandler.handle(SafeRequestHandler.java:41)\n\tat io.appium.uiautomator2.server.AppiumServlet.handleRequest(AppiumServlet.java:253)\n\tat io.appium.uiautomator2.server.AppiumServlet.handleHttpRequest(AppiumServlet.java:247)\n\tat io.appium.uiautomator2.http.ServerHandler.channelRead(ServerHandler.java:68)\n\tat io.netty.channel.AbstractChannelHandlerContext.invokeChannelRead(AbstractChannelHandlerContext.java:366)\n\tat io.netty.channel.AbstractChannelHandlerContext.invokeChannelRead(AbstractChannelHandlerContext.java:352)\n\tat io.netty.chann...
[debug] &amp#27;[35m[W3C]&amp#27;[39m Matched W3C error code 'no such element' to NoSuchElementError
[debug] &amp#27;[35m[BaseDriver]&amp#27;[39m Waited for 21259 ms so far
[debug] &amp#27;[35m[WD Proxy]&amp#27;[39m Matched '/element' to command name 'findElement'
[debug] &amp#27;[35m[WD Proxy]&amp#27;[39m Proxying [POST /element] to [POST http://127.0.0.1:8200/wd/hub/session/0e786dee-078d-46b9-920d-56472648766d/element] with body: {"strategy":"id","selector":"com.colt.coltengineering:id/img_next","context":"","multiple":false}
&amp#27;[35m[WD Proxy]&amp#27;[39m Got response with status 404: {"sessionId":"0e786dee-078d-46b9-920d-56472648766d","value":{"error":"no such element","message":"An element could not be located on the page using the given search parameters","stacktrace":"io.appium.uiautomator2.common.exceptions.ElementNotFoundException: An element could not be located on the page using the given search parameters\n\tat io.appium.uiautomator2.handler.FindElement.safeHandle(FindElement.java:73)\n\tat io.appium.uiautomator2.handler.request.SafeRequestHandler.handle(SafeRequestHandler.java:41)\n\tat io.appium.uiautomator2.server.AppiumServlet.handleRequest(AppiumServlet.java:253)\n\tat io.appium.uiautomator2.server.AppiumServlet.handleHttpRequest(AppiumServlet.java:247)\n\tat io.appium.uiautomator2.http.ServerHandler.channelRead(ServerHandler.java:68)\n\tat io.netty.channel.AbstractChannelHandlerContext.invokeChannelRead(AbstractChannelHandlerContext.java:366)\n\tat io.netty.channel.AbstractChannelHandlerContext.invokeChannelRead(AbstractChannelHandlerContext.java:352)\n\tat io.netty.chann...
[debug] &amp#27;[35m[W3C]&amp#27;[39m Matched W3C error code 'no such element' to NoSuchElementError
[debug] &amp#27;[35m[BaseDriver]&amp#27;[39m Waited for 21776 ms so far
[debug] &amp#27;[35m[WD Proxy]&amp#27;[39m Matched '/element' to command name 'findElement'
[debug] &amp#27;[35m[WD Proxy]&amp#27;[39m Proxying [POST /element] to [POST http://127.0.0.1:8200/wd/hub/session/0e786dee-078d-46b9-920d-56472648766d/element] with body: {"strategy":"id","selector":"com.colt.coltengineering:id/img_next","context":"","multiple":false}
&amp#27;[35m[WD Proxy]&amp#27;[39m Got response with status 404: {"sessionId":"0e786dee-078d-46b9-920d-56472648766d","value":{"error":"no such element","message":"An element could not be located on the page using the given search parameters","stacktrace":"io.appium.uiautomator2.common.exceptions.ElementNotFoundException: An element could not be located on the page using the given search parameters\n\tat io.appium.uiautomator2.handler.FindElement.safeHandle(FindElement.java:73)\n\tat io.appium.uiautomator2.handler.request.SafeRequestHandler.handle(SafeRequestHandler.java:41)\n\tat io.appium.uiautomator2.server.AppiumServlet.handleRequest(AppiumServlet.java:253)\n\tat io.appium.uiautomator2.server.AppiumServlet.handleHttpRequest(AppiumServlet.java:247)\n\tat io.appium.uiautomator2.http.ServerHandler.channelRead(ServerHandler.java:68)\n\tat io.netty.channel.AbstractChannelHandlerContext.invokeChannelRead(AbstractChannelHandlerContext.java:366)\n\tat io.netty.channel.AbstractChannelHandlerContext.invokeChannelRead(AbstractChannelHandlerContext.java:352)\n\tat io.netty.chann...
[debug] &amp#27;[35m[W3C]&amp#27;[39m Matched W3C error code 'no such element' to NoSuchElementError
[debug] &amp#27;[35m[BaseDriver]&amp#27;[39m Waited for 22302 ms so far
[debug] &amp#27;[35m[WD Proxy]&amp#27;[39m Matched '/element' to command name 'findElement'
[debug] &amp#27;[35m[WD Proxy]&amp#27;[39m Proxying [POST /element] to [POST http://127.0.0.1:8200/wd/hub/session/0e786dee-078d-46b9-920d-56472648766d/element] with body: {"strategy":"id","selector":"com.colt.coltengineering:id/img_next","context":"","multiple":false}
&amp#27;[35m[WD Proxy]&amp#27;[39m Got response with status 404: {"sessionId":"0e786dee-078d-46b9-920d-56472648766d","value":{"error":"no such element","message":"An element could not be located on the page using the given search parameters","stacktrace":"io.appium.uiautomator2.common.exceptions.ElementNotFoundException: An element could not be located on the page using the given search parameters\n\tat io.appium.uiautomator2.handler.FindElement.safeHandle(FindElement.java:73)\n\tat io.appium.uiautomator2.handler.request.SafeRequestHandler.handle(SafeRequestHandler.java:41)\n\tat io.appium.uiautomator2.server.AppiumServlet.handleRequest(AppiumServlet.java:253)\n\tat io.appium.uiautomator2.server.AppiumServlet.handleHttpRequest(AppiumServlet.java:247)\n\tat io.appium.uiautomator2.http.ServerHandler.channelRead(ServerHandler.java:68)\n\tat io.netty.channel.AbstractChannelHandlerContext.invokeChannelRead(AbstractChannelHandlerContext.java:366)\n\tat io.netty.channel.AbstractChannelHandlerContext.invokeChannelRead(AbstractChannelHandlerContext.java:352)\n\tat io.netty.chann...
[debug] &amp#27;[35m[W3C]&amp#27;[39m Matched W3C error code 'no such element' to NoSuchElementError
[debug] &amp#27;[35m[BaseDriver]&amp#27;[39m Waited for 22830 ms so far
[debug] &amp#27;[35m[WD Proxy]&amp#27;[39m Matched '/element' to command name 'findElement'
[debug] &amp#27;[35m[WD Proxy]&amp#27;[39m Proxying [POST /element] to [POST http://127.0.0.1:8200/wd/hub/session/0e786dee-078d-46b9-920d-56472648766d/element] with body: {"strategy":"id","selector":"com.colt.coltengineering:id/img_next","context":"","multiple":false}
&amp#27;[35m[WD Proxy]&amp#27;[39m Got response with status 404: {"sessionId":"0e786dee-078d-46b9-920d-56472648766d","value":{"error":"no such element","message":"An element could not be located on the page using the given search parameters","stacktrace":"io.appium.uiautomator2.common.exceptions.ElementNotFoundException: An element could not be located on the page using the given search parameters\n\tat io.appium.uiautomator2.handler.FindElement.safeHandle(FindElement.java:73)\n\tat io.appium.uiautomator2.handler.request.SafeRequestHandler.handle(SafeRequestHandler.java:41)\n\tat io.appium.uiautomator2.server.AppiumServlet.handleRequest(AppiumServlet.java:253)\n\tat io.appium.uiautomator2.server.AppiumServlet.handleHttpRequest(AppiumServlet.java:247)\n\tat io.appium.uiautomator2.http.ServerHandler.channelRead(ServerHandler.java:68)\n\tat io.netty.channel.AbstractChannelHandlerContext.invokeChannelRead(AbstractChannelHandlerContext.java:366)\n\tat io.netty.channel.AbstractChannelHandlerContext.invokeChannelRead(AbstractChannelHandlerContext.java:352)\n\tat io.netty.chann...
[debug] &amp#27;[35m[W3C]&amp#27;[39m Matched W3C error code 'no such element' to NoSuchElementError
[debug] &amp#27;[35m[BaseDriver]&amp#27;[39m Waited for 23366 ms so far
[debug] &amp#27;[35m[WD Proxy]&amp#27;[39m Matched '/element' to command name 'findElement'
[debug] &amp#27;[35m[WD Proxy]&amp#27;[39m Proxying [POST /element] to [POST http://127.0.0.1:8200/wd/hub/session/0e786dee-078d-46b9-920d-56472648766d/element] with body: {"strategy":"id","selector":"com.colt.coltengineering:id/img_next","context":"","multiple":false}
&amp#27;[35m[WD Proxy]&amp#27;[39m Got response with status 404: {"sessionId":"0e786dee-078d-46b9-920d-56472648766d","value":{"error":"no such element","message":"An element could not be located on the page using the given search parameters","stacktrace":"io.appium.uiautomator2.common.exceptions.ElementNotFoundException: An element could not be located on the page using the given search parameters\n\tat io.appium.uiautomator2.handler.FindElement.safeHandle(FindElement.java:73)\n\tat io.appium.uiautomator2.handler.request.SafeRequestHandler.handle(SafeRequestHandler.java:41)\n\tat io.appium.uiautomator2.server.AppiumServlet.handleRequest(AppiumServlet.java:253)\n\tat io.appium.uiautomator2.server.AppiumServlet.handleHttpRequest(AppiumServlet.java:247)\n\tat io.appium.uiautomator2.http.ServerHandler.channelRead(ServerHandler.java:68)\n\tat io.netty.channel.AbstractChannelHandlerContext.invokeChannelRead(AbstractChannelHandlerContext.java:366)\n\tat io.netty.channel.AbstractChannelHandlerContext.invokeChannelRead(AbstractChannelHandlerContext.java:352)\n\tat io.netty.chann...
[debug] &amp#27;[35m[W3C]&amp#27;[39m Matched W3C error code 'no such element' to NoSuchElementError
[debug] &amp#27;[35m[BaseDriver]&amp#27;[39m Waited for 23880 ms so far
[debug] &amp#27;[35m[WD Proxy]&amp#27;[39m Matched '/element' to command name 'findElement'
[debug] &amp#27;[35m[WD Proxy]&amp#27;[39m Proxying [POST /element] to [POST http://127.0.0.1:8200/wd/hub/session/0e786dee-078d-46b9-920d-56472648766d/element] with body: {"strategy":"id","selector":"com.colt.coltengineering:id/img_next","context":"","multiple":false}
&amp#27;[35m[WD Proxy]&amp#27;[39m Got response with status 404: {"sessionId":"0e786dee-078d-46b9-920d-56472648766d","value":{"error":"no such element","message":"An element could not be located on the page using the given search parameters","stacktrace":"io.appium.uiautomator2.common.exceptions.ElementNotFoundException: An element could not be located on the page using the given search parameters\n\tat io.appium.uiautomator2.handler.FindElement.safeHandle(FindElement.java:73)\n\tat io.appium.uiautomator2.handler.request.SafeRequestHandler.handle(SafeRequestHandler.java:41)\n\tat io.appium.uiautomator2.server.AppiumServlet.handleRequest(AppiumServlet.java:253)\n\tat io.appium.uiautomator2.server.AppiumServlet.handleHttpRequest(AppiumServlet.java:247)\n\tat io.appium.uiautomator2.http.ServerHandler.channelRead(ServerHandler.java:68)\n\tat io.netty.channel.AbstractChannelHandlerContext.invokeChannelRead(AbstractChannelHandlerContext.java:366)\n\tat io.netty.channel.AbstractChannelHandlerContext.invokeChannelRead(AbstractChannelHandlerContext.java:352)\n\tat io.netty.chann...
[debug] &amp#27;[35m[W3C]&amp#27;[39m Matched W3C error code 'no such element' to NoSuchElementError
[debug] &amp#27;[35m[BaseDriver]&amp#27;[39m Waited for 24410 ms so far
[debug] &amp#27;[35m[WD Proxy]&amp#27;[39m Matched '/element' to command name 'findElement'
[debug] &amp#27;[35m[WD Proxy]&amp#27;[39m Proxying [POST /element] to [POST http://127.0.0.1:8200/wd/hub/session/0e786dee-078d-46b9-920d-56472648766d/element] with body: {"strategy":"id","selector":"com.colt.coltengineering:id/img_next","context":"","multiple":false}
&amp#27;[35m[WD Proxy]&amp#27;[39m Got response with status 404: {"sessionId":"0e786dee-078d-46b9-920d-56472648766d","value":{"error":"no such element","message":"An element could not be located on the page using the given search parameters","stacktrace":"io.appium.uiautomator2.common.exceptions.ElementNotFoundException: An element could not be located on the page using the given search parameters\n\tat io.appium.uiautomator2.handler.FindElement.safeHandle(FindElement.java:73)\n\tat io.appium.uiautomator2.handler.request.SafeRequestHandler.handle(SafeRequestHandler.java:41)\n\tat io.appium.uiautomator2.server.AppiumServlet.handleRequest(AppiumServlet.java:253)\n\tat io.appium.uiautomator2.server.AppiumServlet.handleHttpRequest(AppiumServlet.java:247)\n\tat io.appium.uiautomator2.http.ServerHandler.channelRead(ServerHandler.java:68)\n\tat io.netty.channel.AbstractChannelHandlerContext.invokeChannelRead(AbstractChannelHandlerContext.java:366)\n\tat io.netty.channel.AbstractChannelHandlerContext.invokeChannelRead(AbstractChannelHandlerContext.java:352)\n\tat io.netty.chann...
[debug] &amp#27;[35m[W3C]&amp#27;[39m Matched W3C error code 'no such element' to NoSuchElementError
[debug] &amp#27;[35m[BaseDriver]&amp#27;[39m Waited for 24932 ms so far
[debug] &amp#27;[35m[WD Proxy]&amp#27;[39m Matched '/element' to command name 'findElement'
[debug] &amp#27;[35m[WD Proxy]&amp#27;[39m Proxying [POST /element] to [POST http://127.0.0.1:8200/wd/hub/session/0e786dee-078d-46b9-920d-56472648766d/element] with body: {"strategy":"id","selector":"com.colt.coltengineering:id/img_next","context":"","multiple":false}
&amp#27;[35m[WD Proxy]&amp#27;[39m Got response with status 404: {"sessionId":"0e786dee-078d-46b9-920d-56472648766d","value":{"error":"no such element","message":"An element could not be located on the page using the given search parameters","stacktrace":"io.appium.uiautomator2.common.exceptions.ElementNotFoundException: An element could not be located on the page using the given search parameters\n\tat io.appium.uiautomator2.handler.FindElement.safeHandle(FindElement.java:73)\n\tat io.appium.uiautomator2.handler.request.SafeRequestHandler.handle(SafeRequestHandler.java:41)\n\tat io.appium.uiautomator2.server.AppiumServlet.handleRequest(AppiumServlet.java:253)\n\tat io.appium.uiautomator2.server.AppiumServlet.handleHttpRequest(AppiumServlet.java:247)\n\tat io.appium.uiautomator2.http.ServerHandler.channelRead(ServerHandler.java:68)\n\tat io.netty.channel.AbstractChannelHandlerContext.invokeChannelRead(AbstractChannelHandlerContext.java:366)\n\tat io.netty.channel.AbstractChannelHandlerContext.invokeChannelRead(AbstractChannelHandlerContext.java:352)\n\tat io.netty.chann...
[debug] &amp#27;[35m[W3C]&amp#27;[39m Matched W3C error code 'no such element' to NoSuchElementError
[debug] &amp#27;[35m[BaseDriver]&amp#27;[39m Waited for 25463 ms so far
[debug] &amp#27;[35m[WD Proxy]&amp#27;[39m Matched '/element' to command name 'findElement'
[debug] &amp#27;[35m[WD Proxy]&amp#27;[39m Proxying [POST /element] to [POST http://127.0.0.1:8200/wd/hub/session/0e786dee-078d-46b9-920d-56472648766d/element] with body: {"strategy":"id","selector":"com.colt.coltengineering:id/img_next","context":"","multiple":false}
&amp#27;[35m[WD Proxy]&amp#27;[39m Got response with status 404: {"sessionId":"0e786dee-078d-46b9-920d-56472648766d","value":{"error":"no such element","message":"An element could not be located on the page using the given search parameters","stacktrace":"io.appium.uiautomator2.common.exceptions.ElementNotFoundException: An element could not be located on the page using the given search parameters\n\tat io.appium.uiautomator2.handler.FindElement.safeHandle(FindElement.java:73)\n\tat io.appium.uiautomator2.handler.request.SafeRequestHandler.handle(SafeRequestHandler.java:41)\n\tat io.appium.uiautomator2.server.AppiumServlet.handleRequest(AppiumServlet.java:253)\n\tat io.appium.uiautomator2.server.AppiumServlet.handleHttpRequest(AppiumServlet.java:247)\n\tat io.appium.uiautomator2.http.ServerHandler.channelRead(ServerHandler.java:68)\n\tat io.netty.channel.AbstractChannelHandlerContext.invokeChannelRead(AbstractChannelHandlerContext.java:366)\n\tat io.netty.channel.AbstractChannelHandlerContext.invokeChannelRead(AbstractChannelHandlerContext.java:352)\n\tat io.netty.chann...
[debug] &amp#27;[35m[W3C]&amp#27;[39m Matched W3C error code 'no such element' to NoSuchElementError
[debug] &amp#27;[35m[BaseDriver]&amp#27;[39m Waited for 25986 ms so far
[debug] &amp#27;[35m[WD Proxy]&amp#27;[39m Matched '/element' to command name 'findElement'
[debug] &amp#27;[35m[WD Proxy]&amp#27;[39m Proxying [POST /element] to [POST http://127.0.0.1:8200/wd/hub/session/0e786dee-078d-46b9-920d-56472648766d/element] with body: {"strategy":"id","selector":"com.colt.coltengineering:id/img_next","context":"","multiple":false}
&amp#27;[35m[WD Proxy]&amp#27;[39m Got response with status 404: {"sessionId":"0e786dee-078d-46b9-920d-56472648766d","value":{"error":"no such element","message":"An element could not be located on the page using the given search parameters","stacktrace":"io.appium.uiautomator2.common.exceptions.ElementNotFoundException: An element could not be located on the page using the given search parameters\n\tat io.appium.uiautomator2.handler.FindElement.safeHandle(FindElement.java:73)\n\tat io.appium.uiautomator2.handler.request.SafeRequestHandler.handle(SafeRequestHandler.java:41)\n\tat io.appium.uiautomator2.server.AppiumServlet.handleRequest(AppiumServlet.java:253)\n\tat io.appium.uiautomator2.server.AppiumServlet.handleHttpRequest(AppiumServlet.java:247)\n\tat io.appium.uiautomator2.http.ServerHandler.channelRead(ServerHandler.java:68)\n\tat io.netty.channel.AbstractChannelHandlerContext.invokeChannelRead(AbstractChannelHandlerContext.java:366)\n\tat io.netty.channel.AbstractChannelHandlerContext.invokeChannelRead(AbstractChannelHandlerContext.java:352)\n\tat io.netty.chann...
[debug] &amp#27;[35m[W3C]&amp#27;[39m Matched W3C error code 'no such element' to NoSuchElementError
[debug] &amp#27;[35m[BaseDriver]&amp#27;[39m Waited for 26534 ms so far
[debug] &amp#27;[35m[WD Proxy]&amp#27;[39m Matched '/element' to command name 'findElement'
[debug] &amp#27;[35m[WD Proxy]&amp#27;[39m Proxying [POST /element] to [POST http://127.0.0.1:8200/wd/hub/session/0e786dee-078d-46b9-920d-56472648766d/element] with body: {"strategy":"id","selector":"com.colt.coltengineering:id/img_next","context":"","multiple":false}
&amp#27;[35m[WD Proxy]&amp#27;[39m Got response with status 404: {"sessionId":"0e786dee-078d-46b9-920d-56472648766d","value":{"error":"no such element","message":"An element could not be located on the page using the given search parameters","stacktrace":"io.appium.uiautomator2.common.exceptions.ElementNotFoundException: An element could not be located on the page using the given search parameters\n\tat io.appium.uiautomator2.handler.FindElement.safeHandle(FindElement.java:73)\n\tat io.appium.uiautomator2.handler.request.SafeRequestHandler.handle(SafeRequestHandler.java:41)\n\tat io.appium.uiautomator2.server.AppiumServlet.handleRequest(AppiumServlet.java:253)\n\tat io.appium.uiautomator2.server.AppiumServlet.handleHttpRequest(AppiumServlet.java:247)\n\tat io.appium.uiautomator2.http.ServerHandler.channelRead(ServerHandler.java:68)\n\tat io.netty.channel.AbstractChannelHandlerContext.invokeChannelRead(AbstractChannelHandlerContext.java:366)\n\tat io.netty.channel.AbstractChannelHandlerContext.invokeChannelRead(AbstractChannelHandlerContext.java:352)\n\tat io.netty.chann...
[debug] &amp#27;[35m[W3C]&amp#27;[39m Matched W3C error code 'no such element' to NoSuchElementError
[debug] &amp#27;[35m[BaseDriver]&amp#27;[39m Waited for 27053 ms so far
[debug] &amp#27;[35m[WD Proxy]&amp#27;[39m Matched '/element' to command name 'findElement'
[debug] &amp#27;[35m[WD Proxy]&amp#27;[39m Proxying [POST /element] to [POST http://127.0.0.1:8200/wd/hub/session/0e786dee-078d-46b9-920d-56472648766d/element] with body: {"strategy":"id","selector":"com.colt.coltengineering:id/img_next","context":"","multiple":false}
&amp#27;[35m[WD Proxy]&amp#27;[39m Got response with status 404: {"sessionId":"0e786dee-078d-46b9-920d-56472648766d","value":{"error":"no such element","message":"An element could not be located on the page using the given search parameters","stacktrace":"io.appium.uiautomator2.common.exceptions.ElementNotFoundException: An element could not be located on the page using the given search parameters\n\tat io.appium.uiautomator2.handler.FindElement.safeHandle(FindElement.java:73)\n\tat io.appium.uiautomator2.handler.request.SafeRequestHandler.handle(SafeRequestHandler.java:41)\n\tat io.appium.uiautomator2.server.AppiumServlet.handleRequest(AppiumServlet.java:253)\n\tat io.appium.uiautomator2.server.AppiumServlet.handleHttpRequest(AppiumServlet.java:247)\n\tat io.appium.uiautomator2.http.ServerHandler.channelRead(ServerHandler.java:68)\n\tat io.netty.channel.AbstractChannelHandlerContext.invokeChannelRead(AbstractChannelHandlerContext.java:366)\n\tat io.netty.channel.AbstractChannelHandlerContext.invokeChannelRead(AbstractChannelHandlerContext.java:352)\n\tat io.netty.chann...
[debug] &amp#27;[35m[W3C]&amp#27;[39m Matched W3C error code 'no such element' to NoSuchElementError
[debug] &amp#27;[35m[BaseDriver]&amp#27;[39m Waited for 27585 ms so far
[debug] &amp#27;[35m[WD Proxy]&amp#27;[39m Matched '/element' to command name 'findElement'
[debug] &amp#27;[35m[WD Proxy]&amp#27;[39m Proxying [POST /element] to [POST http://127.0.0.1:8200/wd/hub/session/0e786dee-078d-46b9-920d-56472648766d/element] with body: {"strategy":"id","selector":"com.colt.coltengineering:id/img_next","context":"","multiple":false}
&amp#27;[35m[WD Proxy]&amp#27;[39m Got response with status 404: {"sessionId":"0e786dee-078d-46b9-920d-56472648766d","value":{"error":"no such element","message":"An element could not be located on the page using the given search parameters","stacktrace":"io.appium.uiautomator2.common.exceptions.ElementNotFoundException: An element could not be located on the page using the given search parameters\n\tat io.appium.uiautomator2.handler.FindElement.safeHandle(FindElement.java:73)\n\tat io.appium.uiautomator2.handler.request.SafeRequestHandler.handle(SafeRequestHandler.java:41)\n\tat io.appium.uiautomator2.server.AppiumServlet.handleRequest(AppiumServlet.java:253)\n\tat io.appium.uiautomator2.server.AppiumServlet.handleHttpRequest(AppiumServlet.java:247)\n\tat io.appium.uiautomator2.http.ServerHandler.channelRead(ServerHandler.java:68)\n\tat io.netty.channel.AbstractChannelHandlerContext.invokeChannelRead(AbstractChannelHandlerContext.java:366)\n\tat io.netty.channel.AbstractChannelHandlerContext.invokeChannelRead(AbstractChannelHandlerContext.java:352)\n\tat io.netty.chann...
[debug] &amp#27;[35m[W3C]&amp#27;[39m Matched W3C error code 'no such element' to NoSuchElementError
[debug] &amp#27;[35m[BaseDriver]&amp#27;[39m Waited for 28116 ms so far
[debug] &amp#27;[35m[WD Proxy]&amp#27;[39m Matched '/element' to command name 'findElement'
[debug] &amp#27;[35m[WD Proxy]&amp#27;[39m Proxying [POST /element] to [POST http://127.0.0.1:8200/wd/hub/session/0e786dee-078d-46b9-920d-56472648766d/element] with body: {"strategy":"id","selector":"com.colt.coltengineering:id/img_next","context":"","multiple":false}
&amp#27;[35m[WD Proxy]&amp#27;[39m Got response with status 404: {"sessionId":"0e786dee-078d-46b9-920d-56472648766d","value":{"error":"no such element","message":"An element could not be located on the page using the given search parameters","stacktrace":"io.appium.uiautomator2.common.exceptions.ElementNotFoundException: An element could not be located on the page using the given search parameters\n\tat io.appium.uiautomator2.handler.FindElement.safeHandle(FindElement.java:73)\n\tat io.appium.uiautomator2.handler.request.SafeRequestHandler.handle(SafeRequestHandler.java:41)\n\tat io.appium.uiautomator2.server.AppiumServlet.handleRequest(AppiumServlet.java:253)\n\tat io.appium.uiautomator2.server.AppiumServlet.handleHttpRequest(AppiumServlet.java:247)\n\tat io.appium.uiautomator2.http.ServerHandler.channelRead(ServerHandler.java:68)\n\tat io.netty.channel.AbstractChannelHandlerContext.invokeChannelRead(AbstractChannelHandlerContext.java:366)\n\tat io.netty.channel.AbstractChannelHandlerContext.invokeChannelRead(AbstractChannelHandlerContext.java:352)\n\tat io.netty.chann...
[debug] &amp#27;[35m[W3C]&amp#27;[39m Matched W3C error code 'no such element' to NoSuchElementError
[debug] &amp#27;[35m[BaseDriver]&amp#27;[39m Waited for 28642 ms so far
[debug] &amp#27;[35m[WD Proxy]&amp#27;[39m Matched '/element' to command name 'findElement'
[debug] &amp#27;[35m[WD Proxy]&amp#27;[39m Proxying [POST /element] to [POST http://127.0.0.1:8200/wd/hub/session/0e786dee-078d-46b9-920d-56472648766d/element] with body: {"strategy":"id","selector":"com.colt.coltengineering:id/img_next","context":"","multiple":false}
&amp#27;[35m[WD Proxy]&amp#27;[39m Got response with status 404: {"sessionId":"0e786dee-078d-46b9-920d-56472648766d","value":{"error":"no such element","message":"An element could not be located on the page using the given search parameters","stacktrace":"io.appium.uiautomator2.common.exceptions.ElementNotFoundException: An element could not be located on the page using the given search parameters\n\tat io.appium.uiautomator2.handler.FindElement.safeHandle(FindElement.java:73)\n\tat io.appium.uiautomator2.handler.request.SafeRequestHandler.handle(SafeRequestHandler.java:41)\n\tat io.appium.uiautomator2.server.AppiumServlet.handleRequest(AppiumServlet.java:253)\n\tat io.appium.uiautomator2.server.AppiumServlet.handleHttpRequest(AppiumServlet.java:247)\n\tat io.appium.uiautomator2.http.ServerHandler.channelRead(ServerHandler.java:68)\n\tat io.netty.channel.AbstractChannelHandlerContext.invokeChannelRead(AbstractChannelHandlerContext.java:366)\n\tat io.netty.channel.AbstractChannelHandlerContext.invokeChannelRead(AbstractChannelHandlerContext.java:352)\n\tat io.netty.chann...
[debug] &amp#27;[35m[W3C]&amp#27;[39m Matched W3C error code 'no such element' to NoSuchElementError
[debug] &amp#27;[35m[BaseDriver]&amp#27;[39m Waited for 29187 ms so far
[debug] &amp#27;[35m[WD Proxy]&amp#27;[39m Matched '/element' to command name 'findElement'
[debug] &amp#27;[35m[WD Proxy]&amp#27;[39m Proxying [POST /element] to [POST http://127.0.0.1:8200/wd/hub/session/0e786dee-078d-46b9-920d-56472648766d/element] with body: {"strategy":"id","selector":"com.colt.coltengineering:id/img_next","context":"","multiple":false}
&amp#27;[35m[WD Proxy]&amp#27;[39m Got response with status 404: {"sessionId":"0e786dee-078d-46b9-920d-56472648766d","value":{"error":"no such element","message":"An element could not be located on the page using the given search parameters","stacktrace":"io.appium.uiautomator2.common.exceptions.ElementNotFoundException: An element could not be located on the page using the given search parameters\n\tat io.appium.uiautomator2.handler.FindElement.safeHandle(FindElement.java:73)\n\tat io.appium.uiautomator2.handler.request.SafeRequestHandler.handle(SafeRequestHandler.java:41)\n\tat io.appium.uiautomator2.server.AppiumServlet.handleRequest(AppiumServlet.java:253)\n\tat io.appium.uiautomator2.server.AppiumServlet.handleHttpRequest(AppiumServlet.java:247)\n\tat io.appium.uiautomator2.http.ServerHandler.channelRead(ServerHandler.java:68)\n\tat io.netty.channel.AbstractChannelHandlerContext.invokeChannelRead(AbstractChannelHandlerContext.java:366)\n\tat io.netty.channel.AbstractChannelHandlerContext.invokeChannelRead(AbstractChannelHandlerContext.java:352)\n\tat io.netty.chann...
[debug] &amp#27;[35m[W3C]&amp#27;[39m Matched W3C error code 'no such element' to NoSuchElementError
[debug] &amp#27;[35m[BaseDriver]&amp#27;[39m Waited for 29704 ms so far
[debug] &amp#27;[35m[WD Proxy]&amp#27;[39m Matched '/element' to command name 'findElement'
[debug] &amp#27;[35m[WD Proxy]&amp#27;[39m Proxying [POST /element] to [POST http://127.0.0.1:8200/wd/hub/session/0e786dee-078d-46b9-920d-56472648766d/element] with body: {"strategy":"id","selector":"com.colt.coltengineering:id/img_next","context":"","multiple":false}
&amp#27;[35m[WD Proxy]&amp#27;[39m Got response with status 404: {"sessionId":"0e786dee-078d-46b9-920d-56472648766d","value":{"error":"no such element","message":"An element could not be located on the page using the given search parameters","stacktrace":"io.appium.uiautomator2.common.exceptions.ElementNotFoundException: An element could not be located on the page using the given search parameters\n\tat io.appium.uiautomator2.handler.FindElement.safeHandle(FindElement.java:73)\n\tat io.appium.uiautomator2.handler.request.SafeRequestHandler.handle(SafeRequestHandler.java:41)\n\tat io.appium.uiautomator2.server.AppiumServlet.handleRequest(AppiumServlet.java:253)\n\tat io.appium.uiautomator2.server.AppiumServlet.handleHttpRequest(AppiumServlet.java:247)\n\tat io.appium.uiautomator2.http.ServerHandler.channelRead(ServerHandler.java:68)\n\tat io.netty.channel.AbstractChannelHandlerContext.invokeChannelRead(AbstractChannelHandlerContext.java:366)\n\tat io.netty.channel.AbstractChannelHandlerContext.invokeChannelRead(AbstractChannelHandlerContext.java:352)\n\tat io.netty.chann...
[debug] &amp#27;[35m[W3C]&amp#27;[39m Matched W3C error code 'no such element' to NoSuchElementError
[debug] &amp#27;[35m[W3C (93af38db)]&amp#27;[39m Encountered internal error running command: NoSuchElementError: An element could not be located on the page using the given search parameters.
[debug] &amp#27;[35m[W3C (93af38db)]&amp#27;[39m     at AndroidUiautomator2Driver.findElOrEls (C:\Users\Medhansh\AppData\Roaming\npm\node_modules\appium\node_modules\appium-android-driver\lib\commands\find.js:75:11)
[debug] &amp#27;[35m[W3C (93af38db)]&amp#27;[39m     at runMicrotasks (<anonymous>)
[debug] &amp#27;[35m[W3C (93af38db)]&amp#27;[39m     at processTicksAndRejections (internal/process/task_queues.js:93:5)
[debug] &amp#27;[35m[W3C (93af38db)]&amp#27;[39m     at AndroidUiautomator2Driver.fin]]></system-out>
    <system-err><![CDATA[Nov 03, 2020 10:53:28 AM io.appium.java_client.remote.AppiumCommandExecutor$1 lambda$0
INFO: Detected dialect: W3C
]]></system-err>
  </testcase>
  <testcase name="endToEndTestTillSingleTaskView" classname="com.colt.fieldengineerapp.testcases.EndToEndTestForSingleTaskView" time="0">
    <skipped message="Can&apos;t locate an element by this strategy: By.chained({By.id: com.colt.coltengineering:id/img_next})"/>
    <system-out><![CDATA[dElOrElsWithProcessing (C:\Users\Medhansh\AppData\Roaming\npm\node_modules\appium\node_modules\appium-base-driver\lib\basedriver\commands\find.js:33:12)
[debug] &amp#27;[35m[W3C (93af38db)]&amp#27;[39m     at AndroidUiautomator2Driver.findElement (C:\Users\Medhansh\AppData\Roaming\npm\node_modules\appium\node_modules\appium-base-driver\lib\basedriver\commands\find.js:53:10)
&amp#27;[35m[HTTP]&amp#27;[39m &amp#27;[37m<-- POST /wd/hub/session/93af38db-9524-4f12-a647-f4f705ec9611/element &amp#27;[39m]]></system-out>
  </testcase>
  <testcase name="openDrawerPageTest" classname="com.colt.fieldengineerapp.testcases.OpenDrawerPageTest" time="10.608"/>
  <testcase name="settingsPageTest" classname="com.colt.fieldengineerapp.testcases.SettingsPageTest" time="39.951">
    <failure message="Can&apos;t locate an element by this strategy: By.chained({By.AndroidUIAutomator: text(&quot;ãƒ•ã‚£ãƒ¼ãƒ«ãƒ‰å°‚é–€å®¶&quot;)})" type="org.openqa.selenium.NoSuchElementException">org.openqa.selenium.NoSuchElementException: Can't locate an element by this strategy: By.chained({By.AndroidUIAutomator: text("ãƒ•ã‚£ãƒ¼ãƒ«ãƒ‰å°‚é–€å®¶")})
	at com.colt.fieldengineerapp.testcases.SettingsPageTest.settingsPageTest(SettingsPageTest.java:102)
Caused by: org.openqa.selenium.TimeoutException: Expected condition failed: waiting for io.appium.java_client.pagefactory.AppiumElementLocator$WaitingFunction@6d0be7ab (tried for 30 second(s) with 500 milliseconds interval)
	at com.colt.fieldengineerapp.testcases.SettingsPageTest.settingsPageTest(SettingsPageTest.java:102)
Caused by: org.openqa.selenium.NoSuchElementException: 
Cannot locate an element using By.chained({By.AndroidUIAutomator: text("ãƒ•ã‚£ãƒ¼ãƒ«ãƒ‰å°‚é–€å®¶")})
For documentation on this error, please visit: https://www.seleniumhq.org/exceptions/no_such_element.html
Build info: version: '3.141.59', revision: 'e82be7d358', time: '2018-11-14T08:17:03'
System info: host: 'DESKTOP-K4MGEUM', ip: '192.168.0.7', os.name: 'Windows 10', os.arch: 'amd64', os.version: '10.0', java.version: '1.8.0_251'
Driver info: driver.version: AndroidDriver
	at com.colt.fieldengineerapp.testcases.SettingsPageTest.settingsPageTest(SettingsPageTest.java:102)
</failure>
    <system-out><![CDATA[ The test passed is ==openDrawerPageTest in class : [TestClass name=class com.colt.fieldengineerapp.testcases.OpenDrawerPageTest]
&amp#27;[35m[HTTP]&amp#27;[39m &amp#27;[37m-->&amp#27;[39m &amp#27;[37mGET&amp#27;[39m &amp#27;[37m/wd/hub/session/185f89e6-b548-4e8d-97d0-982f1d2ab701/screenshot&amp#27;[39m
&amp#27;[35m[HTTP]&amp#27;[39m &amp#27;[90m{}&amp#27;[39m
[debug] &amp#27;[35m[W3C (185f89e6)]&amp#27;[39m Calling AppiumDriver.getScreenshot() with args: ["185f89e6-b548-4e8d-97d0-982f1d2ab701"]
[debug] &amp#27;[35m[WD Proxy]&amp#27;[39m Matched '/screenshot' to command name 'getScreenshot'
[debug] &amp#27;[35m[WD Proxy]&amp#27;[39m Proxying [GET /screenshot] to [GET http://127.0.0.1:8200/wd/hub/session/5ff9406e-df22-430d-b62f-fe17fd4b3e60/screenshot] with no body
[debug] &amp#27;[35m[WD Proxy]&amp#27;[39m Got response with status 200: {"sessionId":"5ff9406e-df22-430d-b62f-fe17fd4b3e60","value":"iVBORw0KGgoAAAANSUhEUgAABDgAAAeACAYAAAArYecKAAAABHNCSVQICAgIfAhkiAAAIABJREFU\neJzsvXmclcWV//+5vdKsDU3TIDsKiAuruIEBRFFRUAw47pqMOslMfomaGE1cQhITdZK4xji/6MTE\naIwSjUqcABo3cMMFBEF2lL1Zu5G1u+nn+4dze55bt5ZTy3Nvdzzv16tf3fd5qk6dqjp16tTpe5+b\nAhAhj6RSKURR1PSbWl71mlJHVQaAtpys7TSqerq24/dc+uWCSm6ocXRpP2RfTbJUc+hiey46heqr\nyzj6tJ2UPdq0l+s1kbRMmV2I10RCrF2qD7AZF6qfc9Hd1C4Aqz3Etm2XvUG8liv/TtErqTaS2sNd\n96xc9j1X9ZKQlaT/SyKuyEWsku/6LvJ06wSgxTgm+T5yKPuAyz4VQpckfUWo8U/Lysc+0lxw7b+q\nHvV6yLZt61MIrVuo8qHqusoqBDBdVtl0zVRGdp+KSo7v4Op0sw12cxmg6nRwlRESk/wkbMFXvm0d\n1cHTtW+6eqr5Vb0OOS46XMbMV4atfJ/6FHm2c0Nth2pTMln5CHBs+q+7Rrnng43cUPpR/KHoSyh1\ndOufasuudmZT15Yk5bqscZNMlzIhfGHS/jykjeeLpG3URn4SY5RP+7ORaRubutpevteQSr5pbJKI\n2XzHQqdXKD1C2ZytveT6n3Oh6yVpt66xmqsvota1QSXPmOBIYrJC1hcXZa7a1ZV3MVSf4EKlg82h\ny6VdU9kQbZg2A5nzSspmcxU4UHUQ+28aJ9/2ZNd9NppQ45SvwDypYFrVDmWjDrXmqLJDBKbUAERm\n+6HWXy6CINk4i+shVxu/b1kXVHtSEu8esHltI8f0jhHV9RD/mFHdVx2+bQ9SlHjBdg90CYKp68B2\nvbjGlCo5PnZExecQYVvWZU+3...
[debug] &amp#27;[35m[W3C (185f89e6)]&amp#27;[39m Responding to client with driver.getScreenshot() result: "iVBORw0KGgoAAAANSUhEUgAABDgAAAeACAYAAAArYecKAAAABHNCSVQICAgIfAhkiAAAIABJREFU\neJzsvXmclcWV//+5vdKsDU3TIDsKiAuruIEBRFFRUAw47pqMOslMfomaGE1cQhITdZK4xji/6MTE\naIwSjUqcABo3cMMFBEF2lL1Zu5G1u+nn+4dze55bt5ZTy3Nvdzzv16tf3fd5qk6dqjp16tTpe5+b\nAhAhj6RSKURR1PSbWl71mlJHVQaAtpys7TSqerq24/dc+uWCSm6ocXRpP2RfTbJUc+hiey46heqr\nyzj6tJ2UPdq0l+s1kbRMmV2I10RCrF2qD7AZF6qfc9Hd1C4Aqz3Etm2XvUG8liv/TtErqTaS2sNd\n96xc9j1X9ZKQlaT/SyKuyEWsku/6LvJ06wSgxTgm+T5yKPuAyz4VQpckfUWo8U/Lysc+0lxw7b+q\nHvV6yLZt61MIrVuo8qHqusoqBDBdVtl0zVRGdp+KSo7v4Op0sw12cxmg6nRwlRESk/wkbMFXvm0d\n1cHTtW+6eqr5Vb0OOS46XMbMV4atfJ/6FHm2c0Nth2pTMln5CHBs+q+7Rrnng43cUPpR/KHoSyh1\ndOufasuudmZT15Yk5bqscZNMlzIhfGHS/jykjeeLpG3URn4SY5RP+7ORaRubutpevteQSr5pbJKI\n2XzHQqdXKD1C2ZytveT6n3Oh6yVpt66xmqsvota1QSXPmOBIYrJC1hcXZa7a1ZV3MVSf4EKlg82h\ny6VdU9kQbZg2A5nzSspmcxU4UHUQ+28aJ9/2ZNd9NppQ45SvwDypYFrVDmWjDrXmqLJDBKbUAERm\n+6HWXy6CINk4i+shVxu/b1kXVHtSEu8esHltI8f0jhHV9RD/mFHdVx2+bQ9SlHjBdg90CYKp68B2\nvbjGlCo5PnZExecQYVvWZU+3aVe3nnzatJmH9H/nbeVQ14Kubi76GLJuLvZRl/OWz3qybStXMl19\nSRLo5j...
&amp#27;[35m[HTTP]&amp#27;[39m &amp#27;[37m<-- GET /wd/hub/session/185f89e6-b548-4e8d-97d0-982f1d2ab701/screenshot &amp#27;[39m&amp#27;[32m200&amp#27;[39m &amp#27;[90m279 ms - 74650&amp#27;[39m
&amp#27;[35m[HTTP]&amp#27;[39m &amp#27;[90m&amp#27;[39m
Tearing  down AVD== com.colt.fieldengineerapp.testcases.OpenDrawerPageTest
This will close the avd
the avd is closed successfully
[debug] &amp#27;[35m[Instrumentation]&amp#27;[39m INSTRUMENTATION_ABORTED: System has crashed.
[debug] &amp#27;[35m[Instrumentation]&amp#27;[39m The process has exited with code 0
&amp#27;[35m[Logcat]&amp#27;[39m Logcat terminated with code 0, signal null
Tearing  down Appium== com.colt.fieldengineerapp.testcases.OpenDrawerPageTest
Appimum server stopped successfully
This will start avd
the avd is started successfully
Starting Appium == com.colt.fieldengineerapp.testcases.SettingsPageTest
&amp#27;[35m[Appium]&amp#27;[39m Welcome to Appium v1.18.3
&amp#27;[35m[Appium]&amp#27;[39m Appium REST http interface listener started on 0.0.0.0:4723
&amp#27;[35m[HTTP]&amp#27;[39m &amp#27;[37m-->&amp#27;[39m &amp#27;[37mGET&amp#27;[39m &amp#27;[37m/wd/hub/status&amp#27;[39m
&amp#27;[35m[HTTP]&amp#27;[39m &amp#27;[90m{}&amp#27;[39m
[debug] &amp#27;[35m[GENERIC]&amp#27;[39m Calling AppiumDriver.getStatus() with args: []
[debug] &amp#27;[35m[GENERIC]&amp#27;[39m Responding to client with driver.getStatus() result: {"build":{"version":"1.18.3"}}
&amp#27;[35m[HTTP]&amp#27;[39m &amp#27;[37m<-- GET /wd/hub/status &amp#27;[39m&amp#27;[32m200&amp#27;[39m &amp#27;[90m9 ms - 68&amp#27;[39m
&amp#27;[35m[HTTP]&amp#27;[39m &amp#27;[90m&amp#27;[39m
&amp#27;[35m[HTTP]&amp#27;[39m &amp#27;[37m-->&amp#27;[39m &amp#27;[37mPOST&amp#27;[39m &amp#27;[37m/wd/hub/session&amp#27;[39m
&amp#27;[35m[HTTP]&amp#27;[39m &amp#27;[90m{"desiredCapabilities":{"app":"D:\\TechPractice\\Appium\\FieldEngineerApp/Apks/FEApp.apk","appActivity":"com.colt.coltengineering.screen.SplashActivity","appPackage":"com.colt.coltengineering","automationName":"uiautomator2","autoGrantPermissions":"true","platformName":"Android","deviceName":"pixel2","avd":"Pixel2"},"capabilities":{"firstMatch":[{"appium:app":"D:\\TechPractice\\Appium\\FieldEngineerApp/Apks/FEApp.apk","appium:appActivity":"com.colt.coltengineering.screen.SplashActivity","appium:appPackage":"com.colt.coltengineering","appium:autoGrantPermissions":"true","appium:automationName":"uiautomator2","appium:avd":"Pixel2","appium:deviceName":"pixel2","platformName":"android"}]}}&amp#27;[39m
[debug] &amp#27;[35m[W3C]&amp#27;[39m Calling AppiumDriver.createSession() with args: [{"app":"D:\\TechPractice\\Appium\\FieldEngineerApp/Apks/FEApp.apk","appActivity":"com.colt.coltengineering.screen.SplashActivity","appPackage":"com.colt.coltengineering","automationName":"uiautomator2","autoGrantPermissions":"true","platformName":"Android","deviceName":"pixel2","avd":"Pixel2"},null,{"firstMatch":[{"appium:app":"D:\\TechPractice\\Appium\\FieldEngineerApp/Apks/FEApp.apk","appium:appActivity":"com.colt.coltengineering.screen.SplashActivity","appium:appPackage":"com.colt.coltengineering","appium:autoGrantPermissions":"true","appium:automationName":"uiautomator2","appium:avd":"Pixel2","appium:deviceName":"pixel2","platformName":"android"}]}]
[debug] &amp#27;[35m[BaseDriver]&amp#27;[39m Event 'newSessionRequested' logged at 1604381168277 (10:56:08 GMT+0530 (India Standard Time))
&amp#27;[35m[Appium]&amp#27;[39m Appium v1.18.3 creating new AndroidUiautomator2Driver (v1.56.1) session
[debug] &amp#27;[35m[BaseDriver]&amp#27;[39m W3C capabilities and MJSONWP desired capabilities were provided
[debug] &amp#27;[35m[BaseDriver]&amp#27;[39m Creating session with W3C capabilities: {
[debug] &amp#27;[35m[BaseDriver]&amp#27;[39m   "alwaysMatch": {
[debug] &amp#27;[35m[BaseDriver]&amp#27;[39m     "platformName": "android",
[debug] &amp#27;[35m[BaseDriver]&amp#27;[39m     "appium:app": "D:\\TechPractice\\Appium\\FieldEngineerApp/Apks/FEApp.apk",
[debug] &amp#27;[35m[BaseDriver]&amp#27;[39m     "appium:appActivity": "com.colt.coltengineering.screen.SplashActivity",
[debug] &amp#27;[35m[BaseDriver]&amp#27;[39m     "appium:appPackage": "com.colt.coltengineering",
[debug] &amp#27;[35m[BaseDriver]&amp#27;[39m     "appium:autoGrantPermissions": "true",
[debug] &amp#27;[35m[BaseDriver]&amp#27;[39m     "appium:automationName": "uiautomator2",
[debug] &amp#27;[35m[BaseDriver]&amp#27;[39m     "appium:avd": "Pixel2",
[debug] &amp#27;[35m[BaseDriver]&amp#27;[39m     "appium:deviceName": "pixel2"
[debug] &amp#27;[35m[BaseDriver]&amp#27;[39m   },
[debug] &amp#27;[35m[BaseDriver]&amp#27;[39m   "firstMatch": [
[debug] &amp#27;[35m[BaseDriver]&amp#27;[39m     {}
[debug] &amp#27;[35m[BaseDriver]&amp#27;[39m   ]
[debug] &amp#27;[35m[BaseDriver]&amp#27;[39m }
&amp#27;[35m[BaseDriver]&amp#27;[39m Capability 'autoGrantPermissions' changed from string to boolean. This may cause unexpected behavior
&amp#27;[35m[BaseDriver]&amp#27;[39m Session created with session id: bae0206e-2f95-405f-8607-7d8e4ef92dcd
&amp#27;[35m[BaseDriver]&amp#27;[39m Using local app 'D:\TechPractice\Appium\FieldEngineerApp/Apks/FEApp.apk'
[debug] &amp#27;[35m[UiAutomator2]&amp#27;[39m Checking whether app is actually present
&amp#27;[35m[ADB]&amp#27;[39m Found 1 'build-tools' folders under 'D:\TechSoftwares\AndroidSDK' (newest first):
&amp#27;[35m[ADB]&amp#27;[39m     D:/TechSoftwares/AndroidSDK/build-tools/30.0.2
&amp#27;[35m[ADB]&amp#27;[39m Using 'adb.exe' from 'D:\TechSoftwares\AndroidSDK\platform-tools\adb.exe'
[debug] &amp#27;[35m[ADB]&amp#27;[39m Running 'D:\TechSoftwares\AndroidSDK\platform-tools\adb.exe -P 5037 start-server'
[debug] &amp#27;[35m[ADB]&amp#27;[39m Trying to find 'Pixel2' emulator
[debug] &amp#27;[35m[ADB]&amp#27;[39m Getting connected emulators
[debug] &amp#27;[35m[ADB]&amp#27;[39m Getting connected devices
[debug] &amp#27;[35m[ADB]&amp#27;[39m Connected devices: [{"udid":"emulator-5554","state":"device"}]
[debug] &amp#27;[35m[ADB]&amp#27;[39m 1 emulator connected
[debug] &amp#27;[35m[ADB]&amp#27;[39m Overriding C:\Users\Medhansh\.emulator_console_auth_token with an empty string to avoid telnet authentication for emulator commands
[debug] &amp#27;[35m[ADB]&amp#27;[39m Executing Emulator console command: avd name
[debug] &amp#27;[35m[ADB]&amp#27;[39m Found emulator 'Pixel2' on port 5554
[debug] &amp#27;[35m[ADB]&amp#27;[39m Setting device id to emulator-5554
[debug] &amp#27;[35m[AndroidDriver]&amp#27;[39m Not launching AVD because it is already running.
&amp#27;[35m[AndroidDriver]&amp#27;[39m Using device: emulator-5554
&amp#27;[35m[ADB]&amp#27;[39m Using 'adb.exe' from 'D:\TechSoftwares\AndroidSDK\platform-tools\adb.exe'
[debug] &amp#27;[35m[ADB]&amp#27;[39m Running 'D:\TechSoftwares\AndroidSDK\platform-tools\adb.exe -P 5037 start-server'
[debug] &amp#27;[35m[ADB]&amp#27;[39m Setting device id to emulator-5554
[debug] &amp#27;[35m[ADB]&amp#27;[39m Running 'D:\TechSoftwares\AndroidSDK\platform-tools\adb.exe -P 5037 -s emulator-5554 shell getprop ro.build.version.sdk'
[debug] &amp#27;[35m[ADB]&amp#27;[39m Current device property 'ro.build.version.sdk': 28
&amp#27;[35m[ADB]&amp#27;[39m Getting device platform version
[debug] &amp#27;[35m[ADB]&amp#27;[39m Running 'D:\TechSoftwares\AndroidSDK\platform-tools\adb.exe -P 5037 -s emulator-5554 shell getprop ro.build.version.release'
[debug] &amp#27;[35m[ADB]&amp#27;[39m Current device property 'ro.build.version.release': 9
[debug] &amp#27;[35m[ADB]&amp#27;[39m Device API level: 28
&amp#27;[35m[UiAutomator2]&amp#27;[39m Relaxing hidden api policy
[debug] &amp#27;[35m[ADB]&amp#27;[39m Running 'D:\TechSoftwares\AndroidSDK\platform-tools\adb.exe -P 5037 -s emulator-5554 shell 'settings put global hidden_api_policy_pre_p_apps 1;settings put global hidden_api_policy_p_apps 1;settings put global hidden_api_policy 1''
[debug] &amp#27;[35m[ADB]&amp#27;[39m Running 'D:\TechSoftwares\AndroidSDK\platform-tools\adb.exe -P 5037 -s emulator-5554 wait-for-device'
[debug] &amp#27;[35m[ADB]&amp#27;[39m Running 'D:\TechSoftwares\AndroidSDK\platform-tools\adb.exe -P 5037 -s emulator-5554 shell echo ping'
[debug] &amp#27;[35m[AndroidDriver]&amp#27;[39m Pushing settings apk to device...
[debug] &amp#27;[35m[ADB]&amp#27;[39m Getting install status for io.appium.settings
[debug] &amp#27;[35m[ADB]&amp#27;[39m Running 'D:\TechSoftwares\AndroidSDK\platform-tools\adb.exe -P 5037 -s emulator-5554 shell dumpsys package io.appium.settings'
[debug] &amp#27;[35m[ADB]&amp#27;[39m 'io.appium.settings' is installed
[debug] &amp#27;[35m[ADB]&amp#27;[39m Getting package info for 'io.appium.settings'
[debug] &amp#27;[35m[ADB]&amp#27;[39m Running 'D:\TechSoftwares\AndroidSDK\platform-tools\adb.exe -P 5037 -s emulator-5554 shell dumpsys package io.appium.settings'
[debug] &amp#27;[35m[ADB]&amp#27;[39m The version name of the installed 'io.appium.settings' is greater or equal to the application version name ('3.2.0' >= '3.2.0')
[debug] &amp#27;[35m[ADB]&amp#27;[39m There is no need to install/upgrade 'C:\Users\Medhansh\AppData\Roaming\npm\node_modules\appium\node_modules\io.appium.settings\apks\settings_apk-debug.apk'
[debug] &amp#27;[35m[ADB]&amp#27;[39m Getting IDs of all 'io.appium.settings' processes
[debug] &amp#27;[35m[ADB]&amp#27;[39m Running 'D:\TechSoftwares\AndroidSDK\platform-tools\adb.exe -P 5037 -s emulator-5554 shell 'pgrep --help; echo $?''
[debug] &amp#27;[35m[ADB]&amp#27;[39m Running 'D:\TechSoftwares\AndroidSDK\platform-tools\adb.exe -P 5037 -s emulator-5554 shell pgrep -f io\\.appium\\.settings'
[debug] &amp#27;[35m[ADB]&amp#27;[39m Getting IDs of all 'io.appium.settings' processes
[debug] &amp#27;[35m[ADB]&amp#27;[39m Running 'D:\TechSoftwares\AndroidSDK\platform-tools\adb.exe -P 5037 -s emulator-5554 shell pgrep -f io\\.appium\\.settings'
[debug] &amp#27;[35m[ADB]&amp#27;[39m Starting Appium Settings app
[debug] &amp#27;[35m[ADB]&amp#27;[39m Running 'D:\TechSoftwares\AndroidSDK\platform-tools\adb.exe -P 5037 -s emulator-5554 shell am start -n io.appium.settings/.Settings -a android.intent.action.MAIN -c android.intent.category.LAUNCHER'
[debug] &amp#27;[35m[ADB]&amp#27;[39m Getting IDs of all 'io.appium.settings' processes
[debug] &amp#27;[35m[ADB]&amp#27;[39m Running 'D:\TechSoftwares\AndroidSDK\platform-tools\adb.exe -P 5037 -s emulator-5554 shell pgrep -f io\\.appium\\.settings'
[debug] &amp#27;[35m[Logcat]&amp#27;[39m Starting logs capture with command: D:\\TechSoftwares\\AndroidSDK\\platform-tools\\adb.exe -P 5037 -s emulator-5554 logcat -v threadtime
[debug] &amp#27;[35m[UiAutomator2]&amp#27;[39m Forwarding UiAutomator2 Server port 6790 to 8200
[debug] &amp#27;[35m[ADB]&amp#27;[39m Forwarding system: 8200 to device: 6790
[debug] &amp#27;[35m[ADB]&amp#27;[39m Running 'D:\TechSoftwares\AndroidSDK\platform-tools\adb.exe -P 5037 -s emulator-5554 forward tcp\:8200 tcp\:6790'
[debug] &amp#27;[35m[ADB]&amp#27;[39m Getting install status for io.appium.uiautomator2.server
[debug] &amp#27;[35m[ADB]&amp#27;[39m Running 'D:\TechSoftwares\AndroidSDK\platform-tools\adb.exe -P 5037 -s emulator-5554 shell dumpsys package io.appium.uiautomator2.server'
[debug] &amp#27;[35m[ADB]&amp#27;[39m 'io.appium.uiautomator2.server' is installed
[debug] &amp#27;[35m[ADB]&amp#27;[39m Getting package info for 'io.appium.uiautomator2.server'
[debug] &amp#27;[35m[ADB]&amp#27;[39m Running 'D:\TechSoftwares\AndroidSDK\platform-tools\adb.exe -P 5037 -s emulator-5554 shell dumpsys package io.appium.uiautomator2.server'
[debug] &amp#27;[35m[ADB]&amp#27;[39m The version name of the installed 'io.appium.uiautomator2.server' is greater or equal to the application version name ('4.12.2' >= '4.12.2')
[debug] &amp#27;[35m[UiAutomator2]&amp#27;[39m io.appium.uiautomator2.server installation state: sameVersionInstalled
[debug] &amp#27;[35m[ADB]&amp#27;[39m Checking app cert for C:\Users\Medhansh\AppData\Roaming\npm\node_modules\appium\node_modules\appium-uiautomator2-server\apks\appium-uiautomator2-server-v4.12.2.apk
&amp#27;[35m[ADB]&amp#27;[39m Using 'apksigner.jar' from 'D:\TechSoftwares\AndroidSDK\build-tools\30.0.2\lib\apksigner.jar'
[debug] &amp#27;[35m[ADB]&amp#27;[39m Starting apksigner: D:\\jdk1.8\\bin\\java.exe -Xmx1024M -Xss1m -jar D:\\TechSoftwares\\AndroidSDK\\build-tools\\30.0.2\\lib\\apksigner.jar verify --print-certs C:\\Users\\Medhansh\\AppData\\Roaming\\npm\\node_modules\\appium\\node_modules\\appium-uiautomator2-server\\apks\\appium-uiautomator2-server-v4.12.2.apk
[debug] &amp#27;[35m[ADB]&amp#27;[39m apksigner stdout: Signer #1 certificate DN: EMAILADDRESS=android@android.com, CN=Android, OU=Android, O=Android, L=Mountain View, ST=California, C=US
[debug] &amp#27;[35m[ADB]&amp#27;[39m Signer #1 certificate SHA-256 digest: a40da80a59d170caa950cf15c18c454d47a39b26989d8b640ecd745ba71bf5dc
[debug] &amp#27;[35m[ADB]&amp#27;[39m Signer #1 certificate SHA-1 digest: 61ed377e85d386a8dfee6b864bd85b0bfaa5af81
[debug] &amp#27;[35m[ADB]&amp#27;[39m Signer #1 certificate MD5 digest: e89b158e4bcf988ebd09eb83f5378e87
[debug] &amp#27;[35m[ADB]&amp#27;[39m 
[debug] &amp#27;[35m[ADB]&amp#27;[39m 'C:\Users\Medhansh\AppData\Roaming\npm\node_modules\appium\node_modules\appium-uiautomator2-server\apks\appium-uiautomator2-server-v4.12.2.apk' is signed with the default certificate
[debug] &amp#27;[35m[ADB]&amp#27;[39m Getting install status for io.appium.uiautomator2.server.test
[debug] &amp#27;[35m[ADB]&amp#27;[39m Running 'D:\TechSoftwares\AndroidSDK\platform-tools\adb.exe -P 5037 -s emulator-5554 shell dumpsys package io.appium.uiautomator2.server.test'
[debug] &amp#27;[35m[ADB]&amp#27;[39m 'io.appium.uiautomator2.server.test' is installed
[debug] &amp#27;[35m[ADB]&amp#27;[39m Checking app cert for C:\Users\Medhansh\AppData\Roaming\npm\node_modules\appium\node_modules\appium-uiautomator2-server\apks\appium-uiautomator2-server-debug-androidTest.apk
[debug] &amp#27;[35m[ADB]&amp#27;[39m Starting apksigner: D:\\jdk1.8\\bin\\java.exe -Xmx1024M -Xss1m -jar D:\\TechSoftwares\\AndroidSDK\\build-tools\\30.0.2\\lib\\apksigner.jar verify --print-certs C:\\Users\\Medhansh\\AppData\\Roaming\\npm\\node_modules\\appium\\node_modules\\appium-uiautomator2-server\\apks\\appium-uiautomator2-server-debug-androidTest.apk
[debug] &amp#27;[35m[ADB]&amp#27;[39m apksigner stdout: Signer #1 certificate DN: EMAILADDRESS=android@android.com, CN=Android, OU=Android, O=Android, L=Mountain View, ST=California, C=US
[debug] &amp#27;[35m[ADB]&amp#27;[39m Signer #1 certificate SHA-256 digest: a40da80a59d170caa950cf15c18c454d47a39b26989d8b640ecd745ba71bf5dc
[debug] &amp#27;[35m[ADB]&amp#27;[39m Signer #1 certificate SHA-1 digest: 61ed377e85d386a8dfee6b864bd85b0bfaa5af81
[debug] &amp#27;[35m[ADB]&amp#27;[39m Signer #1 certificate MD5 digest: e89b158e4bcf988ebd09eb83f5378e87
[debug] &amp#27;[35m[ADB]&amp#27;[39m 
[debug] &amp#27;[35m[ADB]&amp#27;[39m 'C:\Users\Medhansh\AppData\Roaming\npm\node_modules\appium\node_modules\appium-uiautomator2-server\apks\appium-uiautomator2-server-debug-androidTest.apk' is signed with the default certificate
&amp#27;[35m[UiAutomator2]&amp#27;[39m Server packages are not going to be (re)installed
[debug] &amp#27;[35m[UiAutomator2]&amp#27;[39m Waiting up to 30000ms for services to be available
[debug] &amp#27;[35m[ADB]&amp#27;[39m Running 'D:\TechSoftwares\AndroidSDK\platform-tools\adb.exe -P 5037 -s emulator-5554 shell pm list instrumentation'
[debug] &amp#27;[35m[UiAutomator2]&amp#27;[39m Instrumentation target 'io.appium.uiautomator2.server.test/androidx.test.runner.AndroidJUnitRunner' is available
[debug] &amp#27;[35m[ADB]&amp#27;[39m Checking app cert for D:\TechPractice\Appium\FieldEngineerApp/Apks/FEApp.apk
[debug] &amp#27;[35m[ADB]&amp#27;[39m Starting apksigner: D:\\jdk1.8\\bin\\java.exe -Xmx1024M -Xss1m -jar D:\\TechSoftwares\\AndroidSDK\\build-tools\\30.0.2\\lib\\apksigner.jar verify --print-certs D:\\TechPractice\\Appium\\FieldEngineerApp/Apks/FEApp.apk
[debug] &amp#27;[35m[ADB]&amp#27;[39m apksigner stdout: Signer #1 certificate DN: C=US, O=Android, CN=Android Debug
[debug] &amp#27;[35m[ADB]&amp#27;[39m Signer #1 certificate SHA-256 digest: 3c46dd3f732dd2a86e23a902f413fe580567d53d375d3cbc0a0ae481625785aa
[debug] &amp#27;[35m[ADB]&amp#27;[39m Signer #1 certificate SHA-1 digest: cd7140b857eedd24f2a23512bc1b7f28fa8c5812
[debug] &amp#27;[35m[ADB]&amp#27;[39m Signer #1 certificate MD5 digest: daf2b28471cf5e67ee74247ef5b08da9
[debug] &amp#27;[35m[ADB]&amp#27;[39m 
[debug] &amp#27;[35m[ADB]&amp#27;[39m 'D:\TechPractice\Appium\FieldEngineerApp/Apks/FEApp.apk' is signed with a non-default certificate
[debug] &amp#27;[35m[ADB]&amp#27;[39m Getting install status for com.colt.coltengineering
[debug] &amp#27;[35m[ADB]&amp#27;[39m Running 'D:\TechSoftwares\AndroidSDK\platform-tools\adb.exe -P 5037 -s emulator-5554 shell dumpsys package com.colt.coltengineering'
[debug] &amp#27;[35m[ADB]&amp#27;[39m 'com.colt.coltengineering' is installed
[debug] &amp#27;[35m[ADB]&amp#27;[39m Getting package info for 'com.colt.coltengineering'
[debug] &amp#27;[35m[ADB]&amp#27;[39m Running 'D:\TechSoftwares\AndroidSDK\platform-tools\adb.exe -P 5037 -s emulator-5554 shell dumpsys package com.colt.coltengineering'
[debug] &amp#27;[35m[ADB]&amp#27;[39m The version name of the installed 'com.colt.coltengineering' is greater or equal to the application version name ('2.0.0' >= '2.0.0')
[debug] &amp#27;[35m[ADB]&amp#27;[39m There is no need to install/upgrade 'D:\TechPractice\Appium\FieldEngineerApp/Apks/FEApp.apk'
&amp#27;[35m[AndroidDriver]&amp#27;[39m Performing fast reset on 'com.colt.coltengineering'
[debug] &amp#27;[35m[ADB]&amp#27;[39m Getting install status for com.colt.coltengineering
[debug] &amp#27;[35m[ADB]&amp#27;[39m Running 'D:\TechSoftwares\AndroidSDK\platform-tools\adb.exe -P 5037 -s emulator-5554 shell dumpsys package com.colt.coltengineering'
[debug] &amp#27;[35m[ADB]&amp#27;[39m 'com.colt.coltengineering' is installed
[debug] &amp#27;[35m[ADB]&amp#27;[39m Running 'D:\TechSoftwares\AndroidSDK\platform-tools\adb.exe -P 5037 -s emulator-5554 shell am force-stop com.colt.coltengineering'
[debug] &amp#27;[35m[ADB]&amp#27;[39m Running 'D:\TechSoftwares\AndroidSDK\platform-tools\adb.exe -P 5037 -s emulator-5554 shell pm clear com.colt.coltengineering'
[debug] &amp#27;[35m[ADB]&amp#27;[39m Running 'D:\TechSoftwares\AndroidSDK\platform-tools\adb.exe -P 5037 -s emulator-5554 shell dumpsys package com.colt.coltengineering'
[debug] &amp#27;[35m[ADB]&amp#27;[39m Retrieving requested permissions
[debug] &amp#27;[35m[ADB]&amp#27;[39m Retrieved 18 permissions from requested group
[debug] &amp#27;[35m[ADB]&amp#27;[39m Retrieving granted permissions
[debug] &amp#27;[35m[ADB]&amp#27;[39m Retrieved 6 permissions from install,runtime groups
[debug] &amp#27;[35m[ADB]&amp#27;[39m Granting permissions ["android.permission.ACCESS_FINE_LOCATION","android.permission.ACCESS_COARSE_LOCATION","android.permission.WRITE_EXTERNAL_STORAGE","android.permission.READ_EXTERNAL_STORAGE","android.permission.CAMERA","android.permission.CALL_PHONE"] to 'com.colt.coltengineering'
[debug] &amp#27;[35m[ADB]&amp#27;[39m Got the following command chunks to execute: [["pm","grant","com.colt.coltengineering","android.permission.ACCESS_FINE_LOCATION",";","pm","grant","com.colt.coltengineering","android.permission.ACCESS_COARSE_LOCATION",";","pm","grant","com.colt.coltengineering","android.permission.WRITE_EXTERNAL_STORAGE",";","pm","grant","com.colt.coltengineering","android.permission.READ_EXTERNAL_STORAGE",";","pm","grant","com.colt.coltengineering","android.permission.CAMERA",";","pm","grant","com.colt.coltengineering","android.permission.CALL_PHONE",";"]]
[debug] &amp#27;[35m[ADB]&amp#27;[39m Running 'D:\TechSoftwares\AndroidSDK\platform-tools\adb.exe -P 5037 -s emulator-5554 shell pm grant com.colt.coltengineering android.permission.ACCESS_FINE_LOCATION \; pm grant com.colt.coltengineering android.permission.ACCESS_COARSE_LOCATION \; pm grant com.colt.coltengineering android.permission.WRITE_EXTERNAL_STORAGE \; pm grant com.colt.coltengineering android.permission.READ_EXTERNAL_STORAGE \; pm grant com.colt.coltengineering android.permission.CAMERA \; pm grant com.colt.coltengineering android.permission.CALL_PHONE \;'
[debug] &amp#27;[35m[AndroidDriver]&amp#27;[39m Performed fast reset on the installed 'com.colt.coltengineering' application (stop and clear)
[debug] &amp#27;[35m[UiAutomator2]&amp#27;[39m Performing shallow cleanup of automation leftovers
[debug] &amp#27;[35m[UiAutomator2]&amp#27;[39m No obsolete sessions have been detected (socket hang up)
[debug] &amp#27;[35m[ADB]&amp#27;[39m Running 'D:\TechSoftwares\AndroidSDK\platform-tools\adb.exe -P 5037 -s emulator-5554 shell am force-stop io.appium.uiautomator2.server.test'
&amp#27;[35m[UiAutomator2]&amp#27;[39m Starting UIAutomator2 server 4.12.2
&amp#27;[35m[UiAutomator2]&amp#27;[39m Using UIAutomator2 server from 'C:\Users\Medhansh\AppData\Roaming\npm\node_modules\appium\node_modules\appium-uiautomator2-server\apks\appium-uiautomator2-server-v4.12.2.apk' and test from 'C:\Users\Medhansh\AppData\Roaming\npm\node_modules\appium\node_modules\appium-uiautomator2-server\apks\appium-uiautomator2-server-debug-androidTest.apk'
&amp#27;[35m[UiAutomator2]&amp#27;[39m Waiting up to 30000ms for UiAutomator2 to be online...
[debug] &amp#27;[35m[ADB]&amp#27;[39m Creating ADB subprocess with args: ["-P",5037,"-s","emulator-5554","shell","am","instrument","-w","io.appium.uiautomator2.server.test/androidx.test.runner.AndroidJUnitRunner"]
[debug] &amp#27;[35m[WD Proxy]&amp#27;[39m Matched '/status' to command name 'getStatus'
[debug] &amp#27;[35m[WD Proxy]&amp#27;[39m Proxying [GET /status] to [GET http://127.0.0.1:8200/wd/hub/status] with no body
&amp#27;[35m[WD Proxy]&amp#27;[39m socket hang up
[debug] &amp#27;[35m[WD Proxy]&amp#27;[39m Matched '/status' to command name 'getStatus'
[debug] &amp#27;[35m[WD Proxy]&amp#27;[39m Proxying [GET /status] to [GET http://127.0.0.1:8200/wd/hub/status] with no body
&amp#27;[35m[WD Proxy]&amp#27;[39m socket hang up
[debug] &amp#27;[35m[Instrumentation]&amp#27;[39m io.appium.uiautomator2.server.test.AppiumUiAutomator2Server:
[debug] &amp#27;[35m[WD Proxy]&amp#27;[39m Matched '/status' to command name 'getStatus'
[debug] &amp#27;[35m[WD Proxy]&amp#27;[39m Proxying [GET /status] to [GET http://127.0.0.1:8200/wd/hub/status] with no body
&amp#27;[35m[WD Proxy]&amp#27;[39m socket hang up
[debug] &amp#27;[35m[WD Proxy]&amp#27;[39m Matched '/status' to command name 'getStatus'
[debug] &amp#27;[35m[WD Proxy]&amp#27;[39m Proxying [GET /status] to [GET http://127.0.0.1:8200/wd/hub/status] with no body
&amp#27;[35m[WD Proxy]&amp#27;[39m socket hang up
[debug] &amp#27;[35m[WD Proxy]&amp#27;[39m Matched '/status' to command name 'getStatus'
[debug] &amp#27;[35m[WD Proxy]&amp#27;[39m Proxying [GET /status] to [GET http://127.0.0.1:8200/wd/hub/status] with no body
[debug] &amp#27;[35m[WD Proxy]&amp#27;[39m Got response with status 200: {"sessionId":"None","value":{"message":"UiAutomator2 Server is ready to accept commands","ready":true}}
[debug] &amp#27;[35m[UiAutomator2]&amp#27;[39m The initialization of the instrumentation process took 5249ms
[debug] &amp#27;[35m[WD Proxy]&amp#27;[39m Matched '/session' to command name 'createSession'
[debug] &amp#27;[35m[WD Proxy]&amp#27;[39m Proxying [POST /session] to [POST http://127.0.0.1:8200/wd/hub/session] with body: {"capabilities":{"firstMatch":[{"platform":"LINUX","webStorageEnabled":false,"takesScreenshot":true,"javascriptEnabled":true,"databaseEnabled":false,"networkConnectionEnabled":true,"locationContextEnabled":false,"warnings":{},"desired":{"platformName":"android","app":"D:\\TechPractice\\Appium\\FieldEngineerApp/Apks/FEApp.apk","appActivity":"com.colt.coltengineering.screen.SplashActivity","appPackage":"com.colt.coltengineering","autoGrantPermissions":true,"automationName":"uiautomator2","avd":"Pixel2","deviceName":"pixel2"},"platformName":"android","app":"D:\\TechPractice\\Appium\\FieldEngineerApp/Apks/FEApp.apk","appActivity":"com.colt.coltengineering.screen.SplashActivity","appPackage":"com.colt.coltengineering","autoGrantPermissions":true,"automationName":"uiautomator2","avd":"Pixel2","deviceName":"emulator-5554","deviceUDID":"emulator-5554"}],"alwaysMatch":{}}}
[debug] &amp#27;[35m[WD Proxy]&amp#27;[39m Got response with status 200: {"sessionId":"7146ef62-f611-48ab-a2ed-1507d9a2e4f7","value":{"capabilities":{"firstMatch":[{"platform":"LINUX","webStorageEnabled":false,"takesScreenshot":true,"javascriptEnabled":true,"databaseEnabled":false,"networkConnectionEnabled":true,"locationContextEnabled":false,"warnings":{},"desired":{"platformName":"android","app":"D:\\TechPractice\\Appium\\FieldEngineerApp/Apks/FEApp.apk","appActivity":"com.colt.coltengineering.screen.SplashActivity","appPackage":"com.colt.coltengineering","autoGrantPermissions":true,"automationName":"uiautomator2","avd":"Pixel2","deviceName":"pixel2"},"platformName":"android","app":"D:\\TechPractice\\Appium\\FieldEngineerApp/Apks/FEApp.apk","appActivity":"com.colt.coltengineering.screen.SplashActivity","appPackage":"com.colt.coltengineering","autoGrantPermissions":true,"automationName":"uiautomator2","avd":"Pixel2","deviceName":"emulator-5554","deviceUDID":"emulator-5554"}],"alwaysMatch":{}},"sessionId":"7146ef62-f611-48ab-a2ed-1507d9a2e4f7"}}
&amp#27;[35m[WD Proxy]&amp#27;[39m Determined the downstream protocol as 'W3C'
[debug] &amp#27;[35m[WD Proxy]&amp#27;[39m Proxying [GET /appium/device/info] to [GET http://127.0.0.1:8200/wd/hub/session/7146ef62-f611-48ab-a2ed-1507d9a2e4f7/appium/device/info] with no body
[debug] &amp#27;[35m[WD Proxy]&amp#27;[39m Got response with status 200: {"sessionId":"7146ef62-f611-48ab-a2ed-1507d9a2e4f7","value":{"androidId":"e45960c38005a994","apiVersion":"28","bluetooth":null,"brand":"google","carrierName":"Android","displayDensity":420,"locale":"en_US","manufacturer":"Google","model":"AOSP on IA Emulator","networks":[{"capabilities":{"SSID":null,"linkDownBandwidthKbps":102400,"linkUpstreamBandwidthKbps":51200,"networkCapabilities":"NET_CAPABILITY_MMS,NET_CAPABILITY_SUPL,NET_CAPABILITY_DUN,NET_CAPABILITY_FOTA,NET_CAPABILITY_IMS,NET_CAPABILITY_CBS,NET_CAPABILITY_IA,NET_CAPABILITY_INTERNET,NET_CAPABILITY_NOT_RESTRICTED,NET_CAPABILITY_TRUSTED,NET_CAPABILITY_NOT_VPN,NET_CAPABILITY_VALIDATED,NET_CAPABILITY_NOT_ROAMING,NET_CAPABILITY_FOREGROUND,NET_CAPABILITY_NOT_CONGESTED,NET_CAPABILITY_NOT_SUSPENDED","signalStrength":-2147483648,"transportTypes":"TRANSPORT_CELLULAR"},"detailedState":"CONNECTED","extraInfo":"epc.tmobile.com","isAvailable":true,"isConnected":true,"isFailover":false,"isRoaming":false,"state":"CONNECTED","subtype":13,"subtypeName":"LTE","type":...
[debug] &amp#27;[35m[ADB]&amp#27;[39m Running 'D:\TechSoftwares\AndroidSDK\platform-tools\adb.exe -P 5037 -s emulator-5554 shell dumpsys window'
&amp#27;[35m[AndroidDriver]&amp#27;[39m Screen already unlocked, doing nothing
&amp#27;[35m[UiAutomator2]&amp#27;[39m Starting 'com.colt.coltengineering/com.colt.coltengineering.screen.SplashActivity and waiting for 'com.colt.coltengineering/com.colt.coltengineering.screen.SplashActivity'
[debug] &amp#27;[35m[ADB]&amp#27;[39m Running 'D:\TechSoftwares\AndroidSDK\platform-tools\adb.exe -P 5037 -s emulator-5554 shell am start -W -n com.colt.coltengineering/com.colt.coltengineering.screen.SplashActivity -S -a android.intent.action.MAIN -c android.intent.category.LAUNCHER -f 0x10200000'
[debug] &amp#27;[35m[WD Proxy]&amp#27;[39m Proxying [GET /appium/device/pixel_ratio] to [GET http://127.0.0.1:8200/wd/hub/session/7146ef62-f611-48ab-a2ed-1507d9a2e4f7/appium/device/pixel_ratio] with no body
[debug] &amp#27;[35m[WD Proxy]&amp#27;[39m Got response with status 200: {"sessionId":"7146ef62-f611-48ab-a2ed-1507d9a2e4f7","value":2.625}
[debug] &amp#27;[35m[WD Proxy]&amp#27;[39m Matched '/appium/device/system_bars' to command name 'getSystemBars'
[debug] &amp#27;[35m[WD Proxy]&amp#27;[39m Proxying [GET /appium/device/system_bars] to [GET http://127.0.0.1:8200/wd/hub/session/7146ef62-f611-48ab-a2ed-1507d9a2e4f7/appium/device/system_bars] with no body
[debug] &amp#27;[35m[WD Proxy]&amp#27;[39m Got response with status 200: {"sessionId":"7146ef62-f611-48ab-a2ed-1507d9a2e4f7","value":{"statusBar":63}}
[debug] &amp#27;[35m[WD Proxy]&amp#27;[39m Matched '/window/current/size' to command name 'getWindowSize'
[debug] &amp#27;[35m[WD Proxy]&amp#27;[39m Proxying [GET /window/current/size] to [GET http://127.0.0.1:8200/wd/hub/session/7146ef62-f611-48ab-a2ed-1507d9a2e4f7/window/current/size] with no body
[debug] &amp#27;[35m[WD Proxy]&amp#27;[39m Got response with status 200: {"sessionId":"7146ef62-f611-48ab-a2ed-1507d9a2e4f7","value":{"height":1794,"width":1080}}
&amp#27;[35m[Appium]&amp#27;[39m New AndroidUiautomator2Driver session created successfully, session bae0206e-2f95-405f-8607-7d8e4ef92dcd added to master session list
[debug] &amp#27;[35m[BaseDriver]&amp#27;[39m Event 'newSessionStarted' logged at 1604381187463 (10:56:27 GMT+0530 (India Standard Time))
[debug] &amp#27;[35m[W3C (bae0206e)]&amp#27;[39m Cached the protocol value 'W3C' for the new session bae0206e-2f95-405f-8607-7d8e4ef92dcd
[debug] &amp#27;[35m[W3C (bae0206e)]&amp#27;[39m Responding to client with driver.createSession() result: {"capabilities":{"platform":"LINUX","webStorageEnabled":false,"takesScreenshot":true,"javascriptEnabled":true,"databaseEnabled":false,"networkConnectionEnabled":true,"locationContextEnabled":false,"warnings":{},"desired":{"platformName":"android","app":"D:\\TechPractice\\Appium\\FieldEngineerApp/Apks/FEApp.apk","appActivity":"com.colt.coltengineering.screen.SplashActivity","appPackage":"com.colt.coltengineering","autoGrantPermissions":true,"automationName":"uiautomator2","avd":"Pixel2","deviceName":"pixel2"},"platformName":"android","app":"D:\\TechPractice\\Appium\\FieldEngineerApp/Apks/FEApp.apk","appActivity":"com.colt.coltengineering.screen.SplashActivity","appPackage":"com.colt.coltengineering","autoGrantPermissions":true,"automationName":"uiautomator2","avd":"Pixel2","deviceName":"emulator-5554","deviceUDID":"emulator-5554","deviceApiLevel":28,"platformVersion":"9","deviceScreenSize":"1080x1920","deviceScreenDensity":420,"deviceModel":"AOSP on IA Emulator","deviceManufacturer":"Google","pixelRatio":2....
&amp#27;[35m[HTTP]&amp#27;[39m &amp#27;[37m<-- POST /wd/hub/session &amp#27;[39m&amp#27;[32m200&amp#27;[39m &amp#27;[90m19191 ms - 1168&amp#27;[39m
&amp#27;[35m[HTTP]&amp#27;[39m &amp#27;[90m&amp#27;[39m
&amp#27;[35m[HTTP]&amp#27;[39m &amp#27;[37m-->&amp#27;[39m &amp#27;[37mPOST&amp#27;[39m &amp#27;[37m/wd/hub/session/bae0206e-2f95-405f-8607-7d8e4ef92dcd/timeouts&amp#27;[39m
&amp#27;[35m[HTTP]&amp#27;[39m &amp#27;[90m{"implicit":30000}&amp#27;[39m
[debug] &amp#27;[35m[W3C (bae0206e)]&amp#27;[39m Calling AppiumDriver.timeouts() with args: [null,null,null,null,30000,"bae0206e-2f95-405f-8607-7d8e4ef92dcd"]
[debug] &amp#27;[35m[BaseDriver]&amp#27;[39m W3C timeout argument: {"implicit":30000}}
[debug] &amp#27;[35m[BaseDriver]&amp#27;[39m Set implicit wait to 30000ms
[debug] &amp#27;[35m[W3C (bae0206e)]&amp#27;[39m Responding to client with driver.timeouts() result: null
&amp#27;[35m[HTTP]&amp#27;[39m &amp#27;[37m<-- POST /wd/hub/session/bae0206e-2f95-405f-8607-7d8e4ef92dcd/timeouts &amp#27;[39m&amp#27;[32m200&amp#27;[39m &amp#27;[90m9 ms - 14&amp#27;[39m
&amp#27;[35m[HTTP]&amp#27;[39m &amp#27;[90m&amp#27;[39m
&amp#27;[35m[HTTP]&amp#27;[39m &amp#27;[37m-->&amp#27;[39m &amp#27;[37mGET&amp#27;[39m &amp#27;[37m/wd/hub/session/bae0206e-2f95-405f-8607-7d8e4ef92dcd/context&amp#27;[39m
&amp#27;[35m[HTTP]&amp#27;[39m &amp#27;[90m{}&amp#27;[39m
[debug] &amp#27;[35m[W3C (bae0206e)]&amp#27;[39m Calling AppiumDriver.getCurrentContext() with args: ["bae0206e-2f95-405f-8607-7d8e4ef92dcd"]
[debug] &amp#27;[35m[W3C (bae0206e)]&amp#27;[39m Responding to client with driver.getCurrentContext() result: "NATIVE_APP"
&amp#27;[35m[HTTP]&amp#27;[39m &amp#27;[37m<-- GET /wd/hub/session/bae0206e-2f95-405f-8607-7d8e4ef92dcd/context &amp#27;[39m&amp#27;[32m200&amp#27;[39m &amp#27;[90m11 ms - 22&amp#27;[39m
&amp#27;[35m[HTTP]&amp#27;[39m &amp#27;[90m&amp#27;[39m
&amp#27;[35m[HTTP]&amp#27;[39m &amp#27;[37m-->&amp#27;[39m &amp#27;[37mPOST&amp#27;[39m &amp#27;[37m/wd/hub/session/bae0206e-2f95-405f-8607-7d8e4ef92dcd/element&amp#27;[39m
&amp#27;[35m[HTTP]&amp#27;[39m &amp#27;[90m{"using":"-android uiautomator","value":"text(\"User ID\")"}&amp#27;[39m
[debug] &amp#27;[35m[W3C (bae0206e)]&amp#27;[39m Calling AppiumDriver.findElement() with args: ["-android uiautomator","text(\"User ID\")","bae0206e-2f95-405f-8607-7d8e4ef92dcd"]
[debug] &amp#27;[35m[BaseDriver]&amp#27;[39m Valid locator strategies for this request: xpath, id, class name, accessibility id, -android uiautomator
[debug] &amp#27;[35m[BaseDriver]&amp#27;[39m Waiting up to 30000 ms for condition
[debug] &amp#27;[35m[WD Proxy]&amp#27;[39m Matched '/element' to command name 'findElement'
[debug] &amp#27;[35m[WD Proxy]&amp#27;[39m Proxying [POST /element] to [POST http://127.0.0.1:8200/wd/hub/session/7146ef62-f611-48ab-a2ed-1507d9a2e4f7/element] with body: {"strategy":"-android uiautomator","selector":"text(\"User ID\")","context":"","multiple":false}
[debug] &amp#27;[35m[WD Proxy]&amp#27;[39m Got response with status 200: {"sessionId":"7146ef62-f611-48ab-a2ed-1507d9a2e4f7","value":{"ELEMENT":"1d378d32-2523-41ce-9ddc-45ad1163c187","element-6066-11e4-a52e-4f735466cecf":"1d378d32-2523-41ce-9ddc-45ad1163c187"}}
[debug] &amp#27;[35m[W3C (bae0206e)]&amp#27;[39m Responding to client with driver.findElement() result: {"element-6066-11e4-a52e-4f735466cecf":"1d378d32-2523-41ce-9ddc-45ad1163c187","ELEMENT":"1d378d32-2523-41ce-9ddc-45ad1163c187"}
&amp#27;[35m[HTTP]&amp#27;[39m &amp#27;[37m<-- POST /wd/hub/session/bae0206e-2f95-405f-8607-7d8e4ef92dcd/element &amp#27;[39m&amp#27;[32m200&amp#27;[39m &amp#27;[90m1018 ms - 137&amp#27;[39m
&amp#27;[35m[HTTP]&amp#27;[39m &amp#27;[90m&amp#27;[39m
&amp#27;[35m[HTTP]&amp#27;[39m &amp#27;[37m-->&amp#27;[39m &amp#27;[37mPOST&amp#27;[39m &amp#27;[37m/wd/hub/session/bae0206e-2f95-405f-8607-7d8e4ef92dcd/element/1d378d32-2523-41ce-9ddc-45ad1163c187/value&amp#27;[39m
&amp#27;[35m[HTTP]&amp#27;[39m &amp#27;[90m{"id":"1d378d32-2523-41ce-9ddc-45ad1163c187","text":"coltonlinedcp","value":["c","o","l","t","o","n","l","i","n","e","d","c","p"]}&amp#27;[39m
[debug] &amp#27;[35m[W3C (bae0206e)]&amp#27;[39m Calling AppiumDriver.setValue() with args: [["c","o","l","t","o","n","l","i","n","e","d","c","p"],"1d378d32-2523-41ce-9ddc-45ad1163c187","bae0206e-2f95-405f-8607-7d8e4ef92dcd"]
[debug] &amp#27;[35m[WD Proxy]&amp#27;[39m Matched '/element/1d378d32-2523-41ce-9ddc-45ad1163c187/value' to command name 'setValue'
[debug] &amp#27;[35m[Protocol Converter]&amp#27;[39m Added 'value' property ["c","o","l","t","o","n","l","i","n","e","d","c","p"] to 'setValue' request body
[debug] &amp#27;[35m[WD Proxy]&amp#27;[39m Proxying [POST /element/1d378d32-2523-41ce-9ddc-45ad1163c187/value] to [POST http://127.0.0.1:8200/wd/hub/session/7146ef62-f611-48ab-a2ed-1507d9a2e4f7/element/1d378d32-2523-41ce-9ddc-45ad1163c187/value] with body: {"elementId":"1d378d32-2523-41ce-9ddc-45ad1163c187","text":"coltonlinedcp","replace":false,"value":["c","o","l","t","o","n","l","i","n","e","d","c","p"]}
[debug] &amp#27;[35m[WD Proxy]&amp#27;[39m Got response with status 200: {"sessionId":"7146ef62-f611-48ab-a2ed-1507d9a2e4f7","value":null}
[debug] &amp#27;[35m[W3C (bae0206e)]&amp#27;[39m Responding to client with driver.setValue() result: null
&amp#27;[35m[HTTP]&amp#27;[39m &amp#27;[37m<-- POST /wd/hub/session/bae0206e-2f95-405f-8607-7d8e4ef92dcd/element/1d378d32-2523-41ce-9ddc-45ad1163c187/value &amp#27;[39m&amp#27;[32m200&amp#27;[39m &amp#27;[90m696 ms - 14&amp#27;[39m
&amp#27;[35m[HTTP]&amp#27;[39m &amp#27;[90m&amp#27;[39m
&amp#27;[35m[HTTP]&amp#27;[39m &amp#27;[37m-->&amp#27;[39m &amp#27;[37mGET&amp#27;[39m &amp#27;[37m/wd/hub/session/bae0206e-2f95-405f-8607-7d8e4ef92dcd/context&amp#27;[39m
&amp#27;[35m[HTTP]&amp#27;[39m &amp#27;[90m{}&amp#27;[39m
[debug] &amp#27;[35m[W3C (bae0206e)]&amp#27;[39m Calling AppiumDriver.getCurrentContext() with args: ["bae0206e-2f95-405f-8607-7d8e4ef92dcd"]
[debug] &amp#27;[35m[W3C (bae0206e)]&amp#27;[39m Responding to client with driver.getCurrentContext() result: "NATIVE_APP"
&amp#27;[35m[HTTP]&amp#27;[39m &amp#27;[37m<-- GET /wd/hub/session/bae0206e-2f95-405f-8607-7d8e4ef92dcd/context &amp#27;[39m&amp#27;[32m200&amp#27;[39m &amp#27;[90m5 ms - 22&amp#27;[39m
&amp#27;[35m[HTTP]&amp#27;[39m &amp#27;[90m&amp#27;[39m
&amp#27;[35m[HTTP]&amp#27;[39m &amp#27;[37m-->&amp#27;[39m &amp#27;[37mPOST&amp#27;[39m &amp#27;[37m/wd/hub/session/bae0206e-2f95-405f-8607-7d8e4ef92dcd/element&amp#27;[39m
&amp#27;[35m[HTTP]&amp#27;[39m &amp#27;[90m{"using":"-android uiautomator","value":"text(\"Password\")"}&amp#27;[39m
[debug] &amp#27;[35m[W3C (bae0206e)]&amp#27;[39m Calling AppiumDriver.findElement() with args: ["-android uiautomator","text(\"Password\")","bae0206e-2f95-405f-8607-7d8e4ef92dcd"]
[debug] &amp#27;[35m[BaseDriver]&amp#27;[39m Valid locator strategies for this request: xpath, id, class name, accessibility id, -android uiautomator
[debug] &amp#27;[35m[BaseDriver]&amp#27;[39m Waiting up to 30000 ms for condition
[debug] &amp#27;[35m[WD Proxy]&amp#27;[39m Matched '/element' to command name 'findElement'
[debug] &amp#27;[35m[WD Proxy]&amp#27;[39m Proxying [POST /element] to [POST http://127.0.0.1:8200/wd/hub/session/7146ef62-f611-48ab-a2ed-1507d9a2e4f7/element] with body: {"strategy":"-android uiautomator","selector":"text(\"Password\")","context":"","multiple":false}
[debug] &amp#27;[35m[WD Proxy]&amp#27;[39m Got response with status 200: {"sessionId":"7146ef62-f611-48ab-a2ed-1507d9a2e4f7","value":{"ELEMENT":"828b7e6e-c34f-45c7-981d-7cfea00e14ba","element-6066-11e4-a52e-4f735466cecf":"828b7e6e-c34f-45c7-981d-7cfea00e14ba"}}
[debug] &amp#27;[35m[W3C (bae0206e)]&amp#27;[39m Responding to client with driver.findElement() result: {"element-6066-11e4-a52e-4f735466cecf":"828b7e6e-c34f-45c7-981d-7cfea00e14ba","ELEMENT":"828b7e6e-c34f-45c7-981d-7cfea00e14ba"}
&amp#27;[35m[HTTP]&amp#27;[39m &amp#27;[37m<-- POST /wd/hub/session/bae0206e-2f95-405f-8607-7d8e4ef92dcd/element &amp#27;[39m&amp#27;[32m200&amp#27;[39m &amp#27;[90m524 ms - 137&amp#27;[39m
&amp#27;[35m[HTTP]&amp#27;[39m &amp#27;[90m&amp#27;[39m
&amp#27;[35m[HTTP]&amp#27;[39m &amp#27;[37m-->&amp#27;[39m &amp#27;[37mPOST&amp#27;[39m &amp#27;[37m/wd/hub/session/bae0206e-2f95-405f-8607-7d8e4ef92dcd/element/828b7e6e-c34f-45c7-981d-7cfea00e14ba/value&amp#27;[39m
&amp#27;[35m[HTTP]&amp#27;[39m &amp#27;[90m{"id":"828b7e6e-c34f-45c7-981d-7cfea00e14ba","text":"Colt@1234","value":["C","o","l","t","@","1","2","3","4"]}&amp#27;[39m
[debug] &amp#27;[35m[W3C (bae0206e)]&amp#27;[39m Calling AppiumDriver.setValue() with args: [["C","o","l","t","@","1","2","3","4"],"828b7e6e-c34f-45c7-981d-7cfea00e14ba","bae0206e-2f95-405f-8607-7d8e4ef92dcd"]
[debug] &amp#27;[35m[WD Proxy]&amp#27;[39m Matched '/element/828b7e6e-c34f-45c7-981d-7cfea00e14ba/value' to command name 'setValue'
[debug] &amp#27;[35m[Protocol Converter]&amp#27;[39m Added 'value' property ["C","o","l","t","@","1","2","3","4"] to 'setValue' request body
[debug] &amp#27;[35m[WD Proxy]&amp#27;[39m Proxying [POST /element/828b7e6e-c34f-45c7-981d-7cfea00e14ba/value] to [POST http://127.0.0.1:8200/wd/hub/session/7146ef62-f611-48ab-a2ed-1507d9a2e4f7/element/828b7e6e-c34f-45c7-981d-7cfea00e14ba/value] with body: {"elementId":"828b7e6e-c34f-45c7-981d-7cfea00e14ba","text":"Colt@1234","replace":false,"value":["C","o","l","t","@","1","2","3","4"]}
[debug] &amp#27;[35m[WD Proxy]&amp#27;[39m Got response with status 200: {"sessionId":"7146ef62-f611-48ab-a2ed-1507d9a2e4f7","value":null}
[debug] &amp#27;[35m[W3C (bae0206e)]&amp#27;[39m Responding to client with driver.setValue() result: null
&amp#27;[35m[HTTP]&amp#27;[39m &amp#27;[37m<-- POST /wd/hub/session/bae0206e-2f95-405f-8607-7d8e4ef92dcd/element/828b7e6e-c34f-45c7-981d-7cfea00e14ba/value &amp#27;[39m&amp#27;[32m200&amp#27;[39m &amp#27;[90m894 ms - 14&amp#27;[39m
&amp#27;[35m[HTTP]&amp#27;[39m &amp#27;[90m&amp#27;[39m
&amp#27;[35m[HTTP]&amp#27;[39m &amp#27;[37m-->&amp#27;[39m &amp#27;[37mGET&amp#27;[39m &amp#27;[37m/wd/hub/session/bae0206e-2f95-405f-8607-7d8e4ef92dcd/context&amp#27;[39m
&amp#27;[35m[HTTP]&amp#27;[39m &amp#27;[90m{}&amp#27;[39m
[debug] &amp#27;[35m[W3C (bae0206e)]&amp#27;[39m Calling AppiumDriver.getCurrentContext() with args: ["bae0206e-2f95-405f-8607-7d8e4ef92dcd"]
[debug] &amp#27;[35m[W3C (bae0206e)]&amp#27;[39m Responding to client with driver.getCurrentContext() result: "NATIVE_APP"
&amp#27;[35m[HTTP]&amp#27;[39m &amp#27;[37m<-- GET /wd/hub/session/bae0206e-2f95-405f-8607-7d8e4ef92dcd/context &amp#27;[39m&amp#27;[32m200&amp#27;[39m &amp#27;[90m2 ms - 22&amp#27;[39m
&amp#27;[35m[HTTP]&amp#27;[39m &amp#27;[90m&amp#27;[39m
&amp#27;[35m[HTTP]&amp#27;[39m &amp#27;[37m-->&amp#27;[39m &amp#27;[37mPOST&amp#27;[39m &amp#27;[37m/wd/hub/session/bae0206e-2f95-405f-8607-7d8e4ef92dcd/element&amp#27;[39m
&amp#27;[35m[HTTP]&amp#27;[39m &amp#27;[90m{"using":"-android uiautomator","value":"text(\"Remember me\")"}&amp#27;[39m
[debug] &amp#27;[35m[W3C (bae0206e)]&amp#27;[39m Calling AppiumDriver.findElement() with args: ["-android uiautomator","text(\"Remember me\")","bae0206e-2f95-405f-8607-7d8e4ef92dcd"]
[debug] &amp#27;[35m[BaseDriver]&amp#27;[39m Valid locator strategies for this request: xpath, id, class name, accessibility id, -android uiautomator
[debug] &amp#27;[35m[BaseDriver]&amp#27;[39m Waiting up to 30000 ms for condition
[debug] &amp#27;[35m[WD Proxy]&amp#27;[39m Matched '/element' to command name 'findElement'
[debug] &amp#27;[35m[WD Proxy]&amp#27;[39m Proxying [POST /element] to [POST http://127.0.0.1:8200/wd/hub/session/7146ef62-f611-48ab-a2ed-1507d9a2e4f7/element] with body: {"strategy":"-android uiautomator","selector":"text(\"Remember me\")","context":"","multiple":false}
[debug] &amp#27;[35m[WD Proxy]&amp#27;[39m Got response with status 200: {"sessionId":"7146ef62-f611-48ab-a2ed-1507d9a2e4f7","value":{"ELEMENT":"175815ea-9420-4be5-a539-0c2967a46627","element-6066-11e4-a52e-4f735466cecf":"175815ea-9420-4be5-a539-0c2967a46627"}}
[debug] &amp#27;[35m[W3C (bae0206e)]&amp#27;[39m Responding to client with driver.findElement() result: {"element-6066-11e4-a52e-4f735466cecf":"175815ea-9420-4be5-a539-0c2967a46627","ELEMENT":"175815ea-9420-4be5-a539-0c2967a46627"}
&amp#27;[35m[HTTP]&amp#27;[39m &amp#27;[37m<-- POST /wd/hub/session/bae0206e-2f95-405f-8607-7d8e4ef92dcd/element &amp#27;[39m&amp#27;[32m200&amp#27;[39m &amp#27;[90m493 ms - 137&amp#27;[39m
&amp#27;[35m[HTTP]&amp#27;[39m &amp#27;[90m&amp#27;[39m
&amp#27;[35m[HTTP]&amp#27;[39m &amp#27;[37m-->&amp#27;[39m &amp#27;[37mPOST&amp#27;[39m &amp#27;[37m/wd/hub/session/bae0206e-2f95-405f-8607-7d8e4ef92dcd/element/175815ea-9420-4be5-a539-0c2967a46627/click&amp#27;[39m
&amp#27;[35m[HTTP]&amp#27;[39m &amp#27;[90m{"id":"175815ea-9420-4be5-a539-0c2967a46627"}&amp#27;[39m
[debug] &amp#27;[35m[W3C (bae0206e)]&amp#27;[39m Calling AppiumDriver.click() with args: ["175815ea-9420-4be5-a539-0c2967a46627","bae0206e-2f95-405f-8607-7d8e4ef92dcd"]
[debug] &amp#27;[35m[WD Proxy]&amp#27;[39m Matched '/element/175815ea-9420-4be5-a539-0c2967a46627/click' to command name 'click'
[debug] &amp#27;[35m[WD Proxy]&amp#27;[39m Proxying [POST /element/175815ea-9420-4be5-a539-0c2967a46627/click] to [POST http://127.0.0.1:8200/wd/hub/session/7146ef62-f611-48ab-a2ed-1507d9a2e4f7/element/175815ea-9420-4be5-a539-0c2967a46627/click] with body: {"element":"175815ea-9420-4be5-a539-0c2967a46627"}
[debug] &amp#27;[35m[WD Proxy]&amp#27;[39m Got response with status 200: {"sessionId":"7146ef62-f611-48ab-a2ed-1507d9a2e4f7","value":null}
[debug] &amp#27;[35m[W3C (bae0206e)]&amp#27;[39m Responding to client with driver.click() result: null
&amp#27;[35m[HTTP]&amp#27;[39m &amp#27;[37m<-- POST /wd/hub/session/bae0206e-2f95-405f-8607-7d8e4ef92dcd/element/175815ea-9420-4be5-a539-0c2967a46627/click &amp#27;[39m&amp#27;[32m200&amp#27;[39m &amp#27;[90m686 ms - 14&amp#27;[39m
&amp#27;[35m[HTTP]&amp#27;[39m &amp#27;[90m&amp#27;[39m
&amp#27;[35m[HTTP]&amp#27;[39m &amp#27;[37m-->&amp#27;[39m &amp#27;[37mGET&amp#27;[39m &amp#27;[37m/wd/hub/session/bae0206e-2f95-405f-8607-7d8e4ef92dcd/context&amp#27;[39m
&amp#27;[35m[HTTP]&amp#27;[39m &amp#27;[90m{}&amp#27;[39m
[debug] &amp#27;[35m[W3C (bae0206e)]&amp#27;[39m Calling AppiumDriver.getCurrentContext() with args: ["bae0206e-2f95-405f-8607-7d8e4ef92dcd"]
[debug] &amp#27;[35m[W3C (bae0206e)]&amp#27;[39m Responding to client with driver.getCurrentContext() result: "NATIVE_APP"
&amp#27;[35m[HTTP]&amp#27;[39m &amp#27;[37m<-- GET /wd/hub/session/bae0206e-2f95-405f-8607-7d8e4ef92dcd/context &amp#27;[39m&amp#27;[32m200&amp#27;[39m &amp#27;[90m2 ms - 22&amp#27;[39m
&amp#27;[35m[HTTP]&amp#27;[39m &amp#27;[90m&amp#27;[39m
&amp#27;[35m[HTTP]&amp#27;[39m &amp#27;[37m-->&amp#27;[39m &amp#27;[37mPOST&amp#27;[39m &amp#27;[37m/wd/hub/session/bae0206e-2f95-405f-8607-7d8e4ef92dcd/element&amp#27;[39m
&amp#27;[35m[HTTP]&amp#27;[39m &amp#27;[90m{"using":"-android uiautomator","value":"text(\"Login\")"}&amp#27;[39m
[debug] &amp#27;[35m[W3C (bae0206e)]&amp#27;[39m Calling AppiumDriver.findElement() with args: ["-android uiautomator","text(\"Login\")","bae0206e-2f95-405f-8607-7d8e4ef92dcd"]
[debug] &amp#27;[35m[BaseDriver]&amp#27;[39m Valid locator strategies for this request: xpath, id, class name, accessibility id, -android uiautomator
[debug] &amp#27;[35m[BaseDriver]&amp#27;[39m Waiting up to 30000 ms for condition
[debug] &amp#27;[35m[WD Proxy]&amp#27;[39m Matched '/element' to command name 'findElement'
[debug] &amp#27;[35m[WD Proxy]&amp#27;[39m Proxying [POST /element] to [POST http://127.0.0.1:8200/wd/hub/session/7146ef62-f611-48ab-a2ed-1507d9a2e4f7/element] with body: {"strategy":"-android uiautomator","selector":"text(\"Login\")","context":"","multiple":false}
[debug] &amp#27;[35m[WD Proxy]&amp#27;[39m Got response with status 200: {"sessionId":"7146ef62-f611-48ab-a2ed-1507d9a2e4f7","value":{"ELEMENT":"accd4ab4-6968-4728-ab86-0febd4ae183f","element-6066-11e4-a52e-4f735466cecf":"accd4ab4-6968-4728-ab86-0febd4ae183f"}}
[debug] &amp#27;[35m[W3C (bae0206e)]&amp#27;[39m Responding to client with driver.findElement() result: {"element-6066-11e4-a52e-4f735466cecf":"accd4ab4-6968-4728-ab86-0febd4ae183f","ELEMENT":"accd4ab4-6968-4728-ab86-0febd4ae183f"}
&amp#27;[35m[HTTP]&amp#27;[39m &amp#27;[37m<-- POST /wd/hub/session/bae0206e-2f95-405f-8607-7d8e4ef92dcd/element &amp#27;[39m&amp#27;[32m200&amp#27;[39m &amp#27;[90m45 ms - 137&amp#27;[39m
&amp#27;[35m[HTTP]&amp#27;[39m &amp#27;[90m&amp#27;[39m
&amp#27;[35m[HTTP]&amp#27;[39m &amp#27;[37m-->&amp#27;[39m &amp#27;[37mPOST&amp#27;[39m &amp#27;[37m/wd/hub/session/bae0206e-2f95-405f-8607-7d8e4ef92dcd/element/accd4ab4-6968-4728-ab86-0febd4ae183f/click&amp#27;[39m
&amp#27;[35m[HTTP]&amp#27;[39m &amp#27;[90m{"id":"accd4ab4-6968-4728-ab86-0febd4ae183f"}&amp#27;[39m
[debug] &amp#27;[35m[W3C (bae0206e)]&amp#27;[39m Calling AppiumDriver.click() with args: ["accd4ab4-6968-4728-ab86-0febd4ae183f","bae0206e-2f95-405f-8607-7d8e4ef92dcd"]
[debug] &amp#27;[35m[WD Proxy]&amp#27;[39m Matched '/element/accd4ab4-6968-4728-ab86-0febd4ae183f/click' to command name 'click'
[debug] &amp#27;[35m[WD Proxy]&amp#27;[39m Proxying [POST /element/accd4ab4-6968-4728-ab86-0febd4ae183f/click] to [POST http://127.0.0.1:8200/wd/hub/session/7146ef62-f611-48ab-a2ed-1507d9a2e4f7/element/accd4ab4-6968-4728-ab86-0febd4ae183f/click] with body: {"element":"accd4ab4-6968-4728-ab86-0febd4ae183f"}
[debug] &amp#27;[35m[WD Proxy]&amp#27;[39m Got response with status 200: {"sessionId":"7146ef62-f611-48ab-a2ed-1507d9a2e4f7","value":null}
[debug] &amp#27;[35m[W3C (bae0206e)]&amp#27;[39m Responding to client with driver.click() result: null
&amp#27;[35m[HTTP]&amp#27;[39m &amp#27;[37m<-- POST /wd/hub/session/bae0206e-2f95-405f-8607-7d8e4ef92dcd/element/accd4ab4-6968-4728-ab86-0febd4ae183f/click &amp#27;[39m&amp#27;[32m200&amp#27;[39m &amp#27;[90m3850 ms - 14&amp#27;[39m
&amp#27;[35m[HTTP]&amp#27;[39m &amp#27;[90m&amp#27;[39m
&amp#27;[35m[HTTP]&amp#27;[39m &amp#27;[37m-->&amp#27;[39m &amp#27;[37mPOST&amp#27;[39m &amp#27;[37m/wd/hub/session/bae0206e-2f95-405f-8607-7d8e4ef92dcd/appium/start_recording_screen&amp#27;[39m
&amp#27;[35m[HTTP]&amp#27;[39m &amp#27;[90m{"options":{"timeLimit":300,"videoSize":"1280x720"}}&amp#27;[39m
[debug] &amp#27;[35m[W3C (bae0206e)]&amp#27;[39m Calling AppiumDriver.startRecordingScreen() with args: [{"timeLimit":300,"videoSize":"1280x720"},"bae0206e-2f95-405f-8607-7d8e4ef92dcd"]
[debug] &amp#27;[35m[ADB]&amp#27;[39m Getting IDs of all 'screenrecord' processes
[debug] &amp#27;[35m[ADB]&amp#27;[39m Running 'D:\TechSoftwares\AndroidSDK\platform-tools\adb.exe -P 5037 -s emulator-5554 shell pgrep -f screenrecord'
&amp#27;[35m[AndroidDriver]&amp#27;[39m Screen recording has not been previously started by Appium. There is nothing to stop
[debug] &amp#27;[35m[ADB]&amp#27;[39m Getting IDs of all 'screenrecord' processes
[debug] &amp#27;[35m[ADB]&amp#27;[39m Running 'D:\TechSoftwares\AndroidSDK\platform-tools\adb.exe -P 5037 -s emulator-5554 shell pgrep -f screenrecord'
[debug] &amp#27;[35m[ADB]&amp#27;[39m Building screenrecord process with the command line: adb -P 5037 -s emulator-5554 shell screenrecord --size 1280x720 --time-limit 180 /sdcard/63f04c49.mp4
[debug] &amp#27;[35m[ADB]&amp#27;[39m Running 'D:\TechSoftwares\AndroidSDK\platform-tools\adb.exe -P 5037 -s emulator-5554 shell "[ -e '/sdcard/63f04c49.mp4' ] && echo __PASS__"'
[debug] &amp#27;[35m[ADB]&amp#27;[39m Running 'D:\TechSoftwares\AndroidSDK\platform-tools\adb.exe -P 5037 -s emulator-5554 shell "[ -e '/sdcard/63f04c49.mp4' ] && echo __PASS__"'
[debug] &amp#27;[35m[W3C (bae0206e)]&amp#27;[39m Responding to client with driver.startRecordingScreen() result: ""
&amp#27;[35m[HTTP]&amp#27;[39m &amp#27;[37m<-- POST /wd/hub/session/bae0206e-2f95-405f-8607-7d8e4ef92dcd/appium/start_recording_screen &amp#27;[39m&amp#27;[32m200&amp#27;[39m &amp#27;[90m559 ms - 12&amp#27;[39m
&amp#27;[35m[HTTP]&amp#27;[39m &amp#27;[90m&amp#27;[39m
&amp#27;[35m[HTTP]&amp#27;[39m &amp#27;[37m-->&amp#27;[39m &amp#27;[37mGET&amp#27;[39m &amp#27;[37m/wd/hub/session/bae0206e-2f95-405f-8607-7d8e4ef92dcd/context&amp#27;[39m
&amp#27;[35m[HTTP]&amp#27;[39m &amp#27;[90m{}&amp#27;[39m
[debug] &amp#27;[35m[W3C (bae0206e)]&amp#27;[39m Calling AppiumDriver.getCurrentContext() with args: ["bae0206e-2f95-405f-8607-7d8e4ef92dcd"]
[debug] &amp#27;[35m[W3C (bae0206e)]&amp#27;[39m Responding to client with driver.getCurrentContext() result: "NATIVE_APP"
&amp#27;[35m[HTTP]&amp#27;[39m &amp#27;[37m<-- GET /wd/hub/session/bae0206e-2f95-405f-8607-7d8e4ef92dcd/context &amp#27;[39m&amp#27;[32m200&amp#27;[39m &amp#27;[90m1 ms - 22&amp#27;[39m
&amp#27;[35m[HTTP]&amp#27;[39m &amp#27;[90m&amp#27;[39m
&amp#27;[35m[HTTP]&amp#27;[39m &amp#27;[37m-->&amp#27;[39m &amp#27;[37mPOST&amp#27;[39m &amp#27;[37m/wd/hub/session/bae0206e-2f95-405f-8607-7d8e4ef92dcd/element&amp#27;[39m
&amp#27;[35m[HTTP]&amp#27;[39m &amp#27;[90m{"using":"-android uiautomator","value":"text(\"Continue\")"}&amp#27;[39m
[debug] &amp#27;[35m[W3C (bae0206e)]&amp#27;[39m Calling AppiumDriver.findElement() with args: ["-android uiautomator","text(\"Continue\")","bae0206e-2f95-405f-8607-7d8e4ef92dcd"]
[debug] &amp#27;[35m[BaseDriver]&amp#27;[39m Valid locator strategies for this request: xpath, id, class name, accessibility id, -android uiautomator
[debug] &amp#27;[35m[BaseDriver]&amp#27;[39m Waiting up to 30000 ms for condition
[debug] &amp#27;[35m[WD Proxy]&amp#27;[39m Matched '/element' to command name 'findElement'
[debug] &amp#27;[35m[WD Proxy]&amp#27;[39m Proxying [POST /element] to [POST http://127.0.0.1:8200/wd/hub/session/7146ef62-f611-48ab-a2ed-1507d9a2e4f7/element] with body: {"strategy":"-android uiautomator","selector":"text(\"Continue\")","context":"","multiple":false}
[debug] &amp#27;[35m[WD Proxy]&amp#27;[39m Got response with status 200: {"sessionId":"7146ef62-f611-48ab-a2ed-1507d9a2e4f7","value":{"ELEMENT":"1ff710ea-c20b-48b5-8eeb-74930861d3ce","element-6066-11e4-a52e-4f735466cecf":"1ff710ea-c20b-48b5-8eeb-74930861d3ce"}}
[debug] &amp#27;[35m[W3C (bae0206e)]&amp#27;[39m Responding to client with driver.findElement() result: {"element-6066-11e4-a52e-4f735466cecf":"1ff710ea-c20b-48b5-8eeb-74930861d3ce","ELEMENT":"1ff710ea-c20b-48b5-8eeb-74930861d3ce"}
&amp#27;[35m[HTTP]&amp#27;[39m &amp#27;[37m<-- POST /wd/hub/session/bae0206e-2f95-405f-8607-7d8e4ef92dcd/element &amp#27;[39m&amp#27;[32m200&amp#27;[39m &amp#27;[90m19 ms - 137&amp#27;[39m
&amp#27;[35m[HTTP]&amp#27;[39m &amp#27;[90m&amp#27;[39m
&amp#27;[35m[HTTP]&amp#27;[39m &amp#27;[37m-->&amp#27;[39m &amp#27;[37mPOST&amp#27;[39m &amp#27;[37m/wd/hub/session/bae0206e-2f95-405f-8607-7d8e4ef92dcd/element/1ff710ea-c20b-48b5-8eeb-74930861d3ce/click&amp#27;[39m
&amp#27;[35m[HTTP]&amp#27;[39m &amp#27;[90m{"id":"1ff710ea-c20b-48b5-8eeb-74930861d3ce"}&amp#27;[39m
[debug] &amp#27;[35m[W3C (bae0206e)]&amp#27;[39m Calling AppiumDriver.click() with args: ["1ff710ea-c20b-48b5-8eeb-74930861d3ce","bae0206e-2f95-405f-8607-7d8e4ef92dcd"]
[debug] &amp#27;[35m[WD Proxy]&amp#27;[39m Matched '/element/1ff710ea-c20b-48b5-8eeb-74930861d3ce/click' to command name 'click'
[debug] &amp#27;[35m[WD Proxy]&amp#27;[39m Proxying [POST /element/1ff710ea-c20b-48b5-8eeb-74930861d3ce/click] to [POST http://127.0.0.1:8200/wd/hub/session/7146ef62-f611-48ab-a2ed-1507d9a2e4f7/element/1ff710ea-c20b-48b5-8eeb-74930861d3ce/click] with body: {"element":"1ff710ea-c20b-48b5-8eeb-74930861d3ce"}
[debug] &amp#27;[35m[WD Proxy]&amp#27;[39m Got response with status 200: {"sessionId":"7146ef62-f611-48ab-a2ed-1507d9a2e4f7","value":null}
[debug] &amp#27;[35m[W3C (bae0206e)]&amp#27;[39m Responding to client with driver.click() result: null
&amp#27;[35m[HTTP]&amp#27;[39m &amp#27;[37m<-- POST /wd/hub/session/bae0206e-2f95-405f-8607-7d8e4ef92dcd/element/1ff710ea-c20b-48b5-8eeb-74930861d3ce/click &amp#27;[39m&amp#27;[32m200&amp#27;[39m &amp#27;[90m3153 ms - 14&amp#27;[39m
&amp#27;[35m[HTTP]&amp#27;[39m &amp#27;[90m&amp#27;[39m
&amp#27;[35m[HTTP]&amp#27;[39m &amp#27;[37m-->&amp#27;[39m &amp#27;[37mGET&amp#27;[39m &amp#27;[37m/wd/hub/session/bae0206e-2f95-405f-8607-7d8e4ef92dcd/context&amp#27;[39m
&amp#27;[35m[HTTP]&amp#27;[39m &amp#27;[90m{}&amp#27;[39m
[debug] &amp#27;[35m[W3C (bae0206e)]&amp#27;[39m Calling AppiumDriver.getCurrentContext() with args: ["bae0206e-2f95-405f-8607-7d8e4ef92dcd"]
[debug] &amp#27;[35m[W3C (bae0206e)]&amp#27;[39m Responding to client with driver.getCurrentContext() result: "NATIVE_APP"
&amp#27;[35m[HTTP]&amp#27;[39m &amp#27;[37m<-- GET /wd/hub/session/bae0206e-2f95-405f-8607-7d8e4ef92dcd/context &amp#27;[39m&amp#27;[32m200&amp#27;[39m &amp#27;[90m2 ms - 22&amp#27;[39m
&amp#27;[35m[HTTP]&amp#27;[39m &amp#27;[90m&amp#27;[39m
&amp#27;[35m[HTTP]&amp#27;[39m &amp#27;[37m-->&amp#27;[39m &amp#27;[37mPOST&amp#27;[39m &amp#27;[37m/wd/hub/session/bae0206e-2f95-405f-8607-7d8e4ef92dcd/element&amp#27;[39m
&amp#27;[35m[HTTP]&amp#27;[39m &amp#27;[90m{"using":"-android uiautomator","value":"text(\"Field Experts\")"}&amp#27;[39m
[debug] &amp#27;[35m[W3C (bae0206e)]&amp#27;[39m Calling AppiumDriver.findElement() with args: ["-android uiautomator","text(\"Field Experts\")","bae0206e-2f95-405f-8607-7d8e4ef92dcd"]
[debug] &amp#27;[35m[BaseDriver]&amp#27;[39m Valid locator strategies for this request: xpath, id, class name, accessibility id, -android uiautomator
[debug] &amp#27;[35m[BaseDriver]&amp#27;[39m Waiting up to 30000 ms for condition
[debug] &amp#27;[35m[WD Proxy]&amp#27;[39m Matched '/element' to command name 'findElement'
[debug] &amp#27;[35m[WD Proxy]&amp#27;[39m Proxying [POST /element] to [POST http://127.0.0.1:8200/wd/hub/session/7146ef62-f611-48ab-a2ed-1507d9a2e4f7/element] with body: {"strategy":"-android uiautomator","selector":"text(\"Field Experts\")","context":"","multiple":false}
[debug] &amp#27;[35m[WD Proxy]&amp#27;[39m Got response with status 200: {"sessionId":"7146ef62-f611-48ab-a2ed-1507d9a2e4f7","value":{"ELEMENT":"073fa571-e9ed-4298-a7fa-548303ec4224","element-6066-11e4-a52e-4f735466cecf":"073fa571-e9ed-4298-a7fa-548303ec4224"}}
[debug] &amp#27;[35m[W3C (bae0206e)]&amp#27;[39m Responding to client with driver.findElement() result: {"element-6066-11e4-a52e-4f735466cecf":"073fa571-e9ed-4298-a7fa-548303ec4224","ELEMENT":"073fa571-e9ed-4298-a7fa-548303ec4224"}
&amp#27;[35m[HTTP]&amp#27;[39m &amp#27;[37m<-- POST /wd/hub/session/bae0206e-2f95-405f-8607-7d8e4ef92dcd/element &amp#27;[39m&amp#27;[32m200&amp#27;[39m &amp#27;[90m23 ms - 137&amp#27;[39m
&amp#27;[35m[HTTP]&amp#27;[39m &amp#27;[90m&amp#27;[39m
&amp#27;[35m[HTTP]&amp#27;[39m &amp#27;[37m-->&amp#27;[39m &amp#27;[37mGET&amp#27;[39m &amp#27;[37m/wd/hub/session/bae0206e-2f95-405f-8607-7d8e4ef92dcd/element/073fa571-e9ed-4298-a7fa-548303ec4224/text&amp#27;[39m
&amp#27;[35m[HTTP]&amp#27;[39m &amp#27;[90m{}&amp#27;[39m
&amp#27;[35m[W3C (bae0206e)]&amp#27;[39m Driver proxy active, passing request on via HTTP proxy
[debug] &amp#27;[35m[WD Proxy]&amp#27;[39m Matched '/wd/hub/session/bae0206e-2f95-405f-8607-7d8e4ef92dcd/element/073fa571-e9ed-4298-a7fa-548303ec4224/text' to command name 'getText'
[debug] &amp#27;[35m[WD Proxy]&amp#27;[39m Proxying [GET /wd/hub/session/bae0206e-2f95-405f-8607-7d8e4ef92dcd/element/073fa571-e9ed-4298-a7fa-548303ec4224/text] to [GET http://127.0.0.1:8200/wd/hub/session/7146ef62-f611-48ab-a2ed-1507d9a2e4f7/element/073fa571-e9ed-4298-a7fa-548303ec4224/text] with no body
[debug] &amp#27;[35m[WD Proxy]&amp#27;[39m Got response with status 200: {"sessionId":"7146ef62-f611-48ab-a2ed-1507d9a2e4f7","value":"Field Experts"}
&amp#27;[35m[WD Proxy]&amp#27;[39m Replacing sessionId 7146ef62-f611-48ab-a2ed-1507d9a2e4f7 with bae0206e-2f95-405f-8607-7d8e4ef92dcd
&amp#27;[35m[HTTP]&amp#27;[39m &amp#27;[37m<-- GET /wd/hub/session/bae0206e-2f95-405f-8607-7d8e4ef92dcd/element/073fa571-e9ed-4298-a7fa-548303ec4224/text &amp#27;[39m&amp#27;[32m200&amp#27;[39m &amp#27;[90m26 ms - 76&amp#27;[39m
&amp#27;[35m[HTTP]&amp#27;[39m &amp#27;[90m&amp#27;[39m
&amp#27;[35m[HTTP]&amp#27;[39m &amp#27;[37m-->&amp#27;[39m &amp#27;[37mGET&amp#27;[39m &amp#27;[37m/wd/hub/session/bae0206e-2f95-405f-8607-7d8e4ef92dcd/context&amp#27;[39m
&amp#27;[35m[HTTP]&amp#27;[39m &amp#27;[90m{}&amp#27;[39m
[debug] &amp#27;[35m[W3C (bae0206e)]&amp#27;[39m Calling AppiumDriver.getCurrentContext() with args: ["bae0206e-2f95-405f-8607-7d8e4ef92dcd"]
[debug] &amp#27;[35m[W3C (bae0206e)]&amp#27;[39m Responding to client with driver.getCurrentContext() result: "NATIVE_APP"
&amp#27;[35m[HTTP]&amp#27;[39m &amp#27;[37m<-- GET /wd/hub/session/bae0206e-2f95-405f-8607-7d8e4ef92dcd/context &amp#27;[39m&amp#27;[32m200&amp#27;[39m &amp#27;[90m1 ms - 22&amp#27;[39m
&amp#27;[35m[HTTP]&amp#27;[39m &amp#27;[90m&amp#27;[39m
&amp#27;[35m[HTTP]&amp#27;[39m &amp#27;[37m-->&amp#27;[39m &amp#27;[37mPOST&amp#27;[39m &amp#27;[37m/wd/hub/session/bae0206e-2f95-405f-8607-7d8e4ef92dcd/element&amp#27;[39m
&amp#27;[35m[HTTP]&amp#27;[39m &amp#27;[90m{"using":"xpath","value":"//android.widget.ImageButton[@content-desc=\"Open navigation drawer\"]"}&amp#27;[39m
[debug] &amp#27;[35m[W3C (bae0206e)]&amp#27;[39m Calling AppiumDriver.findElement() with args: ["xpath","//android.widget.ImageButton[@content-desc=\"Open navigation drawer\"]","bae0206e-2f95-405f-8607-7d8e4ef92dcd"]
[debug] &amp#27;[35m[BaseDriver]&amp#27;[39m Valid locator strategies for this request: xpath, id, class name, accessibility id, -android uiautomator
[debug] &amp#27;[35m[BaseDriver]&amp#27;[39m Waiting up to 30000 ms for condition
[debug] &amp#27;[35m[WD Proxy]&amp#27;[39m Matched '/element' to command name 'findElement'
[debug] &amp#27;[35m[WD Proxy]&amp#27;[39m Proxying [POST /element] to [POST http://127.0.0.1:8200/wd/hub/session/7146ef62-f611-48ab-a2ed-1507d9a2e4f7/element] with body: {"strategy":"xpath","selector":"//android.widget.ImageButton[@content-desc=\"Open navigation drawer\"]","context":"","multiple":false}
[debug] &amp#27;[35m[WD Proxy]&amp#27;[39m Got response with status 200: {"sessionId":"7146ef62-f611-48ab-a2ed-1507d9a2e4f7","value":{"ELEMENT":"747ab626-e80d-401d-a868-ebafb7f4f71e","element-6066-11e4-a52e-4f735466cecf":"747ab626-e80d-401d-a868-ebafb7f4f71e"}}
[debug] &amp#27;[35m[W3C (bae0206e)]&amp#27;[39m Responding to client with driver.findElement() result: {"element-6066-11e4-a52e-4f735466cecf":"747ab626-e80d-401d-a868-ebafb7f4f71e","ELEMENT":"747ab626-e80d-401d-a868-ebafb7f4f71e"}
&amp#27;[35m[HTTP]&amp#27;[39m &amp#27;[37m<-- POST /wd/hub/session/bae0206e-2f95-405f-8607-7d8e4ef92dcd/element &amp#27;[39m&amp#27;[32m200&amp#27;[39m &amp#27;[90m264 ms - 137&amp#27;[39m
&amp#27;[35m[HTTP]&amp#27;[39m &amp#27;[90m&amp#27;[39m
&amp#27;[35m[HTTP]&amp#27;[39m &amp#27;[37m-->&amp#27;[39m &amp#27;[37mPOST&amp#27;[39m &amp#27;[37m/wd/hub/session/bae0206e-2f95-405f-8607-7d8e4ef92dcd/element/747ab626-e80d-401d-a868-ebafb7f4f71e/click&amp#27;[39m
&amp#27;[35m[HTTP]&amp#27;[39m &amp#27;[90m{"id":"747ab626-e80d-401d-a868-ebafb7f4f71e"}&amp#27;[39m
[debug] &amp#27;[35m[W3C (bae0206e)]&amp#27;[39m Calling AppiumDriver.click() with args: ["747ab626-e80d-401d-a868-ebafb7f4f71e","bae0206e-2f95-405f-8607-7d8e4ef92dcd"]
[debug] &amp#27;[35m[WD Proxy]&amp#27;[39m Matched '/element/747ab626-e80d-401d-a868-ebafb7f4f71e/click' to command name 'click'
[debug] &amp#27;[35m[WD Proxy]&amp#27;[39m Proxying [POST /element/747ab626-e80d-401d-a868-ebafb7f4f71e/click] to [POST http://127.0.0.1:8200/wd/hub/session/7146ef62-f611-48ab-a2ed-1507d9a2e4f7/element/747ab626-e80d-401d-a868-ebafb7f4f71e/click] with body: {"element":"747ab626-e80d-401d-a868-ebafb7f4f71e"}
[debug] &amp#27;[35m[WD Proxy]&amp#27;[39m Got response with status 200: {"sessionId":"7146ef62-f611-48ab-a2ed-1507d9a2e4f7","value":null}
[debug] &amp#27;[35m[W3C (bae0206e)]&amp#27;[39m Responding to client with driver.click() result: null
&amp#27;[35m[HTTP]&amp#27;[39m &amp#27;[37m<-- POST /wd/hub/session/bae0206e-2f95-405f-8607-7d8e4ef92dcd/element/747ab626-e80d-401d-a868-ebafb7f4f71e/click &amp#27;[39m&amp#27;[32m200&amp#27;[39m &amp#27;[90m21 ms - 14&amp#27;[39m
&amp#27;[35m[HTTP]&amp#27;[39m &amp#27;[90m&amp#27;[39m
&amp#27;[35m[HTTP]&amp#27;[39m &amp#27;[37m-->&amp#27;[39m &amp#27;[37mGET&amp#27;[39m &amp#27;[37m/wd/hub/session/bae0206e-2f95-405f-8607-7d8e4ef92dcd/context&amp#27;[39m
&amp#27;[35m[HTTP]&amp#27;[39m &amp#27;[90m{}&amp#27;[39m
[debug] &amp#27;[35m[W3C (bae0206e)]&amp#27;[39m Calling AppiumDriver.getCurrentContext() with args: ["bae0206e-2f95-405f-8607-7d8e4ef92dcd"]
[debug] &amp#27;[35m[W3C (bae0206e)]&amp#27;[39m Responding to client with driver.getCurrentContext() result: "NATIVE_APP"
&amp#27;[35m[HTTP]&amp#27;[39m &amp#27;[37m<-- GET /wd/hub/session/bae0206e-2f95-405f-8607-7d8e4ef92dcd/context &amp#27;[39m&amp#27;[32m200&amp#27;[39m &amp#27;[90m2 ms - 22&amp#27;[39m
&amp#27;[35m[HTTP]&amp#27;[39m &amp#27;[90m&amp#27;[39m
&amp#27;[35m[HTTP]&amp#27;[39m &amp#27;[37m-->&amp#27;[39m &amp#27;[37mPOST&amp#27;[39m &amp#27;[37m/wd/hub/session/bae0206e-2f95-405f-8607-7d8e4ef92dcd/element&amp#27;[39m
&amp#27;[35m[HTTP]&amp#27;[39m &amp#27;[90m{"using":"id","value":"com.colt.coltengineering:id/tv_maintainence"}&amp#27;[39m
[debug] &amp#27;[35m[W3C (bae0206e)]&amp#27;[39m Calling AppiumDriver.findElement() with args: ["id","com.colt.coltengineering:id/tv_maintainence","bae0206e-2f95-405f-8607-7d8e4ef92dcd"]
[debug] &amp#27;[35m[BaseDriver]&amp#27;[39m Valid locator strategies for this request: xpath, id, class name, accessibility id, -android uiautomator
[debug] &amp#27;[35m[BaseDriver]&amp#27;[39m Waiting up to 30000 ms for condition
[debug] &amp#27;[35m[WD Proxy]&amp#27;[39m Matched '/element' to command name 'findElement'
[debug] &amp#27;[35m[WD Proxy]&amp#27;[39m Proxying [POST /element] to [POST http://127.0.0.1:8200/wd/hub/session/7146ef62-f611-48ab-a2ed-1507d9a2e4f7/element] with body: {"strategy":"id","selector":"com.colt.coltengineering:id/tv_maintainence","context":"","multiple":false}
[debug] &amp#27;[35m[WD Proxy]&amp#27;[39m Got response with status 200: {"sessionId":"7146ef62-f611-48ab-a2ed-1507d9a2e4f7","value":{"ELEMENT":"8859dc0b-58bc-48b1-b649-0b85fff9e936","element-6066-11e4-a52e-4f735466cecf":"8859dc0b-58bc-48b1-b649-0b85fff9e936"}}
[debug] &amp#27;[35m[W3C (bae0206e)]&amp#27;[39m Responding to client with driver.findElement() result: {"element-6066-11e4-a52e-4f735466cecf":"8859dc0b-58bc-48b1-b649-0b85fff9e936","ELEMENT":"8859dc0b-58bc-48b1-b649-0b85fff9e936"}
&amp#27;[35m[HTTP]&amp#27;[39m &amp#27;[37m<-- POST /wd/hub/session/bae0206e-2f95-405f-8607-7d8e4ef92dcd/element &amp#27;[39m&amp#27;[32m200&amp#27;[39m &amp#27;[90m531 ms - 137&amp#27;[39m
&amp#27;[35m[HTTP]&amp#27;[39m &amp#27;[90m&amp#27;[39m
&amp#27;[35m[HTTP]&amp#27;[39m &amp#27;[37m-->&amp#27;[39m &amp#27;[37mPOST&amp#27;[39m &amp#27;[37m/wd/hub/session/bae0206e-2f95-405f-8607-7d8e4ef92dcd/element/8859dc0b-58bc-48b1-b649-0b85fff9e936/click&amp#27;[39m
&amp#27;[35m[HTTP]&amp#27;[39m &amp#27;[90m{"id":"8859dc0b-58bc-48b1-b649-0b85fff9e936"}&amp#27;[39m
[debug] &amp#27;[35m[W3C (bae0206e)]&amp#27;[39m Calling AppiumDriver.click() with args: ["8859dc0b-58bc-48b1-b649-0b85fff9e936","bae0206e-2f95-405f-8607-7d8e4ef92dcd"]
[debug] &amp#27;[35m[WD Proxy]&amp#27;[39m Matched '/element/8859dc0b-58bc-48b1-b649-0b85fff9e936/click' to command name 'click'
[debug] &amp#27;[35m[WD Proxy]&amp#27;[39m Proxying [POST /element/8859dc0b-58bc-48b1-b649-0b85fff9e936/click] to [POST http://127.0.0.1:8200/wd/hub/session/7146ef62-f611-48ab-a2ed-1507d9a2e4f7/element/8859dc0b-58bc-48b1-b649-0b85fff9e936/click] with body: {"element":"8859dc0b-58bc-48b1-b649-0b85fff9e936"}
[debug] &amp#27;[35m[WD Proxy]&amp#27;[39m Got response with status 200: {"sessionId":"7146ef62-f611-48ab-a2ed-1507d9a2e4f7","value":null}
[debug] &amp#27;[35m[W3C (bae0206e)]&amp#27;[39m Responding to client with driver.click() result: null
&amp#27;[35m[HTTP]&amp#27;[39m &amp#27;[37m<-- POST /wd/hub/session/bae0206e-2f95-405f-8607-7d8e4ef92dcd/element/8859dc0b-58bc-48b1-b649-0b85fff9e936/click &amp#27;[39m&amp#27;[32m200&amp#27;[39m &amp#27;[90m474 ms - 14&amp#27;[39m
&amp#27;[35m[HTTP]&amp#27;[39m &amp#27;[90m&amp#27;[39m
&amp#27;[35m[HTTP]&amp#27;[39m &amp#27;[37m-->&amp#27;[39m &amp#27;[37mGET&amp#27;[39m &amp#27;[37m/wd/hub/session/bae0206e-2f95-405f-8607-7d8e4ef92dcd/context&amp#27;[39m
&amp#27;[35m[HTTP]&amp#27;[39m &amp#27;[90m{}&amp#27;[39m
[debug] &amp#27;[35m[W3C (bae0206e)]&amp#27;[39m Calling AppiumDriver.getCurrentContext() with args: ["bae0206e-2f95-405f-8607-7d8e4ef92dcd"]
[debug] &amp#27;[35m[W3C (bae0206e)]&amp#27;[39m Responding to client with driver.getCurrentContext() result: "NATIVE_APP"
&amp#27;[35m[HTTP]&amp#27;[39m &amp#27;[37m<-- GET /wd/hub/session/bae0206e-2f95-405f-8607-7d8e4ef92dcd/context &amp#27;[39m&amp#27;[32m200&amp#27;[39m &amp#27;[90m2 ms - 22&amp#27;[39m
&amp#27;[35m[HTTP]&amp#27;[39m &amp#27;[90m&amp#27;[39m
&amp#27;[35m[HTTP]&amp#27;[39m &amp#27;[37m-->&amp#27;[39m &amp#27;[37mPOST&amp#27;[39m &amp#27;[37m/wd/hub/session/bae0206e-2f95-405f-8607-7d8e4ef92dcd/element&amp#27;[39m
&amp#27;[35m[HTTP]&amp#27;[39m &amp#27;[90m{"using":"-android uiautomator","value":"text(\"Language\")"}&amp#27;[39m
[debug] &amp#27;[35m[W3C (bae0206e)]&amp#27;[39m Calling AppiumDriver.findElement() with args: ["-android uiautomator","text(\"Language\")","bae0206e-2f95-405f-8607-7d8e4ef92dcd"]
[debug] &amp#27;[35m[BaseDriver]&amp#27;[39m Valid locator strategies for this request: xpath, id, class name, accessibility id, -android uiautomator
[debug] &amp#27;[35m[BaseDriver]&amp#27;[39m Waiting up to 30000 ms for condition
[debug] &amp#27;[35m[WD Proxy]&amp#27;[39m Matched '/element' to command name 'findElement'
[debug] &amp#27;[35m[WD Proxy]&amp#27;[39m Proxying [POST /element] to [POST http://127.0.0.1:8200/wd/hub/session/7146ef62-f611-48ab-a2ed-1507d9a2e4f7/element] with body: {"strategy":"-android uiautomator","selector":"text(\"Language\")","context":"","multiple":false}
[debug] &amp#27;[35m[WD Proxy]&amp#27;[39m Got response with status 200: {"sessionId":"7146ef62-f611-48ab-a2ed-1507d9a2e4f7","value":{"ELEMENT":"85d45aa7-4187-4aee-be47-6bf6c60683fa","element-6066-11e4-a52e-4f735466cecf":"85d45aa7-4187-4aee-be47-6bf6c60683fa"}}
[debug] &amp#27;[35m[W3C (bae0206e)]&amp#27;[39m Responding to client with driver.findElement() result: {"element-6066-11e4-a52e-4f735466cecf":"85d45aa7-4187-4aee-be47-6bf6c60683fa","ELEMENT":"85d45aa7-4187-4aee-be47-6bf6c60683fa"}
&amp#27;[35m[HTTP]&amp#27;[39m &amp#27;[37m<-- POST /wd/hub/session/bae0206e-2f95-405f-8607-7d8e4ef92dcd/element &amp#27;[39m&amp#27;[32m200&amp#27;[39m &amp#27;[90m985 ms - 137&amp#27;[39m
&amp#27;[35m[HTTP]&amp#27;[39m &amp#27;[90m&amp#27;[39m
&amp#27;[35m[HTTP]&amp#27;[39m &amp#27;[37m-->&amp#27;[39m &amp#27;[37mGET&amp#27;[39m &amp#27;[37m/wd/hub/session/bae0206e-2f95-405f-8607-7d8e4ef92dcd/element/85d45aa7-4187-4aee-be47-6bf6c60683fa/text&amp#27;[39m
&amp#27;[35m[HTTP]&amp#27;[39m &amp#27;[90m{}&amp#27;[39m
&amp#27;[35m[W3C (bae0206e)]&amp#27;[39m Driver proxy active, passing request on via HTTP proxy
[debug] &amp#27;[35m[WD Proxy]&amp#27;[39m Matched '/wd/hub/session/bae0206e-2f95-405f-8607-7d8e4ef92dcd/element/85d45aa7-4187-4aee-be47-6bf6c60683fa/text' to command name 'getText'
[debug] &amp#27;[35m[WD Proxy]&amp#27;[39m Proxying [GET /wd/hub/session/bae0206e-2f95-405f-8607-7d8e4ef92dcd/element/85d45aa7-4187-4aee-be47-6bf6c60683fa/text] to [GET http://127.0.0.1:8200/wd/hub/session/7146ef62-f611-48ab-a2ed-1507d9a2e4f7/element/85d45aa7-4187-4aee-be47-6bf6c60683fa/text] with no body
[debug] &amp#27;[35m[WD Proxy]&amp#27;[39m Got response with status 200: {"sessionId":"7146ef62-f611-48ab-a2ed-1507d9a2e4f7","value":"Language"}
&amp#27;[35m[WD Proxy]&amp#27;[39m Replacing sessionId 7146ef62-f611-48ab-a2ed-1507d9a2e4f7 with bae0206e-2f95-405f-8607-7d8e4ef92dcd
&amp#27;[35m[HTTP]&amp#27;[39m &amp#27;[37m<-- GET /wd/hub/session/bae0206e-2f95-405f-8607-7d8e4ef92dcd/element/85d45aa7-4187-4aee-be47-6bf6c60683fa/text &amp#27;[39m&amp#27;[32m200&amp#27;[39m &amp#27;[90m24 ms - 71&amp#27;[39m
&amp#27;[35m[HTTP]&amp#27;[39m &amp#27;[90m&amp#27;[39m
&amp#27;[35m[HTTP]&amp#27;[39m &amp#27;[37m-->&amp#27;[39m &amp#27;[37mGET&amp#27;[39m &amp#27;[37m/wd/hub/session/bae0206e-2f95-405f-8607-7d8e4ef92dcd/context&amp#27;[39m
&amp#27;[35m[HTTP]&amp#27;[39m &amp#27;[90m{}&amp#27;[39m
[debug] &amp#27;[35m[W3C (bae0206e)]&amp#27;[39m Calling AppiumDriver.getCurrentContext() with args: ["bae0206e-2f95-405f-8607-7d8e4ef92dcd"]
[debug] &amp#27;[35m[W3C (bae0206e)]&amp#27;[39m Responding to client with driver.getCurrentContext() result: "NATIVE_APP"
&amp#27;[35m[HTTP]&amp#27;[39m &amp#27;[37m<-- GET /wd/hub/session/bae0206e-2f95-405f-8607-7d8e4ef92dcd/context &amp#27;[39m&amp#27;[32m200&amp#27;[39m &amp#27;[90m1 ms - 22&amp#27;[39m
&amp#27;[35m[HTTP]&amp#27;[39m &amp#27;[90m&amp#27;[39m
&amp#27;[35m[HTTP]&amp#27;[39m &amp#27;[37m-->&amp#27;[39m &amp#27;[37mPOST&amp#27;[39m &amp#27;[37m/wd/hub/session/bae0206e-2f95-405f-8607-7d8e4ef92dcd/element&amp#27;[39m
&amp#27;[35m[HTTP]&amp#27;[39m &amp#27;[90m{"using":"-android uiautomator","value":"text(\"Notification\")"}&amp#27;[39m
[debug] &amp#27;[35m[W3C (bae0206e)]&amp#27;[39m Calling AppiumDriver.findElement() with args: ["-android uiautomator","text(\"Notification\")","bae0206e-2f95-405f-8607-7d8e4ef92dcd"]
[debug] &amp#27;[35m[BaseDriver]&amp#27;[39m Valid locator strategies for this request: xpath, id, class name, accessibility id, -android uiautomator
[debug] &amp#27;[35m[BaseDriver]&amp#27;[39m Waiting up to 30000 ms for condition
[debug] &amp#27;[35m[WD Proxy]&amp#27;[39m Matched '/element' to command name 'findElement'
[debug] &amp#27;[35m[WD Proxy]&amp#27;[39m Proxying [POST /element] to [POST http://127.0.0.1:8200/wd/hub/session/7146ef62-f611-48ab-a2ed-1507d9a2e4f7/element] with body: {"strategy":"-android uiautomator","selector":"text(\"Notification\")","context":"","multiple":false}
[debug] &amp#27;[35m[WD Proxy]&amp#27;[39m Got response with status 200: {"sessionId":"7146ef62-f611-48ab-a2ed-1507d9a2e4f7","value":{"ELEMENT":"1f9aed8f-9ce8-4f66-b955-7b42e7ce893e","element-6066-11e4-a52e-4f735466cecf":"1f9aed8f-9ce8-4f66-b955-7b42e7ce893e"}}
[debug] &amp#27;[35m[W3C (bae0206e)]&amp#27;[39m Responding to client with driver.findElement() result: {"element-6066-11e4-a52e-4f735466cecf":"1f9aed8f-9ce8-4f66-b955-7b42e7ce893e","ELEMENT":"1f9aed8f-9ce8-4f66-b955-7b42e7ce893e"}
&amp#27;[35m[HTTP]&amp#27;[39m &amp#27;[37m<-- POST /wd/hub/session/bae0206e-2f95-405f-8607-7d8e4ef92dcd/element &amp#27;[39m&amp#27;[32m200&amp#27;[39m &amp#27;[90m24 ms - 137&amp#27;[39m
&amp#27;[35m[HTTP]&amp#27;[39m &amp#27;[90m&amp#27;[39m
&amp#27;[35m[HTTP]&amp#27;[39m &amp#27;[37m-->&amp#27;[39m &amp#27;[37mGET&amp#27;[39m &amp#27;[37m/wd/hub/session/bae0206e-2f95-405f-8607-7d8e4ef92dcd/element/1f9aed8f-9ce8-4f66-b955-7b42e7ce893e/text&amp#27;[39m
&amp#27;[35m[HTTP]&amp#27;[39m &amp#27;[90m{}&amp#27;[39m
&amp#27;[35m[W3C (bae0206e)]&amp#27;[39m Driver proxy active, passing request on via HTTP proxy
[debug] &amp#27;[35m[WD Proxy]&amp#27;[39m Matched '/wd/hub/session/bae0206e-2f95-405f-8607-7d8e4ef92dcd/element/1f9aed8f-9ce8-4f66-b955-7b42e7ce893e/text' to command name 'getText'
[debug] &amp#27;[35m[WD Proxy]&amp#27;[39m Proxying [GET /wd/hub/session/bae0206e-2f95-405f-8607-7d8e4ef92dcd/element/1f9aed8f-9ce8-4f66-b955-7b42e7ce893e/text] to [GET http://127.0.0.1:8200/wd/hub/session/7146ef62-f611-48ab-a2ed-1507d9a2e4f7/element/1f9aed8f-9ce8-4f66-b955-7b42e7ce893e/text] with no body
[debug] &amp#27;[35m[WD Proxy]&amp#27;[39m Got response with status 200: {"sessionId":"7146ef62-f611-48ab-a2ed-1507d9a2e4f7","value":"Notification"}
&amp#27;[35m[WD Proxy]&amp#27;[39m Replacing sessionId 7146ef62-f611-48ab-a2ed-1507d9a2e4f7 with bae0206e-2f95-405f-8607-7d8e4ef92dcd
&amp#27;[35m[HTTP]&amp#27;[39m &amp#27;[37m<-- GET /wd/hub/session/bae0206e-2f95-405f-8607-7d8e4ef92dcd/element/1f9aed8f-9ce8-4f66-b955-7b42e7ce893e/text &amp#27;[39m&amp#27;[32m200&amp#27;[39m &amp#27;[90m28 ms - 75&amp#27;[39m
&amp#27;[35m[HTTP]&amp#27;[39m &amp#27;[90m&amp#27;[39m
&amp#27;[35m[HTTP]&amp#27;[39m &amp#27;[37m-->&amp#27;[39m &amp#27;[37mGET&amp#27;[39m &amp#27;[37m/wd/hub/session/bae0206e-2f95-405f-8607-7d8e4ef92dcd/context&amp#27;[39m
&amp#27;[35m[HTTP]&amp#27;[39m &amp#27;[90m{}&amp#27;[39m
[debug] &amp#27;[35m[W3C (bae0206e)]&amp#27;[39m Calling AppiumDriver.getCurrentContext() with args: ["bae0206e-2f95-405f-8607-7d8e4ef92dcd"]
[debug] &amp#27;[35m[W3C (bae0206e)]&amp#27;[39m Responding to client with driver.getCurrentContext() result: "NATIVE_APP"
&amp#27;[35m[HTTP]&amp#27;[39m &amp#27;[37m<-- GET /wd/hub/session/bae0206e-2f95-405f-8607-7d8e4ef92dcd/context &amp#27;[39m&amp#27;[32m200&amp#27;[39m &amp#27;[90m1 ms - 22&amp#27;[39m
&amp#27;[35m[HTTP]&amp#27;[39m &amp#27;[90m&amp#27;[39m
&amp#27;[35m[HTTP]&amp#27;[39m &amp#27;[37m-->&amp#27;[39m &amp#27;[37mPOST&amp#27;[39m &amp#27;[37m/wd/hub/session/bae0206e-2f95-405f-8607-7d8e4ef92dcd/element&amp#27;[39m
&amp#27;[35m[HTTP]&amp#27;[39m &amp#27;[90m{"using":"-android uiautomator","value":"text(\"Notification\")"}&amp#27;[39m
[debug] &amp#27;[35m[W3C (bae0206e)]&amp#27;[39m Calling AppiumDriver.findElement() with args: ["-android uiautomator","text(\"Notification\")","bae0206e-2f95-405f-8607-7d8e4ef92dcd"]
[debug] &amp#27;[35m[BaseDriver]&amp#27;[39m Valid locator strategies for this request: xpath, id, class name, accessibility id, -android uiautomator
[debug] &amp#27;[35m[BaseDriver]&amp#27;[39m Waiting up to 30000 ms for condition
[debug] &amp#27;[35m[WD Proxy]&amp#27;[39m Matched '/element' to command name 'findElement'
[debug] &amp#27;[35m[WD Proxy]&amp#27;[39m Proxying [POST /element] to [POST http://127.0.0.1:8200/wd/hub/session/7146ef62-f611-48ab-a2ed-1507d9a2e4f7/element] with body: {"strategy":"-android uiautomator","selector":"text(\"Notification\")","context":"","multiple":false}
[debug] &amp#27;[35m[WD Proxy]&amp#27;[39m Got response with status 200: {"sessionId":"7146ef62-f611-48ab-a2ed-1507d9a2e4f7","value":{"ELEMENT":"09e3b5e7-a6b0-4999-b8c8-e40a3d0519f2","element-6066-11e4-a52e-4f735466cecf":"09e3b5e7-a6b0-4999-b8c8-e40a3d0519f2"}}
[debug] &amp#27;[35m[W3C (bae0206e)]&amp#27;[39m Responding to client with driver.findElement() result: {"element-6066-11e4-a52e-4f735466cecf":"09e3b5e7-a6b0-4999-b8c8-e40a3d0519f2","ELEMENT":"09e3b5e7-a6b0-4999-b8c8-e40a3d0519f2"}
&amp#27;[35m[HTTP]&amp#27;[39m &amp#27;[37m<-- POST /wd/hub/session/bae0206e-2f95-405f-8607-7d8e4ef92dcd/element &amp#27;[39m&amp#27;[32m200&amp#27;[39m &amp#27;[90m17 ms - 137&amp#27;[39m
&amp#27;[35m[HTTP]&amp#27;[39m &amp#27;[90m&amp#27;[39m
&amp#27;[35m[HTTP]&amp#27;[39m &amp#27;[37m-->&amp#27;[39m &amp#27;[37mPOST&amp#27;[39m &amp#27;[37m/wd/hub/session/bae0206e-2f95-405f-8607-7d8e4ef92dcd/element/09e3b5e7-a6b0-4999-b8c8-e40a3d0519f2/click&amp#27;[39m
&amp#27;[35m[HTTP]&amp#27;[39m &amp#27;[90m{"id":"09e3b5e7-a6b0-4999-b8c8-e40a3d0519f2"}&amp#27;[39m
[debug] &amp#27;[35m[W3C (bae0206e)]&amp#27;[39m Calling AppiumDriver.click() with args: ["09e3b5e7-a6b0-4999-b8c8-e40a3d0519f2","bae0206e-2f95-405f-8607-7d8e4ef92dcd"]
[debug] &amp#27;[35m[WD Proxy]&amp#27;[39m Matched '/element/09e3b5e7-a6b0-4999-b8c8-e40a3d0519f2/click' to command name 'click'
[debug] &amp#27;[35m[WD Proxy]&amp#27;[39m Proxying [POST /element/09e3b5e7-a6b0-4999-b8c8-e40a3d0519f2/click] to [POST http://127.0.0.1:8200/wd/hub/session/7146ef62-f611-48ab-a2ed-1507d9a2e4f7/element/09e3b5e7-a6b0-4999-b8c8-e40a3d0519f2/click] with body: {"element":"09e3b5e7-a6b0-4999-b8c8-e40a3d0519f2"}
[debug] &amp#27;[35m[WD Proxy]&amp#27;[39m Got response with status 200: {"sessionId":"7146ef62-f611-48ab-a2ed-1507d9a2e4f7","value":null}
[debug] &amp#27;[35m[W3C (bae0206e)]&amp#27;[39m Responding to client with driver.click() result: null
&amp#27;[35m[HTTP]&amp#27;[39m &amp#27;[37m<-- POST /wd/hub/session/bae0206e-2f95-405f-8607-7d8e4ef92dcd/element/09e3b5e7-a6b0-4999-b8c8-e40a3d0519f2/click &amp#27;[39m&amp#27;[32m200&amp#27;[39m &amp#27;[90m732 ms - 14&amp#27;[39m
&amp#27;[35m[HTTP]&amp#27;[39m &amp#27;[90m&amp#27;[39m
&amp#27;[35m[HTTP]&amp#27;[39m &amp#27;[37m-->&amp#27;[39m &amp#27;[37mGET&amp#27;[39m &amp#27;[37m/wd/hub/session/bae0206e-2f95-405f-8607-7d8e4ef92dcd/context&amp#27;[39m
&amp#27;[35m[HTTP]&amp#27;[39m &amp#27;[90m{}&amp#27;[39m
[debug] &amp#27;[35m[W3C (bae0206e)]&amp#27;[39m Calling AppiumDriver.getCurrentContext() with args: ["bae0206e-2f95-405f-8607-7d8e4ef92dcd"]
[debug] &amp#27;[35m[W3C (bae0206e)]&amp#27;[39m Responding to client with driver.getCurrentContext() result: "NATIVE_APP"
&amp#27;[35m[HTTP]&amp#27;[39m &amp#27;[37m<-- GET /wd/hub/session/bae0206e-2f95-405f-8607-7d8e4ef92dcd/context &amp#27;[39m&amp#27;[32m200&amp#27;[39m &amp#27;[90m2 ms - 22&amp#27;[39m
&amp#27;[35m[HTTP]&amp#27;[39m &amp#27;[90m&amp#27;[39m
&amp#27;[35m[HTTP]&amp#27;[39m &amp#27;[37m-->&amp#27;[39m &amp#27;[37mPOST&amp#27;[39m &amp#27;[37m/wd/hub/session/bae0206e-2f95-405f-8607-7d8e4ef92dcd/element&amp#27;[39m
&amp#27;[35m[HTTP]&amp#27;[39m &amp#27;[90m{"using":"-android uiautomator","value":"text(\"Notification\")"}&amp#27;[39m
[debug] &amp#27;[35m[W3C (bae0206e)]&amp#27;[39m Calling AppiumDriver.findElement() with args: ["-android uiautomator","text(\"Notification\")","bae0206e-2f95-405f-8607-7d8e4ef92dcd"]
[debug] &amp#27;[35m[BaseDriver]&amp#27;[39m Valid locator strategies for this request: xpath, id, class name, accessibility id, -android uiautomator
[debug] &amp#27;[35m[BaseDriver]&amp#27;[39m Waiting up to 30000 ms for condition
[debug] &amp#27;[35m[WD Proxy]&amp#27;[39m Matched '/element' to command name 'findElement'
[debug] &amp#27;[35m[WD Proxy]&amp#27;[39m Proxying [POST /element] to [POST http://127.0.0.1:8200/wd/hub/session/7146ef62-f611-48ab-a2ed-1507d9a2e4f7/element] with body: {"strategy":"-android uiautomator","selector":"text(\"Notification\")","context":"","multiple":false}
[debug] &amp#27;[35m[WD Proxy]&amp#27;[39m Got response with status 200: {"sessionId":"7146ef62-f611-48ab-a2ed-1507d9a2e4f7","value":{"ELEMENT":"81078dff-f0df-492f-82fa-60781d57c2ca","element-6066-11e4-a52e-4f735466cecf":"81078dff-f0df-492f-82fa-60781d57c2ca"}}
[debug] &amp#27;[35m[W3C (bae0206e)]&amp#27;[39m Responding to client with driver.findElement() result: {"element-6066-11e4-a52e-4f735466cecf":"81078dff-f0df-492f-82fa-60781d57c2ca","ELEMENT":"81078dff-f0df-492f-82fa-60781d57c2ca"}
&amp#27;[35m[HTTP]&amp#27;[39m &amp#27;[37m<-- POST /wd/hub/session/bae0206e-2f95-405f-8607-7d8e4ef92dcd/element &amp#27;[39m&amp#27;[32m200&amp#27;[39m &amp#27;[90m19 ms - 137&amp#27;[39m
&amp#27;[35m[HTTP]&amp#27;[39m &amp#27;[90m&amp#27;[39m
&amp#27;[35m[HTTP]&amp#27;[39m &amp#27;[37m-->&amp#27;[39m &amp#27;[37mGET&amp#27;[39m &amp#27;[37m/wd/hub/session/bae0206e-2f95-405f-8607-7d8e4ef92dcd/element/81078dff-f0df-492f-82fa-60781d57c2ca/text&amp#27;[39m
&amp#27;[35m[HTTP]&amp#27;[39m &amp#27;[90m{}&amp#27;[39m
&amp#27;[35m[W3C (bae0206e)]&amp#27;[39m Driver proxy active, passing request on via HTTP proxy
[debug] &amp#27;[35m[WD Proxy]&amp#27;[39m Matched '/wd/hub/session/bae0206e-2f95-405f-8607-7d8e4ef92dcd/element/81078dff-f0df-492f-82fa-60781d57c2ca/text' to command name 'getText'
[debug] &amp#27;[35m[WD Proxy]&amp#27;[39m Proxying [GET /wd/hub/session/bae0206e-2f95-405f-8607-7d8e4ef92dcd/element/81078dff-f0df-492f-82fa-60781d57c2ca/text] to [GET http://127.0.0.1:8200/wd/hub/session/7146ef62-f611-48ab-a2ed-1507d9a2e4f7/element/81078dff-f0df-492f-82fa-60781d57c2ca/text] with no body
[debug] &amp#27;[35m[WD Proxy]&amp#27;[39m Got response with status 200: {"sessionId":"7146ef62-f611-48ab-a2ed-1507d9a2e4f7","value":"Notification"}
&amp#27;[35m[WD Proxy]&amp#27;[39m Replacing sessionId 7146ef62-f611-48ab-a2ed-1507d9a2e4f7 with bae0206e-2f95-405f-8607-7d8e4ef92dcd
&amp#27;[35m[HTTP]&amp#27;[39m &amp#27;[37m<-- GET /wd/hub/session/bae0206e-2f95-405f-8607-7d8e4ef92dcd/element/81078dff-f0df-492f-82fa-60781d57c2ca/text &amp#27;[39m&amp#27;[32m200&amp#27;[39m &amp#27;[90m23 ms - 75&amp#27;[39m
&amp#27;[35m[HTTP]&amp#27;[39m &amp#27;[90m&amp#27;[39m
&amp#27;[35m[HTTP]&amp#27;[39m &amp#27;[37m-->&amp#27;[39m &amp#27;[37mPOST&amp#27;[39m &amp#27;[37m/wd/hub/session/bae0206e-2f95-405f-8607-7d8e4ef92dcd/back&amp#27;[39m
&amp#27;[35m[HTTP]&amp#27;[39m &amp#27;[90m{}&amp#27;[39m
&amp#27;[35m[W3C (bae0206e)]&amp#27;[39m Driver proxy active, passing request on via HTTP proxy
[debug] &amp#27;[35m[WD Proxy]&amp#27;[39m Matched '/wd/hub/session/bae0206e-2f95-405f-8607-7d8e4ef92dcd/back' to command name 'back'
[debug] &amp#27;[35m[WD Proxy]&amp#27;[39m Proxying [POST /wd/hub/session/bae0206e-2f95-405f-8607-7d8e4ef92dcd/back] to [POST http://127.0.0.1:8200/wd/hub/session/7146ef62-f611-48ab-a2ed-1507d9a2e4f7/back] with body: {}
[debug] &amp#27;[35m[WD Proxy]&amp#27;[39m Got response with status 200: {"sessionId":"7146ef62-f611-48ab-a2ed-1507d9a2e4f7","value":null}
&amp#27;[35m[WD Proxy]&amp#27;[39m Replacing sessionId 7146ef62-f611-48ab-a2ed-1507d9a2e4f7 with bae0206e-2f95-405f-8607-7d8e4ef92dcd
&amp#27;[35m[HTTP]&amp#27;[39m &amp#27;[37m<-- POST /wd/hub/session/bae0206e-2f95-405f-8607-7d8e4ef92dcd/back &amp#27;[39m&amp#27;[32m200&amp#27;[39m &amp#27;[90m57 ms - 65&amp#27;[39m
&amp#27;[35m[HTTP]&amp#27;[39m &amp#27;[90m&amp#27;[39m
&amp#27;[35m[HTTP]&amp#27;[39m &amp#27;[37m-->&amp#27;[39m &amp#27;[37mGET&amp#27;[39m &amp#27;[37m/wd/hub/session/bae0206e-2f95-405f-8607-7d8e4ef92dcd/context&amp#27;[39m
&amp#27;[35m[HTTP]&amp#27;[39m &amp#27;[90m{}&amp#27;[39m
[debug] &amp#27;[35m[W3C (bae0206e)]&amp#27;[39m Calling AppiumDriver.getCurrentContext() with args: ["bae0206e-2f95-405f-8607-7d8e4ef92dcd"]
[debug] &amp#27;[35m[W3C (bae0206e)]&amp#27;[39m Responding to client with driver.getCurrentContext() result: "NATIVE_APP"
&amp#27;[35m[HTTP]&amp#27;[39m &amp#27;[37m<-- GET /wd/hub/session/bae0206e-2f95-405f-8607-7d8e4ef92dcd/context &amp#27;[39m&amp#27;[32m200&amp#27;[39m &amp#27;[90m1 ms - 22&amp#27;[39m
&amp#27;[35m[HTTP]&amp#27;[39m &amp#27;[90m&amp#27;[39m
&amp#27;[35m[HTTP]&amp#27;[39m &amp#27;[37m-->&amp#27;[39m &amp#27;[37mPOST&amp#27;[39m &amp#27;[37m/wd/hub/session/bae0206e-2f95-405f-8607-7d8e4ef92dcd/element&amp#27;[39m
&amp#27;[35m[HTTP]&amp#27;[39m &amp#27;[90m{"using":"-android uiautomator","value":"text(\"Language\")"}&amp#27;[39m
[debug] &amp#27;[35m[W3C (bae0206e)]&amp#27;[39m Calling AppiumDriver.findElement() with args: ["-android uiautomator","text(\"Language\")","bae0206e-2f95-405f-8607-7d8e4ef92dcd"]
[debug] &amp#27;[35m[BaseDriver]&amp#27;[39m Valid locator strategies for this request: xpath, id, class name, accessibility id, -android uiautomator
[debug] &amp#27;[35m[BaseDriver]&amp#27;[39m Waiting up to 30000 ms for condition
[debug] &amp#27;[35m[WD Proxy]&amp#27;[39m Matched '/element' to command name 'findElement'
[debug] &amp#27;[35m[WD Proxy]&amp#27;[39m Proxying [POST /element] to [POST http://127.0.0.1:8200/wd/hub/session/7146ef62-f611-48ab-a2ed-1507d9a2e4f7/element] with body: {"strategy":"-android uiautomator","selector":"text(\"Language\")","context":"","multiple":false}
[debug] &amp#27;[35m[WD Proxy]&amp#27;[39m Got response with status 200: {"sessionId":"7146ef62-f611-48ab-a2ed-1507d9a2e4f7","value":{"ELEMENT":"32c04d50-388e-43d6-b83b-d636967864e9","element-6066-11e4-a52e-4f735466cecf":"32c04d50-388e-43d6-b83b-d636967864e9"}}
[debug] &amp#27;[35m[W3C (bae0206e)]&amp#27;[39m Responding to client with driver.findElement() result: {"element-6066-11e4-a52e-4f735466cecf":"32c04d50-388e-43d6-b83b-d636967864e9","ELEMENT":"32c04d50-388e-43d6-b83b-d636967864e9"}
&amp#27;[35m[HTTP]&amp#27;[39m &amp#27;[37m<-- POST /wd/hub/session/bae0206e-2f95-405f-8607-7d8e4ef92dcd/element &amp#27;[39m&amp#27;[32m200&amp#27;[39m &amp#27;[90m561 ms - 137&amp#27;[39m
&amp#27;[35m[HTTP]&amp#27;[39m &amp#27;[90m&amp#27;[39m
&amp#27;[35m[HTTP]&amp#27;[39m &amp#27;[37m-->&amp#27;[39m &amp#27;[37mPOST&amp#27;[39m &amp#27;[37m/wd/hub/session/bae0206e-2f95-405f-8607-7d8e4ef92dcd/element/32c04d50-388e-43d6-b83b-d636967864e9/click&amp#27;[39m
&amp#27;[35m[HTTP]&amp#27;[39m &amp#27;[90m{"id":"32c04d50-388e-43d6-b83b-d636967864e9"}&amp#27;[39m
[debug] &amp#27;[35m[W3C (bae0206e)]&amp#27;[39m Calling AppiumDriver.click() with args: ["32c04d50-388e-43d6-b83b-d636967864e9","bae0206e-2f95-405f-8607-7d8e4ef92dcd"]
[debug] &amp#27;[35m[WD Proxy]&amp#27;[39m Matched '/element/32c04d50-388e-43d6-b83b-d636967864e9/click' to command name 'click'
[debug] &amp#27;[35m[WD Proxy]&amp#27;[39m Proxying [POST /element/32c04d50-388e-43d6-b83b-d636967864e9/click] to [POST http://127.0.0.1:8200/wd/hub/session/7146ef62-f611-48ab-a2ed-1507d9a2e4f7/element/32c04d50-388e-43d6-b83b-d636967864e9/click] with body: {"element":"32c04d50-388e-43d6-b83b-d636967864e9"}
[debug] &amp#27;[35m[WD Proxy]&amp#27;[39m Got response with status 200: {"sessionId":"7146ef62-f611-48ab-a2ed-1507d9a2e4f7","value":null}
[debug] &amp#27;[35m[W3C (bae0206e)]&amp#27;[39m Responding to client with driver.click() result: null
&amp#27;[35m[HTTP]&amp#27;[39m &amp#27;[37m<-- POST /wd/hub/session/bae0206e-2f95-405f-8607-7d8e4ef92dcd/element/32c04d50-388e-43d6-b83b-d636967864e9/click &amp#27;[39m&amp#27;[32m200&amp#27;[39m &amp#27;[90m756 ms - 14&amp#27;[39m
&amp#27;[35m[HTTP]&amp#27;[39m &amp#27;[90m&amp#27;[39m
&amp#27;[35m[HTTP]&amp#27;[39m &amp#27;[37m-->&amp#27;[39m &amp#27;[37mGET&amp#27;[39m &amp#27;[37m/wd/hub/session/bae0206e-2f95-405f-8607-7d8e4ef92dcd/context&amp#27;[39m
&amp#27;[35m[HTTP]&amp#27;[39m &amp#27;[90m{}&amp#27;[39m
[debug] &amp#27;[35m[W3C (bae0206e)]&amp#27;[39m Calling AppiumDriver.getCurrentContext() with args: ["bae0206e-2f95-405f-8607-7d8e4ef92dcd"]
[debug] &amp#27;[35m[W3C (bae0206e)]&amp#27;[39m Responding to client with driver.getCurrentContext() result: "NATIVE_APP"
&amp#27;[35m[HTTP]&amp#27;[39m &amp#27;[37m<-- GET /wd/hub/session/bae0206e-2f95-405f-8607-7d8e4ef92dcd/context &amp#27;[39m&amp#27;[32m200&amp#27;[39m &amp#27;[90m1 ms - 22&amp#27;[39m
&amp#27;[35m[HTTP]&amp#27;[39m &amp#27;[90m&amp#27;[39m
&amp#27;[35m[HTTP]&amp#27;[39m &amp#27;[37m-->&amp#27;[39m &amp#27;[37mPOST&amp#27;[39m &amp#27;[37m/wd/hub/session/bae0206e-2f95-405f-8607-7d8e4ef92dcd/element&amp#27;[39m
&amp#27;[35m[HTTP]&amp#27;[39m &amp#27;[90m{"using":"-android uiautomator","value":"text(\"Language\")"}&amp#27;[39m
[debug] &amp#27;[35m[W3C (bae0206e)]&amp#27;[39m Calling AppiumDriver.findElement() with args: ["-android uiautomator","text(\"Language\")","bae0206e-2f95-405f-8607-7d8e4ef92dcd"]
[debug] &amp#27;[35m[BaseDriver]&amp#27;[39m Valid locator strategies for this request: xpath, id, class name, accessibility id, -android uiautomator
[debug] &amp#27;[35m[BaseDriver]&amp#27;[39m Waiting up to 30000 ms for condition
[debug] &amp#27;[35m[WD Proxy]&amp#27;[39m Matched '/element' to command name 'findElement'
[debug] &amp#27;[35m[WD Proxy]&amp#27;[39m Proxying [POST /element] to [POST http://127.0.0.1:8200/wd/hub/session/7146ef62-f611-48ab-a2ed-1507d9a2e4f7/element] with body: {"strategy":"-android uiautomator","selector":"text(\"Language\")","context":"","multiple":false}
[debug] &amp#27;[35m[WD Proxy]&amp#27;[39m Got response with status 200: {"sessionId":"7146ef62-f611-48ab-a2ed-1507d9a2e4f7","value":{"ELEMENT":"4fdbb977-8000-44a4-bf0a-3cc107d246bc","element-6066-11e4-a52e-4f735466cecf":"4fdbb977-8000-44a4-bf0a-3cc107d246bc"}}
[debug] &amp#27;[35m[W3C (bae0206e)]&amp#27;[39m Responding to client with driver.findElement() result: {"element-6066-11e4-a52e-4f735466cecf":"4fdbb977-8000-44a4-bf0a-3cc107d246bc","ELEMENT":"4fdbb977-8000-44a4-bf0a-3cc107d246bc"}
&amp#27;[35m[HTTP]&amp#27;[39m &amp#27;[37m<-- POST /wd/hub/session/bae0206e-2f95-405f-8607-7d8e4ef92dcd/element &amp#27;[39m&amp#27;[32m200&amp#27;[39m &amp#27;[90m26 ms - 137&amp#27;[39m
&amp#27;[35m[HTTP]&amp#27;[39m &amp#27;[90m&amp#27;[39m
&amp#27;[35m[HTTP]&amp#27;[39m &amp#27;[37m-->&amp#27;[39m &amp#27;[37mGET&amp#27;[39m &amp#27;[37m/wd/hub/session/bae0206e-2f95-405f-8607-7d8e4ef92dcd/element/4fdbb977-8000-44a4-bf0a-3cc107d246bc/text&amp#27;[39m
&amp#27;[35m[HTTP]&amp#27;[39m &amp#27;[90m{}&amp#27;[39m
&amp#27;[35m[W3C (bae0206e)]&amp#27;[39m Driver proxy active, passing request on via HTTP proxy
[debug] &amp#27;[35m[WD Proxy]&amp#27;[39m Matched '/wd/hub/session/bae0206e-2f95-405f-8607-7d8e4ef92dcd/element/4fdbb977-8000-44a4-bf0a-3cc107d246bc/text' to command name 'getText'
[debug] &amp#27;[35m[WD Proxy]&amp#27;[39m Proxying [GET /wd/hub/session/bae0206e-2f95-405f-8607-7d8e4ef92dcd/element/4fdbb977-8000-44a4-bf0a-3cc107d246bc/text] to [GET http://127.0.0.1:8200/wd/hub/session/7146ef62-f611-48ab-a2ed-1507d9a2e4f7/element/4fdbb977-8000-44a4-bf0a-3cc107d246bc/text] with no body
[debug] &amp#27;[35m[WD Proxy]&amp#27;[39m Got response with status 200: {"sessionId":"7146ef62-f611-48ab-a2ed-1507d9a2e4f7","value":"Language"}
&amp#27;[35m[WD Proxy]&amp#27;[39m Replacing sessionId 7146ef62-f611-48ab-a2ed-1507d9a2e4f7 with bae0206e-2f95-405f-8607-7d8e4ef92dcd
&amp#27;[35m[HTTP]&amp#27;[39m &amp#27;[37m<-- GET /wd/hub/session/bae0206e-2f95-405f-8607-7d8e4ef92dcd/element/4fdbb977-8000-44a4-bf0a-3cc107d246bc/text &amp#27;[39m&amp#27;[32m200&amp#27;[39m &amp#27;[90m27 ms - 71&amp#27;[39m
&amp#27;[35m[HTTP]&amp#27;[39m &amp#27;[90m&amp#27;[39m
&amp#27;[35m[HTTP]&amp#27;[39m &amp#27;[37m-->&amp#27;[39m &amp#27;[37mGET&amp#27;[39m &amp#27;[37m/wd/hub/session/bae0206e-2f95-405f-8607-7d8e4ef92dcd/context&amp#27;[39m
&amp#27;[35m[HTTP]&amp#27;[39m &amp#27;[90m{}&amp#27;[39m
[debug] &amp#27;[35m[W3C (bae0206e)]&amp#27;[39m Calling AppiumDriver.getCurrentContext() with args: ["bae0206e-2f95-405f-8607-7d8e4ef92dcd"]
[debug] &amp#27;[35m[W3C (bae0206e)]&amp#27;[39m Responding to client with driver.getCurrentContext() result: "NATIVE_APP"
&amp#27;[35m[HTTP]&amp#27;[39m &amp#27;[37m<-- GET /wd/hub/session/bae0206e-2f95-405f-8607-7d8e4ef92dcd/context &amp#27;[39m&amp#27;[32m200&amp#27;[39m &amp#27;[90m2 ms - 22&amp#27;[39m
&amp#27;[35m[HTTP]&amp#27;[39m &amp#27;[90m&amp#27;[39m
&amp#27;[35m[HTTP]&amp#27;[39m &amp#27;[37m-->&amp#27;[39m &amp#27;[37mPOST&amp#27;[39m &amp#27;[37m/wd/hub/session/bae0206e-2f95-405f-8607-7d8e4ef92dcd/element&amp#27;[39m
&amp#27;[35m[HTTP]&amp#27;[39m &amp#27;[90m{"using":"-android uiautomator","value":"text(\"English\")"}&amp#27;[39m
[debug] &amp#27;[35m[W3C (bae0206e)]&amp#27;[39m Calling AppiumDriver.findElement() with args: ["-android uiautomator","text(\"English\")","bae0206e-2f95-405f-8607-7d8e4ef92dcd"]
[debug] &amp#27;[35m[BaseDriver]&amp#27;[39m Valid locator strategies for this request: xpath, id, class name, accessibility id, -android uiautomator
[debug] &amp#27;[35m[BaseDriver]&amp#27;[39m Waiting up to 30000 ms for condition
[debug] &amp#27;[35m[WD Proxy]&amp#27;[39m Matched '/element' to command name 'findElement'
[debug] &amp#27;[35m[WD Proxy]&amp#27;[39m Proxying [POST /element] to [POST http://127.0.0.1:8200/wd/hub/session/7146ef62-f611-48ab-a2ed-1507d9a2e4f7/element] with body: {"strategy":"-android uiautomator","selector":"text(\"English\")","context":"","multiple":false}
[debug] &amp#27;[35m[WD Proxy]&amp#27;[39m Got response with status 200: {"sessionId":"7146ef62-f611-48ab-a2ed-1507d9a2e4f7","value":{"ELEMENT":"8cd877bb-e00f-48b4-abc8-1b050fd6f0b6","element-6066-11e4-a52e-4f735466cecf":"8cd877bb-e00f-48b4-abc8-1b050fd6f0b6"}}
[debug] &amp#27;[35m[W3C (bae0206e)]&amp#27;[39m Responding to client with driver.findElement() result: {"element-6066-11e4-a52e-4f735466cecf":"8cd877bb-e00f-48b4-abc8-1b050fd6f0b6","ELEMENT":"8cd877bb-e00f-48b4-abc8-1b050fd6f0b6"}
&amp#27;[35m[HTTP]&amp#27;[39m &amp#27;[37m<-- POST /wd/hub/session/bae0206e-2f95-405f-8607-7d8e4ef92dcd/element &amp#27;[39m&amp#27;[32m200&amp#27;[39m &amp#27;[90m24 ms - 137&amp#27;[39m
&amp#27;[35m[HTTP]&amp#27;[39m &amp#27;[90m&amp#27;[39m
&amp#27;[35m[HTTP]&amp#27;[39m &amp#27;[37m-->&amp#27;[39m &amp#27;[37mGET&amp#27;[39m &amp#27;[37m/wd/hub/session/bae0206e-2f95-405f-8607-7d8e4ef92dcd/element/8cd877bb-e00f-48b4-abc8-1b050fd6f0b6/text&amp#27;[39m
&amp#27;[35m[HTTP]&amp#27;[39m &amp#27;[90m{}&amp#27;[39m
&amp#27;[35m[W3C (bae0206e)]&amp#27;[39m Driver proxy active, passing request on via HTTP proxy
[debug] &amp#27;[35m[WD Proxy]&amp#27;[39m Matched '/wd/hub/session/bae0206e-2f95-405f-8607-7d8e4ef92dcd/element/8cd877bb-e00f-48b4-abc8-1b050fd6f0b6/text' to command name 'getText'
[debug] &amp#27;[35m[WD Proxy]&amp#27;[39m Proxying [GET /wd/hub/session/bae0206e-2f95-405f-8607-7d8e4ef92dcd/element/8cd877bb-e00f-48b4-abc8-1b050fd6f0b6/text] to [GET http://127.0.0.1:8200/wd/hub/session/7146ef62-f611-48ab-a2ed-1507d9a2e4f7/element/8cd877bb-e00f-48b4-abc8-1b050fd6f0b6/text] with no body
[debug] &amp#27;[35m[WD Proxy]&amp#27;[39m Got response with status 200: {"sessionId":"7146ef62-f611-48ab-a2ed-1507d9a2e4f7","value":"English"}
&amp#27;[35m[WD Proxy]&amp#27;[39m Replacing sessionId 7146ef62-f61Inside getJapaneseLanguageButton()
1-48ab-a2ed-1507d9a2e4f7 with bae0206e-2f95-405f-8607-7d8e4ef92dcd
&amp#27;[35m[HTTP]&amp#27;[39m &amp#27;[37m<-- GET /wd/hub/session/bae0206e-2f95-405f-8607-7d8e4ef92dcd/element/8cd877bb-e00f-48b4-abc8-1b050fd6f0b6/text &amp#27;[39m&amp#27;[32m200&amp#27;[39m &amp#27;[90m25 ms - 70&amp#27;[39m
&amp#27;[35m[HTTP]&amp#27;[39m &amp#27;[90m&amp#27;[39m
&amp#27;[35m[HTTP]&amp#27;[39m &amp#27;[37m-->&amp#27;[39m &amp#27;[37mGET&amp#27;[39m &amp#27;[37m/wd/hub/session/bae0206e-2f95-405f-8607-7d8e4ef92dcd/context&amp#27;[39m
&amp#27;[35m[HTTP]&amp#27;[39m &amp#27;[90m{}&amp#27;[39m
[debug] &amp#27;[35m[W3C (bae0206e)]&amp#27;[39m Calling AppiumDriver.getCurrentContext() with args: ["bae0206e-2f95-405f-8607-7d8e4ef92dcd"]
[debug] &amp#27;[35m[W3C (bae0206e)]&amp#27;[39m Responding to client with driver.getCurrentContext() result: "NATIVE_APP"
&amp#27;[35m[HTTP]&amp#27;[39m &amp#27;[37m<-- GET /wd/hub/session/bae0206e-2f95-405f-8607-7d8e4ef92dcd/context &amp#27;[39m&amp#27;[32m200&amp#27;[39m &amp#27;[90m2 ms - 22&amp#27;[39m
&amp#27;[35m[HTTP]&amp#27;[39m &amp#27;[90m&amp#27;[39m
&amp#27;[35m[HTTP]&amp#27;[39m &amp#27;[37m-->&amp#27;[39m &amp#27;[37mPOST&amp#27;[39m &amp#27;[37m/wd/hub/session/bae0206e-2f95-405f-8607-7d8e4ef92dcd/element&amp#27;[39m
&amp#27;[35m[HTTP]&amp#27;[39m &amp#27;[90m{"using":"-android uiautomator","value":"text(\"Japanese\")"}&amp#27;[39m
[debug] &amp#27;[35m[W3C (bae0206e)]&amp#27;[39m Calling AppiumDriver.findElement() with args: ["-android uiautomator","text(\"Japanese\")","bae0206e-2f95-405f-8607-7d8e4ef92dcd"]
[debug] &amp#27;[35m[BaseDriver]&amp#27;[39m Valid locator strategies for this request: xpath, id, class name, accessibility id, -android uiautomator
[debug] &amp#27;[35m[BaseDriver]&amp#27;[39m Waiting up to 30000 ms for condition
[debug] &amp#27;[35m[WD Proxy]&amp#27;[39m Matched '/element' to command name 'findElement'
[debug] &amp#27;[35m[WD Proxy]&amp#27;[39m Proxying [POST /element] to [POST http://127.0.0.1:8200/wd/hub/session/7146ef62-f611-48ab-a2ed-1507d9a2e4f7/element] with body: {"strategy":"-android uiautomator","selector":"text(\"Japanese\")","context":"","multiple":false}
[debug] &amp#27;[35m[WD Proxy]&amp#27;[39m Got response with status 200: {"sessionId":"7146ef62-f611-48ab-a2ed-1507d9a2e4f7","value":{"ELEMENT":"7277e961-ae7c-41ee-bd39-17982ffe0442","element-6066-11e4-a52e-4f735466cecf":"7277e961-ae7c-41ee-bd39-17982ffe0442"}}
[debug] &amp#27;[35m[W3C (bae0206e)]&amp#27;[39m Responding to client with driver.findElement() result: {"element-6066-11e4-a52e-4f735466cecf":"7277e961-ae7c-41ee-bd39-17982ffe0442","ELEMENT":"7277e961-ae7c-41ee-bd39-17982ffe0442"}
&amp#27;[35m[HTTP]&amp#27;[39m &amp#27;[37m<-- POST /wd/hub/session/bae0206e-2f95-405f-8607-7d8e4ef92dcd/element &amp#27;[39m&amp#27;[32m200&amp#27;[39m &amp#27;[90m24 ms - 137&amp#27;[39m
&amp#27;[35m[HTTP]&amp#27;[39m &amp#27;[90m&amp#27;[39m
&amp#27;[35m[HTTP]&amp#27;[39m &amp#27;[37m-->&amp#27;[39m &amp#27;[37mGET&amp#27;[39m &amp#27;[37m/wd/hub/session/bae0206e-2f95-405f-8607-7d8e4ef92dcd/element/7277e961-ae7c-41ee-bd39-17982ffe0442/text&amp#27;[39m
&amp#27;[35m[HTTP]&amp#27;[39m &amp#27;[90m{}&amp#27;[39m
&amp#27;[35m[W3C (bae0206e)]&amp#27;[39m Driver proxy active, passing request on via HTTP proxy
[debug] &amp#27;[35m[WD Proxy]&amp#27;[39m Matched '/wd/hub/session/bae0206e-2f95-405f-8607-7d8e4ef92dcd/element/7277e961-ae7c-41ee-bd39-17982ffe0442/text' to command name 'getText'
[debug] &amp#27;[35m[WD Proxy]&amp#27;[39m Proxying [GET /wd/hub/session/bae0206e-2f95-405f-8607-7d8e4ef92dcd/element/7277e961-ae7c-41ee-bd39-17982ffe0442/text] to [GET http://127.0.0.1:8200/wd/hub/session/7146ef62-f611-48ab-a2ed-1507d9a2e4f7/element/7277e961-ae7c-41ee-bd39-17982ffe0442/text] with no body
[debug] &amp#27;[35m[WD Proxy]&amp#27;[39m Got response with status 200: {"sessionId":"7146ef62-f611-48ab-a2ed-1507d9a2e4f7","value":"Japanese"}
&amp#27;[35m[WD Proxy]&amp#27;[39m Replacing sessionIInside getJapaneseLanguageButton()
d 7146ef62-f611-48ab-a2ed-1507d9a2e4f7 with bae0206e-2f95-405f-8607-7d8e4ef92dcd
&amp#27;[35m[HTTP]&amp#27;[39m &amp#27;[37m<-- GET /wd/hub/session/bae0206e-2f95-405f-8607-7d8e4ef92dcd/element/7277e961-ae7c-41ee-bd39-17982ffe0442/text &amp#27;[39m&amp#27;[32m200&amp#27;[39m &amp#27;[90m24 ms - 71&amp#27;[39m
&amp#27;[35m[HTTP]&amp#27;[39m &amp#27;[90m&amp#27;[39m
&amp#27;[35m[HTTP]&amp#27;[39m &amp#27;[37m-->&amp#27;[39m &amp#27;[37mGET&amp#27;[39m &amp#27;[37m/wd/hub/session/bae0206e-2f95-405f-8607-7d8e4ef92dcd/context&amp#27;[39m
&amp#27;[35m[HTTP]&amp#27;[39m &amp#27;[90m{}&amp#27;[39m
[debug] &amp#27;[35m[W3C (bae0206e)]&amp#27;[39m Calling AppiumDriver.getCurrentContext() with args: ["bae0206e-2f95-405f-8607-7d8e4ef92dcd"]
[debug] &amp#27;[35m[W3C (bae0206e)]&amp#27;[39m Responding to client with driver.getCurrentContext() result: "NATIVE_APP"
&amp#27;[35m[HTTP]&amp#27;[39m &amp#27;[37m<-- GET /wd/hub/session/bae0206e-2f95-405f-8607-7d8e4ef92dcd/context &amp#27;[39m&amp#27;[32m200&amp#27;[39m &amp#27;[90m1 ms - 22&amp#27;[39m
&amp#27;[35m[HTTP]&amp#27;[39m &amp#27;[90m&amp#27;[39m
&amp#27;[35m[HTTP]&amp#27;[39m &amp#27;[37m-->&amp#27;[39m &amp#27;[37mPOST&amp#27;[39m &amp#27;[37m/wd/hub/session/bae0206e-2f95-405f-8607-7d8e4ef92dcd/element&amp#27;[39m
&amp#27;[35m[HTTP]&amp#27;[39m &amp#27;[90m{"using":"-android uiautomator","value":"text(\"Japanese\")"}&amp#27;[39m
[debug] &amp#27;[35m[W3C (bae0206e)]&amp#27;[39m Calling AppiumDriver.findElement() with args: ["-android uiautomator","text(\"Japanese\")","bae0206e-2f95-405f-8607-7d8e4ef92dcd"]
[debug] &amp#27;[35m[BaseDriver]&amp#27;[39m Valid locator strategies for this request: xpath, id, class name, accessibility id, -android uiautomator
[debug] &amp#27;[35m[BaseDriver]&amp#27;[39m Waiting up to 30000 ms for condition
[debug] &amp#27;[35m[WD Proxy]&amp#27;[39m Matched '/element' to command name 'findElement'
[debug] &amp#27;[35m[WD Proxy]&amp#27;[39m Proxying [POST /element] to [POST http://127.0.0.1:8200/wd/hub/session/7146ef62-f611-48ab-a2ed-1507d9a2e4f7/element] with body: {"strategy":"-android uiautomator","selector":"text(\"Japanese\")","context":"","multiple":false}
[debug] &amp#27;[35m[WD Proxy]&amp#27;[39m Got response with status 200: {"sessionId":"7146ef62-f611-48ab-a2ed-1507d9a2e4f7","value":{"ELEMENT":"74cec14a-5900-4ccf-8120-cae83c5e8aa9","element-6066-11e4-a52e-4f735466cecf":"74cec14a-5900-4ccf-8120-cae83c5e8aa9"}}
[debug] &amp#27;[35m[W3C (bae0206e)]&amp#27;[39m Responding to client with driver.findElement() result: {"element-6066-11e4-a52e-4f735466cecf":"74cec14a-5900-4ccf-8120-cae83c5e8aa9","ELEMENT":"74cec14a-5900-4ccf-8120-cae83c5e8aa9"}
&amp#27;[35m[HTTP]&amp#27;[39m &amp#27;[37m<-- POST /wd/hub/session/bae0206e-2f95-405f-8607-7d8e4ef92dcd/element &amp#27;[39m&amp#27;[32m200&amp#27;[39m &amp#27;[90m23 ms - 137&amp#27;[39m
&amp#27;[35m[HTTP]&amp#27;[39m &amp#27;[90m&amp#27;[39m
&amp#27;[35m[HTTP]&amp#27;[39m &amp#27;[37m-->&amp#27;[39m &amp#27;[37mPOST&amp#27;[39m &amp#27;[37m/wd/hub/session/bae0206e-2f95-405f-8607-7d8e4ef92dcd/element/74cec14a-5900-4ccf-8120-cae83c5e8aa9/click&amp#27;[39m
&amp#27;[35m[HTTP]&amp#27;[39m &amp#27;[90m{"id":"74cec14a-5900-4ccf-8120-cae83c5e8aa9"}&amp#27;[39m
[debug] &amp#27;[35m[W3C (bae0206e)]&amp#27;[39m Calling AppiumDriver.click() with args: ["74cec14a-5900-4ccf-8120-cae83c5e8aa9","bae0206e-2f95-405f-8607-7d8e4ef92dcd"]
[debug] &amp#27;[35m[WD Proxy]&amp#27;[39m Matched '/element/74cec14a-5900-4ccf-8120-cae83c5e8aa9/click' to command name 'click'
[debug] &amp#27;[35m[WD Proxy]&amp#27;[39m Proxying [POST /element/74cec14a-5900-4ccf-8120-cae83c5e8aa9/click] to [POST http://127.0.0.1:8200/wd/hub/session/7146ef62-f611-48ab-a2ed-1507d9a2e4f7/element/74cec14a-5900-4ccf-8120-cae83c5e8aa9/click] with body: {"element":"74cec14a-5900-4ccf-8120-cae83c5e8aa9"}
[debug] &amp#27;[35m[WD Proxy]&amp#27;[39m Got response with status 200: {"sessionId":"7146ef62-f611-48ab-a2ed-1507d9a2e4f7","value":null}
[debug] &amp#27;[35m[W3C (bae0206e)]&amp#27;[39m Responding to client with driver.click() result: null
&amp#27;[35m[HTTP]&amp#27;[39m &amp#27;[37m<-- POST /wd/hub/session/bae0206e-2f95-405f-8607-7d8e4ef92dcd/element/74cec14a-5900-4ccf-8120-cae83c5e8aa9/click &amp#27;[39m&amp#27;[32m200&amp#27;[39m &amp#27;[90m753 ms - 14&amp#27;[39m
&amp#27;[35m[HTTP]&amp#27;[39m &amp#27;[90m&amp#27;[39m
&amp#27;[35m[HTTP]&amp#27;[39m &amp#27;[37m-->&amp#27;[39m &amp#27;[37mGET&amp#27;[39m &amp#27;[37m/wd/hub/session/bae0206e-2f95-405f-8607-7d8e4ef92dcd/context&amp#27;[39m
&amp#27;[35m[HTTP]&amp#27;[39m &amp#27;[90m{}&amp#27;[39m
[debug] &amp#27;[35m[W3C (bae0206e)]&amp#27;[39m Calling AppiumDriver.getCurrentContext() with args: ["bae0206e-2f95-405f-8607-7d8e4ef92dcd"]
[debug] &amp#27;[35m[W3C (bae0206e)]&amp#27;[39m Responding to client with driver.getCurrentContext() result: "NATIVE_APP"
&amp#27;[35m[HTTP]&amp#27;[39m &amp#27;[37m<-- GET /wd/hub/session/bae0206e-2f95-405f-8607-7d8e4ef92dcd/context &amp#27;[39m&amp#27;[32m200&amp#27;[39m &amp#27;[90m1 ms - 22&amp#27;[39m
&amp#27;[35m[HTTP]&amp#27;[39m &amp#27;[90m&amp#27;[39m
&amp#27;[35m[HTTP]&amp#27;[39m &amp#27;[37m-->&amp#27;[39m &amp#27;[37mPOST&amp#27;[39m &amp#27;[37m/wd/hub/session/bae0206e-2f95-405f-8607-7d8e4ef92dcd/element&amp#27;[39m
&amp#27;[35m[HTTP]&amp#27;[39m &amp#27;[90m{"using":"-android uiautomator","value":"text(\"Ã£Æ’â€¢Ã£â€šÂ£Ã£Æ’Â¼Ã£Æ’Â«Ã£Æ’â€°Ã¥Â°â€šÃ©â€“â‚¬Ã¥Â®Â¶\")"}&amp#27;[39m
[debug] &amp#27;[35m[W3C (bae0206e)]&amp#27;[39m Calling AppiumDriver.findElement() with args: ["-android uiautomator","text(\"Ã£Æ’â€¢Ã£â€šÂ£Ã£Æ’Â¼Ã£Æ’Â«Ã£Æ’â€°Ã¥Â°â€šÃ©â€“â‚¬Ã¥Â®Â¶\")","bae0206e-2f95-405f-8607-7d8e4ef92dcd"]
[debug] &amp#27;[35m[BaseDriver]&amp#27;[39m Valid locator strategies for this request: xpath, id, class name, accessibility id, -android uiautomator
[debug] &amp#27;[35m[BaseDriver]&amp#27;[39m Waiting up to 30000 ms for condition
[debug] &amp#27;[35m[WD Proxy]&amp#27;[39m Matched '/element' to command name 'findElement'
[debug] &amp#27;[35m[WD Proxy]&amp#27;[39m Proxying [POST /element] to [POST http://127.0.0.1:8200/wd/hub/session/7146ef62-f611-48ab-a2ed-1507d9a2e4f7/element] with body: {"strategy":"-android uiautomator","selector":"text(\"Ã£Æ’â€¢Ã£â€šÂ£Ã£Æ’Â¼Ã£Æ’Â«Ã£Æ’â€°Ã¥Â°â€šÃ©â€“â‚¬Ã¥Â®Â¶\")","context":"","multiple":false}
&amp#27;[35m[WD Proxy]&amp#27;[39m Got response with status 404: {"sessionId":"7146ef62-f611-48ab-a2ed-1507d9a2e4f7","value":{"error":"no such element","message":"An element could not be located on the page using the given search parameters","stacktrace":"io.appium.uiautomator2.common.exceptions.ElementNotFoundException: An element could not be located on the page using the given search parameters\n\tat io.appium.uiautomator2.handler.FindElement.safeHandle(FindElement.java:73)\n\tat io.appium.uiautomator2.handler.request.SafeRequestHandler.handle(SafeRequestHandler.java:41)\n\tat io.appium.uiautomator2.server.AppiumServlet.handleRequest(AppiumServlet.java:253)\n\tat io.appium.uiautomator2.server.AppiumServlet.handleHttpRequest(AppiumServlet.java:247)\n\tat io.appium.uiautomator2.http.ServerHandler.channelRead(ServerHandler.java:68)\n\tat io.netty.channel.AbstractChannelHandlerContext.invokeChannelRead(AbstractChannelHandlerContext.java:366)\n\tat io.netty.channel.AbstractChannelHandlerContext.invokeChannelRead(AbstractChannelHandlerContext.java:352)\n\tat io.netty.chann...
[debug] &amp#27;[35m[W3C]&amp#27;[39m Matched W3C error code 'no such element' to NoSuchElementError
[debug] &amp#27;[35m[BaseDriver]&amp#27;[39m Waited for 188 ms so far
[debug] &amp#27;[35m[WD Proxy]&amp#27;[39m Matched '/element' to command name 'findElement'
[debug] &amp#27;[35m[WD Proxy]&amp#27;[39m Proxying [POST /element] to [POST http://127.0.0.1:8200/wd/hub/session/7146ef62-f611-48ab-a2ed-1507d9a2e4f7/element] with body: {"strategy":"-android uiautomator","selector":"text(\"Ã£Æ’â€¢Ã£â€šÂ£Ã£Æ’Â¼Ã£Æ’Â«Ã£Æ’â€°Ã¥Â°â€šÃ©â€“â‚¬Ã¥Â®Â¶\")","context":"","multiple":false}
&amp#27;[35m[WD Proxy]&amp#27;[39m Got response with status 404: {"sessionId":"7146ef62-f611-48ab-a2ed-1507d9a2e4f7","value":{"error":"no such element","message":"An element could not be located on the page using the given search parameters","stacktrace":"io.appium.uiautomator2.common.exceptions.ElementNotFoundException: An element could not be located on the page using the given search parameters\n\tat io.appium.uiautomator2.handler.FindElement.safeHandle(FindElement.java:73)\n\tat io.appium.uiautomator2.handler.request.SafeRequestHandler.handle(SafeRequestHandler.java:41)\n\tat io.appium.uiautomator2.server.AppiumServlet.handleRequest(AppiumServlet.java:253)\n\tat io.appium.uiautomator2.server.AppiumServlet.handleHttpRequest(AppiumServlet.java:247)\n\tat io.appium.uiautomator2.http.ServerHandler.channelRead(ServerHandler.java:68)\n\tat io.netty.channel.AbstractChannelHandlerContext.invokeChannelRead(AbstractChannelHandlerContext.java:366)\n\tat io.netty.channel.AbstractChannelHandlerContext.invokeChannelRead(AbstractChannelHandlerContext.java:352)\n\tat io.netty.chann...
[debug] &amp#27;[35m[W3C]&amp#27;[39m Matched W3C error code 'no such element' to NoSuchElementError
[debug] &amp#27;[35m[BaseDriver]&amp#27;[39m Waited for 1392 ms so far
[debug] &amp#27;[35m[WD Proxy]&amp#27;[39m Matched '/element' to command name 'findElement'
[debug] &amp#27;[35m[WD Proxy]&amp#27;[39m Proxying [POST /element] to [POST http://127.0.0.1:8200/wd/hub/session/7146ef62-f611-48ab-a2ed-1507d9a2e4f7/element] with body: {"strategy":"-android uiautomator","selector":"text(\"Ã£Æ’â€¢Ã£â€šÂ£Ã£Æ’Â¼Ã£Æ’Â«Ã£Æ’â€°Ã¥Â°â€šÃ©â€“â‚¬Ã¥Â®Â¶\")","context":"","multiple":false}
&amp#27;[35m[WD Proxy]&amp#27;[39m Got response with status 404: {"sessionId":"7146ef62-f611-48ab-a2ed-1507d9a2e4f7","value":{"error":"no such element","message":"An element could not be located on the page using the given search parameters","stacktrace":"io.appium.uiautomator2.common.exceptions.ElementNotFoundException: An element could not be located on the page using the given search parameters\n\tat io.appium.uiautomator2.handler.FindElement.safeHandle(FindElement.java:73)\n\tat io.appium.uiautomator2.handler.request.SafeRequestHandler.handle(SafeRequestHandler.java:41)\n\tat io.appium.uiautomator2.server.AppiumServlet.handleRequest(AppiumServlet.java:253)\n\tat io.appium.uiautomator2.server.AppiumServlet.handleHttpRequest(AppiumServlet.java:247)\n\tat io.appium.uiautomator2.http.ServerHandler.channelRead(ServerHandler.java:68)\n\tat io.netty.channel.AbstractChannelHandlerContext.invokeChannelRead(AbstractChannelHandlerContext.java:366)\n\tat io.netty.channel.AbstractChannelHandlerContext.invokeChannelRead(AbstractChannelHandlerContext.java:352)\n\tat io.netty.chann...
[debug] &amp#27;[35m[W3C]&amp#27;[39m Matched W3C error code 'no such element' to NoSuchElementError
[debug] &amp#27;[35m[BaseDriver]&amp#27;[39m Waited for 2160 ms so far
[debug] &amp#27;[35m[WD Proxy]&amp#27;[39m Matched '/element' to command name 'findElement'
[debug] &amp#27;[35m[WD Proxy]&amp#27;[39m Proxying [POST /element] to [POST http://127.0.0.1:8200/wd/hub/session/7146ef62-f611-48ab-a2ed-1507d9a2e4f7/element] with body: {"strategy":"-android uiautomator","selector":"text(\"Ã£Æ’â€¢Ã£â€šÂ£Ã£Æ’Â¼Ã£Æ’Â«Ã£Æ’â€°Ã¥Â°â€šÃ©â€“â‚¬Ã¥Â®Â¶\")","context":"","multiple":false}
&amp#27;[35m[WD Proxy]&amp#27;[39m Got response with status 404: {"sessionId":"7146ef62-f611-48ab-a2ed-1507d9a2e4f7","value":{"error":"no such element","message":"An element could not be located on the page using the given search parameters","stacktrace":"io.appium.uiautomator2.common.exceptions.ElementNotFoundException: An element could not be located on the page using the given search parameters\n\tat io.appium.uiautomator2.handler.FindElement.safeHandle(FindElement.java:73)\n\tat io.appium.uiautomator2.handler.request.SafeRequestHandler.handle(SafeRequestHandler.java:41)\n\tat io.appium.uiautomator2.server.AppiumServlet.handleRequest(AppiumServlet.java:253)\n\tat io.appium.uiautomator2.server.AppiumServlet.handleHttpRequest(AppiumServlet.java:247)\n\tat io.appium.uiautomator2.http.ServerHandler.channelRead(ServerHandler.java:68)\n\tat io.netty.channel.AbstractChannelHandlerContext.invokeChannelRead(AbstractChannelHandlerContext.java:366)\n\tat io.netty.channel.AbstractChannelHandlerContext.invokeChannelRead(AbstractChannelHandlerContext.java:352)\n\tat io.netty.chann...
[debug] &amp#27;[35m[W3C]&amp#27;[39m Matched W3C error code 'no such element' to NoSuchElementError
[debug] &amp#27;[35m[BaseDriver]&amp#27;[39m Waited for 2712 ms so far
[debug] &amp#27;[35m[WD Proxy]&amp#27;[39m Matched '/element' to command name 'findElement'
[debug] &amp#27;[35m[WD Proxy]&amp#27;[39m Proxying [POST /element] to [POST http://127.0.0.1:8200/wd/hub/session/7146ef62-f611-48ab-a2ed-1507d9a2e4f7/element] with body: {"strategy":"-android uiautomator","selector":"text(\"Ã£Æ’â€¢Ã£â€šÂ£Ã£Æ’Â¼Ã£Æ’Â«Ã£Æ’â€°Ã¥Â°â€šÃ©â€“â‚¬Ã¥Â®Â¶\")","context":"","multiple":false}
&amp#27;[35m[WD Proxy]&amp#27;[39m Got response with status 404: {"sessionId":"7146ef62-f611-48ab-a2ed-1507d9a2e4f7","value":{"error":"no such element","message":"An element could not be located on the page using the given search parameters","stacktrace":"io.appium.uiautomator2.common.exceptions.ElementNotFoundException: An element could not be located on the page using the given search parameters\n\tat io.appium.uiautomator2.handler.FindElement.safeHandle(FindElement.java:73)\n\tat io.appium.uiautomator2.handler.request.SafeRequestHandler.handle(SafeRequestHandler.java:41)\n\tat io.appium.uiautomator2.server.AppiumServlet.handleRequest(AppiumServlet.java:253)\n\tat io.appium.uiautomator2.server.AppiumServlet.handleHttpRequest(AppiumServlet.java:247)\n\tat io.appium.uiautomator2.http.ServerHandler.channelRead(ServerHandler.java:68)\n\tat io.netty.channel.AbstractChannelHandlerContext.invokeChannelRead(AbstractChannelHandlerContext.java:366)\n\tat io.netty.channel.AbstractChannelHandlerContext.invokeChannelRead(AbstractChannelHandlerContext.java:352)\n\tat io.netty.chann...
[debug] &amp#27;[35m[W3C]&amp#27;[39m Matched W3C error code 'no such element' to NoSuchElementError
[debug] &amp#27;[35m[BaseDriver]&amp#27;[39m Waited for 3243 ms so far
[debug] &amp#27;[35m[WD Proxy]&amp#27;[39m Matched '/element' to command name 'findElement'
[debug] &amp#27;[35m[WD Proxy]&amp#27;[39m Proxying [POST /element] to [POST http://127.0.0.1:8200/wd/hub/session/7146ef62-f611-48ab-a2ed-1507d9a2e4f7/element] with body: {"strategy":"-android uiautomator","selector":"text(\"Ã£Æ’â€¢Ã£â€šÂ£Ã£Æ’Â¼Ã£Æ’Â«Ã£Æ’â€°Ã¥Â°â€šÃ©â€“â‚¬Ã¥Â®Â¶\")","context":"","multiple":false}
&amp#27;[35m[WD Proxy]&amp#27;[39m Got response with status 404: {"sessionId":"7146ef62-f611-48ab-a2ed-1507d9a2e4f7","value":{"error":"no such element","message":"An element could not be located on the page using the given search parameters","stacktrace":"io.appium.uiautomator2.common.exceptions.ElementNotFoundException: An element could not be located on the page using the given search parameters\n\tat io.appium.uiautomator2.handler.FindElement.safeHandle(FindElement.java:73)\n\tat io.appium.uiautomator2.handler.request.SafeRequestHandler.handle(SafeRequestHandler.java:41)\n\tat io.appium.uiautomator2.server.AppiumServlet.handleRequest(AppiumServlet.java:253)\n\tat io.appium.uiautomator2.server.AppiumServlet.handleHttpRequest(AppiumServlet.java:247)\n\tat io.appium.uiautomator2.http.ServerHandler.channelRead(ServerHandler.java:68)\n\tat io.netty.channel.AbstractChannelHandlerContext.invokeChannelRead(AbstractChannelHandlerContext.java:366)\n\tat io.netty.channel.AbstractChannelHandlerContext.invokeChannelRead(AbstractChannelHandlerContext.java:352)\n\tat io.netty.chann...
[debug] &amp#27;[35m[W3C]&amp#27;[39m Matched W3C error code 'no such element' to NoSuchElementError
[debug] &amp#27;[35m[BaseDriver]&amp#27;[39m Waited for 3789 ms so far
[debug] &amp#27;[35m[WD Proxy]&amp#27;[39m Matched '/element' to command name 'findElement'
[debug] &amp#27;[35m[WD Proxy]&amp#27;[39m Proxying [POST /element] to [POST http://127.0.0.1:8200/wd/hub/session/7146ef62-f611-48ab-a2ed-1507d9a2e4f7/element] with body: {"strategy":"-android uiautomator","selector":"text(\"Ã£Æ’â€¢Ã£â€šÂ£Ã£Æ’Â¼Ã£Æ’Â«Ã£Æ’â€°Ã¥Â°â€šÃ©â€“â‚¬Ã¥Â®Â¶\")","context":"","multiple":false}
&amp#27;[35m[WD Proxy]&amp#27;[39m Got response with status 404: {"sessionId":"7146ef62-f611-48ab-a2ed-1507d9a2e4f7","value":{"error":"no such element","message":"An element could not be located on the page using the given search parameters","stacktrace":"io.appium.uiautomator2.common.exceptions.ElementNotFoundException: An element could not be located on the page using the given search parameters\n\tat io.appium.uiautomator2.handler.FindElement.safeHandle(FindElement.java:73)\n\tat io.appium.uiautomator2.handler.request.SafeRequestHandler.handle(SafeRequestHandler.java:41)\n\tat io.appium.uiautomator2.server.AppiumServlet.handleRequest(AppiumServlet.java:253)\n\tat io.appium.uiautomator2.server.AppiumServlet.handleHttpRequest(AppiumServlet.java:247)\n\tat io.appium.uiautomator2.http.ServerHandler.channelRead(ServerHandler.java:68)\n\tat io.netty.channel.AbstractChannelHandlerContext.invokeChannelRead(AbstractChannelHandlerContext.java:366)\n\tat io.netty.channel.AbstractChannelHandlerContext.invokeChannelRead(AbstractChannelHandlerContext.java:352)\n\tat io.netty.chann...
[debug] &amp#27;[35m[W3C]&amp#27;[39m Matched W3C error code 'no such element' to NoSuchElementError
[debug] &amp#27;[35m[BaseDriver]&amp#27;[39m Waited for 4335 ms so far
[debug] &amp#27;[35m[WD Proxy]&amp#27;[39m Matched '/element' to command name 'findElement'
[debug] &amp#27;[35m[WD Proxy]&amp#27;[39m Proxying [POST /element] to [POST http://127.0.0.1:8200/wd/hub/session/7146ef62-f611-48ab-a2ed-1507d9a2e4f7/element] with body: {"strategy":"-android uiautomator","selector":"text(\"Ã£Æ’â€¢Ã£â€šÂ£Ã£Æ’Â¼Ã£Æ’Â«Ã£Æ’â€°Ã¥Â°â€šÃ©â€“â‚¬Ã¥Â®Â¶\")","context":"","multiple":false}
&amp#27;[35m[WD Proxy]&amp#27;[39m Got response with status 404: {"sessionId":"7146ef62-f611-48ab-a2ed-1507d9a2e4f7","value":{"error":"no such element","message":"An element could not be located on the page using the given search parameters","stacktrace":"io.appium.uiautomator2.common.exceptions.ElementNotFoundException: An element could not be located on the page using the given search parameters\n\tat io.appium.uiautomator2.handler.FindElement.safeHandle(FindElement.java:73)\n\tat io.appium.uiautomator2.handler.request.SafeRequestHandler.handle(SafeRequestHandler.java:41)\n\tat io.appium.uiautomator2.server.AppiumServlet.handleRequest(AppiumServlet.java:253)\n\tat io.appium.uiautomator2.server.AppiumServlet.handleHttpRequest(AppiumServlet.java:247)\n\tat io.appium.uiautomator2.http.ServerHandler.channelRead(ServerHandler.java:68)\n\tat io.netty.channel.AbstractChannelHandlerContext.invokeChannelRead(AbstractChannelHandlerContext.java:366)\n\tat io.netty.channel.AbstractChannelHandlerContext.invokeChannelRead(AbstractChannelHandlerContext.java:352)\n\tat io.netty.chann...
[debug] &amp#27;[35m[W3C]&amp#27;[39m Matched W3C error code 'no such element' to NoSuchElementError
[debug] &amp#27;[35m[BaseDriver]&amp#27;[39m Waited for 4874 ms so far
[debug] &amp#27;[35m[WD Proxy]&amp#27;[39m Matched '/element' to command name 'findElement'
[debug] &amp#27;[35m[WD Proxy]&amp#27;[39m Proxying [POST /element] to [POST http://127.0.0.1:8200/wd/hub/session/7146ef62-f611-48ab-a2ed-1507d9a2e4f7/element] with body: {"strategy":"-android uiautomator","selector":"text(\"Ã£Æ’â€¢Ã£â€šÂ£Ã£Æ’Â¼Ã£Æ’Â«Ã£Æ’â€°Ã¥Â°â€šÃ©â€“â‚¬Ã¥Â®Â¶\")","context":"","multiple":false}
&amp#27;[35m[WD Proxy]&amp#27;[39m Got response with status 404: {"sessionId":"7146ef62-f611-48ab-a2ed-1507d9a2e4f7","value":{"error":"no such element","message":"An element could not be located on the page using the given search parameters","stacktrace":"io.appium.uiautomator2.common.exceptions.ElementNotFoundException: An element could not be located on the page using the given search parameters\n\tat io.appium.uiautomator2.handler.FindElement.safeHandle(FindElement.java:73)\n\tat io.appium.uiautomator2.handler.request.SafeRequestHandler.handle(SafeRequestHandler.java:41)\n\tat io.appium.uiautomator2.server.AppiumServlet.handleRequest(AppiumServlet.java:253)\n\tat io.appium.uiautomator2.server.AppiumServlet.handleHttpRequest(AppiumServlet.java:247)\n\tat io.appium.uiautomator2.http.ServerHandler.channelRead(ServerHandler.java:68)\n\tat io.netty.channel.AbstractChannelHandlerContext.invokeChannelRead(AbstractChannelHandlerContext.java:366)\n\tat io.netty.channel.AbstractChannelHandlerContext.invokeChannelRead(AbstractChannelHandlerContext.java:352)\n\tat io.netty.chann...
[debug] &amp#27;[35m[W3C]&amp#27;[39m Matched W3C error code 'no such element' to NoSuchElementError
[debug] &amp#27;[35m[BaseDriver]&amp#27;[39m Waited for 5417 ms so far
[debug] &amp#27;[35m[WD Proxy]&amp#27;[39m Matched '/element' to command name 'findElement'
[debug] &amp#27;[35m[WD Proxy]&amp#27;[39m Proxying [POST /element] to [POST http://127.0.0.1:8200/wd/hub/session/7146ef62-f611-48ab-a2ed-1507d9a2e4f7/element] with body: {"strategy":"-android uiautomator","selector":"text(\"Ã£Æ’â€¢Ã£â€šÂ£Ã£Æ’Â¼Ã£Æ’Â«Ã£Æ’â€°Ã¥Â°â€šÃ©â€“â‚¬Ã¥Â®Â¶\")","context":"","multiple":false}
&amp#27;[35m[WD Proxy]&amp#27;[39m Got response with status 404: {"sessionId":"7146ef62-f611-48ab-a2ed-1507d9a2e4f7","value":{"error":"no such element","message":"An element could not be located on the page using the given search parameters","stacktrace":"io.appium.uiautomator2.common.exceptions.ElementNotFoundException: An element could not be located on the page using the given search parameters\n\tat io.appium.uiautomator2.handler.FindElement.safeHandle(FindElement.java:73)\n\tat io.appium.uiautomator2.handler.request.SafeRequestHandler.handle(SafeRequestHandler.java:41)\n\tat io.appium.uiautomator2.server.AppiumServlet.handleRequest(AppiumServlet.java:253)\n\tat io.appium.uiautomator2.server.AppiumServlet.handleHttpRequest(AppiumServlet.java:247)\n\tat io.appium.uiautomator2.http.ServerHandler.channelRead(ServerHandler.java:68)\n\tat io.netty.channel.AbstractChannelHandlerContext.invokeChannelRead(AbstractChannelHandlerContext.java:366)\n\tat io.netty.channel.AbstractChannelHandlerContext.invokeChannelRead(AbstractChannelHandlerContext.java:352)\n\tat io.netty.chann...
[debug] &amp#27;[35m[W3C]&amp#27;[39m Matched W3C error code 'no such element' to NoSuchElementError
[debug] &amp#27;[35m[BaseDriver]&amp#27;[39m Waited for 5957 ms so far
[debug] &amp#27;[35m[WD Proxy]&amp#27;[39m Matched '/element' to command name 'findElement'
[debug] &amp#27;[35m[WD Proxy]&amp#27;[39m Proxying [POST /element] to [POST http://127.0.0.1:8200/wd/hub/session/7146ef62-f611-48ab-a2ed-1507d9a2e4f7/element] with body: {"strategy":"-android uiautomator","selector":"text(\"Ã£Æ’â€¢Ã£â€šÂ£Ã£Æ’Â¼Ã£Æ’Â«Ã£Æ’â€°Ã¥Â°â€šÃ©â€“â‚¬Ã¥Â®Â¶\")","context":"","multiple":false}
&amp#27;[35m[WD Proxy]&amp#27;[39m Got response with status 404: {"sessionId":"7146ef62-f611-48ab-a2ed-1507d9a2e4f7","value":{"error":"no such element","message":"An element could not be located on the page using the given search parameters","stacktrace":"io.appium.uiautomator2.common.exceptions.ElementNotFoundException: An element could not be located on the page using the given search parameters\n\tat io.appium.uiautomator2.handler.FindElement.safeHandle(FindElement.java:73)\n\tat io.appium.uiautomator2.handler.request.SafeRequestHandler.handle(SafeRequestHandler.java:41)\n\tat io.appium.uiautomator2.server.AppiumServlet.handleRequest(AppiumServlet.java:253)\n\tat io.appium.uiautomator2.server.AppiumServlet.handleHttpRequest(AppiumServlet.java:247)\n\tat io.appium.uiautomator2.http.ServerHandler.channelRead(ServerHandler.java:68)\n\tat io.netty.channel.AbstractChannelHandlerContext.invokeChannelRead(AbstractChannelHandlerContext.java:366)\n\tat io.netty.channel.AbstractChannelHandlerContext.invokeChannelRead(AbstractChannelHandlerContext.java:352)\n\tat io.netty.chann...
[debug] &amp#27;[35m[W3C]&amp#27;[39m Matched W3C error code 'no such element' to NoSuchElementError
[debug] &amp#27;[35m[BaseDriver]&amp#27;[39m Waited for 6503 ms so far
[debug] &amp#27;[35m[WD Proxy]&amp#27;[39m Matched '/element' to command name 'findElement'
[debug] &amp#27;[35m[WD Proxy]&amp#27;[39m Proxying [POST /element] to [POST http://127.0.0.1:8200/wd/hub/session/7146ef62-f611-48ab-a2ed-1507d9a2e4f7/element] with body: {"strategy":"-android uiautomator","selector":"text(\"Ã£Æ’â€¢Ã£â€šÂ£Ã£Æ’Â¼Ã£Æ’Â«Ã£Æ’â€°Ã¥Â°â€šÃ©â€“â‚¬Ã¥Â®Â¶\")","context":"","multiple":false}
&amp#27;[35m[WD Proxy]&amp#27;[39m Got response with status 404: {"sessionId":"7146ef62-f611-48ab-a2ed-1507d9a2e4f7","value":{"error":"no such element","message":"An element could not be located on the page using the given search parameters","stacktrace":"io.appium.uiautomator2.common.exceptions.ElementNotFoundException: An element could not be located on the page using the given search parameters\n\tat io.appium.uiautomator2.handler.FindElement.safeHandle(FindElement.java:73)\n\tat io.appium.uiautomator2.handler.request.SafeRequestHandler.handle(SafeRequestHandler.java:41)\n\tat io.appium.uiautomator2.server.AppiumServlet.handleRequest(AppiumServlet.java:253)\n\tat io.appium.uiautomator2.server.AppiumServlet.handleHttpRequest(AppiumServlet.java:247)\n\tat io.appium.uiautomator2.http.ServerHandler.channelRead(ServerHandler.java:68)\n\tat io.netty.channel.AbstractChannelHandlerContext.invokeChannelRead(AbstractChannelHandlerContext.java:366)\n\tat io.netty.channel.AbstractChannelHandlerContext.invokeChannelRead(AbstractChannelHandlerContext.java:352)\n\tat io.netty.chann...
[debug] &amp#27;[35m[W3C]&amp#27;[39m Matched W3C error code 'no such element' to NoSuchElementError
[debug] &amp#27;[35m[BaseDriver]&amp#27;[39m Waited for 7042 ms so far
[debug] &amp#27;[35m[WD Proxy]&amp#27;[39m Matched '/element' to command name 'findElement'
[debug] &amp#27;[35m[WD Proxy]&amp#27;[39m Proxying [POST /element] to [POST http://127.0.0.1:8200/wd/hub/session/7146ef62-f611-48ab-a2ed-1507d9a2e4f7/element] with body: {"strategy":"-android uiautomator","selector":"text(\"Ã£Æ’â€¢Ã£â€šÂ£Ã£Æ’Â¼Ã£Æ’Â«Ã£Æ’â€°Ã¥Â°â€šÃ©â€“â‚¬Ã¥Â®Â¶\")","context":"","multiple":false}
&amp#27;[35m[WD Proxy]&amp#27;[39m Got response with status 404: {"sessionId":"7146ef62-f611-48ab-a2ed-1507d9a2e4f7","value":{"error":"no such element","message":"An element could not be located on the page using the given search parameters","stacktrace":"io.appium.uiautomator2.common.exceptions.ElementNotFoundException: An element could not be located on the page using the given search parameters\n\tat io.appium.uiautomator2.handler.FindElement.safeHandle(FindElement.java:73)\n\tat io.appium.uiautomator2.handler.request.SafeRequestHandler.handle(SafeRequestHandler.java:41)\n\tat io.appium.uiautomator2.server.AppiumServlet.handleRequest(AppiumServlet.java:253)\n\tat io.appium.uiautomator2.server.AppiumServlet.handleHttpRequest(AppiumServlet.java:247)\n\tat io.appium.uiautomator2.http.ServerHandler.channelRead(ServerHandler.java:68)\n\tat io.netty.channel.AbstractChannelHandlerContext.invokeChannelRead(AbstractChannelHandlerContext.java:366)\n\tat io.netty.channel.AbstractChannelHandlerContext.invokeChannelRead(AbstractChannelHandlerContext.java:352)\n\tat io.netty.chann...
[debug] &amp#27;[35m[W3C]&amp#27;[39m Matched W3C error code 'no such element' to NoSuchElementError
[debug] &amp#27;[35m[BaseDriver]&amp#27;[39m Waited for 7570 ms so far
[debug] &amp#27;[35m[WD Proxy]&amp#27;[39m Matched '/element' to command name 'findElement'
[debug] &amp#27;[35m[WD Proxy]&amp#27;[39m Proxying [POST /element] to [POST http://127.0.0.1:8200/wd/hub/session/7146ef62-f611-48ab-a2ed-1507d9a2e4f7/element] with body: {"strategy":"-android uiautomator","selector":"text(\"Ã£Æ’â€¢Ã£â€šÂ£Ã£Æ’Â¼Ã£Æ’Â«Ã£Æ’â€°Ã¥Â°â€šÃ©â€“â‚¬Ã¥Â®Â¶\")","context":"","multiple":false}
&amp#27;[35m[WD Proxy]&amp#27;[39m Got response with status 404: {"sessionId":"7146ef62-f611-48ab-a2ed-1507d9a2e4f7","value":{"error":"no such element","message":"An element could not be located on the page using the given search parameters","stacktrace":"io.appium.uiautomator2.common.exceptions.ElementNotFoundException: An element could not be located on the page using the given search parameters\n\tat io.appium.uiautomator2.handler.FindElement.safeHandle(FindElement.java:73)\n\tat io.appium.uiautomator2.handler.request.SafeRequestHandler.handle(SafeRequestHandler.java:41)\n\tat io.appium.uiautomator2.server.AppiumServlet.handleRequest(AppiumServlet.java:253)\n\tat io.appium.uiautomator2.server.AppiumServlet.handleHttpRequest(AppiumServlet.java:247)\n\tat io.appium.uiautomator2.http.ServerHandler.channelRead(ServerHandler.java:68)\n\tat io.netty.channel.AbstractChannelHandlerContext.invokeChannelRead(AbstractChannelHandlerContext.java:366)\n\tat io.netty.channel.AbstractChannelHandlerContext.invokeChannelRead(AbstractChannelHandlerContext.java:352)\n\tat io.netty.chann...
[debug] &amp#27;[35m[W3C]&amp#27;[39m Matched W3C error code 'no such element' to NoSuchElementError
[debug] &amp#27;[35m[BaseDriver]&amp#27;[39m Waited for 8102 ms so far
[debug] &amp#27;[35m[WD Proxy]&amp#27;[39m Matched '/element' to command name 'findElement'
[debug] &amp#27;[35m[WD Proxy]&amp#27;[39m Proxying [POST /element] to [POST http://127.0.0.1:8200/wd/hub/session/7146ef62-f611-48ab-a2ed-1507d9a2e4f7/element] with body: {"strategy":"-android uiautomator","selector":"text(\"Ã£Æ’â€¢Ã£â€šÂ£Ã£Æ’Â¼Ã£Æ’Â«Ã£Æ’â€°Ã¥Â°â€šÃ©â€“â‚¬Ã¥Â®Â¶\")","context":"","multiple":false}
&amp#27;[35m[WD Proxy]&amp#27;[39m Got response with status 404: {"sessionId":"7146ef62-f611-48ab-a2ed-1507d9a2e4f7","value":{"error":"no such element","message":"An element could not be located on the page using the given search parameters","stacktrace":"io.appium.uiautomator2.common.exceptions.ElementNotFoundException: An element could not be located on the page using the given search parameters\n\tat io.appium.uiautomator2.handler.FindElement.safeHandle(FindElement.java:73)\n\tat io.appium.uiautomator2.handler.request.SafeRequestHandler.handle(SafeRequestHandler.java:41)\n\tat io.appium.uiautomator2.server.AppiumServlet.handleRequest(AppiumServlet.java:253)\n\tat io.appium.uiautomator2.server.AppiumServlet.handleHttpRequest(AppiumServlet.java:247)\n\tat io.appium.uiautomator2.http.ServerHandler.channelRead(ServerHandler.java:68)\n\tat io.netty.channel.AbstractChannelHandlerContext.invokeChannelRead(AbstractChannelHandlerContext.java:366)\n\tat io.netty.channel.AbstractChannelHandlerContext.invokeChannelRead(AbstractChannelHandlerContext.java:352)\n\tat io.netty.chann...
[debug] &amp#27;[35m[W3C]&amp#27;[39m Matched W3C error code 'no such element' to NoSuchElementError
[debug] &amp#27;[35m[BaseDriver]&amp#27;[39m Waited for 8645 ms so far
[debug] &amp#27;[35m[WD Proxy]&amp#27;[39m Matched '/element' to command name 'findElement'
[debug] &amp#27;[35m[WD Proxy]&amp#27;[39m Proxying [POST /element] to [POST http://127.0.0.1:8200/wd/hub/session/7146ef62-f611-48ab-a2ed-1507d9a2e4f7/element] with body: {"strategy":"-android uiautomator","selector":"text(\"Ã£Æ’â€¢Ã£â€šÂ£Ã£Æ’Â¼Ã£Æ’Â«Ã£Æ’â€°Ã¥Â°â€šÃ©â€“â‚¬Ã¥Â®Â¶\")","context":"","multiple":false}
&amp#27;[35m[WD Proxy]&amp#27;[39m Got response with status 404: {"sessionId":"7146ef62-f611-48ab-a2ed-1507d9a2e4f7","value":{"error":"no such element","message":"An element could not be located on the page using the given search parameters","stacktrace":"io.appium.uiautomator2.common.exceptions.ElementNotFoundException: An element could not be located on the page using the given search parameters\n\tat io.appium.uiautomator2.handler.FindElement.safeHandle(FindElement.java:73)\n\tat io.appium.uiautomator2.handler.request.SafeRequestHandler.handle(SafeRequestHandler.java:41)\n\tat io.appium.uiautomator2.server.AppiumServlet.handleRequest(AppiumServlet.java:253)\n\tat io.appium.uiautomator2.server.AppiumServlet.handleHttpRequest(AppiumServlet.java:247)\n\tat io.appium.uiautomator2.http.ServerHandler.channelRead(ServerHandler.java:68)\n\tat io.netty.channel.AbstractChannelHandlerContext.invokeChannelRead(AbstractChannelHandlerContext.java:366)\n\tat io.netty.channel.AbstractChannelHandlerContext.invokeChannelRead(AbstractChannelHandlerContext.java:352)\n\tat io.netty.chann...
[debug] &amp#27;[35m[W3C]&amp#27;[39m Matched W3C error code 'no such element' to NoSuchElementError
[debug] &amp#27;[35m[BaseDriver]&amp#27;[39m Waited for 9180 ms so far
[debug] &amp#27;[35m[WD Proxy]&amp#27;[39m Matched '/element' to command name 'findElement'
[debug] &amp#27;[35m[WD Proxy]&amp#27;[39m Proxying [POST /element] to [POST http://127.0.0.1:8200/wd/hub/session/7146ef62-f611-48ab-a2ed-1507d9a2e4f7/element] with body: {"strategy":"-android uiautomator","selector":"text(\"Ã£Æ’â€¢Ã£â€šÂ£Ã£Æ’Â¼Ã£Æ’Â«Ã£Æ’â€°Ã¥Â°â€šÃ©â€“â‚¬Ã¥Â®Â¶\")","context":"","multiple":false}
&amp#27;[35m[WD Proxy]&amp#27;[39m Got response with status 404: {"sessionId":"7146ef62-f611-48ab-a2ed-1507d9a2e4f7","value":{"error":"no such element","message":"An element could not be located on the page using the given search parameters","stacktrace":"io.appium.uiautomator2.common.exceptions.ElementNotFoundException: An element could not be located on the page using the given search parameters\n\tat io.appium.uiautomator2.handler.FindElement.safeHandle(FindElement.java:73)\n\tat io.appium.uiautomator2.handler.request.SafeRequestHandler.handle(SafeRequestHandler.java:41)\n\tat io.appium.uiautomator2.server.AppiumServlet.handleRequest(AppiumServlet.java:253)\n\tat io.appium.uiautomator2.server.AppiumServlet.handleHttpRequest(AppiumServlet.java:247)\n\tat io.appium.uiautomator2.http.ServerHandler.channelRead(ServerHandler.java:68)\n\tat io.netty.channel.AbstractChannelHandlerContext.invokeChannelRead(AbstractChannelHandlerContext.java:366)\n\tat io.netty.channel.AbstractChannelHandlerContext.invokeChannelRead(AbstractChannelHandlerContext.java:352)\n\tat io.netty.chann...
[debug] &amp#27;[35m[W3C]&amp#27;[39m Matched W3C error code 'no such element' to NoSuchElementError
[debug] &amp#27;[35m[BaseDriver]&amp#27;[39m Waited for 9735 ms so far
[debug] &amp#27;[35m[WD Proxy]&amp#27;[39m Matched '/element' to command name 'findElement'
[debug] &amp#27;[35m[WD Proxy]&amp#27;[39m Proxying [POST /element] to [POST http://127.0.0.1:8200/wd/hub/session/7146ef62-f611-48ab-a2ed-1507d9a2e4f7/element] with body: {"strategy":"-android uiautomator","selector":"text(\"Ã£Æ’â€¢Ã£â€šÂ£Ã£Æ’Â¼Ã£Æ’Â«Ã£Æ’â€°Ã¥Â°â€šÃ©â€“â‚¬Ã¥Â®Â¶\")","context":"","multiple":false}
&amp#27;[35m[WD Proxy]&amp#27;[39m Got response with status 404: {"sessionId":"7146ef62-f611-48ab-a2ed-1507d9a2e4f7","value":{"error":"no such element","message":"An element could not be located on the page using the given search parameters","stacktrace":"io.appium.uiautomator2.common.exceptions.ElementNotFoundException: An element could not be located on the page using the given search parameters\n\tat io.appium.uiautomator2.handler.FindElement.safeHandle(FindElement.java:73)\n\tat io.appium.uiautomator2.handler.request.SafeRequestHandler.handle(SafeRequestHandler.java:41)\n\tat io.appium.uiautomator2.server.AppiumServlet.handleRequest(AppiumServlet.java:253)\n\tat io.appium.uiautomator2.server.AppiumServlet.handleHttpRequest(AppiumServlet.java:247)\n\tat io.appium.uiautomator2.http.ServerHandler.channelRead(ServerHandler.java:68)\n\tat io.netty.channel.AbstractChannelHandlerContext.invokeChannelRead(AbstractChannelHandlerContext.java:366)\n\tat io.netty.channel.AbstractChannelHandlerContext.invokeChannelRead(AbstractChannelHandlerContext.java:352)\n\tat io.netty.chann...
[debug] &amp#27;[35m[W3C]&amp#27;[39m Matched W3C error code 'no such element' to NoSuchElementError
[debug] &amp#27;[35m[BaseDriver]&amp#27;[39m Waited for 10275 ms so far
[debug] &amp#27;[35m[WD Proxy]&amp#27;[39m Matched '/element' to command name 'findElement'
[debug] &amp#27;[35m[WD Proxy]&amp#27;[39m Proxying [POST /element] to [POST http://127.0.0.1:8200/wd/hub/session/7146ef62-f611-48ab-a2ed-1507d9a2e4f7/element] with body: {"strategy":"-android uiautomator","selector":"text(\"Ã£Æ’â€¢Ã£â€šÂ£Ã£Æ’Â¼Ã£Æ’Â«Ã£Æ’â€°Ã¥Â°â€šÃ©â€“â‚¬Ã¥Â®Â¶\")","context":"","multiple":false}
&amp#27;[35m[WD Proxy]&amp#27;[39m Got response with status 404: {"sessionId":"7146ef62-f611-48ab-a2ed-1507d9a2e4f7","value":{"error":"no such element","message":"An element could not be located on the page using the given search parameters","stacktrace":"io.appium.uiautomator2.common.exceptions.ElementNotFoundException: An element could not be located on the page using the given search parameters\n\tat io.appium.uiautomator2.handler.FindElement.safeHandle(FindElement.java:73)\n\tat io.appium.uiautomator2.handler.request.SafeRequestHandler.handle(SafeRequestHandler.java:41)\n\tat io.appium.uiautomator2.server.AppiumServlet.handleRequest(AppiumServlet.java:253)\n\tat io.appium.uiautomator2.server.AppiumServlet.handleHttpRequest(AppiumServlet.java:247)\n\tat io.appium.uiautomator2.http.ServerHandler.channelRead(ServerHandler.java:68)\n\tat io.netty.channel.AbstractChannelHandlerContext.invokeChannelRead(AbstractChannelHandlerContext.java:366)\n\tat io.netty.channel.AbstractChannelHandlerContext.invokeChannelRead(AbstractChannelHandlerContext.java:352)\n\tat io.netty.chann...
[debug] &amp#27;[35m[W3C]&amp#27;[39m Matched W3C error code 'no such element' to NoSuchElementError
[debug] &amp#27;[35m[BaseDriver]&amp#27;[39m Waited for 10830 ms so far
[debug] &amp#27;[35m[WD Proxy]&amp#27;[39m Matched '/element' to command name 'findElement'
[debug] &amp#27;[35m[WD Proxy]&amp#27;[39m Proxying [POST /element] to [POST http://127.0.0.1:8200/wd/hub/session/7146ef62-f611-48ab-a2ed-1507d9a2e4f7/element] with body: {"strategy":"-android uiautomator","selector":"text(\"Ã£Æ’â€¢Ã£â€šÂ£Ã£Æ’Â¼Ã£Æ’Â«Ã£Æ’â€°Ã¥Â°â€šÃ©â€“â‚¬Ã¥Â®Â¶\")","context":"","multiple":false}
&amp#27;[35m[WD Proxy]&amp#27;[39m Got response with status 404: {"sessionId":"7146ef62-f611-48ab-a2ed-1507d9a2e4f7","value":{"error":"no such element","message":"An element could not be located on the page using the given search parameters","stacktrace":"io.appium.uiautomator2.common.exceptions.ElementNotFoundException: An element could not be located on the page using the given search parameters\n\tat io.appium.uiautomator2.handler.FindElement.safeHandle(FindElement.java:73)\n\tat io.appium.uiautomator2.handler.request.SafeRequestHandler.handle(SafeRequestHandler.java:41)\n\tat io.appium.uiautomator2.server.AppiumServlet.handleRequest(AppiumServlet.java:253)\n\tat io.appium.uiautomator2.server.AppiumServlet.handleHttpRequest(AppiumServlet.java:247)\n\tat io.appium.uiautomator2.http.ServerHandler.channelRead(ServerHandler.java:68)\n\tat io.netty.channel.AbstractChannelHandlerContext.invokeChannelRead(AbstractChannelHandlerContext.java:366)\n\tat io.netty.channel.AbstractChannelHandlerContext.invokeChannelRead(AbstractChannelHandlerContext.java:352)\n\tat io.netty.chann...
[debug] &amp#27;[35m[W3C]&amp#27;[39m Matched W3C error code 'no such element' to NoSuchElementError
[debug] &amp#27;[35m[BaseDriver]&amp#27;[39m Waited for 11361 ms so far
[debug] &amp#27;[35m[WD Proxy]&amp#27;[39m Matched '/element' to command name 'findElement'
[debug] &amp#27;[35m[WD Proxy]&amp#27;[39m Proxying [POST /element] to [POST http://127.0.0.1:8200/wd/hub/session/7146ef62-f611-48ab-a2ed-1507d9a2e4f7/element] with body: {"strategy":"-android uiautomator","selector":"text(\"Ã£Æ’â€¢Ã£â€šÂ£Ã£Æ’Â¼Ã£Æ’Â«Ã£Æ’â€°Ã¥Â°â€šÃ©â€“â‚¬Ã¥Â®Â¶\")","context":"","multiple":false}
&amp#27;[35m[WD Proxy]&amp#27;[39m Got response with status 404: {"sessionId":"7146ef62-f611-48ab-a2ed-1507d9a2e4f7","value":{"error":"no such element","message":"An element could not be located on the page using the given search parameters","stacktrace":"io.appium.uiautomator2.common.exceptions.ElementNotFoundException: An element could not be located on the page using the given search parameters\n\tat io.appium.uiautomator2.handler.FindElement.safeHandle(FindElement.java:73)\n\tat io.appium.uiautomator2.handler.request.SafeRequestHandler.handle(SafeRequestHandler.java:41)\n\tat io.appium.uiautomator2.server.AppiumServlet.handleRequest(AppiumServlet.java:253)\n\tat io.appium.uiautomator2.server.AppiumServlet.handleHttpRequest(AppiumServlet.java:247)\n\tat io.appium.uiautomator2.http.ServerHandler.channelRead(ServerHandler.java:68)\n\tat io.netty.channel.AbstractChannelHandlerContext.invokeChannelRead(AbstractChannelHandlerContext.java:366)\n\tat io.netty.channel.AbstractChannelHandlerContext.invokeChannelRead(AbstractChannelHandlerContext.java:352)\n\tat io.netty.chann...
[debug] &amp#27;[35m[W3C]&amp#27;[39m Matched W3C error code 'no such element' to NoSuchElementError
[debug] &amp#27;[35m[BaseDriver]&amp#27;[39m Waited for 11897 ms so far
[debug] &amp#27;[35m[WD Proxy]&amp#27;[39m Matched '/element' to command name 'findElement'
[debug] &amp#27;[35m[WD Proxy]&amp#27;[39m Proxying [POST /element] to [POST http://127.0.0.1:8200/wd/hub/session/7146ef62-f611-48ab-a2ed-1507d9a2e4f7/element] with body: {"strategy":"-android uiautomator","selector":"text(\"Ã£Æ’â€¢Ã£â€šÂ£Ã£Æ’Â¼Ã£Æ’Â«Ã£Æ’â€°Ã¥Â°â€šÃ©â€“â‚¬Ã¥Â®Â¶\")","context":"","multiple":false}
&amp#27;[35m[WD Proxy]&amp#27;[39m Got response with status 404: {"sessionId":"7146ef62-f611-48ab-a2ed-1507d9a2e4f7","value":{"error":"no such element","message":"An element could not be located on the page using the given search parameters","stacktrace":"io.appium.uiautomator2.common.exceptions.ElementNotFoundException: An element could not be located on the page using the given search parameters\n\tat io.appium.uiautomator2.handler.FindElement.safeHandle(FindElement.java:73)\n\tat io.appium.uiautomator2.handler.request.SafeRequestHandler.handle(SafeRequestHandler.java:41)\n\tat io.appium.uiautomator2.server.AppiumServlet.handleRequest(AppiumServlet.java:253)\n\tat io.appium.uiautomator2.server.AppiumServlet.handleHttpRequest(AppiumServlet.java:247)\n\tat io.appium.uiautomator2.http.ServerHandler.channelRead(ServerHandler.java:68)\n\tat io.netty.channel.AbstractChannelHandlerContext.invokeChannelRead(AbstractChannelHandlerContext.java:366)\n\tat io.netty.channel.AbstractChannelHandlerContext.invokeChannelRead(AbstractChannelHandlerContext.java:352)\n\tat io.netty.chann...
[debug] &amp#27;[35m[W3C]&amp#27;[39m Matched W3C error code 'no such element' to NoSuchElementError
[debug] &amp#27;[35m[BaseDriver]&amp#27;[39m Waited for 12441 ms so far
[debug] &amp#27;[35m[WD Proxy]&amp#27;[39m Matched '/element' to command name 'findElement'
[debug] &amp#27;[35m[WD Proxy]&amp#27;[39m Proxying [POST /element] to [POST http://127.0.0.1:8200/wd/hub/session/7146ef62-f611-48ab-a2ed-1507d9a2e4f7/element] with body: {"strategy":"-android uiautomator","selector":"text(\"Ã£Æ’â€¢Ã£â€šÂ£Ã£Æ’Â¼Ã£Æ’Â«Ã£Æ’â€°Ã¥Â°â€šÃ©â€“â‚¬Ã¥Â®Â¶\")","context":"","multiple":false}
&amp#27;[35m[WD Proxy]&amp#27;[39m Got response with status 404: {"sessionId":"7146ef62-f611-48ab-a2ed-1507d9a2e4f7","value":{"error":"no such element","message":"An element could not be located on the page using the given search parameters","stacktrace":"io.appium.uiautomator2.common.exceptions.ElementNotFoundException: An element could not be located on the page using the given search parameters\n\tat io.appium.uiautomator2.handler.FindElement.safeHandle(FindElement.java:73)\n\tat io.appium.uiautomator2.handler.request.SafeRequestHandler.handle(SafeRequestHandler.java:41)\n\tat io.appium.uiautomator2.server.AppiumServlet.handleRequest(AppiumServlet.java:253)\n\tat io.appium.uiautomator2.server.AppiumServlet.handleHttpRequest(AppiumServlet.java:247)\n\tat io.appium.uiautomator2.http.ServerHandler.channelRead(ServerHandler.java:68)\n\tat io.netty.channel.AbstractChannelHandlerContext.invokeChannelRead(AbstractChannelHandlerContext.java:366)\n\tat io.netty.channel.AbstractChannelHandlerContext.invokeChannelRead(AbstractChannelHandlerContext.java:352)\n\tat io.netty.chann...
[debug] &amp#27;[35m[W3C]&amp#27;[39m Matched W3C error code 'no such element' to NoSuchElementError
[debug] &amp#27;[35m[BaseDriver]&amp#27;[39m Waited for 12984 ms so far
[debug] &amp#27;[35m[WD Proxy]&amp#27;[39m Matched '/element' to command name 'findElement'
[debug] &amp#27;[35m[WD Proxy]&amp#27;[39m Proxying [POST /element] to [POST http://127.0.0.1:8200/wd/hub/session/7146ef62-f611-48ab-a2ed-1507d9a2e4f7/element] with body: {"strategy":"-android uiautomator","selector":"text(\"Ã£Æ’â€¢Ã£â€šÂ£Ã£Æ’Â¼Ã£Æ’Â«Ã£Æ’â€°Ã¥Â°â€šÃ©â€“â‚¬Ã¥Â®Â¶\")","context":"","multiple":false}
&amp#27;[35m[WD Proxy]&amp#27;[39m Got response with status 404: {"sessionId":"7146ef62-f611-48ab-a2ed-1507d9a2e4f7","value":{"error":"no such element","message":"An element could not be located on the page using the given search parameters","stacktrace":"io.appium.uiautomator2.common.exceptions.ElementNotFoundException: An element could not be located on the page using the given search parameters\n\tat io.appium.uiautomator2.handler.FindElement.safeHandle(FindElement.java:73)\n\tat io.appium.uiautomator2.handler.request.SafeRequestHandler.handle(SafeRequestHandler.java:41)\n\tat io.appium.uiautomator2.server.AppiumServlet.handleRequest(AppiumServlet.java:253)\n\tat io.appium.uiautomator2.server.AppiumServlet.handleHttpRequest(AppiumServlet.java:247)\n\tat io.appium.uiautomator2.http.ServerHandler.channelRead(ServerHandler.java:68)\n\tat io.netty.channel.AbstractChannelHandlerContext.invokeChannelRead(AbstractChannelHandlerContext.java:366)\n\tat io.netty.channel.AbstractChannelHandlerContext.invokeChannelRead(AbstractChannelHandlerContext.java:352)\n\tat io.netty.chann...
[debug] &amp#27;[35m[W3C]&amp#27;[39m Matched W3C error code 'no such element' to NoSuchElementError
[debug] &amp#27;[35m[BaseDriver]&amp#27;[39m Waited for 13520 ms so far
[debug] &amp#27;[35m[WD Proxy]&amp#27;[39m Matched '/element' to command name 'findElement'
[debug] &amp#27;[35m[WD Proxy]&amp#27;[39m Proxying [POST /element] to [POST http://127.0.0.1:8200/wd/hub/session/7146ef62-f611-48ab-a2ed-1507d9a2e4f7/element] with body: {"strategy":"-android uiautomator","selector":"text(\"Ã£Æ’â€¢Ã£â€šÂ£Ã£Æ’Â¼Ã£Æ’Â«Ã£Æ’â€°Ã¥Â°â€šÃ©â€“â‚¬Ã¥Â®Â¶\")","context":"","multiple":false}
&amp#27;[35m[WD Proxy]&amp#27;[39m Got response with status 404: {"sessionId":"7146ef62-f611-48ab-a2ed-1507d9a2e4f7","value":{"error":"no such element","message":"An element could not be located on the page using the given search parameters","stacktrace":"io.appium.uiautomator2.common.exceptions.ElementNotFoundException: An element could not be located on the page using the given search parameters\n\tat io.appium.uiautomator2.handler.FindElement.safeHandle(FindElement.java:73)\n\tat io.appium.uiautomator2.handler.request.SafeRequestHandler.handle(SafeRequestHandler.java:41)\n\tat io.appium.uiautomator2.server.AppiumServlet.handleRequest(AppiumServlet.java:253)\n\tat io.appium.uiautomator2.server.AppiumServlet.handleHttpRequest(AppiumServlet.java:247)\n\tat io.appium.uiautomator2.http.ServerHandler.channelRead(ServerHandler.java:68)\n\tat io.netty.channel.AbstractChannelHandlerContext.invokeChannelRead(AbstractChannelHandlerContext.java:366)\n\tat io.netty.channel.AbstractChannelHandlerContext.invokeChannelRead(AbstractChannelHandlerContext.java:352)\n\tat io.netty.chann...
[debug] &amp#27;[35m[W3C]&amp#27;[39m Matched W3C error code 'no such element' to NoSuchElementError
[debug] &amp#27;[35m[BaseDriver]&amp#27;[39m Waited for 14053 ms so far
[debug] &amp#27;[35m[WD Proxy]&amp#27;[39m Matched '/element' to command name 'findElement'
[debug] &amp#27;[35m[WD Proxy]&amp#27;[39m Proxying [POST /element] to [POST http://127.0.0.1:8200/wd/hub/session/7146ef62-f611-48ab-a2ed-1507d9a2e4f7/element] with body: {"strategy":"-android uiautomator","selector":"text(\"Ã£Æ’â€¢Ã£â€šÂ£Ã£Æ’Â¼Ã£Æ’Â«Ã£Æ’â€°Ã¥Â°â€šÃ©â€“â‚¬Ã¥Â®Â¶\")","context":"","multiple":false}
&amp#27;[35m[WD Proxy]&amp#27;[39m Got response with status 404: {"sessionId":"7146ef62-f611-48ab-a2ed-1507d9a2e4f7","value":{"error":"no such element","message":"An element could not be located on the page using the given search parameters","stacktrace":"io.appium.uiautomator2.common.exceptions.ElementNotFoundException: An element could not be located on the page using the given search parameters\n\tat io.appium.uiautomator2.handler.FindElement.safeHandle(FindElement.java:73)\n\tat io.appium.uiautomator2.handler.request.SafeRequestHandler.handle(SafeRequestHandler.java:41)\n\tat io.appium.uiautomator2.server.AppiumServlet.handleRequest(AppiumServlet.java:253)\n\tat io.appium.uiautomator2.server.AppiumServlet.handleHttpRequest(AppiumServlet.java:247)\n\tat io.appium.uiautomator2.http.ServerHandler.channelRead(ServerHandler.java:68)\n\tat io.netty.channel.AbstractChannelHandlerContext.invokeChannelRead(AbstractChannelHandlerContext.java:366)\n\tat io.netty.channel.AbstractChannelHandlerContext.invokeChannelRead(AbstractChannelHandlerContext.java:352)\n\tat io.netty.chann...
[debug] &amp#27;[35m[W3C]&amp#27;[39m Matched W3C error code 'no such element' to NoSuchElementError
[debug] &amp#27;[35m[BaseDriver]&amp#27;[39m Waited for 14583 ms so far
[debug] &amp#27;[35m[WD Proxy]&amp#27;[39m Matched '/element' to command name 'findElement'
[debug] &amp#27;[35m[WD Proxy]&amp#27;[39m Proxying [POST /element] to [POST http://127.0.0.1:8200/wd/hub/session/7146ef62-f611-48ab-a2ed-1507d9a2e4f7/element] with body: {"strategy":"-android uiautomator","selector":"text(\"Ã£Æ’â€¢Ã£â€šÂ£Ã£Æ’Â¼Ã£Æ’Â«Ã£Æ’â€°Ã¥Â°â€šÃ©â€“â‚¬Ã¥Â®Â¶\")","context":"","multiple":false}
&amp#27;[35m[WD Proxy]&amp#27;[39m Got response with status 404: {"sessionId":"7146ef62-f611-48ab-a2ed-1507d9a2e4f7","value":{"error":"no such element","message":"An element could not be located on the page using the given search parameters","stacktrace":"io.appium.uiautomator2.common.exceptions.ElementNotFoundException: An element could not be located on the page using the given search parameters\n\tat io.appium.uiautomator2.handler.FindElement.safeHandle(FindElement.java:73)\n\tat io.appium.uiautomator2.handler.request.SafeRequestHandler.handle(SafeRequestHandler.java:41)\n\tat io.appium.uiautomator2.server.AppiumServlet.handleRequest(AppiumServlet.java:253)\n\tat io.appium.uiautomator2.server.AppiumServlet.handleHttpRequest(AppiumServlet.java:247)\n\tat io.appium.uiautomator2.http.ServerHandler.channelRead(ServerHandler.java:68)\n\tat io.netty.channel.AbstractChannelHandlerContext.invokeChannelRead(AbstractChannelHandlerContext.java:366)\n\tat io.netty.channel.AbstractChannelHandlerContext.invokeChannelRead(AbstractChannelHandlerContext.java:352)\n\tat io.netty.chann...
[debug] &amp#27;[35m[W3C]&amp#27;[39m Matched W3C error code 'no such element' to NoSuchElementError
[debug] &amp#27;[35m[BaseDriver]&amp#27;[39m Waited for 15126 ms so far
[debug] &amp#27;[35m[WD Proxy]&amp#27;[39m Matched '/element' to command name 'findElement'
[debug] &amp#27;[35m[WD Proxy]&amp#27;[39m Proxying [POST /element] to [POST http://127.0.0.1:8200/wd/hub/session/7146ef62-f611-48ab-a2ed-1507d9a2e4f7/element] with body: {"strategy":"-android uiautomator","selector":"text(\"Ã£Æ’â€¢Ã£â€šÂ£Ã£Æ’Â¼Ã£Æ’Â«Ã£Æ’â€°Ã¥Â°â€šÃ©â€“â‚¬Ã¥Â®Â¶\")","context":"","multiple":false}
&amp#27;[35m[WD Proxy]&amp#27;[39m Got response with status 404: {"sessionId":"7146ef62-f611-48ab-a2ed-1507d9a2e4f7","value":{"error":"no such element","message":"An element could not be located on the page using the given search parameters","stacktrace":"io.appium.uiautomator2.common.exceptions.ElementNotFoundException: An element could not be located on the page using the given search parameters\n\tat io.appium.uiautomator2.handler.FindElement.safeHandle(FindElement.java:73)\n\tat io.appium.uiautomator2.handler.request.SafeRequestHandler.handle(SafeRequestHandler.java:41)\n\tat io.appium.uiautomator2.server.AppiumServlet.handleRequest(AppiumServlet.java:253)\n\tat io.appium.uiautomator2.server.AppiumServlet.handleHttpRequest(AppiumServlet.java:247)\n\tat io.appium.uiautomator2.http.ServerHandler.channelRead(ServerHandler.java:68)\n\tat io.netty.channel.AbstractChannelHandlerContext.invokeChannelRead(AbstractChannelHandlerContext.java:366)\n\tat io.netty.channel.AbstractChannelHandlerContext.invokeChannelRead(AbstractChannelHandlerContext.java:352)\n\tat io.netty.chann...
[debug] &amp#27;[35m[W3C]&amp#27;[39m Matched W3C error code 'no such element' to NoSuchElementError
[debug] &amp#27;[35m[BaseDriver]&amp#27;[39m Waited for 15837 ms so far
[debug] &amp#27;[35m[WD Proxy]&amp#27;[39m Matched '/element' to command name 'findElement'
[debug] &amp#27;[35m[WD Proxy]&amp#27;[39m Proxying [POST /element] to [POST http://127.0.0.1:8200/wd/hub/session/7146ef62-f611-48ab-a2ed-1507d9a2e4f7/element] with body: {"strategy":"-android uiautomator","selector":"text(\"Ã£Æ’â€¢Ã£â€šÂ£Ã£Æ’Â¼Ã£Æ’Â«Ã£Æ’â€°Ã¥Â°â€šÃ©â€“â‚¬Ã¥Â®Â¶\")","context":"","multiple":false}
&amp#27;[35m[WD Proxy]&amp#27;[39m Got response with status 404: {"sessionId":"7146ef62-f611-48ab-a2ed-1507d9a2e4f7","value":{"error":"no such element","message":"An element could not be located on the page using the given search parameters","stacktrace":"io.appium.uiautomator2.common.exceptions.ElementNotFoundException: An element could not be located on the page using the given search parameters\n\tat io.appium.uiautomator2.handler.FindElement.safeHandle(FindElement.java:73)\n\tat io.appium.uiautomator2.handler.request.SafeRequestHandler.handle(SafeRequestHandler.java:41)\n\tat io.appium.uiautomator2.server.AppiumServlet.handleRequest(AppiumServlet.java:253)\n\tat io.appium.uiautomator2.server.AppiumServlet.handleHttpRequest(AppiumServlet.java:247)\n\tat io.appium.uiautomator2.http.ServerHandler.channelRead(ServerHandler.java:68)\n\tat io.netty.channel.AbstractChannelHandlerContext.invokeChannelRead(AbstractChannelHandlerContext.java:366)\n\tat io.netty.channel.AbstractChannelHandlerContext.invokeChannelRead(AbstractChannelHandlerContext.java:352)\n\tat io.netty.chann...
[debug] &amp#27;[35m[W3C]&amp#27;[39m Matched W3C error code 'no such element' to NoSuchElementError
[debug] &amp#27;[35m[BaseDriver]&amp#27;[39m Waited for 16375 ms so far
[debug] &amp#27;[35m[WD Proxy]&amp#27;[39m Matched '/element' to command name 'findElement'
[debug] &amp#27;[35m[WD Proxy]&amp#27;[39m Proxying [POST /element] to [POST http://127.0.0.1:8200/wd/hub/session/7146ef62-f611-48ab-a2ed-1507d9a2e4f7/element] with body: {"strategy":"-android uiautomator","selector":"text(\"Ã£Æ’â€¢Ã£â€šÂ£Ã£Æ’Â¼Ã£Æ’Â«Ã£Æ’â€°Ã¥Â°â€šÃ©â€“â‚¬Ã¥Â®Â¶\")","context":"","multiple":false}
&amp#27;[35m[WD Proxy]&amp#27;[39m Got response with status 404: {"sessionId":"7146ef62-f611-48ab-a2ed-1507d9a2e4f7","value":{"error":"no such element","message":"An element could not be located on the page using the given search parameters","stacktrace":"io.appium.uiautomator2.common.exceptions.ElementNotFoundException: An element could not be located on the page using the given search parameters\n\tat io.appium.uiautomator2.handler.FindElement.safeHandle(FindElement.java:73)\n\tat io.appium.uiautomator2.handler.request.SafeRequestHandler.handle(SafeRequestHandler.java:41)\n\tat io.appium.uiautomator2.server.AppiumServlet.handleRequest(AppiumServlet.java:253)\n\tat io.appium.uiautomator2.server.AppiumServlet.handleHttpRequest(AppiumServlet.java:247)\n\tat io.appium.uiautomator2.http.ServerHandler.channelRead(ServerHandler.java:68)\n\tat io.netty.channel.AbstractChannelHandlerContext.invokeChannelRead(AbstractChannelHandlerContext.java:366)\n\tat io.netty.channel.AbstractChannelHandlerContext.invokeChannelRead(AbstractChannelHandlerContext.java:352)\n\tat io.netty.chann...
[debug] &amp#27;[35m[W3C]&amp#27;[39m Matched W3C error code 'no such element' to NoSuchElementError
[debug] &amp#27;[35m[BaseDriver]&amp#27;[39m Waited for 16926 ms so far
[debug] &amp#27;[35m[WD Proxy]&amp#27;[39m Matched '/element' to command name 'findElement'
[debug] &amp#27;[35m[WD Proxy]&amp#27;[39m Proxying [POST /element] to [POST http://127.0.0.1:8200/wd/hub/session/7146ef62-f611-48ab-a2ed-1507d9a2e4f7/element] with body: {"strategy":"-android uiautomator","selector":"text(\"Ã£Æ’â€¢Ã£â€šÂ£Ã£Æ’Â¼Ã£Æ’Â«Ã£Æ’â€°Ã¥Â°â€šÃ©â€“â‚¬Ã¥Â®Â¶\")","context":"","multiple":false}
&amp#27;[35m[WD Proxy]&amp#27;[39m Got response with status 404: {"sessionId":"7146ef62-f611-48ab-a2ed-1507d9a2e4f7","value":{"error":"no such element","message":"An element could not be located on the page using the given search parameters","stacktrace":"io.appium.uiautomator2.common.exceptions.ElementNotFoundException: An element could not be located on the page using the given search parameters\n\tat io.appium.uiautomator2.handler.FindElement.safeHandle(FindElement.java:73)\n\tat io.appium.uiautomator2.handler.request.SafeRequestHandler.handle(SafeRequestHandler.java:41)\n\tat io.appium.uiautomator2.server.AppiumServlet.handleRequest(AppiumServlet.java:253)\n\tat io.appium.uiautomator2.server.AppiumServlet.handleHttpRequest(AppiumServlet.java:247)\n\tat io.appium.uiautomator2.http.ServerHandler.channelRead(ServerHandler.java:68)\n\tat io.netty.channel.AbstractChannelHandlerContext.invokeChannelRead(AbstractChannelHandlerContext.java:366)\n\tat io.netty.channel.AbstractChannelHandlerContext.invokeChannelRead(AbstractChannelHandlerContext.java:352)\n\tat io.netty.chann...
[debug] &amp#27;[35m[W3C]&amp#27;[39m Matched W3C error code 'no such element' to NoSuchElementError
[debug] &amp#27;[35m[BaseDriver]&amp#27;[39m Waited for 17479 ms so far
[debug] &amp#27;[35m[WD Proxy]&amp#27;[39m Matched '/element' to command name 'findElement'
[debug] &amp#27;[35m[WD Proxy]&amp#27;[39m Proxying [POST /element] to [POST http://127.0.0.1:8200/wd/hub/session/7146ef62-f611-48ab-a2ed-1507d9a2e4f7/element] with body: {"strategy":"-android uiautomator","selector":"text(\"Ã£Æ’â€¢Ã£â€šÂ£Ã£Æ’Â¼Ã£Æ’Â«Ã£Æ’â€°Ã¥Â°â€šÃ©â€“â‚¬Ã¥Â®Â¶\")","context":"","multiple":false}
&amp#27;[35m[WD Proxy]&amp#27;[39m Got response with status 404: {"sessionId":"7146ef62-f611-48ab-a2ed-1507d9a2e4f7","value":{"error":"no such element","message":"An element could not be located on the page using the given search parameters","stacktrace":"io.appium.uiautomator2.common.exceptions.ElementNotFoundException: An element could not be located on the page using the given search parameters\n\tat io.appium.uiautomator2.handler.FindElement.safeHandle(FindElement.java:73)\n\tat io.appium.uiautomator2.handler.request.SafeRequestHandler.handle(SafeRequestHandler.java:41)\n\tat io.appium.uiautomator2.server.AppiumServlet.handleRequest(AppiumServlet.java:253)\n\tat io.appium.uiautomator2.server.AppiumServlet.handleHttpRequest(AppiumServlet.java:247)\n\tat io.appium.uiautomator2.http.ServerHandler.channelRead(ServerHandler.java:68)\n\tat io.netty.channel.AbstractChannelHandlerContext.invokeChannelRead(AbstractChannelHandlerContext.java:366)\n\tat io.netty.channel.AbstractChannelHandlerContext.invokeChannelRead(AbstractChannelHandlerContext.java:352)\n\tat io.netty.chann...
[debug] &amp#27;[35m[W3C]&amp#27;[39m Matched W3C error code 'no such element' to NoSuchElementError
[debug] &amp#27;[35m[BaseDriver]&amp#27;[39m Waited for 18023 ms so far
[debug] &amp#27;[35m[WD Proxy]&amp#27;[39m Matched '/element' to command name 'findElement'
[debug] &amp#27;[35m[WD Proxy]&amp#27;[39m Proxying [POST /element] to [POST http://127.0.0.1:8200/wd/hub/session/7146ef62-f611-48ab-a2ed-1507d9a2e4f7/element] with body: {"strategy":"-android uiautomator","selector":"text(\"Ã£Æ’â€¢Ã£â€šÂ£Ã£Æ’Â¼Ã£Æ’Â«Ã£Æ’â€°Ã¥Â°â€šÃ©â€“â‚¬Ã¥Â®Â¶\")","context":"","multiple":false}
&amp#27;[35m[WD Proxy]&amp#27;[39m Got response with status 404: {"sessionId":"7146ef62-f611-48ab-a2ed-1507d9a2e4f7","value":{"error":"no such element","message":"An element could not be located on the page using the given search parameters","stacktrace":"io.appium.uiautomator2.common.exceptions.ElementNotFoundException: An element could not be located on the page using the given search parameters\n\tat io.appium.uiautomator2.handler.FindElement.safeHandle(FindElement.java:73)\n\tat io.appium.uiautomator2.handler.request.SafeRequestHandler.handle(SafeRequestHandler.java:41)\n\tat io.appium.uiautomator2.server.AppiumServlet.handleRequest(AppiumServlet.java:253)\n\tat io.appium.uiautomator2.server.AppiumServlet.handleHttpRequest(AppiumServlet.java:247)\n\tat io.appium.uiautomator2.http.ServerHandler.channelRead(ServerHandler.java:68)\n\tat io.netty.channel.AbstractChannelHandlerContext.invokeChannelRead(AbstractChannelHandlerContext.java:366)\n\tat io.netty.channel.AbstractChannelHandlerContext.invokeChannelRead(AbstractChannelHandlerContext.java:352)\n\tat io.netty.chann...
[debug] &amp#27;[35m[W3C]&amp#27;[39m Matched W3C error code 'no such element' to NoSuchElementError
[debug] &amp#27;[35m[BaseDriver]&amp#27;[39m Waited for 18568 ms so far
[debug] &amp#27;[35m[WD Proxy]&amp#27;[39m Matched '/element' to command name 'findElement'
[debug] &amp#27;[35m[WD Proxy]&amp#27;[39m Proxying [POST /element] to [POST http://127.0.0.1:8200/wd/hub/session/7146ef62-f611-48ab-a2ed-1507d9a2e4f7/element] with body: {"strategy":"-android uiautomator","selector":"text(\"Ã£Æ’â€¢Ã£â€šÂ£Ã£Æ’Â¼Ã£Æ’Â«Ã£Æ’â€°Ã¥Â°â€šÃ©â€“â‚¬Ã¥Â®Â¶\")","context":"","multiple":false}
&amp#27;[35m[WD Proxy]&amp#27;[39m Got response with status 404: {"sessionId":"7146ef62-f611-48ab-a2ed-1507d9a2e4f7","value":{"error":"no such element","message":"An element could not be located on the page using the given search parameters","stacktrace":"io.appium.uiautomator2.common.exceptions.ElementNotFoundException: An element could not be located on the page using the given search parameters\n\tat io.appium.uiautomator2.handler.FindElement.safeHandle(FindElement.java:73)\n\tat io.appium.uiautomator2.handler.request.SafeRequestHandler.handle(SafeRequestHandler.java:41)\n\tat io.appium.uiautomator2.server.AppiumServlet.handleRequest(AppiumServlet.java:253)\n\tat io.appium.uiautomator2.server.AppiumServlet.handleHttpRequest(AppiumServlet.java:247)\n\tat io.appium.uiautomator2.http.ServerHandler.channelRead(ServerHandler.java:68)\n\tat io.netty.channel.AbstractChannelHandlerContext.invokeChannelRead(AbstractChannelHandlerContext.java:366)\n\tat io.netty.channel.AbstractChannelHandlerContext.invokeChannelRead(AbstractChannelHandlerContext.java:352)\n\tat io.netty.chann...
[debug] &amp#27;[35m[W3C]&amp#27;[39m Matched W3C error code 'no such element' to NoSuchElementError
[debug] &amp#27;[35m[BaseDriver]&amp#27;[39m Waited for 19106 ms so far
[debug] &amp#27;[35m[WD Proxy]&amp#27;[39m Matched '/element' to command name 'findElement'
[debug] &amp#27;[35m[WD Proxy]&amp#27;[39m Proxying [POST /element] to [POST http://127.0.0.1:8200/wd/hub/session/7146ef62-f611-48ab-a2ed-1507d9a2e4f7/element] with body: {"strategy":"-android uiautomator","selector":"text(\"Ã£Æ’â€¢Ã£â€šÂ£Ã£Æ’Â¼Ã£Æ’Â«Ã£Æ’â€°Ã¥Â°â€šÃ©â€“â‚¬Ã¥Â®Â¶\")","context":"","multiple":false}
&amp#27;[35m[WD Proxy]&amp#27;[39m Got response with status 404: {"sessionId":"7146ef62-f611-48ab-a2ed-1507d9a2e4f7","value":{"error":"no such element","message":"An element could not be located on the page using the given search parameters","stacktrace":"io.appium.uiautomator2.common.exceptions.ElementNotFoundException: An element could not be located on the page using the given search parameters\n\tat io.appium.uiautomator2.handler.FindElement.safeHandle(FindElement.java:73)\n\tat io.appium.uiautomator2.handler.request.SafeRequestHandler.handle(SafeRequestHandler.java:41)\n\tat io.appium.uiautomator2.server.AppiumServlet.handleRequest(AppiumServlet.java:253)\n\tat io.appium.uiautomator2.server.AppiumServlet.handleHttpRequest(AppiumServlet.java:247)\n\tat io.appium.uiautomator2.http.ServerHandler.channelRead(ServerHandler.java:68)\n\tat io.netty.channel.AbstractChannelHandlerContext.invokeChannelRead(AbstractChannelHandlerContext.java:366)\n\tat io.netty.channel.AbstractChannelHandlerContext.invokeChannelRead(AbstractChannelHandlerContext.java:352)\n\tat io.netty.chann...
[debug] &amp#27;[35m[W3C]&amp#27;[39m Matched W3C error code 'no such element' to NoSuchElementError
[debug] &amp#27;[35m[BaseDriver]&amp#27;[39m Waited for 19640 ms so far
[debug] &amp#27;[35m[WD Proxy]&amp#27;[39m Matched '/element' to command name 'findElement'
[debug] &amp#27;[35m[WD Proxy]&amp#27;[39m Proxying [POST /element] to [POST http://127.0.0.1:8200/wd/hub/session/7146ef62-f611-48ab-a2ed-1507d9a2e4f7/element] with body: {"strategy":"-android uiautomator","selector":"text(\"Ã£Æ’â€¢Ã£â€šÂ£Ã£Æ’Â¼Ã£Æ’Â«Ã£Æ’â€°Ã¥Â°â€šÃ©â€“â‚¬Ã¥Â®Â¶\")","context":"","multiple":false}
&amp#27;[35m[WD Proxy]&amp#27;[39m Got response with status 404: {"sessionId":"7146ef62-f611-48ab-a2ed-1507d9a2e4f7","value":{"error":"no such element","message":"An element could not be located on the page using the given search parameters","stacktrace":"io.appium.uiautomator2.common.exceptions.ElementNotFoundException: An element could not be located on the page using the given search parameters\n\tat io.appium.uiautomator2.handler.FindElement.safeHandle(FindElement.java:73)\n\tat io.appium.uiautomator2.handler.request.SafeRequestHandler.handle(SafeRequestHandler.java:41)\n\tat io.appium.uiautomator2.server.AppiumServlet.handleRequest(AppiumServlet.java:253)\n\tat io.appium.uiautomator2.server.AppiumServlet.handleHttpRequest(AppiumServlet.java:247)\n\tat io.appium.uiautomator2.http.ServerHandler.channelRead(ServerHandler.java:68)\n\tat io.netty.channel.AbstractChannelHandlerContext.invokeChannelRead(AbstractChannelHandlerContext.java:366)\n\tat io.netty.channel.AbstractChannelHandlerContext.invokeChannelRead(AbstractChannelHandlerContext.java:352)\n\tat io.netty.chann...
[debug] &amp#27;[35m[W3C]&amp#27;[39m Matched W3C error code 'no such element' to NoSuchElementError
[debug] &amp#27;[35m[BaseDriver]&amp#27;[39m Waited for 20179 ms so far
[debug] &amp#27;[35m[WD Proxy]&amp#27;[39m Matched '/element' to command name 'findElement'
[debug] &amp#27;[35m[WD Proxy]&amp#27;[39m Proxying [POST /element] to [POST http://127.0.0.1:8200/wd/hub/session/7146ef62-f611-48ab-a2ed-1507d9a2e4f7/element] with body: {"strategy":"-android uiautomator","selector":"text(\"Ã£Æ’â€¢Ã£â€šÂ£Ã£Æ’Â¼Ã£Æ’Â«Ã£Æ’â€°Ã¥Â°â€šÃ©â€“â‚¬Ã¥Â®Â¶\")","context":"","multiple":false}
&amp#27;[35m[WD Proxy]&amp#27;[39m Got response with status 404: {"sessionId":"7146ef62-f611-48ab-a2ed-1507d9a2e4f7","value":{"error":"no such element","message":"An element could not be located on the page using the given search parameters","stacktrace":"io.appium.uiautomator2.common.exceptions.ElementNotFoundException: An element could not be located on the page using the given search parameters\n\tat io.appium.uiautomator2.handler.FindElement.safeHandle(FindElement.java:73)\n\tat io.appium.uiautomator2.handler.request.SafeRequestHandler.handle(SafeRequestHandler.java:41)\n\tat io.appium.uiautomator2.server.AppiumServlet.handleRequest(AppiumServlet.java:253)\n\tat io.appium.uiautomator2.server.AppiumServlet.handleHttpRequest(AppiumServlet.java:247)\n\tat io.appium.uiautomator2.http.ServerHandler.channelRead(ServerHandler.java:68)\n\tat io.netty.channel.AbstractChannelHandlerContext.invokeChannelRead(AbstractChannelHandlerContext.java:366)\n\tat io.netty.channel.AbstractChannelHandlerContext.invokeChannelRead(AbstractChannelHandlerContext.java:352)\n\tat io.netty.chann...
[debug] &amp#27;[35m[W3C]&amp#27;[39m Matched W3C error code 'no such element' to NoSuchElementError
[debug] &amp#27;[35m[BaseDriver]&amp#27;[39m Waited for 20728 ms so far
[debug] &amp#27;[35m[WD Proxy]&amp#27;[39m Matched '/element' to command name 'findElement'
[debug] &amp#27;[35m[WD Proxy]&amp#27;[39m Proxying [POST /element] to [POST http://127.0.0.1:8200/wd/hub/session/7146ef62-f611-48ab-a2ed-1507d9a2e4f7/element] with body: {"strategy":"-android uiautomator","selector":"text(\"Ã£Æ’â€¢Ã£â€šÂ£Ã£Æ’Â¼Ã£Æ’Â«Ã£Æ’â€°Ã¥Â°â€šÃ©â€“â‚¬Ã¥Â®Â¶\")","context":"","multiple":false}
&amp#27;[35m[WD Proxy]&amp#27;[39m Got response with status 404: {"sessionId":"7146ef62-f611-48ab-a2ed-1507d9a2e4f7","value":{"error":"no such element","message":"An element could not be located on the page using the given search parameters","stacktrace":"io.appium.uiautomator2.common.exceptions.ElementNotFoundException: An element could not be located on the page using the given search parameters\n\tat io.appium.uiautomator2.handler.FindElement.safeHandle(FindElement.java:73)\n\tat io.appium.uiautomator2.handler.request.SafeRequestHandler.handle(SafeRequestHandler.java:41)\n\tat io.appium.uiautomator2.server.AppiumServlet.handleRequest(AppiumServlet.java:253)\n\tat io.appium.uiautomator2.server.AppiumServlet.handleHttpRequest(AppiumServlet.java:247)\n\tat io.appium.uiautomator2.http.ServerHandler.channelRead(ServerHandler.java:68)\n\tat io.netty.channel.AbstractChannelHandlerContext.invokeChannelRead(AbstractChannelHandlerContext.java:366)\n\tat io.netty.channel.AbstractChannelHandlerContext.invokeChannelRead(AbstractChannelHandlerContext.java:352)\n\tat io.netty.chann...
[debug] &amp#27;[35m[W3C]&amp#27;[39m Matched W3C error code 'no such element' to NoSuchElementError
[debug] &amp#27;[35m[BaseDriver]&amp#27;[39m Waited for 21258 ms so far
[debug] &amp#27;[35m[WD Proxy]&amp#27;[39m Matched '/element' to command name 'findElement'
[debug] &amp#27;[35m[WD Proxy]&amp#27;[39m Proxying [POST /element] to [POST http://127.0.0.1:8200/wd/hub/session/7146ef62-f611-48ab-a2ed-1507d9a2e4f7/element] with body: {"strategy":"-android uiautomator","selector":"text(\"Ã£Æ’â€¢Ã£â€šÂ£Ã£Æ’Â¼Ã£Æ’Â«Ã£Æ’â€°Ã¥Â°â€šÃ©â€“â‚¬Ã¥Â®Â¶\")","context":"","multiple":false}
&amp#27;[35m[WD Proxy]&amp#27;[39m Got response with status 404: {"sessionId":"7146ef62-f611-48ab-a2ed-1507d9a2e4f7","value":{"error":"no such element","message":"An element could not be located on the page using the given search parameters","stacktrace":"io.appium.uiautomator2.common.exceptions.ElementNotFoundException: An element could not be located on the page using the given search parameters\n\tat io.appium.uiautomator2.handler.FindElement.safeHandle(FindElement.java:73)\n\tat io.appium.uiautomator2.handler.request.SafeRequestHandler.handle(SafeRequestHandler.java:41)\n\tat io.appium.uiautomator2.server.AppiumServlet.handleRequest(AppiumServlet.java:253)\n\tat io.appium.uiautomator2.server.AppiumServlet.handleHttpRequest(AppiumServlet.java:247)\n\tat io.appium.uiautomator2.http.ServerHandler.channelRead(ServerHandler.java:68)\n\tat io.netty.channel.AbstractChannelHandlerContext.invokeChannelRead(AbstractChannelHandlerContext.java:366)\n\tat io.netty.channel.AbstractChannelHandlerContext.invokeChannelRead(AbstractChannelHandlerContext.java:352)\n\tat io.netty.chann...
[debug] &amp#27;[35m[W3C]&amp#27;[39m Matched W3C error code 'no such element' to NoSuchElementError
[debug] &amp#27;[35m[BaseDriver]&amp#27;[39m Waited for 21798 ms so far
[debug] &amp#27;[35m[WD Proxy]&amp#27;[39m Matched '/element' to command name 'findElement'
[debug] &amp#27;[35m[WD Proxy]&amp#27;[39m Proxying [POST /element] to [POST http://127.0.0.1:8200/wd/hub/session/7146ef62-f611-48ab-a2ed-1507d9a2e4f7/element] with body: {"strategy":"-android uiautomator","selector":"text(\"Ã£Æ’â€¢Ã£â€šÂ£Ã£Æ’Â¼Ã£Æ’Â«Ã£Æ’â€°Ã¥Â°â€šÃ©â€“â‚¬Ã¥Â®Â¶\")","context":"","multiple":false}
&amp#27;[35m[WD Proxy]&amp#27;[39m Got response with status 404: {"sessionId":"7146ef62-f611-48ab-a2ed-1507d9a2e4f7","value":{"error":"no such element","message":"An element could not be located on the page using the given search parameters","stacktrace":"io.appium.uiautomator2.common.exceptions.ElementNotFoundException: An element could not be located on the page using the given search parameters\n\tat io.appium.uiautomator2.handler.FindElement.safeHandle(FindElement.java:73)\n\tat io.appium.uiautomator2.handler.request.SafeRequestHandler.handle(SafeRequestHandler.java:41)\n\tat io.appium.uiautomator2.server.AppiumServlet.handleRequest(AppiumServlet.java:253)\n\tat io.appium.uiautomator2.server.AppiumServlet.handleHttpRequest(AppiumServlet.java:247)\n\tat io.appium.uiautomator2.http.ServerHandler.channelRead(ServerHandler.java:68)\n\tat io.netty.channel.AbstractChannelHandlerContext.invokeChannelRead(AbstractChannelHandlerContext.java:366)\n\tat io.netty.channel.AbstractChannelHandlerContext.invokeChannelRead(AbstractChannelHandlerContext.java:352)\n\tat io.netty.chann...
[debug] &amp#27;[35m[W3C]&amp#27;[39m Matched W3C error code 'no such element' to NoSuchElementError
[debug] &amp#27;[35m[BaseDriver]&amp#27;[39m Waited for 22345 ms so far
[debug] &amp#27;[35m[WD Proxy]&amp#27;[39m Matched '/element' to command name 'findElement'
[debug] &amp#27;[35m[WD Proxy]&amp#27;[39m Proxying [POST /element] to [POST http://127.0.0.1:8200/wd/hub/session/7146ef62-f611-48ab-a2ed-1507d9a2e4f7/element] with body: {"strategy":"-android uiautomator","selector":"text(\"Ã£Æ’â€¢Ã£â€šÂ£Ã£Æ’Â¼Ã£Æ’Â«Ã£Æ’â€°Ã¥Â°â€šÃ©â€“â‚¬Ã¥Â®Â¶\")","context":"","multiple":false}
&amp#27;[35m[WD Proxy]&amp#27;[39m Got response with status 404: {"sessionId":"7146ef62-f611-48ab-a2ed-1507d9a2e4f7","value":{"error":"no such element","message":"An element could not be located on the page using the given search parameters","stacktrace":"io.appium.uiautomator2.common.exceptions.ElementNotFoundException: An element could not be located on the page using the given search parameters\n\tat io.appium.uiautomator2.handler.FindElement.safeHandle(FindElement.java:73)\n\tat io.appium.uiautomator2.handler.request.SafeRequestHandler.handle(SafeRequestHandler.java:41)\n\tat io.appium.uiautomator2.server.AppiumServlet.handleRequest(AppiumServlet.java:253)\n\tat io.appium.uiautomator2.server.AppiumServlet.handleHttpRequest(AppiumServlet.java:247)\n\tat io.appium.uiautomator2.http.ServerHandler.channelRead(ServerHandler.java:68)\n\tat io.netty.channel.AbstractChannelHandlerContext.invokeChannelRead(AbstractChannelHandlerContext.java:366)\n\tat io.netty.channel.AbstractChannelHandlerContext.invokeChannelRead(AbstractChannelHandlerContext.java:352)\n\tat io.netty.chann...
[debug] &amp#27;[35m[W3C]&amp#27;[39m Matched W3C error code 'no such element' to NoSuchElementError
[debug] &amp#27;[35m[BaseDriver]&amp#27;[39m Waited for 22893 ms so far
[debug] &amp#27;[35m[WD Proxy]&amp#27;[39m Matched '/element' to command name 'findElement'
[debug] &amp#27;[35m[WD Proxy]&amp#27;[39m Proxying [POST /element] to [POST http://127.0.0.1:8200/wd/hub/session/7146ef62-f611-48ab-a2ed-1507d9a2e4f7/element] with body: {"strategy":"-android uiautomator","selector":"text(\"Ã£Æ’â€¢Ã£â€šÂ£Ã£Æ’Â¼Ã£Æ’Â«Ã£Æ’â€°Ã¥Â°â€šÃ©â€“â‚¬Ã¥Â®Â¶\")","context":"","multiple":false}
&amp#27;[35m[WD Proxy]&amp#27;[39m Got response with status 404: {"sessionId":"7146ef62-f611-48ab-a2ed-1507d9a2e4f7","value":{"error":"no such element","message":"An element could not be located on the page using the given search parameters","stacktrace":"io.appium.uiautomator2.common.exceptions.ElementNotFoundException: An element could not be located on the page using the given search parameters\n\tat io.appium.uiautomator2.handler.FindElement.safeHandle(FindElement.java:73)\n\tat io.appium.uiautomator2.handler.request.SafeRequestHandler.handle(SafeRequestHandler.java:41)\n\tat io.appium.uiautomator2.server.AppiumServlet.handleRequest(AppiumServlet.java:253)\n\tat io.appium.uiautomator2.server.AppiumServlet.handleHttpRequest(AppiumServlet.java:247)\n\tat io.appium.uiautomator2.http.ServerHandler.channelRead(ServerHandler.java:68)\n\tat io.netty.channel.AbstractChannelHandlerContext.invokeChannelRead(AbstractChannelHandlerContext.java:366)\n\tat io.netty.channel.AbstractChannelHandlerContext.invokeChannelRead(AbstractChannelHandlerContext.java:352)\n\tat io.netty.chann...
[debug] &amp#27;[35m[W3C]&amp#27;[39m Matched W3C error code 'no such element' to NoSuchElementError
[debug] &amp#27;[35m[BaseDriver]&amp#27;[39m Waited for 23441 ms so far
[debug] &amp#27;[35m[WD Proxy]&amp#27;[39m Matched '/element' to command name 'findElement'
[debug] &amp#27;[35m[WD Proxy]&amp#27;[39m Proxying [POST /element] to [POST http://127.0.0.1:8200/wd/hub/session/7146ef62-f611-48ab-a2ed-1507d9a2e4f7/element] with body: {"strategy":"-android uiautomator","selector":"text(\"Ã£Æ’â€¢Ã£â€šÂ£Ã£Æ’Â¼Ã£Æ’Â«Ã£Æ’â€°Ã¥Â°â€šÃ©â€“â‚¬Ã¥Â®Â¶\")","context":"","multiple":false}
&amp#27;[35m[WD Proxy]&amp#27;[39m Got response with status 404: {"sessionId":"7146ef62-f611-48ab-a2ed-1507d9a2e4f7","value":{"error":"no such element","message":"An element could not be located on the page using the given search parameters","stacktrace":"io.appium.uiautomator2.common.exceptions.ElementNotFoundException: An element could not be located on the page using the given search parameters\n\tat io.appium.uiautomator2.handler.FindElement.safeHandle(FindElement.java:73)\n\tat io.appium.uiautomator2.handler.request.SafeRequestHandler.handle(SafeRequestHandler.java:41)\n\tat io.appium.uiautomator2.server.AppiumServlet.handleRequest(AppiumServlet.java:253)\n\tat io.appium.uiautomator2.server.AppiumServlet.handleHttpRequest(AppiumServlet.java:247)\n\tat io.appium.uiautomator2.http.ServerHandler.channelRead(ServerHandler.java:68)\n\tat io.netty.channel.AbstractChannelHandlerContext.invokeChannelRead(AbstractChannelHandlerContext.java:366)\n\tat io.netty.channel.AbstractChannelHandlerContext.invokeChannelRead(AbstractChannelHandlerContext.java:352)\n\tat io.netty.chann...
[debug] &amp#27;[35m[W3C]&amp#27;[39m Matched W3C error code 'no such element' to NoSuchElementError
[debug] &amp#27;[35m[BaseDriver]&amp#27;[39m Waited for 23977 ms so far
[debug] &amp#27;[35m[WD Proxy]&amp#27;[39m Matched '/element' to command name 'findElement'
[debug] &amp#27;[35m[WD Proxy]&amp#27;[39m Proxying [POST /element] to [POST http://127.0.0.1:8200/wd/hub/session/7146ef62-f611-48ab-a2ed-1507d9a2e4f7/element] with body: {"strategy":"-android uiautomator","selector":"text(\"Ã£Æ’â€¢Ã£â€šÂ£Ã£Æ’Â¼Ã£Æ’Â«Ã£Æ’â€°Ã¥Â°â€šÃ©â€“â‚¬Ã¥Â®Â¶\")","context":"","multiple":false}
&amp#27;[35m[WD Proxy]&amp#27;[39m Got response with status 404: {"sessionId":"7146ef62-f611-48ab-a2ed-1507d9a2e4f7","value":{"error":"no such element","message":"An element could not be located on the page using the given search parameters","stacktrace":"io.appium.uiautomator2.common.exceptions.ElementNotFoundException: An element could not be located on the page using the given search parameters\n\tat io.appium.uiautomator2.handler.FindElement.safeHandle(FindElement.java:73)\n\tat io.appium.uiautomator2.handler.request.SafeRequestHandler.handle(SafeRequestHandler.java:41)\n\tat io.appium.uiautomator2.server.AppiumServlet.handleRequest(AppiumServlet.java:253)\n\tat io.appium.uiautomator2.server.AppiumServlet.handleHttpRequest(AppiumServlet.java:247)\n\tat io.appium.uiautomator2.http.ServerHandler.channelRead(ServerHandler.java:68)\n\tat io.netty.channel.AbstractChannelHandlerContext.invokeChannelRead(AbstractChannelHandlerContext.java:366)\n\tat io.netty.channel.AbstractChannelHandlerContext.invokeChannelRead(AbstractChannelHandlerContext.java:352)\n\tat io.netty.chann...
[debug] &amp#27;[35m[W3C]&amp#27;[39m Matched W3C error code 'no such element' to NoSuchElementError
[debug] &amp#27;[35m[BaseDriver]&amp#27;[39m Waited for 24515 ms so far
[debug] &amp#27;[35m[WD Proxy]&amp#27;[39m Matched '/element' to command name 'findElement'
[debug] &amp#27;[35m[WD Proxy]&amp#27;[39m Proxying [POST /element] to [POST http://127.0.0.1:8200/wd/hub/session/7146ef62-f611-48ab-a2ed-1507d9a2e4f7/element] with body: {"strategy":"-android uiautomator","selector":"text(\"Ã£Æ’â€¢Ã£â€šÂ£Ã£Æ’Â¼Ã£Æ’Â«Ã£Æ’â€°Ã¥Â°â€šÃ©â€“â‚¬Ã¥Â®Â¶\")","context":"","multiple":false}
&amp#27;[35m[WD Proxy]&amp#27;[39m Got response with status 404: {"sessionId":"7146ef62-f611-48ab-a2ed-1507d9a2e4f7","value":{"error":"no such element","message":"An element could not be located on the page using the given search parameters","stacktrace":"io.appium.uiautomator2.common.exceptions.ElementNotFoundException: An element could not be located on the page using the given search parameters\n\tat io.appium.uiautomator2.handler.FindElement.safeHandle(FindElement.java:73)\n\tat io.appium.uiautomator2.handler.request.SafeRequestHandler.handle(SafeRequestHandler.java:41)\n\tat io.appium.uiautomator2.server.AppiumServlet.handleRequest(AppiumServlet.java:253)\n\tat io.appium.uiautomator2.server.AppiumServlet.handleHttpRequest(AppiumServlet.java:247)\n\tat io.appium.uiautomator2.http.ServerHandler.channelRead(ServerHandler.java:68)\n\tat io.netty.channel.AbstractChannelHandlerContext.invokeChannelRead(AbstractChannelHandlerContext.java:366)\n\tat io.netty.channel.AbstractChannelHandlerContext.invokeChannelRead(AbstractChannelHandlerContext.java:352)\n\tat io.netty.chann...
[debug] &amp#27;[35m[W3C]&amp#27;[39m Matched W3C error code 'no such element' to NoSuchElementError
[debug] &amp#27;[35m[BaseDriver]&amp#27;[39m Waited for 25051 ms so far
[debug] &amp#27;[35m[WD Proxy]&amp#27;[39m Matched '/element' to command name 'findElement'
[debug] &amp#27;[35m[WD Proxy]&amp#27;[39m Proxying [POST /element] to [POST http://127.0.0.1:8200/wd/hub/session/7146ef62-f611-48ab-a2ed-1507d9a2e4f7/element] with body: {"strategy":"-android uiautomator","selector":"text(\"Ã£Æ’â€¢Ã£â€šÂ£Ã£Æ’Â¼Ã£Æ’Â«Ã£Æ’â€°Ã¥Â°â€šÃ©â€“â‚¬Ã¥Â®Â¶\")","context":"","multiple":false}
&amp#27;[35m[WD Proxy]&amp#27;[39m Got response with status 404: {"sessionId":"7146ef62-f611-48ab-a2ed-1507d9a2e4f7","value":{"error":"no such element","message":"An element could not be located on the page using the given search parameters","stacktrace":"io.appium.uiautomator2.common.exceptions.ElementNotFoundException: An element could not be located on the page using the given search parameters\n\tat io.appium.uiautomator2.handler.FindElement.safeHandle(FindElement.java:73)\n\tat io.appium.uiautomator2.handler.request.SafeRequestHandler.handle(SafeRequestHandler.java:41)\n\tat io.appium.uiautomator2.server.AppiumServlet.handleRequest(AppiumServlet.java:253)\n\tat io.appium.uiautomator2.server.AppiumServlet.handleHttpRequest(AppiumServlet.java:247)\n\tat io.appium.uiautomator2.http.ServerHandler.channelRead(ServerHandler.java:68)\n\tat io.netty.channel.AbstractChannelHandlerContext.invokeChannelRead(AbstractChannelHandlerContext.java:366)\n\tat io.netty.channel.AbstractChannelHandlerContext.invokeChannelRead(AbstractChannelHandlerContext.java:352)\n\tat io.netty.chann...
[debug] &amp#27;[35m[W3C]&amp#27;[39m Matched W3C error code 'no such element' to NoSuchElementError
[debug] &amp#27;[35m[BaseDriver]&amp#27;[39m Waited for 25589 ms so far
[debug] &amp#27;[35m[WD Proxy]&amp#27;[39m Matched '/element' to command name 'findElement'
[debug] &amp#27;[35m[WD Proxy]&amp#27;[39m Proxying [POST /element] to [POST http://127.0.0.1:8200/wd/hub/session/7146ef62-f611-48ab-a2ed-1507d9a2e4f7/element] with body: {"strategy":"-android uiautomator","selector":"text(\"Ã£Æ’â€¢Ã£â€šÂ£Ã£Æ’Â¼Ã£Æ’Â«Ã£Æ’â€°Ã¥Â°â€šÃ©â€“â‚¬Ã¥Â®Â¶\")","context":"","multiple":false}
&amp#27;[35m[WD Proxy]&amp#27;[39m Got response with status 404: {"sessionId":"7146ef62-f611-48ab-a2ed-1507d9a2e4f7","value":{"error":"no such element","message":"An element could not be located on the page using the given search parameters","stacktrace":"io.appium.uiautomator2.common.exceptions.ElementNotFoundException: An element could not be located on the page using the given search parameters\n\tat io.appium.uiautomator2.handler.FindElement.safeHandle(FindElement.java:73)\n\tat io.appium.uiautomator2.handler.request.SafeRequestHandler.handle(SafeRequestHandler.java:41)\n\tat io.appium.uiautomator2.server.AppiumServlet.handleRequest(AppiumServlet.java:253)\n\tat io.appium.uiautomator2.server.AppiumServlet.handleHttpRequest(AppiumServlet.java:247)\n\tat io.appium.uiautomator2.http.ServerHandler.channelRead(ServerHandler.java:68)\n\tat io.netty.channel.AbstractChannelHandlerContext.invokeChannelRead(AbstractChannelHandlerContext.java:366)\n\tat io.netty.channel.AbstractChannelHandlerContext.invokeChannelRead(AbstractChannelHandlerContext.java:352)\n\tat io.netty.chann...
[debug] &amp#27;[35m[W3C]&amp#27;[39m Matched W3C error code 'no such element' to NoSuchElementError
[debug] &amp#27;[35m[BaseDriver]&amp#27;[39m Waited for 26119 ms so far
[debug] &amp#27;[35m[WD Proxy]&amp#27;[39m Matched '/element' to command name 'findElement'
[debug] &amp#27;[35m[WD Proxy]&amp#27;[39m Proxying [POST /element] to [POST http://127.0.0.1:8200/wd/hub/session/7146ef62-f611-48ab-a2ed-1507d9a2e4f7/element] with body: {"strategy":"-android uiautomator","selector":"text(\"Ã£Æ’â€¢Ã£â€šÂ£Ã£Æ’Â¼Ã£Æ’Â«Ã£Æ’â€°Ã¥Â°â€šÃ©â€“â‚¬Ã¥Â®Â¶\")","context":"","multiple":false}
&amp#27;[35m[WD Proxy]&amp#27;[39m Got response with status 404: {"sessionId":"7146ef62-f611-48ab-a2ed-1507d9a2e4f7","value":{"error":"no such element","message":"An element could not be located on the page using the given search parameters","stacktrace":"io.appium.uiautomator2.common.exceptions.ElementNotFoundException: An element could not be located on the page using the given search parameters\n\tat io.appium.uiautomator2.handler.FindElement.safeHandle(FindElement.java:73)\n\tat io.appium.uiautomator2.handler.request.SafeRequestHandler.handle(SafeRequestHandler.java:41)\n\tat io.appium.uiautomator2.server.AppiumServlet.handleRequest(AppiumServlet.java:253)\n\tat io.appium.uiautomator2.server.AppiumServlet.handleHttpRequest(AppiumServlet.java:247)\n\tat io.appium.uiautomator2.http.ServerHandler.channelRead(ServerHandler.java:68)\n\tat io.netty.channel.AbstractChannelHandlerContext.invokeChannelRead(AbstractChannelHandlerContext.java:366)\n\tat io.netty.channel.AbstractChannelHandlerContext.invokeChannelRead(AbstractChannelHandlerContext.java:352)\n\tat io.netty.chann...
[debug] &amp#27;[35m[W3C]&amp#27;[39m Matched W3C error code 'no such element' to NoSuchElementError
[debug] &amp#27;[35m[BaseDriver]&amp#27;[39m Waited for 26662 ms so far
[debug] &amp#27;[35m[WD Proxy]&amp#27;[39m Matched '/element' to command name 'findElement'
[debug] &amp#27;[35m[WD Proxy]&amp#27;[39m Proxying [POST /element] to [POST http://127.0.0.1:8200/wd/hub/session/7146ef62-f611-48ab-a2ed-1507d9a2e4f7/element] with body: {"strategy":"-android uiautomator","selector":"text(\"Ã£Æ’â€¢Ã£â€šÂ£Ã£Æ’Â¼Ã£Æ’Â«Ã£Æ’â€°Ã¥Â°â€šÃ©â€“â‚¬Ã¥Â®Â¶\")","context":"","multiple":false}
&amp#27;[35m[WD Proxy]&amp#27;[39m Got response with status 404: {"sessionId":"7146ef62-f611-48ab-a2ed-1507d9a2e4f7","value":{"error":"no such element","message":"An element could not be located on the page using the given search parameters","stacktrace":"io.appium.uiautomator2.common.exceptions.ElementNotFoundException: An element could not be located on the page using the given search parameters\n\tat io.appium.uiautomator2.handler.FindElement.safeHandle(FindElement.java:73)\n\tat io.appium.uiautomator2.handler.request.SafeRequestHandler.handle(SafeRequestHandler.java:41)\n\tat io.appium.uiautomator2.server.AppiumServlet.handleRequest(AppiumServlet.java:253)\n\tat io.appium.uiautomator2.server.AppiumServlet.handleHttpRequest(AppiumServlet.java:247)\n\tat io.appium.uiautomator2.http.ServerHandler.channelRead(ServerHandler.java:68)\n\tat io.netty.channel.AbstractChannelHandlerContext.invokeChannelRead(AbstractChannelHandlerContext.java:366)\n\tat io.netty.channel.AbstractChannelHandlerContext.invokeChannelRead(AbstractChannelHandlerContext.java:352)\n\tat io.netty.chann...
[debug] &amp#27;[35m[W3C]&amp#27;[39m Matched W3C error code 'no such element' to NoSuchElementError
[debug] &amp#27;[35m[BaseDriver]&amp#27;[39m Waited for 27208 ms so far
[debug] &amp#27;[35m[WD Proxy]&amp#27;[39m Matched '/element' to command name 'findElement'
[debug] &amp#27;[35m[WD Proxy]&amp#27;[39m Proxying [POST /element] to [POST http://127.0.0.1:8200/wd/hub/session/7146ef62-f611-48ab-a2ed-1507d9a2e4f7/element] with body: {"strategy":"-android uiautomator","selector":"text(\"Ã£Æ’â€¢Ã£â€šÂ£Ã£Æ’Â¼Ã£Æ’Â«Ã£Æ’â€°Ã¥Â°â€šÃ©â€“â‚¬Ã¥Â®Â¶\")","context":"","multiple":false}
&amp#27;[35m[WD Proxy]&amp#27;[39m Got response with status 404: {"sessionId":"7146ef62-f611-48ab-a2ed-1507d9a2e4f7","value":{"error":"no such element","message":"An element could not be located on the page using the given search parameters","stacktrace":"io.appium.uiautomator2.common.exceptions.ElementNotFoundException: An element could not be located on the page using the given search parameters\n\tat io.appium.uiautomator2.handler.FindElement.safeHandle(FindElement.java:73)\n\tat io.appium.uiautomator2.handler.request.SafeRequestHandler.handle(SafeRequestHandler.java:41)\n\tat io.appium.uiautomator2.server.AppiumServlet.handleRequest(AppiumServlet.java:253)\n\tat io.appium.uiautomator2.server.AppiumServlet.handleHttpRequest(AppiumServlet.java:247)\n\tat io.appium.uiautomator2.http.ServerHandler.channelRead(ServerHandler.java:68)\n\tat io.netty.channel.AbstractChannelHandlerContext.invokeChannelRead(AbstractChannelHandlerContext.java:366)\n\tat io.netty.channel.AbstractChannelHandlerContext.invokeChannelRead(AbstractChannelHandlerContext.java:352)\n\tat io.netty.chann...
[debug] &amp#27;[35m[W3C]&amp#27;[39m Matched W3C error code 'no such element' to NoSuchElementError
[debug] &amp#27;[35m[BaseDriver]&amp#27;[39m Waited for 27739 ms so far
[debug] &amp#27;[35m[WD Proxy]&amp#27;[39m Matched '/element' to command name 'findElement'
[debug] &amp#27;[35m[WD Proxy]&amp#27;[39m Proxying [POST /element] to [POST http://127.0.0.1:8200/wd/hub/session/7146ef62-f611-48ab-a2ed-1507d9a2e4f7/element] with body: {"strategy":"-android uiautomator","selector":"text(\"Ã£Æ’â€¢Ã£â€šÂ£Ã£Æ’Â¼Ã£Æ’Â«Ã£Æ’â€°Ã¥Â°â€šÃ©â€“â‚¬Ã¥Â®Â¶\")","context":"","multiple":false}
&amp#27;[35m[WD Proxy]&amp#27;[39m Got response with status 404: {"sessionId":"7146ef62-f611-48ab-a2ed-1507d9a2e4f7","value":{"error":"no such element","message":"An element could not be located on the page using the given search parameters","stacktrace":"io.appium.uiautomator2.common.exceptions.ElementNotFoundException: An element could not be located on the page using the given search parameters\n\tat io.appium.uiautomator2.handler.FindElement.safeHandle(FindElement.java:73)\n\tat io.appium.uiautomator2.handler.request.SafeRequestHandler.handle(SafeRequestHandler.java:41)\n\tat io.appium.uiautomator2.server.AppiumServlet.handleRequest(AppiumServlet.java:253)\n\tat io.appium.uiautomator2.server.AppiumServlet.handleHttpRequest(AppiumServlet.java:247)\n\tat io.appium.uiautomator2.http.ServerHandler.channelRead(ServerHandler.java:68)\n\tat io.netty.channel.AbstractChannelHandlerContext.invokeChannelRead(AbstractChannelHandlerContext.java:366)\n\tat io.netty.channel.AbstractChannelHandlerContext.invokeChannelRead(AbstractChannelHandlerContext.java:352)\n\tat io.netty.chann...
[debug] &amp#27;[35m[W3C]&amp#27;[39m Matched W3C error code 'no such element' to NoSuchElementError
[debug] &amp#27;[35m[BaseDriver]&amp#27;[39m Waited for 28266 ms so far
[debug] &amp#27;[35m[WD Proxy]&amp#27;[39m Matched '/element' to command name 'findElement'
[debug] &amp#27;[35m[WD Proxy]&amp#27;[39m Proxying [POST /element] to [POST http://127.0.0.1:8200/wd/hub/session/7146ef62-f611-48ab-a2ed-1507d9a2e4f7/element] with body: {"strategy":"-android uiautomator","selector":"text(\"Ã£Æ’â€¢Ã£â€šÂ£Ã£Æ’Â¼Ã£Æ’Â«Ã£Æ’â€°Ã¥Â°â€šÃ©â€“â‚¬Ã¥Â®Â¶\")","context":"","multiple":false}
&amp#27;[35m[WD Proxy]&amp#27;[39m Got response with status 404: {"sessionId":"7146ef62-f611-48ab-a2ed-1507d9a2e4f7","value":{"error":"no such element","message":"An element could not be located on the page using the given search parameters","stacktrace":"io.appium.uiautomator2.common.exceptions.ElementNotFoundException: An element could not be located on the page using the given search parameters\n\tat io.appium.uiautomator2.handler.FindElement.safeHandle(FindElement.java:73)\n\tat io.appium.uiautomator2.handler.request.SafeRequestHandler.handle(SafeRequestHandler.java:41)\n\tat io.appium.uiautomator2.server.AppiumServlet.handleRequest(AppiumServlet.java:253)\n\tat io.appium.uiautomator2.server.AppiumServlet.handleHttpRequest(AppiumServlet.java:247)\n\tat io.appium.uiautomator2.http.ServerHandler.channelRead(ServerHandler.java:68)\n\tat io.netty.channel.AbstractChannelHandlerContext.invokeChannelRead(AbstractChannelHandlerContext.java:366)\n\tat io.netty.channel.AbstractChannelHandlerContext.invokeChannelRead(AbstractChannelHandlerContext.java:352)\n\tat io.netty.chann...
[debug] &amp#27;[35m[W3C]&amp#27;[39m Matched W3C error code 'no such element' to NoSuchElementError
[debug] &amp#27;[35m[BaseDriver]&amp#27;[39m Waited for 28795 ms so far
[debug] &amp#27;[35m[WD Proxy]&amp#27;[39m Matched '/element' to command name 'findElement'
[debug] &amp#27;[35m[WD Proxy]&amp#27;[39m Proxying [POST /element] to [POST http://127.0.0.1:8200/wd/hub/session/7146ef62-f611-48ab-a2ed-1507d9a2e4f7/element] with body: {"strategy":"-android uiautomator","selector":"text(\"Ã£Æ’â€¢Ã£â€šÂ£Ã£Æ’Â¼Ã£Æ’Â«Ã£Æ’â€°Ã¥Â°â€šÃ©â€“â‚¬Ã¥Â®Â¶\")","context":"","multiple":false}
&amp#27;[35m[WD Proxy]&amp#27;[39m Got response with status 404: {"sessionId":"7146ef62-f611-48ab-a2ed-1507d9a2e4f7","value":{"error":"no such element","message":"An element could not be located on the page using the given search parameters","stacktrace":"io.appium.uiautomator2.common.exceptions.ElementNotFoundException: An element could not be located on the page using the given search parameters\n\tat io.appium.uiautomator2.handler.FindElement.safeHandle(FindElement.java:73)\n\tat io.appium.uiautomator2.handler.request.SafeRequestHandler.handle(SafeRequestHandler.java:41)\n\tat io.appium.uiautomator2.server.AppiumServlet.handleRequest(AppiumServlet.java:253)\n\tat io.appium.uiautomator2.server.AppiumServlet.handleHttpRequest(AppiumServlet.java:247)\n\tat io.appium.uiautomator2.http.ServerHandler.channelRead(ServerHandler.java:68)\n\tat io.netty.channel.AbstractChannelHandlerContext.invokeChannelRead(AbstractChannelHandlerContext.java:366)\n\tat io.netty.channel.AbstractChannelHandlerContext.invokeChannelRead(AbstractChannelHandlerContext.java:352)\n\tat io.netty.chann...
[debug] &amp#27;[35m[W3C]&amp#27;[39m Matched W3C error code 'no such element' to NoSuchElementError
[debug] &amp#27;[35m[BaseDriver]&amp#27;[39m Waited for 29330 ms so far
[debug] &amp#27;[35m[WD Proxy]&amp#27;[39m Matched '/element' to command name 'findElement'
[debug] &amp#27;[35m[WD Proxy]&amp#27;[39m Proxying [POST /element] to [POST http://127.0.0.1:8200/wd/hub/session/7146ef62-f611-48ab-a2ed-1507d9a2e4f7/element] with body: {"strategy":"-android uiautomator","selector":"text(\"Ã£Æ’â€¢Ã£â€šÂ£Ã£Æ’Â¼Ã£Æ’Â«Ã£Æ’â€°Ã¥Â°â€šÃ©â€“â‚¬Ã¥Â®Â¶\")","context":"","multiple":false}
&amp#27;[35m[WD Proxy]&amp#27;[39m Got response with status 404: {"sessionId":"7146ef62-f611-48ab-a2ed-1507d9a2e4f7","value":{"error":"no such element","message":"An element could not be located on the page using the given search parameters","stacktrace":"io.appium.uiautomator2.common.exceptions.ElementNotFoundException: An element could not be located on the page using the given search parameters\n\tat io.appium.uiautomator2.handler.FindElement.safeHandle(FindElement.java:73)\n\tat io.appium.uiautomator2.handler.request.SafeRequestHandler.handle(SafeRequestHandler.java:41)\n\tat io.appium.uiautomator2.server.AppiumServlet.handleRequest(AppiumServlet.java:253)\n\tat io.appium.uiautomator2.server.AppiumServlet.handleHttpRequest(AppiumServlet.java:247)\n\tat io.appium.uiautomator2.http.ServerHandler.channelRead(ServerHandler.java:68)\n\tat io.netty.channel.AbstractChannelHandlerContext.invokeChannelRead(AbstractChannelHandlerContext.java:366)\n\tat io.netty.channel.AbstractChannelHandlerContext.invokeChannelRead(AbstractChannelHandlerContext.java:352)\n\tat io.netty.chann...
[debug] &amp#27;[35m[W3C]&amp#27;[39m Matched W3C error code 'no such element' to NoSuchElementError
[debug] &amp#27;[35m[BaseDriver]&amp#27;[39m Waited for 29858 ms so far
[debug] &amp#27;[35m[WD Proxy]&amp#27;[39m Matched '/element' to command name 'findElement'
[debug] &amp#27;[35m[WD Proxy]&amp#27;[39m Proxying [POST /element] to [POST http://127.0.0.1:8200/wd/hub/session/7146ef62-f611-48ab-a2ed-1507d9a2e4f7/element] with body: {"strategy":"-android uiautomator","selector":"text(\"Ã£Æ’â€¢Ã£â€šÂ£Ã£Æ’Â¼Ã£Æ’Â«Ã£Æ’â€°Ã¥Â°â€šÃ©â€“â‚¬Ã¥Â®Â¶\")","context":"","multiple":false}
&amp#27;[35m[WD Proxy]&amp#27;[39m Got response with status 404: {"sessionId":"7146ef62-f611-48ab-a2ed-1507d9a2e4f7","value":{"error":"no such element","message":"An element could not be located on the page using the given search parameters","stacktrace":"io.appium.uiautomator2.common.exceptions.ElementNotFoundException: An element could not be located on the page using the given search parameters\n\tat io.appium.uiautomator2.handler.FindElement.safeHandle(FindElement.java:73)\n\tat io.appium.uiautomator2.handler.request.SafeRequestHandler.handle(SafeRequestHandler.java:41)\n\tat io.appium.uiautomator2.server.AppiumServlet.handleRequest(AppiumServlet.java:253)\n\tat io.appium.uiautomator2.server.AppiumServlet.handleHttpRequest(AppiumServlet.java:247)\n\tat io.appium.uiautomator2.http.ServerHandler.channelRead(ServerHandler.java:68)\n\tat io.netty.channel.AbstractChannelHandlerContext.invokeChannelRead(AbstractChannelHandlerContext.java:366)\n\tat io.netty.channel.AbstractChannelHandlerContext.invokeChannelRead(AbstractChannelHandlerContext.java:352)\n\tat io.netty.chann...
[debug] &amp#27;[35m[W3C]&amp#27;[39m Matched W3C error code 'no such element' to NoSuchElementError
[debug] &amp#27;[35m[W3C (bae0206e)]&amp#27;[39m Encountered internal error running command: NoSuchElementError: An element could not be located on the page using the given search parameters.
[debug] &amp#27;[35m[W3C (bae0206e)]&amp#27;[39m     at AndroidUiautomator2Driver.findElOrEls (C:\Users\Medhansh\AppData\Roaming\npm\node_modules\appium\node_modules\appium-android-driver\lib\commands\find.js:75:11)
[debug] &amp#27;[35m[W3C (bae0206e)]&amp#27;[39m     at runMicrotasks (<anonymous>)
[debug] &amp#27;[35m[W3C (bae0206e)]&amp#27;[39m     at processTicksAndRejections (internal/process/task_queues.js:93:5)
[debug] &amp#27;[35m[W3C (bae0206e)]&amp#27;[39m ]]></system-out>
    <system-err><![CDATA[Nov 03, 2020 10:56:27 AM io.appium.java_client.remote.AppiumCommandExecutor$1 lambda$0
INFO: Detected dialect: W3C
]]></system-err>
  </testcase>
  <testcase name="templatesPageTest" classname="com.colt.fieldengineerapp.testcases.TemplatesPageTest" time="81.415"/>
  <testcase name="testNonNullJobRemarksdField" classname="com.colt.fieldengineerapp.testcases.EndToEndActionsPageTest" time="30.846">
    <failure message="Can&apos;t locate an element by this strategy: By.chained({By.id: com.colt.coltengineering:id/img_next})" type="org.openqa.selenium.NoSuchElementException">org.openqa.selenium.NoSuchElementException: Can't locate an element by this strategy: By.chained({By.id: com.colt.coltengineering:id/img_next})
	at com.colt.fieldengineerapp.testcases.EndToEndActionsPageTest.testNonNullJobRemarksdField(EndToEndActionsPageTest.java:79)
Caused by: org.openqa.selenium.TimeoutException: Expected condition failed: waiting for io.appium.java_client.pagefactory.AppiumElementLocator$WaitingFunction@267891bf (tried for 30 second(s) with 500 milliseconds interval)
	at com.colt.fieldengineerapp.testcases.EndToEndActionsPageTest.testNonNullJobRemarksdField(EndToEndActionsPageTest.java:79)
Caused by: org.openqa.selenium.NoSuchElementException: 
Cannot locate an element using By.chained({By.id: com.colt.coltengineering:id/img_next})
For documentation on this error, please visit: https://www.seleniumhq.org/exceptions/no_such_element.html
Build info: version: '3.141.59', revision: 'e82be7d358', time: '2018-11-14T08:17:03'
System info: host: 'DESKTOP-K4MGEUM', ip: '192.168.0.7', os.name: 'Windows 10', os.arch: 'amd64', os.version: '10.0', java.version: '1.8.0_251'
Driver info: driver.version: AndroidDriver
	at com.colt.fieldengineerapp.testcases.EndToEndActionsPageTest.testNonNullJobRemarksdField(EndToEndActionsPageTest.java:79)
</failure>
    <system-out><![CDATA[ The test passed is ==templatesPageTest in class : [TestClass name=class com.colt.fieldengineerapp.testcases.TemplatesPageTest]
&amp#27;[35m[HTTP]&amp#27;[39m &amp#27;[37m-->&amp#27;[39m &amp#27;[37mGET&amp#27;[39m &amp#27;[37m/wd/hub/session/5e92bfb3-70d5-4d23-bf30-c02724d7adf3/screenshot&amp#27;[39m
&amp#27;[35m[HTTP]&amp#27;[39m &amp#27;[90m{}&amp#27;[39m
[debug] &amp#27;[35m[W3C (5e92bfb3)]&amp#27;[39m Calling AppiumDriver.getScreenshot() with args: ["5e92bfb3-70d5-4d23-bf30-c02724d7adf3"]
[debug] &amp#27;[35m[WD Proxy]&amp#27;[39m Matched '/screenshot' to command name 'getScreenshot'
[debug] &amp#27;[35m[WD Proxy]&amp#27;[39m Proxying [GET /screenshot] to [GET http://127.0.0.1:8200/wd/hub/session/2ba55c59-a06d-454a-819a-4c2046f6c993/screenshot] with no body
[debug] &amp#27;[35m[WD Proxy]&amp#27;[39m Got response with status 200: {"sessionId":"2ba55c59-a06d-454a-819a-4c2046f6c993","value":"iVBORw0KGgoAAAANSUhEUgAABDgAAAeACAYAAAArYecKAAAABHNCSVQICAgIfAhkiAAAIABJREFU\neJzsvXmYVcW1//093XQ3zdTN0AwyySg4AIKgMoiCgIyiAeMc4tXc5HeTGL3XaKIiMSaSwTEx5o2a\nxPkqiVHRK6ARBdSIMyoyCSLzTCPQ9LjfP7yn7z51alhVu/Y+3bo+z9NP99m7atWqqlWrVq0+Z58U\ngAA5JJVKIQiC+t/U8qrXlDqqMgC05WRtp1HV07UdvufSLxdUcn2No0v7PvtqkqWaQxfbc9HJV19d\nxjFK23HZo017Sa+JuGXK7EK8JuJj7VJ9gM24UP2ci+6mdgFY7SG2bbvsDeK1pPw7Ra+42ohrD3fd\ns5Lse1L14pAVp/+LI65IIlbJdX0Xebp1AtBiHJP8KHIo+4DLPuVDlzh9ha/xT8vKxT7SUHDtv6oe\n9brPtm3rU/Ctm6/yvuq6ysoHMEdW2XTNVEZ2n4pKTtTB1elmG+wmGaDqdHCV4ROT/DhsIap82zqq\ng6dr33T1VPOreu1zXHS4jFlUGbbyo9SnyLOdG2o7VJuSycpFgGPTf901yr0o2Mj1pR/FH4q+hFJH\nt/6ptuxqZzZ1bYlTrssaN8l0KePDF8btz33aeK6I20Zt5McxRrm0PxuZtrGpq+3leg2p5JvGJo6Y\nLepY6PTypYcvm7O1l6T/Oee7Xpx26xqrufoial0bVPKMCY44JstnfXFRJtWurryLoUYJLlQ62By6\nXNo1lfXRhmkzkDmvuGw2qcCBqoPYf9M4RW1Pdj3KRuNrnHIVmMcVTKvaoWzUvtYcVbaPwJQagMhs\n39f6SyIIko2zuB6S2vijlnVBtSfF8e4Bm9c2ckzvGFFd9/GPGdV91eHb9iBFiRds90CXIJi6DmzX\ni2tMqZITxY6oRDlE2JZ12dNt...
[debug] &amp#27;[35m[W3C (5e92bfb3)]&amp#27;[39m Responding to client with driver.getScreenshot() result: "iVBORw0KGgoAAAANSUhEUgAABDgAAAeACAYAAAArYecKAAAABHNCSVQICAgIfAhkiAAAIABJREFU\neJzsvXmYVcW1//093XQ3zdTN0AwyySg4AIKgMoiCgIyiAeMc4tXc5HeTGL3XaKIiMSaSwTEx5o2a\nxPkqiVHRK6ARBdSIMyoyCSLzTCPQ9LjfP7yn7z51alhVu/Y+3bo+z9NP99m7atWqqlWrVq0+Z58U\ngAA5JJVKIQiC+t/U8qrXlDqqMgC05WRtp1HV07UdvufSLxdUcn2No0v7PvtqkqWaQxfbc9HJV19d\nxjFK23HZo017Sa+JuGXK7EK8JuJj7VJ9gM24UP2ci+6mdgFY7SG2bbvsDeK1pPw7Ra+42ohrD3fd\ns5Lse1L14pAVp/+LI65IIlbJdX0Xebp1AtBiHJP8KHIo+4DLPuVDlzh9ha/xT8vKxT7SUHDtv6oe\n9brPtm3rU/Ctm6/yvuq6ysoHMEdW2XTNVEZ2n4pKTtTB1elmG+wmGaDqdHCV4ROT/DhsIap82zqq\ng6dr33T1VPOreu1zXHS4jFlUGbbyo9SnyLOdG2o7VJuSycpFgGPTf901yr0o2Mj1pR/FH4q+hFJH\nt/6ptuxqZzZ1bYlTrssaN8l0KePDF8btz33aeK6I20Zt5McxRrm0PxuZtrGpq+3leg2p5JvGJo6Y\nLepY6PTypYcvm7O1l6T/Oee7Xpx26xqrufoial0bVPKMCY44JstnfXFRJtWurryLoUYJLlQ62By6\nXNo1lfXRhmkzkDmvuGw2qcCBqoPYf9M4RW1Pdj3KRuNrnHIVmMcVTKvaoWzUvtYcVbaPwJQagMhs\n39f6SyIIko2zuB6S2vijlnVBtSfF8e4Bm9c2ckzvGFFd9/GPGdV91eHb9iBFiRds90CXIJi6DmzX\ni2tMqZITxY6oRDlE2JZ12dNt2tWtpyht2sxD+r/ztnKoa0FXN4k++qybxD7qct6Ksp5s20pKpqsv\niQPdHP...
&amp#27;[35m[HTTP]&amp#27;[39m &amp#27;[37m<-- GET /wd/hub/session/5e92bfb3-70d5-4d23-bf30-c02724d7adf3/screenshot &amp#27;[39m&amp#27;[32m200&amp#27;[39m &amp#27;[90m453 ms - 554372&amp#27;[39m
&amp#27;[35m[HTTP]&amp#27;[39m &amp#27;[90m&amp#27;[39m
Tearing  down AVD== com.colt.fieldengineerapp.testcases.TemplatesPageTest
This will close the avd
the avd is closed successfully
&amp#27;[35m[Logcat]&amp#27;[39m Logcat terminated with code 0, signal null
[debug] &amp#27;[35m[Instrumentation]&amp#27;[39m The process has exited with code 0
Tearing  down Appium== com.colt.fieldengineerapp.testcases.TemplatesPageTest
Appimum server stopped successfully
This will start avd
the avd is started successfully
Starting Appium == com.colt.fieldengineerapp.testcases.EndToEndActionsPageTest
&amp#27;[35m[Appium]&amp#27;[39m Welcome to Appium v1.18.3
&amp#27;[35m[Appium]&amp#27;[39m Appium REST http interface listener started on 0.0.0.0:4723
&amp#27;[35m[HTTP]&amp#27;[39m &amp#27;[37m-->&amp#27;[39m &amp#27;[37mGET&amp#27;[39m &amp#27;[37m/wd/hub/status&amp#27;[39m
&amp#27;[35m[HTTP]&amp#27;[39m &amp#27;[90m{}&amp#27;[39m
[debug] &amp#27;[35m[GENERIC]&amp#27;[39m Calling AppiumDriver.getStatus() with args: []
[debug] &amp#27;[35m[GENERIC]&amp#27;[39m Responding to client with driver.getStatus() result: {"build":{"version":"1.18.3"}}
&amp#27;[35m[HTTP]&amp#27;[39m &amp#27;[37m<-- GET /wd/hub/status &amp#27;[39m&amp#27;[32m200&amp#27;[39m &amp#27;[90m9 ms - 68&amp#27;[39m
&amp#27;[35m[HTTP]&amp#27;[39m &amp#27;[90m&amp#27;[39m
&amp#27;[35m[HTTP]&amp#27;[39m &amp#27;[37m-->&amp#27;[39m &amp#27;[37mPOST&amp#27;[39m &amp#27;[37m/wd/hub/session&amp#27;[39m
&amp#27;[35m[HTTP]&amp#27;[39m &amp#27;[90m{"desiredCapabilities":{"app":"D:\\TechPractice\\Appium\\FieldEngineerApp/Apks/FEApp.apk","appActivity":"com.colt.coltengineering.screen.SplashActivity","appPackage":"com.colt.coltengineering","automationName":"uiautomator2","autoGrantPermissions":"true","platformName":"Android","deviceName":"pixel2","avd":"Pixel2"},"capabilities":{"firstMatch":[{"appium:app":"D:\\TechPractice\\Appium\\FieldEngineerApp/Apks/FEApp.apk","appium:appActivity":"com.colt.coltengineering.screen.SplashActivity","appium:appPackage":"com.colt.coltengineering","appium:autoGrantPermissions":"true","appium:automationName":"uiautomator2","appium:avd":"Pixel2","appium:deviceName":"pixel2","platformName":"android"}]}}&amp#27;[39m
[debug] &amp#27;[35m[W3C]&amp#27;[39m Calling AppiumDriver.createSession() with args: [{"app":"D:\\TechPractice\\Appium\\FieldEngineerApp/Apks/FEApp.apk","appActivity":"com.colt.coltengineering.screen.SplashActivity","appPackage":"com.colt.coltengineering","automationName":"uiautomator2","autoGrantPermissions":"true","platformName":"Android","deviceName":"pixel2","avd":"Pixel2"},null,{"firstMatch":[{"appium:app":"D:\\TechPractice\\Appium\\FieldEngineerApp/Apks/FEApp.apk","appium:appActivity":"com.colt.coltengineering.screen.SplashActivity","appium:appPackage":"com.colt.coltengineering","appium:autoGrantPermissions":"true","appium:automationName":"uiautomator2","appium:avd":"Pixel2","appium:deviceName":"pixel2","platformName":"android"}]}]
[debug] &amp#27;[35m[BaseDriver]&amp#27;[39m Event 'newSessionRequested' logged at 1604381427276 (11:00:27 GMT+0530 (India Standard Time))
&amp#27;[35m[Appium]&amp#27;[39m Appium v1.18.3 creating new AndroidUiautomator2Driver (v1.56.1) session
[debug] &amp#27;[35m[BaseDriver]&amp#27;[39m W3C capabilities and MJSONWP desired capabilities were provided
[debug] &amp#27;[35m[BaseDriver]&amp#27;[39m Creating session with W3C capabilities: {
[debug] &amp#27;[35m[BaseDriver]&amp#27;[39m   "alwaysMatch": {
[debug] &amp#27;[35m[BaseDriver]&amp#27;[39m     "platformName": "android",
[debug] &amp#27;[35m[BaseDriver]&amp#27;[39m     "appium:app": "D:\\TechPractice\\Appium\\FieldEngineerApp/Apks/FEApp.apk",
[debug] &amp#27;[35m[BaseDriver]&amp#27;[39m     "appium:appActivity": "com.colt.coltengineering.screen.SplashActivity",
[debug] &amp#27;[35m[BaseDriver]&amp#27;[39m     "appium:appPackage": "com.colt.coltengineering",
[debug] &amp#27;[35m[BaseDriver]&amp#27;[39m     "appium:autoGrantPermissions": "true",
[debug] &amp#27;[35m[BaseDriver]&amp#27;[39m     "appium:automationName": "uiautomator2",
[debug] &amp#27;[35m[BaseDriver]&amp#27;[39m     "appium:avd": "Pixel2",
[debug] &amp#27;[35m[BaseDriver]&amp#27;[39m     "appium:deviceName": "pixel2"
[debug] &amp#27;[35m[BaseDriver]&amp#27;[39m   },
[debug] &amp#27;[35m[BaseDriver]&amp#27;[39m   "firstMatch": [
[debug] &amp#27;[35m[BaseDriver]&amp#27;[39m     {}
[debug] &amp#27;[35m[BaseDriver]&amp#27;[39m   ]
[debug] &amp#27;[35m[BaseDriver]&amp#27;[39m }
&amp#27;[35m[BaseDriver]&amp#27;[39m Capability 'autoGrantPermissions' changed from string to boolean. This may cause unexpected behavior
&amp#27;[35m[BaseDriver]&amp#27;[39m Session created with session id: d98beac4-b08b-4895-8fb5-6afd1219fab9
&amp#27;[35m[BaseDriver]&amp#27;[39m Using local app 'D:\TechPractice\Appium\FieldEngineerApp/Apks/FEApp.apk'
[debug] &amp#27;[35m[UiAutomator2]&amp#27;[39m Checking whether app is actually present
&amp#27;[35m[ADB]&amp#27;[39m Found 1 'build-tools' folders under 'D:\TechSoftwares\AndroidSDK' (newest first):
&amp#27;[35m[ADB]&amp#27;[39m     D:/TechSoftwares/AndroidSDK/build-tools/30.0.2
&amp#27;[35m[ADB]&amp#27;[39m Using 'adb.exe' from 'D:\TechSoftwares\AndroidSDK\platform-tools\adb.exe'
[debug] &amp#27;[35m[ADB]&amp#27;[39m Running 'D:\TechSoftwares\AndroidSDK\platform-tools\adb.exe -P 5037 start-server'
[debug] &amp#27;[35m[ADB]&amp#27;[39m Trying to find 'Pixel2' emulator
[debug] &amp#27;[35m[ADB]&amp#27;[39m Getting connected emulators
[debug] &amp#27;[35m[ADB]&amp#27;[39m Getting connected devices
[debug] &amp#27;[35m[ADB]&amp#27;[39m Connected devices: [{"udid":"emulator-5554","state":"device"}]
[debug] &amp#27;[35m[ADB]&amp#27;[39m 1 emulator connected
[debug] &amp#27;[35m[ADB]&amp#27;[39m Overriding C:\Users\Medhansh\.emulator_console_auth_token with an empty string to avoid telnet authentication for emulator commands
[debug] &amp#27;[35m[ADB]&amp#27;[39m Executing Emulator console command: avd name
[debug] &amp#27;[35m[ADB]&amp#27;[39m Found emulator 'Pixel2' on port 5554
[debug] &amp#27;[35m[ADB]&amp#27;[39m Setting device id to emulator-5554
[debug] &amp#27;[35m[AndroidDriver]&amp#27;[39m Not launching AVD because it is already running.
&amp#27;[35m[AndroidDriver]&amp#27;[39m Using device: emulator-5554
&amp#27;[35m[ADB]&amp#27;[39m Using 'adb.exe' from 'D:\TechSoftwares\AndroidSDK\platform-tools\adb.exe'
[debug] &amp#27;[35m[ADB]&amp#27;[39m Running 'D:\TechSoftwares\AndroidSDK\platform-tools\adb.exe -P 5037 start-server'
[debug] &amp#27;[35m[ADB]&amp#27;[39m Setting device id to emulator-5554
[debug] &amp#27;[35m[ADB]&amp#27;[39m Running 'D:\TechSoftwares\AndroidSDK\platform-tools\adb.exe -P 5037 -s emulator-5554 shell getprop ro.build.version.sdk'
[debug] &amp#27;[35m[ADB]&amp#27;[39m Current device property 'ro.build.version.sdk': 28
&amp#27;[35m[ADB]&amp#27;[39m Getting device platform version
[debug] &amp#27;[35m[ADB]&amp#27;[39m Running 'D:\TechSoftwares\AndroidSDK\platform-tools\adb.exe -P 5037 -s emulator-5554 shell getprop ro.build.version.release'
[debug] &amp#27;[35m[ADB]&amp#27;[39m Current device property 'ro.build.version.release': 9
[debug] &amp#27;[35m[ADB]&amp#27;[39m Device API level: 28
&amp#27;[35m[UiAutomator2]&amp#27;[39m Relaxing hidden api policy
[debug] &amp#27;[35m[ADB]&amp#27;[39m Running 'D:\TechSoftwares\AndroidSDK\platform-tools\adb.exe -P 5037 -s emulator-5554 shell 'settings put global hidden_api_policy_pre_p_apps 1;settings put global hidden_api_policy_p_apps 1;settings put global hidden_api_policy 1''
[debug] &amp#27;[35m[ADB]&amp#27;[39m Running 'D:\TechSoftwares\AndroidSDK\platform-tools\adb.exe -P 5037 -s emulator-5554 wait-for-device'
[debug] &amp#27;[35m[ADB]&amp#27;[39m Running 'D:\TechSoftwares\AndroidSDK\platform-tools\adb.exe -P 5037 -s emulator-5554 shell echo ping'
[debug] &amp#27;[35m[AndroidDriver]&amp#27;[39m Pushing settings apk to device...
[debug] &amp#27;[35m[ADB]&amp#27;[39m Getting install status for io.appium.settings
[debug] &amp#27;[35m[ADB]&amp#27;[39m Running 'D:\TechSoftwares\AndroidSDK\platform-tools\adb.exe -P 5037 -s emulator-5554 shell dumpsys package io.appium.settings'
[debug] &amp#27;[35m[ADB]&amp#27;[39m 'io.appium.settings' is installed
[debug] &amp#27;[35m[ADB]&amp#27;[39m Getting package info for 'io.appium.settings'
[debug] &amp#27;[35m[ADB]&amp#27;[39m Running 'D:\TechSoftwares\AndroidSDK\platform-tools\adb.exe -P 5037 -s emulator-5554 shell dumpsys package io.appium.settings'
[debug] &amp#27;[35m[ADB]&amp#27;[39m The version name of the installed 'io.appium.settings' is greater or equal to the application version name ('3.2.0' >= '3.2.0')
[debug] &amp#27;[35m[ADB]&amp#27;[39m There is no need to install/upgrade 'C:\Users\Medhansh\AppData\Roaming\npm\node_modules\appium\node_modules\io.appium.settings\apks\settings_apk-debug.apk'
[debug] &amp#27;[35m[ADB]&amp#27;[39m Getting IDs of all 'io.appium.settings' processes
[debug] &amp#27;[35m[ADB]&amp#27;[39m Running 'D:\TechSoftwares\AndroidSDK\platform-tools\adb.exe -P 5037 -s emulator-5554 shell 'pgrep --help; echo $?''
[debug] &amp#27;[35m[ADB]&amp#27;[39m Running 'D:\TechSoftwares\AndroidSDK\platform-tools\adb.exe -P 5037 -s emulator-5554 shell pgrep -f io\\.appium\\.settings'
[debug] &amp#27;[35m[ADB]&amp#27;[39m Getting IDs of all 'io.appium.settings' processes
[debug] &amp#27;[35m[ADB]&amp#27;[39m Running 'D:\TechSoftwares\AndroidSDK\platform-tools\adb.exe -P 5037 -s emulator-5554 shell pgrep -f io\\.appium\\.settings'
[debug] &amp#27;[35m[ADB]&amp#27;[39m Starting Appium Settings app
[debug] &amp#27;[35m[ADB]&amp#27;[39m Running 'D:\TechSoftwares\AndroidSDK\platform-tools\adb.exe -P 5037 -s emulator-5554 shell am start -n io.appium.settings/.Settings -a android.intent.action.MAIN -c android.intent.category.LAUNCHER'
[debug] &amp#27;[35m[ADB]&amp#27;[39m Getting IDs of all 'io.appium.settings' processes
[debug] &amp#27;[35m[ADB]&amp#27;[39m Running 'D:\TechSoftwares\AndroidSDK\platform-tools\adb.exe -P 5037 -s emulator-5554 shell pgrep -f io\\.appium\\.settings'
[debug] &amp#27;[35m[ADB]&amp#27;[39m Getting IDs of all 'io.appium.settings' processes
[debug] &amp#27;[35m[ADB]&amp#27;[39m Running 'D:\TechSoftwares\AndroidSDK\platform-tools\adb.exe -P 5037 -s emulator-5554 shell pgrep -f io\\.appium\\.settings'
[debug] &amp#27;[35m[Logcat]&amp#27;[39m Starting logs capture with command: D:\\TechSoftwares\\AndroidSDK\\platform-tools\\adb.exe -P 5037 -s emulator-5554 logcat -v threadtime
[debug] &amp#27;[35m[UiAutomator2]&amp#27;[39m Forwarding UiAutomator2 Server port 6790 to 8200
[debug] &amp#27;[35m[ADB]&amp#27;[39m Forwarding system: 8200 to device: 6790
[debug] &amp#27;[35m[ADB]&amp#27;[39m Running 'D:\TechSoftwares\AndroidSDK\platform-tools\adb.exe -P 5037 -s emulator-5554 forward tcp\:8200 tcp\:6790'
[debug] &amp#27;[35m[ADB]&amp#27;[39m Getting install status for io.appium.uiautomator2.server
[debug] &amp#27;[35m[ADB]&amp#27;[39m Running 'D:\TechSoftwares\AndroidSDK\platform-tools\adb.exe -P 5037 -s emulator-5554 shell dumpsys package io.appium.uiautomator2.server'
[debug] &amp#27;[35m[ADB]&amp#27;[39m 'io.appium.uiautomator2.server' is installed
[debug] &amp#27;[35m[ADB]&amp#27;[39m Getting package info for 'io.appium.uiautomator2.server'
[debug] &amp#27;[35m[ADB]&amp#27;[39m Running 'D:\TechSoftwares\AndroidSDK\platform-tools\adb.exe -P 5037 -s emulator-5554 shell dumpsys package io.appium.uiautomator2.server'
[debug] &amp#27;[35m[ADB]&amp#27;[39m The version name of the installed 'io.appium.uiautomator2.server' is greater or equal to the application version name ('4.12.2' >= '4.12.2')
[debug] &amp#27;[35m[UiAutomator2]&amp#27;[39m io.appium.uiautomator2.server installation state: sameVersionInstalled
[debug] &amp#27;[35m[ADB]&amp#27;[39m Checking app cert for C:\Users\Medhansh\AppData\Roaming\npm\node_modules\appium\node_modules\appium-uiautomator2-server\apks\appium-uiautomator2-server-v4.12.2.apk
&amp#27;[35m[ADB]&amp#27;[39m Using 'apksigner.jar' from 'D:\TechSoftwares\AndroidSDK\build-tools\30.0.2\lib\apksigner.jar'
[debug] &amp#27;[35m[ADB]&amp#27;[39m Starting apksigner: D:\\jdk1.8\\bin\\java.exe -Xmx1024M -Xss1m -jar D:\\TechSoftwares\\AndroidSDK\\build-tools\\30.0.2\\lib\\apksigner.jar verify --print-certs C:\\Users\\Medhansh\\AppData\\Roaming\\npm\\node_modules\\appium\\node_modules\\appium-uiautomator2-server\\apks\\appium-uiautomator2-server-v4.12.2.apk
[debug] &amp#27;[35m[ADB]&amp#27;[39m apksigner stdout: Signer #1 certificate DN: EMAILADDRESS=android@android.com, CN=Android, OU=Android, O=Android, L=Mountain View, ST=California, C=US
[debug] &amp#27;[35m[ADB]&amp#27;[39m Signer #1 certificate SHA-256 digest: a40da80a59d170caa950cf15c18c454d47a39b26989d8b640ecd745ba71bf5dc
[debug] &amp#27;[35m[ADB]&amp#27;[39m Signer #1 certificate SHA-1 digest: 61ed377e85d386a8dfee6b864bd85b0bfaa5af81
[debug] &amp#27;[35m[ADB]&amp#27;[39m Signer #1 certificate MD5 digest: e89b158e4bcf988ebd09eb83f5378e87
[debug] &amp#27;[35m[ADB]&amp#27;[39m 
[debug] &amp#27;[35m[ADB]&amp#27;[39m 'C:\Users\Medhansh\AppData\Roaming\npm\node_modules\appium\node_modules\appium-uiautomator2-server\apks\appium-uiautomator2-server-v4.12.2.apk' is signed with the default certificate
[debug] &amp#27;[35m[ADB]&amp#27;[39m Getting install status for io.appium.uiautomator2.server.test
[debug] &amp#27;[35m[ADB]&amp#27;[39m Running 'D:\TechSoftwares\AndroidSDK\platform-tools\adb.exe -P 5037 -s emulator-5554 shell dumpsys package io.appium.uiautomator2.server.test'
[debug] &amp#27;[35m[ADB]&amp#27;[39m 'io.appium.uiautomator2.server.test' is installed
[debug] &amp#27;[35m[ADB]&amp#27;[39m Checking app cert for C:\Users\Medhansh\AppData\Roaming\npm\node_modules\appium\node_modules\appium-uiautomator2-server\apks\appium-uiautomator2-server-debug-androidTest.apk
[debug] &amp#27;[35m[ADB]&amp#27;[39m Starting apksigner: D:\\jdk1.8\\bin\\java.exe -Xmx1024M -Xss1m -jar D:\\TechSoftwares\\AndroidSDK\\build-tools\\30.0.2\\lib\\apksigner.jar verify --print-certs C:\\Users\\Medhansh\\AppData\\Roaming\\npm\\node_modules\\appium\\node_modules\\appium-uiautomator2-server\\apks\\appium-uiautomator2-server-debug-androidTest.apk
[debug] &amp#27;[35m[ADB]&amp#27;[39m apksigner stdout: Signer #1 certificate DN: EMAILADDRESS=android@android.com, CN=Android, OU=Android, O=Android, L=Mountain View, ST=California, C=US
[debug] &amp#27;[35m[ADB]&amp#27;[39m Signer #1 certificate SHA-256 digest: a40da80a59d170caa950cf15c18c454d47a39b26989d8b640ecd745ba71bf5dc
[debug] &amp#27;[35m[ADB]&amp#27;[39m Signer #1 certificate SHA-1 digest: 61ed377e85d386a8dfee6b864bd85b0bfaa5af81
[debug] &amp#27;[35m[ADB]&amp#27;[39m Signer #1 certificate MD5 digest: e89b158e4bcf988ebd09eb83f5378e87
[debug] &amp#27;[35m[ADB]&amp#27;[39m 
[debug] &amp#27;[35m[ADB]&amp#27;[39m 'C:\Users\Medhansh\AppData\Roaming\npm\node_modules\appium\node_modules\appium-uiautomator2-server\apks\appium-uiautomator2-server-debug-androidTest.apk' is signed with the default certificate
&amp#27;[35m[UiAutomator2]&amp#27;[39m Server packages are not going to be (re)installed
[debug] &amp#27;[35m[UiAutomator2]&amp#27;[39m Waiting up to 30000ms for services to be available
[debug] &amp#27;[35m[ADB]&amp#27;[39m Running 'D:\TechSoftwares\AndroidSDK\platform-tools\adb.exe -P 5037 -s emulator-5554 shell pm list instrumentation'
[debug] &amp#27;[35m[UiAutomator2]&amp#27;[39m Instrumentation target 'io.appium.uiautomator2.server.test/androidx.test.runner.AndroidJUnitRunner' is available
[debug] &amp#27;[35m[ADB]&amp#27;[39m Checking app cert for D:\TechPractice\Appium\FieldEngineerApp/Apks/FEApp.apk
[debug] &amp#27;[35m[ADB]&amp#27;[39m Starting apksigner: D:\\jdk1.8\\bin\\java.exe -Xmx1024M -Xss1m -jar D:\\TechSoftwares\\AndroidSDK\\build-tools\\30.0.2\\lib\\apksigner.jar verify --print-certs D:\\TechPractice\\Appium\\FieldEngineerApp/Apks/FEApp.apk
[debug] &amp#27;[35m[ADB]&amp#27;[39m apksigner stdout: Signer #1 certificate DN: C=US, O=Android, CN=Android Debug
[debug] &amp#27;[35m[ADB]&amp#27;[39m Signer #1 certificate SHA-256 digest: 3c46dd3f732dd2a86e23a902f413fe580567d53d375d3cbc0a0ae481625785aa
[debug] &amp#27;[35m[ADB]&amp#27;[39m Signer #1 certificate SHA-1 digest: cd7140b857eedd24f2a23512bc1b7f28fa8c5812
[debug] &amp#27;[35m[ADB]&amp#27;[39m Signer #1 certificate MD5 digest: daf2b28471cf5e67ee74247ef5b08da9
[debug] &amp#27;[35m[ADB]&amp#27;[39m 
[debug] &amp#27;[35m[ADB]&amp#27;[39m 'D:\TechPractice\Appium\FieldEngineerApp/Apks/FEApp.apk' is signed with a non-default certificate
[debug] &amp#27;[35m[ADB]&amp#27;[39m Getting install status for com.colt.coltengineering
[debug] &amp#27;[35m[ADB]&amp#27;[39m Running 'D:\TechSoftwares\AndroidSDK\platform-tools\adb.exe -P 5037 -s emulator-5554 shell dumpsys package com.colt.coltengineering'
[debug] &amp#27;[35m[ADB]&amp#27;[39m 'com.colt.coltengineering' is installed
[debug] &amp#27;[35m[ADB]&amp#27;[39m Getting package info for 'com.colt.coltengineering'
[debug] &amp#27;[35m[ADB]&amp#27;[39m Running 'D:\TechSoftwares\AndroidSDK\platform-tools\adb.exe -P 5037 -s emulator-5554 shell dumpsys package com.colt.coltengineering'
[debug] &amp#27;[35m[ADB]&amp#27;[39m The version name of the installed 'com.colt.coltengineering' is greater or equal to the application version name ('2.0.0' >= '2.0.0')
[debug] &amp#27;[35m[ADB]&amp#27;[39m There is no need to install/upgrade 'D:\TechPractice\Appium\FieldEngineerApp/Apks/FEApp.apk'
&amp#27;[35m[AndroidDriver]&amp#27;[39m Performing fast reset on 'com.colt.coltengineering'
[debug] &amp#27;[35m[ADB]&amp#27;[39m Getting install status for com.colt.coltengineering
[debug] &amp#27;[35m[ADB]&amp#27;[39m Running 'D:\TechSoftwares\AndroidSDK\platform-tools\adb.exe -P 5037 -s emulator-5554 shell dumpsys package com.colt.coltengineering'
[debug] &amp#27;[35m[ADB]&amp#27;[39m 'com.colt.coltengineering' is installed
[debug] &amp#27;[35m[ADB]&amp#27;[39m Running 'D:\TechSoftwares\AndroidSDK\platform-tools\adb.exe -P 5037 -s emulator-5554 shell am force-stop com.colt.coltengineering'
[debug] &amp#27;[35m[ADB]&amp#27;[39m Running 'D:\TechSoftwares\AndroidSDK\platform-tools\adb.exe -P 5037 -s emulator-5554 shell pm clear com.colt.coltengineering'
[debug] &amp#27;[35m[ADB]&amp#27;[39m Running 'D:\TechSoftwares\AndroidSDK\platform-tools\adb.exe -P 5037 -s emulator-5554 shell dumpsys package com.colt.coltengineering'
[debug] &amp#27;[35m[ADB]&amp#27;[39m Retrieving requested permissions
[debug] &amp#27;[35m[ADB]&amp#27;[39m Retrieved 18 permissions from requested group
[debug] &amp#27;[35m[ADB]&amp#27;[39m Retrieving granted permissions
[debug] &amp#27;[35m[ADB]&amp#27;[39m Retrieved 6 permissions from install,runtime groups
[debug] &amp#27;[35m[ADB]&amp#27;[39m Granting permissions ["android.permission.ACCESS_FINE_LOCATION","android.permission.ACCESS_COARSE_LOCATION","android.permission.WRITE_EXTERNAL_STORAGE","android.permission.READ_EXTERNAL_STORAGE","android.permission.CAMERA","android.permission.CALL_PHONE"] to 'com.colt.coltengineering'
[debug] &amp#27;[35m[ADB]&amp#27;[39m Got the following command chunks to execute: [["pm","grant","com.colt.coltengineering","android.permission.ACCESS_FINE_LOCATION",";","pm","grant","com.colt.coltengineering","android.permission.ACCESS_COARSE_LOCATION",";","pm","grant","com.colt.coltengineering","android.permission.WRITE_EXTERNAL_STORAGE",";","pm","grant","com.colt.coltengineering","android.permission.READ_EXTERNAL_STORAGE",";","pm","grant","com.colt.coltengineering","android.permission.CAMERA",";","pm","grant","com.colt.coltengineering","android.permission.CALL_PHONE",";"]]
[debug] &amp#27;[35m[ADB]&amp#27;[39m Running 'D:\TechSoftwares\AndroidSDK\platform-tools\adb.exe -P 5037 -s emulator-5554 shell pm grant com.colt.coltengineering android.permission.ACCESS_FINE_LOCATION \; pm grant com.colt.coltengineering android.permission.ACCESS_COARSE_LOCATION \; pm grant com.colt.coltengineering android.permission.WRITE_EXTERNAL_STORAGE \; pm grant com.colt.coltengineering android.permission.READ_EXTERNAL_STORAGE \; pm grant com.colt.coltengineering android.permission.CAMERA \; pm grant com.colt.coltengineering android.permission.CALL_PHONE \;'
[debug] &amp#27;[35m[AndroidDriver]&amp#27;[39m Performed fast reset on the installed 'com.colt.coltengineering' application (stop and clear)
[debug] &amp#27;[35m[UiAutomator2]&amp#27;[39m Performing shallow cleanup of automation leftovers
[debug] &amp#27;[35m[UiAutomator2]&amp#27;[39m No obsolete sessions have been detected (socket hang up)
[debug] &amp#27;[35m[ADB]&amp#27;[39m Running 'D:\TechSoftwares\AndroidSDK\platform-tools\adb.exe -P 5037 -s emulator-5554 shell am force-stop io.appium.uiautomator2.server.test'
&amp#27;[35m[UiAutomator2]&amp#27;[39m Starting UIAutomator2 server 4.12.2
&amp#27;[35m[UiAutomator2]&amp#27;[39m Using UIAutomator2 server from 'C:\Users\Medhansh\AppData\Roaming\npm\node_modules\appium\node_modules\appium-uiautomator2-server\apks\appium-uiautomator2-server-v4.12.2.apk' and test from 'C:\Users\Medhansh\AppData\Roaming\npm\node_modules\appium\node_modules\appium-uiautomator2-server\apks\appium-uiautomator2-server-debug-androidTest.apk'
&amp#27;[35m[UiAutomator2]&amp#27;[39m Waiting up to 30000ms for UiAutomator2 to be online...
[debug] &amp#27;[35m[ADB]&amp#27;[39m Creating ADB subprocess with args: ["-P",5037,"-s","emulator-5554","shell","am","instrument","-w","io.appium.uiautomator2.server.test/androidx.test.runner.AndroidJUnitRunner"]
[debug] &amp#27;[35m[WD Proxy]&amp#27;[39m Matched '/status' to command name 'getStatus'
[debug] &amp#27;[35m[WD Proxy]&amp#27;[39m Proxying [GET /status] to [GET http://127.0.0.1:8200/wd/hub/status] with no body
&amp#27;[35m[WD Proxy]&amp#27;[39m socket hang up
[debug] &amp#27;[35m[Instrumentation]&amp#27;[39m io.appium.uiautomator2.server.test.AppiumUiAutomator2Server:
[debug] &amp#27;[35m[WD Proxy]&amp#27;[39m Matched '/status' to command name 'getStatus'
[debug] &amp#27;[35m[WD Proxy]&amp#27;[39m Proxying [GET /status] to [GET http://127.0.0.1:8200/wd/hub/status] with no body
&amp#27;[35m[WD Proxy]&amp#27;[39m socket hang up
[debug] &amp#27;[35m[WD Proxy]&amp#27;[39m Matched '/status' to command name 'getStatus'
[debug] &amp#27;[35m[WD Proxy]&amp#27;[39m Proxying [GET /status] to [GET http://127.0.0.1:8200/wd/hub/status] with no body
&amp#27;[35m[WD Proxy]&amp#27;[39m socket hang up
[debug] &amp#27;[35m[WD Proxy]&amp#27;[39m Matched '/status' to command name 'getStatus'
[debug] &amp#27;[35m[WD Proxy]&amp#27;[39m Proxying [GET /status] to [GET http://127.0.0.1:8200/wd/hub/status] with no body
[debug] &amp#27;[35m[WD Proxy]&amp#27;[39m Got response with status 200: {"sessionId":"None","value":{"message":"UiAutomator2 Server is ready to accept commands","ready":true}}
[debug] &amp#27;[35m[UiAutomator2]&amp#27;[39m The initialization of the instrumentation process took 4249ms
[debug] &amp#27;[35m[WD Proxy]&amp#27;[39m Matched '/session' to command name 'createSession'
[debug] &amp#27;[35m[WD Proxy]&amp#27;[39m Proxying [POST /session] to [POST http://127.0.0.1:8200/wd/hub/session] with body: {"capabilities":{"firstMatch":[{"platform":"LINUX","webStorageEnabled":false,"takesScreenshot":true,"javascriptEnabled":true,"databaseEnabled":false,"networkConnectionEnabled":true,"locationContextEnabled":false,"warnings":{},"desired":{"platformName":"android","app":"D:\\TechPractice\\Appium\\FieldEngineerApp/Apks/FEApp.apk","appActivity":"com.colt.coltengineering.screen.SplashActivity","appPackage":"com.colt.coltengineering","autoGrantPermissions":true,"automationName":"uiautomator2","avd":"Pixel2","deviceName":"pixel2"},"platformName":"android","app":"D:\\TechPractice\\Appium\\FieldEngineerApp/Apks/FEApp.apk","appActivity":"com.colt.coltengineering.screen.SplashActivity","appPackage":"com.colt.coltengineering","autoGrantPermissions":true,"automationName":"uiautomator2","avd":"Pixel2","deviceName":"emulator-5554","deviceUDID":"emulator-5554"}],"alwaysMatch":{}}}
[debug] &amp#27;[35m[WD Proxy]&amp#27;[39m Got response with status 200: {"sessionId":"9d117bc0-ede3-480d-8648-fff71bc808fe","value":{"capabilities":{"firstMatch":[{"platform":"LINUX","webStorageEnabled":false,"takesScreenshot":true,"javascriptEnabled":true,"databaseEnabled":false,"networkConnectionEnabled":true,"locationContextEnabled":false,"warnings":{},"desired":{"platformName":"android","app":"D:\\TechPractice\\Appium\\FieldEngineerApp/Apks/FEApp.apk","appActivity":"com.colt.coltengineering.screen.SplashActivity","appPackage":"com.colt.coltengineering","autoGrantPermissions":true,"automationName":"uiautomator2","avd":"Pixel2","deviceName":"pixel2"},"platformName":"android","app":"D:\\TechPractice\\Appium\\FieldEngineerApp/Apks/FEApp.apk","appActivity":"com.colt.coltengineering.screen.SplashActivity","appPackage":"com.colt.coltengineering","autoGrantPermissions":true,"automationName":"uiautomator2","avd":"Pixel2","deviceName":"emulator-5554","deviceUDID":"emulator-5554"}],"alwaysMatch":{}},"sessionId":"9d117bc0-ede3-480d-8648-fff71bc808fe"}}
&amp#27;[35m[WD Proxy]&amp#27;[39m Determined the downstream protocol as 'W3C'
[debug] &amp#27;[35m[WD Proxy]&amp#27;[39m Proxying [GET /appium/device/info] to [GET http://127.0.0.1:8200/wd/hub/session/9d117bc0-ede3-480d-8648-fff71bc808fe/appium/device/info] with no body
[debug] &amp#27;[35m[WD Proxy]&amp#27;[39m Got response with status 200: {"sessionId":"9d117bc0-ede3-480d-8648-fff71bc808fe","value":{"androidId":"e45960c38005a994","apiVersion":"28","bluetooth":null,"brand":"google","carrierName":"Android","displayDensity":420,"locale":"en_US","manufacturer":"Google","model":"AOSP on IA Emulator","networks":[{"capabilities":{"SSID":null,"linkDownBandwidthKbps":102400,"linkUpstreamBandwidthKbps":51200,"networkCapabilities":"NET_CAPABILITY_MMS,NET_CAPABILITY_SUPL,NET_CAPABILITY_DUN,NET_CAPABILITY_FOTA,NET_CAPABILITY_IMS,NET_CAPABILITY_CBS,NET_CAPABILITY_IA,NET_CAPABILITY_INTERNET,NET_CAPABILITY_NOT_RESTRICTED,NET_CAPABILITY_TRUSTED,NET_CAPABILITY_NOT_VPN,NET_CAPABILITY_VALIDATED,NET_CAPABILITY_NOT_ROAMING,NET_CAPABILITY_FOREGROUND,NET_CAPABILITY_NOT_CONGESTED,NET_CAPABILITY_NOT_SUSPENDED","signalStrength":-2147483648,"transportTypes":"TRANSPORT_CELLULAR"},"detailedState":"CONNECTED","extraInfo":"epc.tmobile.com","isAvailable":true,"isConnected":true,"isFailover":false,"isRoaming":false,"state":"CONNECTED","subtype":13,"subtypeName":"LTE","type":...
[debug] &amp#27;[35m[ADB]&amp#27;[39m Running 'D:\TechSoftwares\AndroidSDK\platform-tools\adb.exe -P 5037 -s emulator-5554 shell dumpsys window'
&amp#27;[35m[AndroidDriver]&amp#27;[39m Screen already unlocked, doing nothing
&amp#27;[35m[UiAutomator2]&amp#27;[39m Starting 'com.colt.coltengineering/com.colt.coltengineering.screen.SplashActivity and waiting for 'com.colt.coltengineering/com.colt.coltengineering.screen.SplashActivity'
[debug] &amp#27;[35m[ADB]&amp#27;[39m Running 'D:\TechSoftwares\AndroidSDK\platform-tools\adb.exe -P 5037 -s emulator-5554 shell am start -W -n com.colt.coltengineering/com.colt.coltengineering.screen.SplashActivity -S -a android.intent.action.MAIN -c android.intent.category.LAUNCHER -f 0x10200000'
[debug] &amp#27;[35m[WD Proxy]&amp#27;[39m Proxying [GET /appium/device/pixel_ratio] to [GET http://127.0.0.1:8200/wd/hub/session/9d117bc0-ede3-480d-8648-fff71bc808fe/appium/device/pixel_ratio] with no body
[debug] &amp#27;[35m[WD Proxy]&amp#27;[39m Got response with status 200: {"sessionId":"9d117bc0-ede3-480d-8648-fff71bc808fe","value":2.625}
[debug] &amp#27;[35m[WD Proxy]&amp#27;[39m Matched '/appium/device/system_bars' to command name 'getSystemBars'
[debug] &amp#27;[35m[WD Proxy]&amp#27;[39m Proxying [GET /appium/device/system_bars] to [GET http://127.0.0.1:8200/wd/hub/session/9d117bc0-ede3-480d-8648-fff71bc808fe/appium/device/system_bars] with no body
[debug] &amp#27;[35m[WD Proxy]&amp#27;[39m Got response with status 200: {"sessionId":"9d117bc0-ede3-480d-8648-fff71bc808fe","value":{"statusBar":63}}
[debug] &amp#27;[35m[WD Proxy]&amp#27;[39m Matched '/window/current/size' to command name 'getWindowSize'
[debug] &amp#27;[35m[WD Proxy]&amp#27;[39m Proxying [GET /window/current/size] to [GET http://127.0.0.1:8200/wd/hub/session/9d117bc0-ede3-480d-8648-fff71bc808fe/window/current/size] with no body
[debug] &amp#27;[35m[WD Proxy]&amp#27;[39m Got response with status 200: {"sessionId":"9d117bc0-ede3-480d-8648-fff71bc808fe","value":{"height":1794,"width":1080}}
&amp#27;[35m[Appium]&amp#27;[39m New AndroidUiautomator2Driver session created successfully, session d98beac4-b08b-4895-8fb5-6afd1219fab9 added to master session list
[debug] &amp#27;[35m[BaseDriver]&amp#27;[39m Event 'newSessionStarted' logged at 1604381445914 (11:00:45 GMT+0530 (India Standard Time))
[debug] &amp#27;[35m[W3C (d98beac4)]&amp#27;[39m Cached the protocol value 'W3C' for the new session d98beac4-b08b-4895-8fb5-6afd1219fab9
[debug] &amp#27;[35m[W3C (d98beac4)]&amp#27;[39m Responding to client with driver.createSession() result: {"capabilities":{"platform":"LINUX","webStorageEnabled":false,"takesScreenshot":true,"javascriptEnabled":true,"databaseEnabled":false,"networkConnectionEnabled":true,"locationContextEnabled":false,"warnings":{},"desired":{"platformName":"android","app":"D:\\TechPractice\\Appium\\FieldEngineerApp/Apks/FEApp.apk","appActivity":"com.colt.coltengineering.screen.SplashActivity","appPackage":"com.colt.coltengineering","autoGrantPermissions":true,"automationName":"uiautomator2","avd":"Pixel2","deviceName":"pixel2"},"platformName":"android","app":"D:\\TechPractice\\Appium\\FieldEngineerApp/Apks/FEApp.apk","appActivity":"com.colt.coltengineering.screen.SplashActivity","appPackage":"com.colt.coltengineering","autoGrantPermissions":true,"automationName":"uiautomator2","avd":"Pixel2","deviceName":"emulator-5554","deviceUDID":"emulator-5554","deviceApiLevel":28,"platformVersion":"9","deviceScreenSize":"1080x1920","deviceScreenDensity":420,"deviceModel":"AOSP on IA Emulator","deviceManufacturer":"Google","pixelRatio":2....
&amp#27;[35m[HTTP]&amp#27;[39m &amp#27;[37m<-- POST /wd/hub/session &amp#27;[39m&amp#27;[32m200&amp#27;[39m &amp#27;[90m18646 ms - 1168&amp#27;[39m
&amp#27;[35m[HTTP]&amp#27;[39m &amp#27;[90m&amp#27;[39m
&amp#27;[35m[HTTP]&amp#27;[39m &amp#27;[37m-->&amp#27;[39m &amp#27;[37mPOST&amp#27;[39m &amp#27;[37m/wd/hub/session/d98beac4-b08b-4895-8fb5-6afd1219fab9/timeouts&amp#27;[39m
&amp#27;[35m[HTTP]&amp#27;[39m &amp#27;[90m{"implicit":30000}&amp#27;[39m
[debug] &amp#27;[35m[W3C (d98beac4)]&amp#27;[39m Calling AppiumDriver.timeouts() with args: [null,null,null,null,30000,"d98beac4-b08b-4895-8fb5-6afd1219fab9"]
[debug] &amp#27;[35m[BaseDriver]&amp#27;[39m W3C timeout argument: {"implicit":30000}}
[debug] &amp#27;[35m[BaseDriver]&amp#27;[39m Set implicit wait to 30000ms
[debug] &amp#27;[35m[W3C (d98beac4)]&amp#27;[39m Responding to client with driver.timeouts() result: null
&amp#27;[35m[HTTP]&amp#27;[39m &amp#27;[37m<-- POST /wd/hub/session/d98beac4-b08b-4895-8fb5-6afd1219fab9/timeouts &amp#27;[39m&amp#27;[32m200&amp#27;[39m &amp#27;[90m10 ms - 14&amp#27;[39m
&amp#27;[35m[HTTP]&amp#27;[39m &amp#27;[90m&amp#27;[39m
&amp#27;[35m[HTTP]&amp#27;[39m &amp#27;[37m-->&amp#27;[39m &amp#27;[37mGET&amp#27;[39m &amp#27;[37m/wd/hub/session/d98beac4-b08b-4895-8fb5-6afd1219fab9/context&amp#27;[39m
&amp#27;[35m[HTTP]&amp#27;[39m &amp#27;[90m{}&amp#27;[39m
[debug] &amp#27;[35m[W3C (d98beac4)]&amp#27;[39m Calling AppiumDriver.getCurrentContext() with args: ["d98beac4-b08b-4895-8fb5-6afd1219fab9"]
[debug] &amp#27;[35m[W3C (d98beac4)]&amp#27;[39m Responding to client with driver.getCurrentContext() result: "NATIVE_APP"
&amp#27;[35m[HTTP]&amp#27;[39m &amp#27;[37m<-- GET /wd/hub/session/d98beac4-b08b-4895-8fb5-6afd1219fab9/context &amp#27;[39m&amp#27;[32m200&amp#27;[39m &amp#27;[90m13 ms - 22&amp#27;[39m
&amp#27;[35m[HTTP]&amp#27;[39m &amp#27;[90m&amp#27;[39m
&amp#27;[35m[HTTP]&amp#27;[39m &amp#27;[37m-->&amp#27;[39m &amp#27;[37mPOST&amp#27;[39m &amp#27;[37m/wd/hub/session/d98beac4-b08b-4895-8fb5-6afd1219fab9/element&amp#27;[39m
&amp#27;[35m[HTTP]&amp#27;[39m &amp#27;[90m{"using":"-android uiautomator","value":"text(\"User ID\")"}&amp#27;[39m
[debug] &amp#27;[35m[W3C (d98beac4)]&amp#27;[39m Calling AppiumDriver.findElement() with args: ["-android uiautomator","text(\"User ID\")","d98beac4-b08b-4895-8fb5-6afd1219fab9"]
[debug] &amp#27;[35m[BaseDriver]&amp#27;[39m Valid locator strategies for this request: xpath, id, class name, accessibility id, -android uiautomator
[debug] &amp#27;[35m[BaseDriver]&amp#27;[39m Waiting up to 30000 ms for condition
[debug] &amp#27;[35m[WD Proxy]&amp#27;[39m Matched '/element' to command name 'findElement'
[debug] &amp#27;[35m[WD Proxy]&amp#27;[39m Proxying [POST /element] to [POST http://127.0.0.1:8200/wd/hub/session/9d117bc0-ede3-480d-8648-fff71bc808fe/element] with body: {"strategy":"-android uiautomator","selector":"text(\"User ID\")","context":"","multiple":false}
[debug] &amp#27;[35m[WD Proxy]&amp#27;[39m Got response with status 200: {"sessionId":"9d117bc0-ede3-480d-8648-fff71bc808fe","value":{"ELEMENT":"0f8fbfb6-e08c-4510-ba4f-aa971dbd026e","element-6066-11e4-a52e-4f735466cecf":"0f8fbfb6-e08c-4510-ba4f-aa971dbd026e"}}
[debug] &amp#27;[35m[W3C (d98beac4)]&amp#27;[39m Responding to client with driver.findElement() result: {"element-6066-11e4-a52e-4f735466cecf":"0f8fbfb6-e08c-4510-ba4f-aa971dbd026e","ELEMENT":"0f8fbfb6-e08c-4510-ba4f-aa971dbd026e"}
&amp#27;[35m[HTTP]&amp#27;[39m &amp#27;[37m<-- POST /wd/hub/session/d98beac4-b08b-4895-8fb5-6afd1219fab9/element &amp#27;[39m&amp#27;[32m200&amp#27;[39m &amp#27;[90m999 ms - 137&amp#27;[39m
&amp#27;[35m[HTTP]&amp#27;[39m &amp#27;[90m&amp#27;[39m
&amp#27;[35m[HTTP]&amp#27;[39m &amp#27;[37m-->&amp#27;[39m &amp#27;[37mPOST&amp#27;[39m &amp#27;[37m/wd/hub/session/d98beac4-b08b-4895-8fb5-6afd1219fab9/element/0f8fbfb6-e08c-4510-ba4f-aa971dbd026e/value&amp#27;[39m
&amp#27;[35m[HTTP]&amp#27;[39m &amp#27;[90m{"id":"0f8fbfb6-e08c-4510-ba4f-aa971dbd026e","text":"coltonlinedcp","value":["c","o","l","t","o","n","l","i","n","e","d","c","p"]}&amp#27;[39m
[debug] &amp#27;[35m[W3C (d98beac4)]&amp#27;[39m Calling AppiumDriver.setValue() with args: [["c","o","l","t","o","n","l","i","n","e","d","c","p"],"0f8fbfb6-e08c-4510-ba4f-aa971dbd026e","d98beac4-b08b-4895-8fb5-6afd1219fab9"]
[debug] &amp#27;[35m[WD Proxy]&amp#27;[39m Matched '/element/0f8fbfb6-e08c-4510-ba4f-aa971dbd026e/value' to command name 'setValue'
[debug] &amp#27;[35m[Protocol Converter]&amp#27;[39m Added 'value' property ["c","o","l","t","o","n","l","i","n","e","d","c","p"] to 'setValue' request body
[debug] &amp#27;[35m[WD Proxy]&amp#27;[39m Proxying [POST /element/0f8fbfb6-e08c-4510-ba4f-aa971dbd026e/value] to [POST http://127.0.0.1:8200/wd/hub/session/9d117bc0-ede3-480d-8648-fff71bc808fe/element/0f8fbfb6-e08c-4510-ba4f-aa971dbd026e/value] with body: {"elementId":"0f8fbfb6-e08c-4510-ba4f-aa971dbd026e","text":"coltonlinedcp","replace":false,"value":["c","o","l","t","o","n","l","i","n","e","d","c","p"]}
[debug] &amp#27;[35m[WD Proxy]&amp#27;[39m Got response with status 200: {"sessionId":"9d117bc0-ede3-480d-8648-fff71bc808fe","value":null}
[debug] &amp#27;[35m[W3C (d98beac4)]&amp#27;[39m Responding to client with driver.setValue() result: null
&amp#27;[35m[HTTP]&amp#27;[39m &amp#27;[37m<-- POST /wd/hub/session/d98beac4-b08b-4895-8fb5-6afd1219fab9/element/0f8fbfb6-e08c-4510-ba4f-aa971dbd026e/value &amp#27;[39m&amp#27;[32m200&amp#27;[39m &amp#27;[90m743 ms - 14&amp#27;[39m
&amp#27;[35m[HTTP]&amp#27;[39m &amp#27;[90m&amp#27;[39m
&amp#27;[35m[HTTP]&amp#27;[39m &amp#27;[37m-->&amp#27;[39m &amp#27;[37mGET&amp#27;[39m &amp#27;[37m/wd/hub/session/d98beac4-b08b-4895-8fb5-6afd1219fab9/context&amp#27;[39m
&amp#27;[35m[HTTP]&amp#27;[39m &amp#27;[90m{}&amp#27;[39m
[debug] &amp#27;[35m[W3C (d98beac4)]&amp#27;[39m Calling AppiumDriver.getCurrentContext() with args: ["d98beac4-b08b-4895-8fb5-6afd1219fab9"]
[debug] &amp#27;[35m[W3C (d98beac4)]&amp#27;[39m Responding to client with driver.getCurrentContext() result: "NATIVE_APP"
&amp#27;[35m[HTTP]&amp#27;[39m &amp#27;[37m<-- GET /wd/hub/session/d98beac4-b08b-4895-8fb5-6afd1219fab9/context &amp#27;[39m&amp#27;[32m200&amp#27;[39m &amp#27;[90m6 ms - 22&amp#27;[39m
&amp#27;[35m[HTTP]&amp#27;[39m &amp#27;[90m&amp#27;[39m
&amp#27;[35m[HTTP]&amp#27;[39m &amp#27;[37m-->&amp#27;[39m &amp#27;[37mPOST&amp#27;[39m &amp#27;[37m/wd/hub/session/d98beac4-b08b-4895-8fb5-6afd1219fab9/element&amp#27;[39m
&amp#27;[35m[HTTP]&amp#27;[39m &amp#27;[90m{"using":"-android uiautomator","value":"text(\"Password\")"}&amp#27;[39m
[debug] &amp#27;[35m[W3C (d98beac4)]&amp#27;[39m Calling AppiumDriver.findElement() with args: ["-android uiautomator","text(\"Password\")","d98beac4-b08b-4895-8fb5-6afd1219fab9"]
[debug] &amp#27;[35m[BaseDriver]&amp#27;[39m Valid locator strategies for this request: xpath, id, class name, accessibility id, -android uiautomator
[debug] &amp#27;[35m[BaseDriver]&amp#27;[39m Waiting up to 30000 ms for condition
[debug] &amp#27;[35m[WD Proxy]&amp#27;[39m Matched '/element' to command name 'findElement'
[debug] &amp#27;[35m[WD Proxy]&amp#27;[39m Proxying [POST /element] to [POST http://127.0.0.1:8200/wd/hub/session/9d117bc0-ede3-480d-8648-fff71bc808fe/element] with body: {"strategy":"-android uiautomator","selector":"text(\"Password\")","context":"","multiple":false}
[debug] &amp#27;[35m[WD Proxy]&amp#27;[39m Got response with status 200: {"sessionId":"9d117bc0-ede3-480d-8648-fff71bc808fe","value":{"ELEMENT":"4f053562-d4ad-4104-96fd-bd2476467e78","element-6066-11e4-a52e-4f735466cecf":"4f053562-d4ad-4104-96fd-bd2476467e78"}}
[debug] &amp#27;[35m[W3C (d98beac4)]&amp#27;[39m Responding to client with driver.findElement() result: {"element-6066-11e4-a52e-4f735466cecf":"4f053562-d4ad-4104-96fd-bd2476467e78","ELEMENT":"4f053562-d4ad-4104-96fd-bd2476467e78"}
&amp#27;[35m[HTTP]&amp#27;[39m &amp#27;[37m<-- POST /wd/hub/session/d98beac4-b08b-4895-8fb5-6afd1219fab9/element &amp#27;[39m&amp#27;[32m200&amp#27;[39m &amp#27;[90m487 ms - 137&amp#27;[39m
&amp#27;[35m[HTTP]&amp#27;[39m &amp#27;[90m&amp#27;[39m
&amp#27;[35m[HTTP]&amp#27;[39m &amp#27;[37m-->&amp#27;[39m &amp#27;[37mPOST&amp#27;[39m &amp#27;[37m/wd/hub/session/d98beac4-b08b-4895-8fb5-6afd1219fab9/element/4f053562-d4ad-4104-96fd-bd2476467e78/value&amp#27;[39m
&amp#27;[35m[HTTP]&amp#27;[39m &amp#27;[90m{"id":"4f053562-d4ad-4104-96fd-bd2476467e78","text":"Colt@1234","value":["C","o","l","t","@","1","2","3","4"]}&amp#27;[39m
[debug] &amp#27;[35m[W3C (d98beac4)]&amp#27;[39m Calling AppiumDriver.setValue() with args: [["C","o","l","t","@","1","2","3","4"],"4f053562-d4ad-4104-96fd-bd2476467e78","d98beac4-b08b-4895-8fb5-6afd1219fab9"]
[debug] &amp#27;[35m[WD Proxy]&amp#27;[39m Matched '/element/4f053562-d4ad-4104-96fd-bd2476467e78/value' to command name 'setValue'
[debug] &amp#27;[35m[Protocol Converter]&amp#27;[39m Added 'value' property ["C","o","l","t","@","1","2","3","4"] to 'setValue' request body
[debug] &amp#27;[35m[WD Proxy]&amp#27;[39m Proxying [POST /element/4f053562-d4ad-4104-96fd-bd2476467e78/value] to [POST http://127.0.0.1:8200/wd/hub/session/9d117bc0-ede3-480d-8648-fff71bc808fe/element/4f053562-d4ad-4104-96fd-bd2476467e78/value] with body: {"elementId":"4f053562-d4ad-4104-96fd-bd2476467e78","text":"Colt@1234","replace":false,"value":["C","o","l","t","@","1","2","3","4"]}
[debug] &amp#27;[35m[WD Proxy]&amp#27;[39m Got response with status 200: {"sessionId":"9d117bc0-ede3-480d-8648-fff71bc808fe","value":null}
[debug] &amp#27;[35m[W3C (d98beac4)]&amp#27;[39m Responding to client with driver.setValue() result: null
&amp#27;[35m[HTTP]&amp#27;[39m &amp#27;[37m<-- POST /wd/hub/session/d98beac4-b08b-4895-8fb5-6afd1219fab9/element/4f053562-d4ad-4104-96fd-bd2476467e78/value &amp#27;[39m&amp#27;[32m200&amp#27;[39m &amp#27;[90m601 ms - 14&amp#27;[39m
&amp#27;[35m[HTTP]&amp#27;[39m &amp#27;[90m&amp#27;[39m
&amp#27;[35m[HTTP]&amp#27;[39m &amp#27;[37m-->&amp#27;[39m &amp#27;[37mGET&amp#27;[39m &amp#27;[37m/wd/hub/session/d98beac4-b08b-4895-8fb5-6afd1219fab9/context&amp#27;[39m
&amp#27;[35m[HTTP]&amp#27;[39m &amp#27;[90m{}&amp#27;[39m
[debug] &amp#27;[35m[W3C (d98beac4)]&amp#27;[39m Calling AppiumDriver.getCurrentContext() with args: ["d98beac4-b08b-4895-8fb5-6afd1219fab9"]
[debug] &amp#27;[35m[W3C (d98beac4)]&amp#27;[39m Responding to client with driver.getCurrentContext() result: "NATIVE_APP"
&amp#27;[35m[HTTP]&amp#27;[39m &amp#27;[37m<-- GET /wd/hub/session/d98beac4-b08b-4895-8fb5-6afd1219fab9/context &amp#27;[39m&amp#27;[32m200&amp#27;[39m &amp#27;[90m3 ms - 22&amp#27;[39m
&amp#27;[35m[HTTP]&amp#27;[39m &amp#27;[90m&amp#27;[39m
&amp#27;[35m[HTTP]&amp#27;[39m &amp#27;[37m-->&amp#27;[39m &amp#27;[37mPOST&amp#27;[39m &amp#27;[37m/wd/hub/session/d98beac4-b08b-4895-8fb5-6afd1219fab9/element&amp#27;[39m
&amp#27;[35m[HTTP]&amp#27;[39m &amp#27;[90m{"using":"-android uiautomator","value":"text(\"Remember me\")"}&amp#27;[39m
[debug] &amp#27;[35m[W3C (d98beac4)]&amp#27;[39m Calling AppiumDriver.findElement() with args: ["-android uiautomator","text(\"Remember me\")","d98beac4-b08b-4895-8fb5-6afd1219fab9"]
[debug] &amp#27;[35m[BaseDriver]&amp#27;[39m Valid locator strategies for this request: xpath, id, class name, accessibility id, -android uiautomator
[debug] &amp#27;[35m[BaseDriver]&amp#27;[39m Waiting up to 30000 ms for condition
[debug] &amp#27;[35m[WD Proxy]&amp#27;[39m Matched '/element' to command name 'findElement'
[debug] &amp#27;[35m[WD Proxy]&amp#27;[39m Proxying [POST /element] to [POST http://127.0.0.1:8200/wd/hub/session/9d117bc0-ede3-480d-8648-fff71bc808fe/element] with body: {"strategy":"-android uiautomator","selector":"text(\"Remember me\")","context":"","multiple":false}
[debug] &amp#27;[35m[WD Proxy]&amp#27;[39m Got response with status 200: {"sessionId":"9d117bc0-ede3-480d-8648-fff71bc808fe","value":{"ELEMENT":"ba083809-df14-4ad2-af9f-8bee28755d07","element-6066-11e4-a52e-4f735466cecf":"ba083809-df14-4ad2-af9f-8bee28755d07"}}
[debug] &amp#27;[35m[W3C (d98beac4)]&amp#27;[39m Responding to client with driver.findElement() result: {"element-6066-11e4-a52e-4f735466cecf":"ba083809-df14-4ad2-af9f-8bee28755d07","ELEMENT":"ba083809-df14-4ad2-af9f-8bee28755d07"}
&amp#27;[35m[HTTP]&amp#27;[39m &amp#27;[37m<-- POST /wd/hub/session/d98beac4-b08b-4895-8fb5-6afd1219fab9/element &amp#27;[39m&amp#27;[32m200&amp#27;[39m &amp#27;[90m506 ms - 137&amp#27;[39m
&amp#27;[35m[HTTP]&amp#27;[39m &amp#27;[90m&amp#27;[39m
&amp#27;[35m[HTTP]&amp#27;[39m &amp#27;[37m-->&amp#27;[39m &amp#27;[37mPOST&amp#27;[39m &amp#27;[37m/wd/hub/session/d98beac4-b08b-4895-8fb5-6afd1219fab9/element/ba083809-df14-4ad2-af9f-8bee28755d07/click&amp#27;[39m
&amp#27;[35m[HTTP]&amp#27;[39m &amp#27;[90m{"id":"ba083809-df14-4ad2-af9f-8bee28755d07"}&amp#27;[39m
[debug] &amp#27;[35m[W3C (d98beac4)]&amp#27;[39m Calling AppiumDriver.click() with args: ["ba083809-df14-4ad2-af9f-8bee28755d07","d98beac4-b08b-4895-8fb5-6afd1219fab9"]
[debug] &amp#27;[35m[WD Proxy]&amp#27;[39m Matched '/element/ba083809-df14-4ad2-af9f-8bee28755d07/click' to command name 'click'
[debug] &amp#27;[35m[WD Proxy]&amp#27;[39m Proxying [POST /element/ba083809-df14-4ad2-af9f-8bee28755d07/click] to [POST http://127.0.0.1:8200/wd/hub/session/9d117bc0-ede3-480d-8648-fff71bc808fe/element/ba083809-df14-4ad2-af9f-8bee28755d07/click] with body: {"element":"ba083809-df14-4ad2-af9f-8bee28755d07"}
[debug] &amp#27;[35m[WD Proxy]&amp#27;[39m Got response with status 200: {"sessionId":"9d117bc0-ede3-480d-8648-fff71bc808fe","value":null}
[debug] &amp#27;[35m[W3C (d98beac4)]&amp#27;[39m Responding to client with driver.click() result: null
&amp#27;[35m[HTTP]&amp#27;[39m &amp#27;[37m<-- POST /wd/hub/session/d98beac4-b08b-4895-8fb5-6afd1219fab9/element/ba083809-df14-4ad2-af9f-8bee28755d07/click &amp#27;[39m&amp#27;[32m200&amp#27;[39m &amp#27;[90m705 ms - 14&amp#27;[39m
&amp#27;[35m[HTTP]&amp#27;[39m &amp#27;[90m&amp#27;[39m
&amp#27;[35m[HTTP]&amp#27;[39m &amp#27;[37m-->&amp#27;[39m &amp#27;[37mGET&amp#27;[39m &amp#27;[37m/wd/hub/session/d98beac4-b08b-4895-8fb5-6afd1219fab9/context&amp#27;[39m
&amp#27;[35m[HTTP]&amp#27;[39m &amp#27;[90m{}&amp#27;[39m
[debug] &amp#27;[35m[W3C (d98beac4)]&amp#27;[39m Calling AppiumDriver.getCurrentContext() with args: ["d98beac4-b08b-4895-8fb5-6afd1219fab9"]
[debug] &amp#27;[35m[W3C (d98beac4)]&amp#27;[39m Responding to client with driver.getCurrentContext() result: "NATIVE_APP"
&amp#27;[35m[HTTP]&amp#27;[39m &amp#27;[37m<-- GET /wd/hub/session/d98beac4-b08b-4895-8fb5-6afd1219fab9/context &amp#27;[39m&amp#27;[32m200&amp#27;[39m &amp#27;[90m2 ms - 22&amp#27;[39m
&amp#27;[35m[HTTP]&amp#27;[39m &amp#27;[90m&amp#27;[39m
&amp#27;[35m[HTTP]&amp#27;[39m &amp#27;[37m-->&amp#27;[39m &amp#27;[37mPOST&amp#27;[39m &amp#27;[37m/wd/hub/session/d98beac4-b08b-4895-8fb5-6afd1219fab9/element&amp#27;[39m
&amp#27;[35m[HTTP]&amp#27;[39m &amp#27;[90m{"using":"-android uiautomator","value":"text(\"Login\")"}&amp#27;[39m
[debug] &amp#27;[35m[W3C (d98beac4)]&amp#27;[39m Calling AppiumDriver.findElement() with args: ["-android uiautomator","text(\"Login\")","d98beac4-b08b-4895-8fb5-6afd1219fab9"]
[debug] &amp#27;[35m[BaseDriver]&amp#27;[39m Valid locator strategies for this request: xpath, id, class name, accessibility id, -android uiautomator
[debug] &amp#27;[35m[BaseDriver]&amp#27;[39m Waiting up to 30000 ms for condition
[debug] &amp#27;[35m[WD Proxy]&amp#27;[39m Matched '/element' to command name 'findElement'
[debug] &amp#27;[35m[WD Proxy]&amp#27;[39m Proxying [POST /element] to [POST http://127.0.0.1:8200/wd/hub/session/9d117bc0-ede3-480d-8648-fff71bc808fe/element] with body: {"strategy":"-android uiautomator","selector":"text(\"Login\")","context":"","multiple":false}
[debug] &amp#27;[35m[WD Proxy]&amp#27;[39m Got response with status 200: {"sessionId":"9d117bc0-ede3-480d-8648-fff71bc808fe","value":{"ELEMENT":"3b48d112-a030-45a1-966b-18b5e1c86c36","element-6066-11e4-a52e-4f735466cecf":"3b48d112-a030-45a1-966b-18b5e1c86c36"}}
[debug] &amp#27;[35m[W3C (d98beac4)]&amp#27;[39m Responding to client with driver.findElement() result: {"element-6066-11e4-a52e-4f735466cecf":"3b48d112-a030-45a1-966b-18b5e1c86c36","ELEMENT":"3b48d112-a030-45a1-966b-18b5e1c86c36"}
&amp#27;[35m[HTTP]&amp#27;[39m &amp#27;[37m<-- POST /wd/hub/session/d98beac4-b08b-4895-8fb5-6afd1219fab9/element &amp#27;[39m&amp#27;[32m200&amp#27;[39m &amp#27;[90m40 ms - 137&amp#27;[39m
&amp#27;[35m[HTTP]&amp#27;[39m &amp#27;[90m&amp#27;[39m
&amp#27;[35m[HTTP]&amp#27;[39m &amp#27;[37m-->&amp#27;[39m &amp#27;[37mPOST&amp#27;[39m &amp#27;[37m/wd/hub/session/d98beac4-b08b-4895-8fb5-6afd1219fab9/element/3b48d112-a030-45a1-966b-18b5e1c86c36/click&amp#27;[39m
&amp#27;[35m[HTTP]&amp#27;[39m &amp#27;[90m{"id":"3b48d112-a030-45a1-966b-18b5e1c86c36"}&amp#27;[39m
[debug] &amp#27;[35m[W3C (d98beac4)]&amp#27;[39m Calling AppiumDriver.click() with args: ["3b48d112-a030-45a1-966b-18b5e1c86c36","d98beac4-b08b-4895-8fb5-6afd1219fab9"]
[debug] &amp#27;[35m[WD Proxy]&amp#27;[39m Matched '/element/3b48d112-a030-45a1-966b-18b5e1c86c36/click' to command name 'click'
[debug] &amp#27;[35m[WD Proxy]&amp#27;[39m Proxying [POST /element/3b48d112-a030-45a1-966b-18b5e1c86c36/click] to [POST http://127.0.0.1:8200/wd/hub/session/9d117bc0-ede3-480d-8648-fff71bc808fe/element/3b48d112-a030-45a1-966b-18b5e1c86c36/click] with body: {"element":"3b48d112-a030-45a1-966b-18b5e1c86c36"}
[debug] &amp#27;[35m[WD Proxy]&amp#27;[39m Got response with status 200: {"sessionId":"9d117bc0-ede3-480d-8648-fff71bc808fe","value":null}
[debug] &amp#27;[35m[W3C (d98beac4)]&amp#27;[39m Responding to client with driver.click() result: null
&amp#27;[35m[HTTP]&amp#27;[39m &amp#27;[37m<-- POST /wd/hub/session/d98beac4-b08b-4895-8fb5-6afd1219fab9/element/3b48d112-a030-45a1-966b-18b5e1c86c36/click &amp#27;[39m&amp#27;[32m200&amp#27;[39m &amp#27;[90m3933 ms - 14&amp#27;[39m
&amp#27;[35m[HTTP]&amp#27;[39m &amp#27;[90m&amp#27;[39m
&amp#27;[35m[HTTP]&amp#27;[39m &amp#27;[37m-->&amp#27;[39m &amp#27;[37mGET&amp#27;[39m &amp#27;[37m/wd/hub/session/d98beac4-b08b-4895-8fb5-6afd1219fab9/context&amp#27;[39m
&amp#27;[35m[HTTP]&amp#27;[39m &amp#27;[90m{}&amp#27;[39m
[debug] &amp#27;[35m[W3C (d98beac4)]&amp#27;[39m Calling AppiumDriver.getCurrentContext() with args: ["d98beac4-b08b-4895-8fb5-6afd1219fab9"]
[debug] &amp#27;[35m[W3C (d98beac4)]&amp#27;[39m Responding to client with driver.getCurrentContext() result: "NATIVE_APP"
&amp#27;[35m[HTTP]&amp#27;[39m &amp#27;[37m<-- GET /wd/hub/session/d98beac4-b08b-4895-8fb5-6afd1219fab9/context &amp#27;[39m&amp#27;[32m200&amp#27;[39m &amp#27;[90m2 ms - 22&amp#27;[39m
&amp#27;[35m[HTTP]&amp#27;[39m &amp#27;[90m&amp#27;[39m
&amp#27;[35m[HTTP]&amp#27;[39m &amp#27;[37m-->&amp#27;[39m &amp#27;[37mPOST&amp#27;[39m &amp#27;[37m/wd/hub/session/d98beac4-b08b-4895-8fb5-6afd1219fab9/element&amp#27;[39m
&amp#27;[35m[HTTP]&amp#27;[39m &amp#27;[90m{"using":"-android uiautomator","value":"text(\"Continue\")"}&amp#27;[39m
[debug] &amp#27;[35m[W3C (d98beac4)]&amp#27;[39m Calling AppiumDriver.findElement() with args: ["-android uiautomator","text(\"Continue\")","d98beac4-b08b-4895-8fb5-6afd1219fab9"]
[debug] &amp#27;[35m[BaseDriver]&amp#27;[39m Valid locator strategies for this request: xpath, id, class name, accessibility id, -android uiautomator
[debug] &amp#27;[35m[BaseDriver]&amp#27;[39m Waiting up to 30000 ms for condition
[debug] &amp#27;[35m[WD Proxy]&amp#27;[39m Matched '/element' to command name 'findElement'
[debug] &amp#27;[35m[WD Proxy]&amp#27;[39m Proxying [POST /element] to [POST http://127.0.0.1:8200/wd/hub/session/9d117bc0-ede3-480d-8648-fff71bc808fe/element] with body: {"strategy":"-android uiautomator","selector":"text(\"Continue\")","context":"","multiple":false}
[debug] &amp#27;[35m[WD Proxy]&amp#27;[39m Got response with status 200: {"sessionId":"9d117bc0-ede3-480d-8648-fff71bc808fe","value":{"ELEMENT":"b4f114db-4a86-4586-b99d-0b9e1d8c98ed","element-6066-11e4-a52e-4f735466cecf":"b4f114db-4a86-4586-b99d-0b9e1d8c98ed"}}
[debug] &amp#27;[35m[W3C (d98beac4)]&amp#27;[39m Responding to client with driver.findElement() result: {"element-6066-11e4-a52e-4f735466cecf":"b4f114db-4a86-4586-b99d-0b9e1d8c98ed","ELEMENT":"b4f114db-4a86-4586-b99d-0b9e1d8c98ed"}
&amp#27;[35m[HTTP]&amp#27;[39m &amp#27;[37m<-- POST /wd/hub/session/d98beac4-b08b-4895-8fb5-6afd1219fab9/element &amp#27;[39m&amp#27;[32m200&amp#27;[39m &amp#27;[90m20 ms - 137&amp#27;[39m
&amp#27;[35m[HTTP]&amp#27;[39m &amp#27;[90m&amp#27;[39m
&amp#27;[35m[HTTP]&amp#27;[39m &amp#27;[37m-->&amp#27;[39m &amp#27;[37mPOST&amp#27;[39m &amp#27;[37m/wd/hub/session/d98beac4-b08b-4895-8fb5-6afd1219fab9/element/b4f114db-4a86-4586-b99d-0b9e1d8c98ed/click&amp#27;[39m
&amp#27;[35m[HTTP]&amp#27;[39m &amp#27;[90m{"id":"b4f114db-4a86-4586-b99d-0b9e1d8c98ed"}&amp#27;[39m
[debug] &amp#27;[35m[W3C (d98beac4)]&amp#27;[39m Calling AppiumDriver.click() with args: ["b4f114db-4a86-4586-b99d-0b9e1d8c98ed","d98beac4-b08b-4895-8fb5-6afd1219fab9"]
[debug] &amp#27;[35m[WD Proxy]&amp#27;[39m Matched '/element/b4f114db-4a86-4586-b99d-0b9e1d8c98ed/click' to command name 'click'
[debug] &amp#27;[35m[WD Proxy]&amp#27;[39m Proxying [POST /element/b4f114db-4a86-4586-b99d-0b9e1d8c98ed/click] to [POST http://127.0.0.1:8200/wd/hub/session/9d117bc0-ede3-480d-8648-fff71bc808fe/element/b4f114db-4a86-4586-b99d-0b9e1d8c98ed/click] with body: {"element":"b4f114db-4a86-4586-b99d-0b9e1d8c98ed"}
[debug] &amp#27;[35m[WD Proxy]&amp#27;[39m Got response with status 200: {"sessionId":"9d117bc0-ede3-480d-8648-fff71bc808fe","value":null}
[debug] &amp#27;[35m[W3C (d98beac4)]&amp#27;[39m Responding to client with driver.click() result: null
&amp#27;[35m[HTTP]&amp#27;[39m &amp#27;[37m<-- POST /wd/hub/session/d98beac4-b08b-4895-8fb5-6afd1219fab9/element/b4f114db-4a86-4586-b99d-0b9e1d8c98ed/click &amp#27;[39m&amp#27;[32m200&amp#27;[39m &amp#27;[90m3141 ms - 14&amp#27;[39m
&amp#27;[35m[HTTP]&amp#27;[39m &amp#27;[90m&amp#27;[39m
&amp#27;[35m[HTTP]&amp#27;[39m &amp#27;[37m-->&amp#27;[39m &amp#27;[37mGET&amp#27;[39m &amp#27;[37m/wd/hub/session/d98beac4-b08b-4895-8fb5-6afd1219fab9/context&amp#27;[39m
&amp#27;[35m[HTTP]&amp#27;[39m &amp#27;[90m{}&amp#27;[39m
[debug] &amp#27;[35m[W3C (d98beac4)]&amp#27;[39m Calling AppiumDriver.getCurrentContext() with args: ["d98beac4-b08b-4895-8fb5-6afd1219fab9"]
[debug] &amp#27;[35m[W3C (d98beac4)]&amp#27;[39m Responding to client with driver.getCurrentContext() result: "NATIVE_APP"
&amp#27;[35m[HTTP]&amp#27;[39m &amp#27;[37m<-- GET /wd/hub/session/d98beac4-b08b-4895-8fb5-6afd1219fab9/context &amp#27;[39m&amp#27;[32m200&amp#27;[39m &amp#27;[90m2 ms - 22&amp#27;[39m
&amp#27;[35m[HTTP]&amp#27;[39m &amp#27;[90m&amp#27;[39m
&amp#27;[35m[HTTP]&amp#27;[39m &amp#27;[37m-->&amp#27;[39m &amp#27;[37mPOST&amp#27;[39m &amp#27;[37m/wd/hub/session/d98beac4-b08b-4895-8fb5-6afd1219fab9/element&amp#27;[39m
&amp#27;[35m[HTTP]&amp#27;[39m &amp#27;[90m{"using":"-android uiautomator","value":"text(\"View All\")"}&amp#27;[39m
[debug] &amp#27;[35m[W3C (d98beac4)]&amp#27;[39m Calling AppiumDriver.findElement() with args: ["-android uiautomator","text(\"View All\")","d98beac4-b08b-4895-8fb5-6afd1219fab9"]
[debug] &amp#27;[35m[BaseDriver]&amp#27;[39m Valid locator strategies for this request: xpath, id, class name, accessibility id, -android uiautomator
[debug] &amp#27;[35m[BaseDriver]&amp#27;[39m Waiting up to 30000 ms for condition
[debug] &amp#27;[35m[WD Proxy]&amp#27;[39m Matched '/element' to command name 'findElement'
[debug] &amp#27;[35m[WD Proxy]&amp#27;[39m Proxying [POST /element] to [POST http://127.0.0.1:8200/wd/hub/session/9d117bc0-ede3-480d-8648-fff71bc808fe/element] with body: {"strategy":"-android uiautomator","selector":"text(\"View All\")","context":"","multiple":false}
[debug] &amp#27;[35m[WD Proxy]&amp#27;[39m Got response with status 200: {"sessionId":"9d117bc0-ede3-480d-8648-fff71bc808fe","value":{"ELEMENT":"36454069-0803-4c89-95cb-1ed7b3dab2df","element-6066-11e4-a52e-4f735466cecf":"36454069-0803-4c89-95cb-1ed7b3dab2df"}}
[debug] &amp#27;[35m[W3C (d98beac4)]&amp#27;[39m Responding to client with driver.findElement() result: {"element-6066-11e4-a52e-4f735466cecf":"36454069-0803-4c89-95cb-1ed7b3dab2df","ELEMENT":"36454069-0803-4c89-95cb-1ed7b3dab2df"}
&amp#27;[35m[HTTP]&amp#27;[39m &amp#27;[37m<-- POST /wd/hub/session/d98beac4-b08b-4895-8fb5-6afd1219fab9/element &amp#27;[39m&amp#27;[32m200&amp#27;[39m &amp#27;[90m23 ms - 137&amp#27;[39m
&amp#27;[35m[HTTP]&amp#27;[39m &amp#27;[90m&amp#27;[39m
&amp#27;[35m[HTTP]&amp#27;[39m &amp#27;[37m-->&amp#27;[39m &amp#27;[37mPOST&amp#27;[39m &amp#27;[37m/wd/hub/session/d98beac4-b08b-4895-8fb5-6afd1219fab9/element/36454069-0803-4c89-95cb-1ed7b3dab2df/click&amp#27;[39m
&amp#27;[35m[HTTP]&amp#27;[39m &amp#27;[90m{"id":"36454069-0803-4c89-95cb-1ed7b3dab2df"}&amp#27;[39m
[debug] &amp#27;[35m[W3C (d98beac4)]&amp#27;[39m Calling AppiumDriver.click() with args: ["36454069-0803-4c89-95cb-1ed7b3dab2df","d98beac4-b08b-4895-8fb5-6afd1219fab9"]
[debug] &amp#27;[35m[WD Proxy]&amp#27;[39m Matched '/element/36454069-0803-4c89-95cb-1ed7b3dab2df/click' to command name 'click'
[debug] &amp#27;[35m[WD Proxy]&amp#27;[39m Proxying [POST /element/36454069-0803-4c89-95cb-1ed7b3dab2df/click] to [POST http://127.0.0.1:8200/wd/hub/session/9d117bc0-ede3-480d-8648-fff71bc808fe/element/36454069-0803-4c89-95cb-1ed7b3dab2df/click] with body: {"element":"36454069-0803-4c89-95cb-1ed7b3dab2df"}
[debug] &amp#27;[35m[WD Proxy]&amp#27;[39m Got response with status 200: {"sessionId":"9d117bc0-ede3-480d-8648-fff71bc808fe","value":null}
[debug] &amp#27;[35m[W3C (d98beac4)]&amp#27;[39m Responding to client with driver.click() result: null
&amp#27;[35m[HTTP]&amp#27;[39m &amp#27;[37m<-- POST /wd/hub/session/d98beac4-b08b-4895-8fb5-6afd1219fab9/element/36454069-0803-4c89-95cb-1ed7b3dab2df/click &amp#27;[39m&amp#27;[32m200&amp#27;[39m &amp#27;[90m3140 ms - 14&amp#27;[39m
&amp#27;[35m[HTTP]&amp#27;[39m &amp#27;[90m&amp#27;[39m
&amp#27;[35m[HTTP]&amp#27;[39m &amp#27;[37m-->&amp#27;[39m &amp#27;[37mPOST&amp#27;[39m &amp#27;[37m/wd/hub/session/d98beac4-b08b-4895-8fb5-6afd1219fab9/appium/start_recording_screen&amp#27;[39m
&amp#27;[35m[HTTP]&amp#27;[39m &amp#27;[90m{"options":{"timeLimit":300,"videoSize":"1280x720"}}&amp#27;[39m
[debug] &amp#27;[35m[W3C (d98beac4)]&amp#27;[39m Calling AppiumDriver.startRecordingScreen() with args: [{"timeLimit":300,"videoSize":"1280x720"},"d98beac4-b08b-4895-8fb5-6afd1219fab9"]
[debug] &amp#27;[35m[ADB]&amp#27;[39m Getting IDs of all 'screenrecord' processes
[debug] &amp#27;[35m[ADB]&amp#27;[39m Running 'D:\TechSoftwares\AndroidSDK\platform-tools\adb.exe -P 5037 -s emulator-5554 shell pgrep -f screenrecord'
&amp#27;[35m[AndroidDriver]&amp#27;[39m Screen recording has not been previously started by Appium. There is nothing to stop
[debug] &amp#27;[35m[ADB]&amp#27;[39m Getting IDs of all 'screenrecord' processes
[debug] &amp#27;[35m[ADB]&amp#27;[39m Running 'D:\TechSoftwares\AndroidSDK\platform-tools\adb.exe -P 5037 -s emulator-5554 shell pgrep -f screenrecord'
[debug] &amp#27;[35m[ADB]&amp#27;[39m Building screenrecord process with the command line: adb -P 5037 -s emulator-5554 shell screenrecord --size 1280x720 --time-limit 180 /sdcard/df99cd15.mp4
[debug] &amp#27;[35m[ADB]&amp#27;[39m Running 'D:\TechSoftwares\AndroidSDK\platform-tools\adb.exe -P 5037 -s emulator-5554 shell "[ -e '/sdcard/df99cd15.mp4' ] && echo __PASS__"'
[debug] &amp#27;[35m[ADB]&amp#27;[39m Running 'D:\TechSoftwares\AndroidSDK\platform-tools\adb.exe -P 5037 -s emulator-5554 shell "[ -e '/sdcard/df99cd15.mp4' ] && echo __PASS__"'
[debug] &amp#27;[35m[W3C (d98beac4)]&amp#27;[39m Responding to client with driver.startRecordingScreen() result: ""
&amp#27;[35m[HTTP]&amp#27;[39m &amp#27;[37m<-- POST /wd/hub/session/d98beac4-b08b-4895-8fb5-6afd1219fab9/appium/start_recording_screen &amp#27;[39m&amp#27;[32m200&amp#27;[39m &amp#27;[90m591 ms - 12&amp#27;[39m
&amp#27;[35m[HTTP]&amp#27;[39m &amp#27;[90m&amp#27;[39m
&amp#27;[35m[HTTP]&amp#27;[39m &amp#27;[37m-->&amp#27;[39m &amp#27;[37mGET&amp#27;[39m &amp#27;[37m/wd/hub/session/d98beac4-b08b-4895-8fb5-6afd1219fab9/context&amp#27;[39m
&amp#27;[35m[HTTP]&amp#27;[39m &amp#27;[90m{}&amp#27;[39m
[debug] &amp#27;[35m[W3C (d98beac4)]&amp#27;[39m Calling AppiumDriver.getCurrentContext() with args: ["d98beac4-b08b-4895-8fb5-6afd1219fab9"]
[debug] &amp#27;[35m[W3C (d98beac4)]&amp#27;[39m Responding to client with driver.getCurrentContext() result: "NATIVE_APP"
&amp#27;[35m[HTTP]&amp#27;[39m &amp#27;[37m<-- GET /wd/hub/session/d98beac4-b08b-4895-8fb5-6afd1219fab9/context &amp#27;[39m&amp#27;[32m200&amp#27;[39m &amp#27;[90m1 ms - 22&amp#27;[39m
&amp#27;[35m[HTTP]&amp#27;[39m &amp#27;[90m&amp#27;[39m
&amp#27;[35m[HTTP]&amp#27;[39m &amp#27;[37m-->&amp#27;[39m &amp#27;[37mPOST&amp#27;[39m &amp#27;[37m/wd/hub/session/d98beac4-b08b-4895-8fb5-6afd1219fab9/element&amp#27;[39m
&amp#27;[35m[HTTP]&amp#27;[39m &amp#27;[90m{"using":"id","value":"com.colt.coltengineering:id/img_next"}&amp#27;[39m
[debug] &amp#27;[35m[W3C (d98beac4)]&amp#27;[39m Calling AppiumDriver.findElement() with args: ["id","com.colt.coltengineering:id/img_next","d98beac4-b08b-4895-8fb5-6afd1219fab9"]
[debug] &amp#27;[35m[BaseDriver]&amp#27;[39m Valid locator strategies for this request: xpath, id, class name, accessibility id, -android uiautomator
[debug] &amp#27;[35m[BaseDriver]&amp#27;[39m Waiting up to 30000 ms for condition
[debug] &amp#27;[35m[WD Proxy]&amp#27;[39m Matched '/element' to command name 'findElement'
[debug] &amp#27;[35m[WD Proxy]&amp#27;[39m Proxying [POST /element] to [POST http://127.0.0.1:8200/wd/hub/session/9d117bc0-ede3-480d-8648-fff71bc808fe/element] with body: {"strategy":"id","selector":"com.colt.coltengineering:id/img_next","context":"","multiple":false}
&amp#27;[35m[WD Proxy]&amp#27;[39m Got response with status 404: {"sessionId":"9d117bc0-ede3-480d-8648-fff71bc808fe","value":{"error":"no such element","message":"An element could not be located on the page using the given search parameters","stacktrace":"io.appium.uiautomator2.common.exceptions.ElementNotFoundException: An element could not be located on the page using the given search parameters\n\tat io.appium.uiautomator2.handler.FindElement.safeHandle(FindElement.java:73)\n\tat io.appium.uiautomator2.handler.request.SafeRequestHandler.handle(SafeRequestHandler.java:41)\n\tat io.appium.uiautomator2.server.AppiumServlet.handleRequest(AppiumServlet.java:253)\n\tat io.appium.uiautomator2.server.AppiumServlet.handleHttpRequest(AppiumServlet.java:247)\n\tat io.appium.uiautomator2.http.ServerHandler.channelRead(ServerHandler.java:68)\n\tat io.netty.channel.AbstractChannelHandlerContext.invokeChannelRead(AbstractChannelHandlerContext.java:366)\n\tat io.netty.channel.AbstractChannelHandlerContext.invokeChannelRead(AbstractChannelHandlerContext.java:352)\n\tat io.netty.chann...
[debug] &amp#27;[35m[W3C]&amp#27;[39m Matched W3C error code 'no such element' to NoSuchElementError
[debug] &amp#27;[35m[BaseDriver]&amp#27;[39m Waited for 265 ms so far
[debug] &amp#27;[35m[WD Proxy]&amp#27;[39m Matched '/element' to command name 'findElement'
[debug] &amp#27;[35m[WD Proxy]&amp#27;[39m Proxying [POST /element] to [POST http://127.0.0.1:8200/wd/hub/session/9d117bc0-ede3-480d-8648-fff71bc808fe/element] with body: {"strategy":"id","selector":"com.colt.coltengineering:id/img_next","context":"","multiple":false}
&amp#27;[35m[WD Proxy]&amp#27;[39m Got response with status 404: {"sessionId":"9d117bc0-ede3-480d-8648-fff71bc808fe","value":{"error":"no such element","message":"An element could not be located on the page using the given search parameters","stacktrace":"io.appium.uiautomator2.common.exceptions.ElementNotFoundException: An element could not be located on the page using the given search parameters\n\tat io.appium.uiautomator2.handler.FindElement.safeHandle(FindElement.java:73)\n\tat io.appium.uiautomator2.handler.request.SafeRequestHandler.handle(SafeRequestHandler.java:41)\n\tat io.appium.uiautomator2.server.AppiumServlet.handleRequest(AppiumServlet.java:253)\n\tat io.appium.uiautomator2.server.AppiumServlet.handleHttpRequest(AppiumServlet.java:247)\n\tat io.appium.uiautomator2.http.ServerHandler.channelRead(ServerHandler.java:68)\n\tat io.netty.channel.AbstractChannelHandlerContext.invokeChannelRead(AbstractChannelHandlerContext.java:366)\n\tat io.netty.channel.AbstractChannelHandlerContext.invokeChannelRead(AbstractChannelHandlerContext.java:352)\n\tat io.netty.chann...
[debug] &amp#27;[35m[W3C]&amp#27;[39m Matched W3C error code 'no such element' to NoSuchElementError
[debug] &amp#27;[35m[BaseDriver]&amp#27;[39m Waited for 809 ms so far
[debug] &amp#27;[35m[WD Proxy]&amp#27;[39m Matched '/element' to command name 'findElement'
[debug] &amp#27;[35m[WD Proxy]&amp#27;[39m Proxying [POST /element] to [POST http://127.0.0.1:8200/wd/hub/session/9d117bc0-ede3-480d-8648-fff71bc808fe/element] with body: {"strategy":"id","selector":"com.colt.coltengineering:id/img_next","context":"","multiple":false}
&amp#27;[35m[WD Proxy]&amp#27;[39m Got response with status 404: {"sessionId":"9d117bc0-ede3-480d-8648-fff71bc808fe","value":{"error":"no such element","message":"An element could not be located on the page using the given search parameters","stacktrace":"io.appium.uiautomator2.common.exceptions.ElementNotFoundException: An element could not be located on the page using the given search parameters\n\tat io.appium.uiautomator2.handler.FindElement.safeHandle(FindElement.java:73)\n\tat io.appium.uiautomator2.handler.request.SafeRequestHandler.handle(SafeRequestHandler.java:41)\n\tat io.appium.uiautomator2.server.AppiumServlet.handleRequest(AppiumServlet.java:253)\n\tat io.appium.uiautomator2.server.AppiumServlet.handleHttpRequest(AppiumServlet.java:247)\n\tat io.appium.uiautomator2.http.ServerHandler.channelRead(ServerHandler.java:68)\n\tat io.netty.channel.AbstractChannelHandlerContext.invokeChannelRead(AbstractChannelHandlerContext.java:366)\n\tat io.netty.channel.AbstractChannelHandlerContext.invokeChannelRead(AbstractChannelHandlerContext.java:352)\n\tat io.netty.chann...
[debug] &amp#27;[35m[W3C]&amp#27;[39m Matched W3C error code 'no such element' to NoSuchElementError
[debug] &amp#27;[35m[BaseDriver]&amp#27;[39m Waited for 1341 ms so far
[debug] &amp#27;[35m[WD Proxy]&amp#27;[39m Matched '/element' to command name 'findElement'
[debug] &amp#27;[35m[WD Proxy]&amp#27;[39m Proxying [POST /element] to [POST http://127.0.0.1:8200/wd/hub/session/9d117bc0-ede3-480d-8648-fff71bc808fe/element] with body: {"strategy":"id","selector":"com.colt.coltengineering:id/img_next","context":"","multiple":false}
&amp#27;[35m[WD Proxy]&amp#27;[39m Got response with status 404: {"sessionId":"9d117bc0-ede3-480d-8648-fff71bc808fe","value":{"error":"no such element","message":"An element could not be located on the page using the given search parameters","stacktrace":"io.appium.uiautomator2.common.exceptions.ElementNotFoundException: An element could not be located on the page using the given search parameters\n\tat io.appium.uiautomator2.handler.FindElement.safeHandle(FindElement.java:73)\n\tat io.appium.uiautomator2.handler.request.SafeRequestHandler.handle(SafeRequestHandler.java:41)\n\tat io.appium.uiautomator2.server.AppiumServlet.handleRequest(AppiumServlet.java:253)\n\tat io.appium.uiautomator2.server.AppiumServlet.handleHttpRequest(AppiumServlet.java:247)\n\tat io.appium.uiautomator2.http.ServerHandler.channelRead(ServerHandler.java:68)\n\tat io.netty.channel.AbstractChannelHandlerContext.invokeChannelRead(AbstractChannelHandlerContext.java:366)\n\tat io.netty.channel.AbstractChannelHandlerContext.invokeChannelRead(AbstractChannelHandlerContext.java:352)\n\tat io.netty.chann...
[debug] &amp#27;[35m[W3C]&amp#27;[39m Matched W3C error code 'no such element' to NoSuchElementError
[debug] &amp#27;[35m[BaseDriver]&amp#27;[39m Waited for 1873 ms so far
[debug] &amp#27;[35m[WD Proxy]&amp#27;[39m Matched '/element' to command name 'findElement'
[debug] &amp#27;[35m[WD Proxy]&amp#27;[39m Proxying [POST /element] to [POST http://127.0.0.1:8200/wd/hub/session/9d117bc0-ede3-480d-8648-fff71bc808fe/element] with body: {"strategy":"id","selector":"com.colt.coltengineering:id/img_next","context":"","multiple":false}
&amp#27;[35m[WD Proxy]&amp#27;[39m Got response with status 404: {"sessionId":"9d117bc0-ede3-480d-8648-fff71bc808fe","value":{"error":"no such element","message":"An element could not be located on the page using the given search parameters","stacktrace":"io.appium.uiautomator2.common.exceptions.ElementNotFoundException: An element could not be located on the page using the given search parameters\n\tat io.appium.uiautomator2.handler.FindElement.safeHandle(FindElement.java:73)\n\tat io.appium.uiautomator2.handler.request.SafeRequestHandler.handle(SafeRequestHandler.java:41)\n\tat io.appium.uiautomator2.server.AppiumServlet.handleRequest(AppiumServlet.java:253)\n\tat io.appium.uiautomator2.server.AppiumServlet.handleHttpRequest(AppiumServlet.java:247)\n\tat io.appium.uiautomator2.http.ServerHandler.channelRead(ServerHandler.java:68)\n\tat io.netty.channel.AbstractChannelHandlerContext.invokeChannelRead(AbstractChannelHandlerContext.java:366)\n\tat io.netty.channel.AbstractChannelHandlerContext.invokeChannelRead(AbstractChannelHandlerContext.java:352)\n\tat io.netty.chann...
[debug] &amp#27;[35m[W3C]&amp#27;[39m Matched W3C error code 'no such element' to NoSuchElementError
[debug] &amp#27;[35m[BaseDriver]&amp#27;[39m Waited for 2411 ms so far
[debug] &amp#27;[35m[WD Proxy]&amp#27;[39m Matched '/element' to command name 'findElement'
[debug] &amp#27;[35m[WD Proxy]&amp#27;[39m Proxying [POST /element] to [POST http://127.0.0.1:8200/wd/hub/session/9d117bc0-ede3-480d-8648-fff71bc808fe/element] with body: {"strategy":"id","selector":"com.colt.coltengineering:id/img_next","context":"","multiple":false}
&amp#27;[35m[WD Proxy]&amp#27;[39m Got response with status 404: {"sessionId":"9d117bc0-ede3-480d-8648-fff71bc808fe","value":{"error":"no such element","message":"An element could not be located on the page using the given search parameters","stacktrace":"io.appium.uiautomator2.common.exceptions.ElementNotFoundException: An element could not be located on the page using the given search parameters\n\tat io.appium.uiautomator2.handler.FindElement.safeHandle(FindElement.java:73)\n\tat io.appium.uiautomator2.handler.request.SafeRequestHandler.handle(SafeRequestHandler.java:41)\n\tat io.appium.uiautomator2.server.AppiumServlet.handleRequest(AppiumServlet.java:253)\n\tat io.appium.uiautomator2.server.AppiumServlet.handleHttpRequest(AppiumServlet.java:247)\n\tat io.appium.uiautomator2.http.ServerHandler.channelRead(ServerHandler.java:68)\n\tat io.netty.channel.AbstractChannelHandlerContext.invokeChannelRead(AbstractChannelHandlerContext.java:366)\n\tat io.netty.channel.AbstractChannelHandlerContext.invokeChannelRead(AbstractChannelHandlerContext.java:352)\n\tat io.netty.chann...
[debug] &amp#27;[35m[W3C]&amp#27;[39m Matched W3C error code 'no such element' to NoSuchElementError
[debug] &amp#27;[35m[BaseDriver]&amp#27;[39m Waited for 2963 ms so far
[debug] &amp#27;[35m[WD Proxy]&amp#27;[39m Matched '/element' to command name 'findElement'
[debug] &amp#27;[35m[WD Proxy]&amp#27;[39m Proxying [POST /element] to [POST http://127.0.0.1:8200/wd/hub/session/9d117bc0-ede3-480d-8648-fff71bc808fe/element] with body: {"strategy":"id","selector":"com.colt.coltengineering:id/img_next","context":"","multiple":false}
&amp#27;[35m[WD Proxy]&amp#27;[39m Got response with status 404: {"sessionId":"9d117bc0-ede3-480d-8648-fff71bc808fe","value":{"error":"no such element","message":"An element could not be located on the page using the given search parameters","stacktrace":"io.appium.uiautomator2.common.exceptions.ElementNotFoundException: An element could not be located on the page using the given search parameters\n\tat io.appium.uiautomator2.handler.FindElement.safeHandle(FindElement.java:73)\n\tat io.appium.uiautomator2.handler.request.SafeRequestHandler.handle(SafeRequestHandler.java:41)\n\tat io.appium.uiautomator2.server.AppiumServlet.handleRequest(AppiumServlet.java:253)\n\tat io.appium.uiautomator2.server.AppiumServlet.handleHttpRequest(AppiumServlet.java:247)\n\tat io.appium.uiautomator2.http.ServerHandler.channelRead(ServerHandler.java:68)\n\tat io.netty.channel.AbstractChannelHandlerContext.invokeChannelRead(AbstractChannelHandlerContext.java:366)\n\tat io.netty.channel.AbstractChannelHandlerContext.invokeChannelRead(AbstractChannelHandlerContext.java:352)\n\tat io.netty.chann...
[debug] &amp#27;[35m[W3C]&amp#27;[39m Matched W3C error code 'no such element' to NoSuchElementError
[debug] &amp#27;[35m[BaseDriver]&amp#27;[39m Waited for 3494 ms so far
[debug] &amp#27;[35m[WD Proxy]&amp#27;[39m Matched '/element' to command name 'findElement'
[debug] &amp#27;[35m[WD Proxy]&amp#27;[39m Proxying [POST /element] to [POST http://127.0.0.1:8200/wd/hub/session/9d117bc0-ede3-480d-8648-fff71bc808fe/element] with body: {"strategy":"id","selector":"com.colt.coltengineering:id/img_next","context":"","multiple":false}
&amp#27;[35m[WD Proxy]&amp#27;[39m Got response with status 404: {"sessionId":"9d117bc0-ede3-480d-8648-fff71bc808fe","value":{"error":"no such element","message":"An element could not be located on the page using the given search parameters","stacktrace":"io.appium.uiautomator2.common.exceptions.ElementNotFoundException: An element could not be located on the page using the given search parameters\n\tat io.appium.uiautomator2.handler.FindElement.safeHandle(FindElement.java:73)\n\tat io.appium.uiautomator2.handler.request.SafeRequestHandler.handle(SafeRequestHandler.java:41)\n\tat io.appium.uiautomator2.server.AppiumServlet.handleRequest(AppiumServlet.java:253)\n\tat io.appium.uiautomator2.server.AppiumServlet.handleHttpRequest(AppiumServlet.java:247)\n\tat io.appium.uiautomator2.http.ServerHandler.channelRead(ServerHandler.java:68)\n\tat io.netty.channel.AbstractChannelHandlerContext.invokeChannelRead(AbstractChannelHandlerContext.java:366)\n\tat io.netty.channel.AbstractChannelHandlerContext.invokeChannelRead(AbstractChannelHandlerContext.java:352)\n\tat io.netty.chann...
[debug] &amp#27;[35m[W3C]&amp#27;[39m Matched W3C error code 'no such element' to NoSuchElementError
[debug] &amp#27;[35m[BaseDriver]&amp#27;[39m Waited for 4031 ms so far
[debug] &amp#27;[35m[WD Proxy]&amp#27;[39m Matched '/element' to command name 'findElement'
[debug] &amp#27;[35m[WD Proxy]&amp#27;[39m Proxying [POST /element] to [POST http://127.0.0.1:8200/wd/hub/session/9d117bc0-ede3-480d-8648-fff71bc808fe/element] with body: {"strategy":"id","selector":"com.colt.coltengineering:id/img_next","context":"","multiple":false}
&amp#27;[35m[WD Proxy]&amp#27;[39m Got response with status 404: {"sessionId":"9d117bc0-ede3-480d-8648-fff71bc808fe","value":{"error":"no such element","message":"An element could not be located on the page using the given search parameters","stacktrace":"io.appium.uiautomator2.common.exceptions.ElementNotFoundException: An element could not be located on the page using the given search parameters\n\tat io.appium.uiautomator2.handler.FindElement.safeHandle(FindElement.java:73)\n\tat io.appium.uiautomator2.handler.request.SafeRequestHandler.handle(SafeRequestHandler.java:41)\n\tat io.appium.uiautomator2.server.AppiumServlet.handleRequest(AppiumServlet.java:253)\n\tat io.appium.uiautomator2.server.AppiumServlet.handleHttpRequest(AppiumServlet.java:247)\n\tat io.appium.uiautomator2.http.ServerHandler.channelRead(ServerHandler.java:68)\n\tat io.netty.channel.AbstractChannelHandlerContext.invokeChannelRead(AbstractChannelHandlerContext.java:366)\n\tat io.netty.channel.AbstractChannelHandlerContext.invokeChannelRead(AbstractChannelHandlerContext.java:352)\n\tat io.netty.chann...
[debug] &amp#27;[35m[W3C]&amp#27;[39m Matched W3C error code 'no such element' to NoSuchElementError
[debug] &amp#27;[35m[BaseDriver]&amp#27;[39m Waited for 4567 ms so far
[debug] &amp#27;[35m[WD Proxy]&amp#27;[39m Matched '/element' to command name 'findElement'
[debug] &amp#27;[35m[WD Proxy]&amp#27;[39m Proxying [POST /element] to [POST http://127.0.0.1:8200/wd/hub/session/9d117bc0-ede3-480d-8648-fff71bc808fe/element] with body: {"strategy":"id","selector":"com.colt.coltengineering:id/img_next","context":"","multiple":false}
&amp#27;[35m[WD Proxy]&amp#27;[39m Got response with status 404: {"sessionId":"9d117bc0-ede3-480d-8648-fff71bc808fe","value":{"error":"no such element","message":"An element could not be located on the page using the given search parameters","stacktrace":"io.appium.uiautomator2.common.exceptions.ElementNotFoundException: An element could not be located on the page using the given search parameters\n\tat io.appium.uiautomator2.handler.FindElement.safeHandle(FindElement.java:73)\n\tat io.appium.uiautomator2.handler.request.SafeRequestHandler.handle(SafeRequestHandler.java:41)\n\tat io.appium.uiautomator2.server.AppiumServlet.handleRequest(AppiumServlet.java:253)\n\tat io.appium.uiautomator2.server.AppiumServlet.handleHttpRequest(AppiumServlet.java:247)\n\tat io.appium.uiautomator2.http.ServerHandler.channelRead(ServerHandler.java:68)\n\tat io.netty.channel.AbstractChannelHandlerContext.invokeChannelRead(AbstractChannelHandlerContext.java:366)\n\tat io.netty.channel.AbstractChannelHandlerContext.invokeChannelRead(AbstractChannelHandlerContext.java:352)\n\tat io.netty.chann...
[debug] &amp#27;[35m[W3C]&amp#27;[39m Matched W3C error code 'no such element' to NoSuchElementError
[debug] &amp#27;[35m[BaseDriver]&amp#27;[39m Waited for 5108 ms so far
[debug] &amp#27;[35m[WD Proxy]&amp#27;[39m Matched '/element' to command name 'findElement'
[debug] &amp#27;[35m[WD Proxy]&amp#27;[39m Proxying [POST /element] to [POST http://127.0.0.1:8200/wd/hub/session/9d117bc0-ede3-480d-8648-fff71bc808fe/element] with body: {"strategy":"id","selector":"com.colt.coltengineering:id/img_next","context":"","multiple":false}
&amp#27;[35m[WD Proxy]&amp#27;[39m Got response with status 404: {"sessionId":"9d117bc0-ede3-480d-8648-fff71bc808fe","value":{"error":"no such element","message":"An element could not be located on the page using the given search parameters","stacktrace":"io.appium.uiautomator2.common.exceptions.ElementNotFoundException: An element could not be located on the page using the given search parameters\n\tat io.appium.uiautomator2.handler.FindElement.safeHandle(FindElement.java:73)\n\tat io.appium.uiautomator2.handler.request.SafeRequestHandler.handle(SafeRequestHandler.java:41)\n\tat io.appium.uiautomator2.server.AppiumServlet.handleRequest(AppiumServlet.java:253)\n\tat io.appium.uiautomator2.server.AppiumServlet.handleHttpRequest(AppiumServlet.java:247)\n\tat io.appium.uiautomator2.http.ServerHandler.channelRead(ServerHandler.java:68)\n\tat io.netty.channel.AbstractChannelHandlerContext.invokeChannelRead(AbstractChannelHandlerContext.java:366)\n\tat io.netty.channel.AbstractChannelHandlerContext.invokeChannelRead(AbstractChannelHandlerContext.java:352)\n\tat io.netty.chann...
[debug] &amp#27;[35m[W3C]&amp#27;[39m Matched W3C error code 'no such element' to NoSuchElementError
[debug] &amp#27;[35m[BaseDriver]&amp#27;[39m Waited for 5637 ms so far
[debug] &amp#27;[35m[WD Proxy]&amp#27;[39m Matched '/element' to command name 'findElement'
[debug] &amp#27;[35m[WD Proxy]&amp#27;[39m Proxying [POST /element] to [POST http://127.0.0.1:8200/wd/hub/session/9d117bc0-ede3-480d-8648-fff71bc808fe/element] with body: {"strategy":"id","selector":"com.colt.coltengineering:id/img_next","context":"","multiple":false}
&amp#27;[35m[WD Proxy]&amp#27;[39m Got response with status 404: {"sessionId":"9d117bc0-ede3-480d-8648-fff71bc808fe","value":{"error":"no such element","message":"An element could not be located on the page using the given search parameters","stacktrace":"io.appium.uiautomator2.common.exceptions.ElementNotFoundException: An element could not be located on the page using the given search parameters\n\tat io.appium.uiautomator2.handler.FindElement.safeHandle(FindElement.java:73)\n\tat io.appium.uiautomator2.handler.request.SafeRequestHandler.handle(SafeRequestHandler.java:41)\n\tat io.appium.uiautomator2.server.AppiumServlet.handleRequest(AppiumServlet.java:253)\n\tat io.appium.uiautomator2.server.AppiumServlet.handleHttpRequest(AppiumServlet.java:247)\n\tat io.appium.uiautomator2.http.ServerHandler.channelRead(ServerHandler.java:68)\n\tat io.netty.channel.AbstractChannelHandlerContext.invokeChannelRead(AbstractChannelHandlerContext.java:366)\n\tat io.netty.channel.AbstractChannelHandlerContext.invokeChannelRead(AbstractChannelHandlerContext.java:352)\n\tat io.netty.chann...
[debug] &amp#27;[35m[W3C]&amp#27;[39m Matched W3C error code 'no such element' to NoSuchElementError
[debug] &amp#27;[35m[BaseDriver]&amp#27;[39m Waited for 6177 ms so far
[debug] &amp#27;[35m[WD Proxy]&amp#27;[39m Matched '/element' to command name 'findElement'
[debug] &amp#27;[35m[WD Proxy]&amp#27;[39m Proxying [POST /element] to [POST http://127.0.0.1:8200/wd/hub/session/9d117bc0-ede3-480d-8648-fff71bc808fe/element] with body: {"strategy":"id","selector":"com.colt.coltengineering:id/img_next","context":"","multiple":false}
&amp#27;[35m[WD Proxy]&amp#27;[39m Got response with status 404: {"sessionId":"9d117bc0-ede3-480d-8648-fff71bc808fe","value":{"error":"no such element","message":"An element could not be located on the page using the given search parameters","stacktrace":"io.appium.uiautomator2.common.exceptions.ElementNotFoundException: An element could not be located on the page using the given search parameters\n\tat io.appium.uiautomator2.handler.FindElement.safeHandle(FindElement.java:73)\n\tat io.appium.uiautomator2.handler.request.SafeRequestHandler.handle(SafeRequestHandler.java:41)\n\tat io.appium.uiautomator2.server.AppiumServlet.handleRequest(AppiumServlet.java:253)\n\tat io.appium.uiautomator2.server.AppiumServlet.handleHttpRequest(AppiumServlet.java:247)\n\tat io.appium.uiautomator2.http.ServerHandler.channelRead(ServerHandler.java:68)\n\tat io.netty.channel.AbstractChannelHandlerContext.invokeChannelRead(AbstractChannelHandlerContext.java:366)\n\tat io.netty.channel.AbstractChannelHandlerContext.invokeChannelRead(AbstractChannelHandlerContext.java:352)\n\tat io.netty.chann...
[debug] &amp#27;[35m[W3C]&amp#27;[39m Matched W3C error code 'no such element' to NoSuchElementError
[debug] &amp#27;[35m[BaseDriver]&amp#27;[39m Waited for 6716 ms so far
[debug] &amp#27;[35m[WD Proxy]&amp#27;[39m Matched '/element' to command name 'findElement'
[debug] &amp#27;[35m[WD Proxy]&amp#27;[39m Proxying [POST /element] to [POST http://127.0.0.1:8200/wd/hub/session/9d117bc0-ede3-480d-8648-fff71bc808fe/element] with body: {"strategy":"id","selector":"com.colt.coltengineering:id/img_next","context":"","multiple":false}
&amp#27;[35m[WD Proxy]&amp#27;[39m Got response with status 404: {"sessionId":"9d117bc0-ede3-480d-8648-fff71bc808fe","value":{"error":"no such element","message":"An element could not be located on the page using the given search parameters","stacktrace":"io.appium.uiautomator2.common.exceptions.ElementNotFoundException: An element could not be located on the page using the given search parameters\n\tat io.appium.uiautomator2.handler.FindElement.safeHandle(FindElement.java:73)\n\tat io.appium.uiautomator2.handler.request.SafeRequestHandler.handle(SafeRequestHandler.java:41)\n\tat io.appium.uiautomator2.server.AppiumServlet.handleRequest(AppiumServlet.java:253)\n\tat io.appium.uiautomator2.server.AppiumServlet.handleHttpRequest(AppiumServlet.java:247)\n\tat io.appium.uiautomator2.http.ServerHandler.channelRead(ServerHandler.java:68)\n\tat io.netty.channel.AbstractChannelHandlerContext.invokeChannelRead(AbstractChannelHandlerContext.java:366)\n\tat io.netty.channel.AbstractChannelHandlerContext.invokeChannelRead(AbstractChannelHandlerContext.java:352)\n\tat io.netty.chann...
[debug] &amp#27;[35m[W3C]&amp#27;[39m Matched W3C error code 'no such element' to NoSuchElementError
[debug] &amp#27;[35m[BaseDriver]&amp#27;[39m Waited for 7257 ms so far
[debug] &amp#27;[35m[WD Proxy]&amp#27;[39m Matched '/element' to command name 'findElement'
[debug] &amp#27;[35m[WD Proxy]&amp#27;[39m Proxying [POST /element] to [POST http://127.0.0.1:8200/wd/hub/session/9d117bc0-ede3-480d-8648-fff71bc808fe/element] with body: {"strategy":"id","selector":"com.colt.coltengineering:id/img_next","context":"","multiple":false}
&amp#27;[35m[WD Proxy]&amp#27;[39m Got response with status 404: {"sessionId":"9d117bc0-ede3-480d-8648-fff71bc808fe","value":{"error":"no such element","message":"An element could not be located on the page using the given search parameters","stacktrace":"io.appium.uiautomator2.common.exceptions.ElementNotFoundException: An element could not be located on the page using the given search parameters\n\tat io.appium.uiautomator2.handler.FindElement.safeHandle(FindElement.java:73)\n\tat io.appium.uiautomator2.handler.request.SafeRequestHandler.handle(SafeRequestHandler.java:41)\n\tat io.appium.uiautomator2.server.AppiumServlet.handleRequest(AppiumServlet.java:253)\n\tat io.appium.uiautomator2.server.AppiumServlet.handleHttpRequest(AppiumServlet.java:247)\n\tat io.appium.uiautomator2.http.ServerHandler.channelRead(ServerHandler.java:68)\n\tat io.netty.channel.AbstractChannelHandlerContext.invokeChannelRead(AbstractChannelHandlerContext.java:366)\n\tat io.netty.channel.AbstractChannelHandlerContext.invokeChannelRead(AbstractChannelHandlerContext.java:352)\n\tat io.netty.chann...
[debug] &amp#27;[35m[W3C]&amp#27;[39m Matched W3C error code 'no such element' to NoSuchElementError
[debug] &amp#27;[35m[BaseDriver]&amp#27;[39m Waited for 7784 ms so far
[debug] &amp#27;[35m[WD Proxy]&amp#27;[39m Matched '/element' to command name 'findElement'
[debug] &amp#27;[35m[WD Proxy]&amp#27;[39m Proxying [POST /element] to [POST http://127.0.0.1:8200/wd/hub/session/9d117bc0-ede3-480d-8648-fff71bc808fe/element] with body: {"strategy":"id","selector":"com.colt.coltengineering:id/img_next","context":"","multiple":false}
&amp#27;[35m[WD Proxy]&amp#27;[39m Got response with status 404: {"sessionId":"9d117bc0-ede3-480d-8648-fff71bc808fe","value":{"error":"no such element","message":"An element could not be located on the page using the given search parameters","stacktrace":"io.appium.uiautomator2.common.exceptions.ElementNotFoundException: An element could not be located on the page using the given search parameters\n\tat io.appium.uiautomator2.handler.FindElement.safeHandle(FindElement.java:73)\n\tat io.appium.uiautomator2.handler.request.SafeRequestHandler.handle(SafeRequestHandler.java:41)\n\tat io.appium.uiautomator2.server.AppiumServlet.handleRequest(AppiumServlet.java:253)\n\tat io.appium.uiautomator2.server.AppiumServlet.handleHttpRequest(AppiumServlet.java:247)\n\tat io.appium.uiautomator2.http.ServerHandler.channelRead(ServerHandler.java:68)\n\tat io.netty.channel.AbstractChannelHandlerContext.invokeChannelRead(AbstractChannelHandlerContext.java:366)\n\tat io.netty.channel.AbstractChannelHandlerContext.invokeChannelRead(AbstractChannelHandlerContext.java:352)\n\tat io.netty.chann...
[debug] &amp#27;[35m[W3C]&amp#27;[39m Matched W3C error code 'no such element' to NoSuchElementError
[debug] &amp#27;[35m[BaseDriver]&amp#27;[39m Waited for 8315 ms so far
[debug] &amp#27;[35m[WD Proxy]&amp#27;[39m Matched '/element' to command name 'findElement'
[debug] &amp#27;[35m[WD Proxy]&amp#27;[39m Proxying [POST /element] to [POST http://127.0.0.1:8200/wd/hub/session/9d117bc0-ede3-480d-8648-fff71bc808fe/element] with body: {"strategy":"id","selector":"com.colt.coltengineering:id/img_next","context":"","multiple":false}
&amp#27;[35m[WD Proxy]&amp#27;[39m Got response with status 404: {"sessionId":"9d117bc0-ede3-480d-8648-fff71bc808fe","value":{"error":"no such element","message":"An element could not be located on the page using the given search parameters","stacktrace":"io.appium.uiautomator2.common.exceptions.ElementNotFoundException: An element could not be located on the page using the given search parameters\n\tat io.appium.uiautomator2.handler.FindElement.safeHandle(FindElement.java:73)\n\tat io.appium.uiautomator2.handler.request.SafeRequestHandler.handle(SafeRequestHandler.java:41)\n\tat io.appium.uiautomator2.server.AppiumServlet.handleRequest(AppiumServlet.java:253)\n\tat io.appium.uiautomator2.server.AppiumServlet.handleHttpRequest(AppiumServlet.java:247)\n\tat io.appium.uiautomator2.http.ServerHandler.channelRead(ServerHandler.java:68)\n\tat io.netty.channel.AbstractChannelHandlerContext.invokeChannelRead(AbstractChannelHandlerContext.java:366)\n\tat io.netty.channel.AbstractChannelHandlerContext.invokeChannelRead(AbstractChannelHandlerContext.java:352)\n\tat io.netty.chann...
[debug] &amp#27;[35m[W3C]&amp#27;[39m Matched W3C error code 'no such element' to NoSuchElementError
[debug] &amp#27;[35m[BaseDriver]&amp#27;[39m Waited for 8836 ms so far
[debug] &amp#27;[35m[WD Proxy]&amp#27;[39m Matched '/element' to command name 'findElement'
[debug] &amp#27;[35m[WD Proxy]&amp#27;[39m Proxying [POST /element] to [POST http://127.0.0.1:8200/wd/hub/session/9d117bc0-ede3-480d-8648-fff71bc808fe/element] with body: {"strategy":"id","selector":"com.colt.coltengineering:id/img_next","context":"","multiple":false}
&amp#27;[35m[WD Proxy]&amp#27;[39m Got response with status 404: {"sessionId":"9d117bc0-ede3-480d-8648-fff71bc808fe","value":{"error":"no such element","message":"An element could not be located on the page using the given search parameters","stacktrace":"io.appium.uiautomator2.common.exceptions.ElementNotFoundException: An element could not be located on the page using the given search parameters\n\tat io.appium.uiautomator2.handler.FindElement.safeHandle(FindElement.java:73)\n\tat io.appium.uiautomator2.handler.request.SafeRequestHandler.handle(SafeRequestHandler.java:41)\n\tat io.appium.uiautomator2.server.AppiumServlet.handleRequest(AppiumServlet.java:253)\n\tat io.appium.uiautomator2.server.AppiumServlet.handleHttpRequest(AppiumServlet.java:247)\n\tat io.appium.uiautomator2.http.ServerHandler.channelRead(ServerHandler.java:68)\n\tat io.netty.channel.AbstractChannelHandlerContext.invokeChannelRead(AbstractChannelHandlerContext.java:366)\n\tat io.netty.channel.AbstractChannelHandlerContext.invokeChannelRead(AbstractChannelHandlerContext.java:352)\n\tat io.netty.chann...
[debug] &amp#27;[35m[W3C]&amp#27;[39m Matched W3C error code 'no such element' to NoSuchElementError
[debug] &amp#27;[35m[BaseDriver]&amp#27;[39m Waited for 9377 ms so far
[debug] &amp#27;[35m[WD Proxy]&amp#27;[39m Matched '/element' to command name 'findElement'
[debug] &amp#27;[35m[WD Proxy]&amp#27;[39m Proxying [POST /element] to [POST http://127.0.0.1:8200/wd/hub/session/9d117bc0-ede3-480d-8648-fff71bc808fe/element] with body: {"strategy":"id","selector":"com.colt.coltengineering:id/img_next","context":"","multiple":false}
&amp#27;[35m[WD Proxy]&amp#27;[39m Got response with status 404: {"sessionId":"9d117bc0-ede3-480d-8648-fff71bc808fe","value":{"error":"no such element","message":"An element could not be located on the page using the given search parameters","stacktrace":"io.appium.uiautomator2.common.exceptions.ElementNotFoundException: An element could not be located on the page using the given search parameters\n\tat io.appium.uiautomator2.handler.FindElement.safeHandle(FindElement.java:73)\n\tat io.appium.uiautomator2.handler.request.SafeRequestHandler.handle(SafeRequestHandler.java:41)\n\tat io.appium.uiautomator2.server.AppiumServlet.handleRequest(AppiumServlet.java:253)\n\tat io.appium.uiautomator2.server.AppiumServlet.handleHttpRequest(AppiumServlet.java:247)\n\tat io.appium.uiautomator2.http.ServerHandler.channelRead(ServerHandler.java:68)\n\tat io.netty.channel.AbstractChannelHandlerContext.invokeChannelRead(AbstractChannelHandlerContext.java:366)\n\tat io.netty.channel.AbstractChannelHandlerContext.invokeChannelRead(AbstractChannelHandlerContext.java:352)\n\tat io.netty.chann...
[debug] &amp#27;[35m[W3C]&amp#27;[39m Matched W3C error code 'no such element' to NoSuchElementError
[debug] &amp#27;[35m[BaseDriver]&amp#27;[39m Waited for 9901 ms so far
[debug] &amp#27;[35m[WD Proxy]&amp#27;[39m Matched '/element' to command name 'findElement'
[debug] &amp#27;[35m[WD Proxy]&amp#27;[39m Proxying [POST /element] to [POST http://127.0.0.1:8200/wd/hub/session/9d117bc0-ede3-480d-8648-fff71bc808fe/element] with body: {"strategy":"id","selector":"com.colt.coltengineering:id/img_next","context":"","multiple":false}
&amp#27;[35m[WD Proxy]&amp#27;[39m Got response with status 404: {"sessionId":"9d117bc0-ede3-480d-8648-fff71bc808fe","value":{"error":"no such element","message":"An element could not be located on the page using the given search parameters","stacktrace":"io.appium.uiautomator2.common.exceptions.ElementNotFoundException: An element could not be located on the page using the given search parameters\n\tat io.appium.uiautomator2.handler.FindElement.safeHandle(FindElement.java:73)\n\tat io.appium.uiautomator2.handler.request.SafeRequestHandler.handle(SafeRequestHandler.java:41)\n\tat io.appium.uiautomator2.server.AppiumServlet.handleRequest(AppiumServlet.java:253)\n\tat io.appium.uiautomator2.server.AppiumServlet.handleHttpRequest(AppiumServlet.java:247)\n\tat io.appium.uiautomator2.http.ServerHandler.channelRead(ServerHandler.java:68)\n\tat io.netty.channel.AbstractChannelHandlerContext.invokeChannelRead(AbstractChannelHandlerContext.java:366)\n\tat io.netty.channel.AbstractChannelHandlerContext.invokeChannelRead(AbstractChannelHandlerContext.java:352)\n\tat io.netty.chann...
[debug] &amp#27;[35m[W3C]&amp#27;[39m Matched W3C error code 'no such element' to NoSuchElementError
[debug] &amp#27;[35m[BaseDriver]&amp#27;[39m Waited for 10448 ms so far
[debug] &amp#27;[35m[WD Proxy]&amp#27;[39m Matched '/element' to command name 'findElement'
[debug] &amp#27;[35m[WD Proxy]&amp#27;[39m Proxying [POST /element] to [POST http://127.0.0.1:8200/wd/hub/session/9d117bc0-ede3-480d-8648-fff71bc808fe/element] with body: {"strategy":"id","selector":"com.colt.coltengineering:id/img_next","context":"","multiple":false}
&amp#27;[35m[WD Proxy]&amp#27;[39m Got response with status 404: {"sessionId":"9d117bc0-ede3-480d-8648-fff71bc808fe","value":{"error":"no such element","message":"An element could not be located on the page using the given search parameters","stacktrace":"io.appium.uiautomator2.common.exceptions.ElementNotFoundException: An element could not be located on the page using the given search parameters\n\tat io.appium.uiautomator2.handler.FindElement.safeHandle(FindElement.java:73)\n\tat io.appium.uiautomator2.handler.request.SafeRequestHandler.handle(SafeRequestHandler.java:41)\n\tat io.appium.uiautomator2.server.AppiumServlet.handleRequest(AppiumServlet.java:253)\n\tat io.appium.uiautomator2.server.AppiumServlet.handleHttpRequest(AppiumServlet.java:247)\n\tat io.appium.uiautomator2.http.ServerHandler.channelRead(ServerHandler.java:68)\n\tat io.netty.channel.AbstractChannelHandlerContext.invokeChannelRead(AbstractChannelHandlerContext.java:366)\n\tat io.netty.channel.AbstractChannelHandlerContext.invokeChannelRead(AbstractChannelHandlerContext.java:352)\n\tat io.netty.chann...
[debug] &amp#27;[35m[W3C]&amp#27;[39m Matched W3C error code 'no such element' to NoSuchElementError
[debug] &amp#27;[35m[BaseDriver]&amp#27;[39m Waited for 10980 ms so far
[debug] &amp#27;[35m[WD Proxy]&amp#27;[39m Matched '/element' to command name 'findElement'
[debug] &amp#27;[35m[WD Proxy]&amp#27;[39m Proxying [POST /element] to [POST http://127.0.0.1:8200/wd/hub/session/9d117bc0-ede3-480d-8648-fff71bc808fe/element] with body: {"strategy":"id","selector":"com.colt.coltengineering:id/img_next","context":"","multiple":false}
&amp#27;[35m[WD Proxy]&amp#27;[39m Got response with status 404: {"sessionId":"9d117bc0-ede3-480d-8648-fff71bc808fe","value":{"error":"no such element","message":"An element could not be located on the page using the given search parameters","stacktrace":"io.appium.uiautomator2.common.exceptions.ElementNotFoundException: An element could not be located on the page using the given search parameters\n\tat io.appium.uiautomator2.handler.FindElement.safeHandle(FindElement.java:73)\n\tat io.appium.uiautomator2.handler.request.SafeRequestHandler.handle(SafeRequestHandler.java:41)\n\tat io.appium.uiautomator2.server.AppiumServlet.handleRequest(AppiumServlet.java:253)\n\tat io.appium.uiautomator2.server.AppiumServlet.handleHttpRequest(AppiumServlet.java:247)\n\tat io.appium.uiautomator2.http.ServerHandler.channelRead(ServerHandler.java:68)\n\tat io.netty.channel.AbstractChannelHandlerContext.invokeChannelRead(AbstractChannelHandlerContext.java:366)\n\tat io.netty.channel.AbstractChannelHandlerContext.invokeChannelRead(AbstractChannelHandlerContext.java:352)\n\tat io.netty.chann...
[debug] &amp#27;[35m[W3C]&amp#27;[39m Matched W3C error code 'no such element' to NoSuchElementError
[debug] &amp#27;[35m[BaseDriver]&amp#27;[39m Waited for 11519 ms so far
[debug] &amp#27;[35m[WD Proxy]&amp#27;[39m Matched '/element' to command name 'findElement'
[debug] &amp#27;[35m[WD Proxy]&amp#27;[39m Proxying [POST /element] to [POST http://127.0.0.1:8200/wd/hub/session/9d117bc0-ede3-480d-8648-fff71bc808fe/element] with body: {"strategy":"id","selector":"com.colt.coltengineering:id/img_next","context":"","multiple":false}
&amp#27;[35m[WD Proxy]&amp#27;[39m Got response with status 404: {"sessionId":"9d117bc0-ede3-480d-8648-fff71bc808fe","value":{"error":"no such element","message":"An element could not be located on the page using the given search parameters","stacktrace":"io.appium.uiautomator2.common.exceptions.ElementNotFoundException: An element could not be located on the page using the given search parameters\n\tat io.appium.uiautomator2.handler.FindElement.safeHandle(FindElement.java:73)\n\tat io.appium.uiautomator2.handler.request.SafeRequestHandler.handle(SafeRequestHandler.java:41)\n\tat io.appium.uiautomator2.server.AppiumServlet.handleRequest(AppiumServlet.java:253)\n\tat io.appium.uiautomator2.server.AppiumServlet.handleHttpRequest(AppiumServlet.java:247)\n\tat io.appium.uiautomator2.http.ServerHandler.channelRead(ServerHandler.java:68)\n\tat io.netty.channel.AbstractChannelHandlerContext.invokeChannelRead(AbstractChannelHandlerContext.java:366)\n\tat io.netty.channel.AbstractChannelHandlerContext.invokeChannelRead(AbstractChannelHandlerContext.java:352)\n\tat io.netty.chann...
[debug] &amp#27;[35m[W3C]&amp#27;[39m Matched W3C error code 'no such element' to NoSuchElementError
[debug] &amp#27;[35m[BaseDriver]&amp#27;[39m Waited for 12039 ms so far
[debug] &amp#27;[35m[WD Proxy]&amp#27;[39m Matched '/element' to command name 'findElement'
[debug] &amp#27;[35m[WD Proxy]&amp#27;[39m Proxying [POST /element] to [POST http://127.0.0.1:8200/wd/hub/session/9d117bc0-ede3-480d-8648-fff71bc808fe/element] with body: {"strategy":"id","selector":"com.colt.coltengineering:id/img_next","context":"","multiple":false}
&amp#27;[35m[WD Proxy]&amp#27;[39m Got response with status 404: {"sessionId":"9d117bc0-ede3-480d-8648-fff71bc808fe","value":{"error":"no such element","message":"An element could not be located on the page using the given search parameters","stacktrace":"io.appium.uiautomator2.common.exceptions.ElementNotFoundException: An element could not be located on the page using the given search parameters\n\tat io.appium.uiautomator2.handler.FindElement.safeHandle(FindElement.java:73)\n\tat io.appium.uiautomator2.handler.request.SafeRequestHandler.handle(SafeRequestHandler.java:41)\n\tat io.appium.uiautomator2.server.AppiumServlet.handleRequest(AppiumServlet.java:253)\n\tat io.appium.uiautomator2.server.AppiumServlet.handleHttpRequest(AppiumServlet.java:247)\n\tat io.appium.uiautomator2.http.ServerHandler.channelRead(ServerHandler.java:68)\n\tat io.netty.channel.AbstractChannelHandlerContext.invokeChannelRead(AbstractChannelHandlerContext.java:366)\n\tat io.netty.channel.AbstractChannelHandlerContext.invokeChannelRead(AbstractChannelHandlerContext.java:352)\n\tat io.netty.chann...
[debug] &amp#27;[35m[W3C]&amp#27;[39m Matched W3C error code 'no such element' to NoSuchElementError
[debug] &amp#27;[35m[BaseDriver]&amp#27;[39m Waited for 12583 ms so far
[debug] &amp#27;[35m[WD Proxy]&amp#27;[39m Matched '/element' to command name 'findElement'
[debug] &amp#27;[35m[WD Proxy]&amp#27;[39m Proxying [POST /element] to [POST http://127.0.0.1:8200/wd/hub/session/9d117bc0-ede3-480d-8648-fff71bc808fe/element] with body: {"strategy":"id","selector":"com.colt.coltengineering:id/img_next","context":"","multiple":false}
&amp#27;[35m[WD Proxy]&amp#27;[39m Got response with status 404: {"sessionId":"9d117bc0-ede3-480d-8648-fff71bc808fe","value":{"error":"no such element","message":"An element could not be located on the page using the given search parameters","stacktrace":"io.appium.uiautomator2.common.exceptions.ElementNotFoundException: An element could not be located on the page using the given search parameters\n\tat io.appium.uiautomator2.handler.FindElement.safeHandle(FindElement.java:73)\n\tat io.appium.uiautomator2.handler.request.SafeRequestHandler.handle(SafeRequestHandler.java:41)\n\tat io.appium.uiautomator2.server.AppiumServlet.handleRequest(AppiumServlet.java:253)\n\tat io.appium.uiautomator2.server.AppiumServlet.handleHttpRequest(AppiumServlet.java:247)\n\tat io.appium.uiautomator2.http.ServerHandler.channelRead(ServerHandler.java:68)\n\tat io.netty.channel.AbstractChannelHandlerContext.invokeChannelRead(AbstractChannelHandlerContext.java:366)\n\tat io.netty.channel.AbstractChannelHandlerContext.invokeChannelRead(AbstractChannelHandlerContext.java:352)\n\tat io.netty.chann...
[debug] &amp#27;[35m[W3C]&amp#27;[39m Matched W3C error code 'no such element' to NoSuchElementError
[debug] &amp#27;[35m[BaseDriver]&amp#27;[39m Waited for 13111 ms so far
[debug] &amp#27;[35m[WD Proxy]&amp#27;[39m Matched '/element' to command name 'findElement'
[debug] &amp#27;[35m[WD Proxy]&amp#27;[39m Proxying [POST /element] to [POST http://127.0.0.1:8200/wd/hub/session/9d117bc0-ede3-480d-8648-fff71bc808fe/element] with body: {"strategy":"id","selector":"com.colt.coltengineering:id/img_next","context":"","multiple":false}
&amp#27;[35m[WD Proxy]&amp#27;[39m Got response with status 404: {"sessionId":"9d117bc0-ede3-480d-8648-fff71bc808fe","value":{"error":"no such element","message":"An element could not be located on the page using the given search parameters","stacktrace":"io.appium.uiautomator2.common.exceptions.ElementNotFoundException: An element could not be located on the page using the given search parameters\n\tat io.appium.uiautomator2.handler.FindElement.safeHandle(FindElement.java:73)\n\tat io.appium.uiautomator2.handler.request.SafeRequestHandler.handle(SafeRequestHandler.java:41)\n\tat io.appium.uiautomator2.server.AppiumServlet.handleRequest(AppiumServlet.java:253)\n\tat io.appium.uiautomator2.server.AppiumServlet.handleHttpRequest(AppiumServlet.java:247)\n\tat io.appium.uiautomator2.http.ServerHandler.channelRead(ServerHandler.java:68)\n\tat io.netty.channel.AbstractChannelHandlerContext.invokeChannelRead(AbstractChannelHandlerContext.java:366)\n\tat io.netty.channel.AbstractChannelHandlerContext.invokeChannelRead(AbstractChannelHandlerContext.java:352)\n\tat io.netty.chann...
[debug] &amp#27;[35m[W3C]&amp#27;[39m Matched W3C error code 'no such element' to NoSuchElementError
[debug] &amp#27;[35m[BaseDriver]&amp#27;[39m Waited for 13641 ms so far
[debug] &amp#27;[35m[WD Proxy]&amp#27;[39m Matched '/element' to command name 'findElement'
[debug] &amp#27;[35m[WD Proxy]&amp#27;[39m Proxying [POST /element] to [POST http://127.0.0.1:8200/wd/hub/session/9d117bc0-ede3-480d-8648-fff71bc808fe/element] with body: {"strategy":"id","selector":"com.colt.coltengineering:id/img_next","context":"","multiple":false}
&amp#27;[35m[WD Proxy]&amp#27;[39m Got response with status 404: {"sessionId":"9d117bc0-ede3-480d-8648-fff71bc808fe","value":{"error":"no such element","message":"An element could not be located on the page using the given search parameters","stacktrace":"io.appium.uiautomator2.common.exceptions.ElementNotFoundException: An element could not be located on the page using the given search parameters\n\tat io.appium.uiautomator2.handler.FindElement.safeHandle(FindElement.java:73)\n\tat io.appium.uiautomator2.handler.request.SafeRequestHandler.handle(SafeRequestHandler.java:41)\n\tat io.appium.uiautomator2.server.AppiumServlet.handleRequest(AppiumServlet.java:253)\n\tat io.appium.uiautomator2.server.AppiumServlet.handleHttpRequest(AppiumServlet.java:247)\n\tat io.appium.uiautomator2.http.ServerHandler.channelRead(ServerHandler.java:68)\n\tat io.netty.channel.AbstractChannelHandlerContext.invokeChannelRead(AbstractChannelHandlerContext.java:366)\n\tat io.netty.channel.AbstractChannelHandlerContext.invokeChannelRead(AbstractChannelHandlerContext.java:352)\n\tat io.netty.chann...
[debug] &amp#27;[35m[W3C]&amp#27;[39m Matched W3C error code 'no such element' to NoSuchElementError
[debug] &amp#27;[35m[BaseDriver]&amp#27;[39m Waited for 14172 ms so far
[debug] &amp#27;[35m[WD Proxy]&amp#27;[39m Matched '/element' to command name 'findElement'
[debug] &amp#27;[35m[WD Proxy]&amp#27;[39m Proxying [POST /element] to [POST http://127.0.0.1:8200/wd/hub/session/9d117bc0-ede3-480d-8648-fff71bc808fe/element] with body: {"strategy":"id","selector":"com.colt.coltengineering:id/img_next","context":"","multiple":false}
&amp#27;[35m[WD Proxy]&amp#27;[39m Got response with status 404: {"sessionId":"9d117bc0-ede3-480d-8648-fff71bc808fe","value":{"error":"no such element","message":"An element could not be located on the page using the given search parameters","stacktrace":"io.appium.uiautomator2.common.exceptions.ElementNotFoundException: An element could not be located on the page using the given search parameters\n\tat io.appium.uiautomator2.handler.FindElement.safeHandle(FindElement.java:73)\n\tat io.appium.uiautomator2.handler.request.SafeRequestHandler.handle(SafeRequestHandler.java:41)\n\tat io.appium.uiautomator2.server.AppiumServlet.handleRequest(AppiumServlet.java:253)\n\tat io.appium.uiautomator2.server.AppiumServlet.handleHttpRequest(AppiumServlet.java:247)\n\tat io.appium.uiautomator2.http.ServerHandler.channelRead(ServerHandler.java:68)\n\tat io.netty.channel.AbstractChannelHandlerContext.invokeChannelRead(AbstractChannelHandlerContext.java:366)\n\tat io.netty.channel.AbstractChannelHandlerContext.invokeChannelRead(AbstractChannelHandlerContext.java:352)\n\tat io.netty.chann...
[debug] &amp#27;[35m[W3C]&amp#27;[39m Matched W3C error code 'no such element' to NoSuchElementError
[debug] &amp#27;[35m[BaseDriver]&amp#27;[39m Waited for 14722 ms so far
[debug] &amp#27;[35m[WD Proxy]&amp#27;[39m Matched '/element' to command name 'findElement'
[debug] &amp#27;[35m[WD Proxy]&amp#27;[39m Proxying [POST /element] to [POST http://127.0.0.1:8200/wd/hub/session/9d117bc0-ede3-480d-8648-fff71bc808fe/element] with body: {"strategy":"id","selector":"com.colt.coltengineering:id/img_next","context":"","multiple":false}
&amp#27;[35m[WD Proxy]&amp#27;[39m Got response with status 404: {"sessionId":"9d117bc0-ede3-480d-8648-fff71bc808fe","value":{"error":"no such element","message":"An element could not be located on the page using the given search parameters","stacktrace":"io.appium.uiautomator2.common.exceptions.ElementNotFoundException: An element could not be located on the page using the given search parameters\n\tat io.appium.uiautomator2.handler.FindElement.safeHandle(FindElement.java:73)\n\tat io.appium.uiautomator2.handler.request.SafeRequestHandler.handle(SafeRequestHandler.java:41)\n\tat io.appium.uiautomator2.server.AppiumServlet.handleRequest(AppiumServlet.java:253)\n\tat io.appium.uiautomator2.server.AppiumServlet.handleHttpRequest(AppiumServlet.java:247)\n\tat io.appium.uiautomator2.http.ServerHandler.channelRead(ServerHandler.java:68)\n\tat io.netty.channel.AbstractChannelHandlerContext.invokeChannelRead(AbstractChannelHandlerContext.java:366)\n\tat io.netty.channel.AbstractChannelHandlerContext.invokeChannelRead(AbstractChannelHandlerContext.java:352)\n\tat io.netty.chann...
[debug] &amp#27;[35m[W3C]&amp#27;[39m Matched W3C error code 'no such element' to NoSuchElementError
[debug] &amp#27;[35m[BaseDriver]&amp#27;[39m Waited for 15266 ms so far
[debug] &amp#27;[35m[WD Proxy]&amp#27;[39m Matched '/element' to command name 'findElement'
[debug] &amp#27;[35m[WD Proxy]&amp#27;[39m Proxying [POST /element] to [POST http://127.0.0.1:8200/wd/hub/session/9d117bc0-ede3-480d-8648-fff71bc808fe/element] with body: {"strategy":"id","selector":"com.colt.coltengineering:id/img_next","context":"","multiple":false}
&amp#27;[35m[WD Proxy]&amp#27;[39m Got response with status 404: {"sessionId":"9d117bc0-ede3-480d-8648-fff71bc808fe","value":{"error":"no such element","message":"An element could not be located on the page using the given search parameters","stacktrace":"io.appium.uiautomator2.common.exceptions.ElementNotFoundException: An element could not be located on the page using the given search parameters\n\tat io.appium.uiautomator2.handler.FindElement.safeHandle(FindElement.java:73)\n\tat io.appium.uiautomator2.handler.request.SafeRequestHandler.handle(SafeRequestHandler.java:41)\n\tat io.appium.uiautomator2.server.AppiumServlet.handleRequest(AppiumServlet.java:253)\n\tat io.appium.uiautomator2.server.AppiumServlet.handleHttpRequest(AppiumServlet.java:247)\n\tat io.appium.uiautomator2.http.ServerHandler.channelRead(ServerHandler.java:68)\n\tat io.netty.channel.AbstractChannelHandlerContext.invokeChannelRead(AbstractChannelHandlerContext.java:366)\n\tat io.netty.channel.AbstractChannelHandlerContext.invokeChannelRead(AbstractChannelHandlerContext.java:352)\n\tat io.netty.chann...
[debug] &amp#27;[35m[W3C]&amp#27;[39m Matched W3C error code 'no such element' to NoSuchElementError
[debug] &amp#27;[35m[BaseDriver]&amp#27;[39m Waited for 15796 ms so far
[debug] &amp#27;[35m[WD Proxy]&amp#27;[39m Matched '/element' to command name 'findElement'
[debug] &amp#27;[35m[WD Proxy]&amp#27;[39m Proxying [POST /element] to [POST http://127.0.0.1:8200/wd/hub/session/9d117bc0-ede3-480d-8648-fff71bc808fe/element] with body: {"strategy":"id","selector":"com.colt.coltengineering:id/img_next","context":"","multiple":false}
&amp#27;[35m[WD Proxy]&amp#27;[39m Got response with status 404: {"sessionId":"9d117bc0-ede3-480d-8648-fff71bc808fe","value":{"error":"no such element","message":"An element could not be located on the page using the given search parameters","stacktrace":"io.appium.uiautomator2.common.exceptions.ElementNotFoundException: An element could not be located on the page using the given search parameters\n\tat io.appium.uiautomator2.handler.FindElement.safeHandle(FindElement.java:73)\n\tat io.appium.uiautomator2.handler.request.SafeRequestHandler.handle(SafeRequestHandler.java:41)\n\tat io.appium.uiautomator2.server.AppiumServlet.handleRequest(AppiumServlet.java:253)\n\tat io.appium.uiautomator2.server.AppiumServlet.handleHttpRequest(AppiumServlet.java:247)\n\tat io.appium.uiautomator2.http.ServerHandler.channelRead(ServerHandler.java:68)\n\tat io.netty.channel.AbstractChannelHandlerContext.invokeChannelRead(AbstractChannelHandlerContext.java:366)\n\tat io.netty.channel.AbstractChannelHandlerContext.invokeChannelRead(AbstractChannelHandlerContext.java:352)\n\tat io.netty.chann...
[debug] &amp#27;[35m[W3C]&amp#27;[39m Matched W3C error code 'no such element' to NoSuchElementError
[debug] &amp#27;[35m[BaseDriver]&amp#27;[39m Waited for 16326 ms so far
[debug] &amp#27;[35m[WD Proxy]&amp#27;[39m Matched '/element' to command name 'findElement'
[debug] &amp#27;[35m[WD Proxy]&amp#27;[39m Proxying [POST /element] to [POST http://127.0.0.1:8200/wd/hub/session/9d117bc0-ede3-480d-8648-fff71bc808fe/element] with body: {"strategy":"id","selector":"com.colt.coltengineering:id/img_next","context":"","multiple":false}
&amp#27;[35m[WD Proxy]&amp#27;[39m Got response with status 404: {"sessionId":"9d117bc0-ede3-480d-8648-fff71bc808fe","value":{"error":"no such element","message":"An element could not be located on the page using the given search parameters","stacktrace":"io.appium.uiautomator2.common.exceptions.ElementNotFoundException: An element could not be located on the page using the given search parameters\n\tat io.appium.uiautomator2.handler.FindElement.safeHandle(FindElement.java:73)\n\tat io.appium.uiautomator2.handler.request.SafeRequestHandler.handle(SafeRequestHandler.java:41)\n\tat io.appium.uiautomator2.server.AppiumServlet.handleRequest(AppiumServlet.java:253)\n\tat io.appium.uiautomator2.server.AppiumServlet.handleHttpRequest(AppiumServlet.java:247)\n\tat io.appium.uiautomator2.http.ServerHandler.channelRead(ServerHandler.java:68)\n\tat io.netty.channel.AbstractChannelHandlerContext.invokeChannelRead(AbstractChannelHandlerContext.java:366)\n\tat io.netty.channel.AbstractChannelHandlerContext.invokeChannelRead(AbstractChannelHandlerContext.java:352)\n\tat io.netty.chann...
[debug] &amp#27;[35m[W3C]&amp#27;[39m Matched W3C error code 'no such element' to NoSuchElementError
[debug] &amp#27;[35m[BaseDriver]&amp#27;[39m Waited for 16862 ms so far
[debug] &amp#27;[35m[WD Proxy]&amp#27;[39m Matched '/element' to command name 'findElement'
[debug] &amp#27;[35m[WD Proxy]&amp#27;[39m Proxying [POST /element] to [POST http://127.0.0.1:8200/wd/hub/session/9d117bc0-ede3-480d-8648-fff71bc808fe/element] with body: {"strategy":"id","selector":"com.colt.coltengineering:id/img_next","context":"","multiple":false}
&amp#27;[35m[WD Proxy]&amp#27;[39m Got response with status 404: {"sessionId":"9d117bc0-ede3-480d-8648-fff71bc808fe","value":{"error":"no such element","message":"An element could not be located on the page using the given search parameters","stacktrace":"io.appium.uiautomator2.common.exceptions.ElementNotFoundException: An element could not be located on the page using the given search parameters\n\tat io.appium.uiautomator2.handler.FindElement.safeHandle(FindElement.java:73)\n\tat io.appium.uiautomator2.handler.request.SafeRequestHandler.handle(SafeRequestHandler.java:41)\n\tat io.appium.uiautomator2.server.AppiumServlet.handleRequest(AppiumServlet.java:253)\n\tat io.appium.uiautomator2.server.AppiumServlet.handleHttpRequest(AppiumServlet.java:247)\n\tat io.appium.uiautomator2.http.ServerHandler.channelRead(ServerHandler.java:68)\n\tat io.netty.channel.AbstractChannelHandlerContext.invokeChannelRead(AbstractChannelHandlerContext.java:366)\n\tat io.netty.channel.AbstractChannelHandlerContext.invokeChannelRead(AbstractChannelHandlerContext.java:352)\n\tat io.netty.chann...
[debug] &amp#27;[35m[W3C]&amp#27;[39m Matched W3C error code 'no such element' to NoSuchElementError
[debug] &amp#27;[35m[BaseDriver]&amp#27;[39m Waited for 17388 ms so far
[debug] &amp#27;[35m[WD Proxy]&amp#27;[39m Matched '/element' to command name 'findElement'
[debug] &amp#27;[35m[WD Proxy]&amp#27;[39m Proxying [POST /element] to [POST http://127.0.0.1:8200/wd/hub/session/9d117bc0-ede3-480d-8648-fff71bc808fe/element] with body: {"strategy":"id","selector":"com.colt.coltengineering:id/img_next","context":"","multiple":false}
&amp#27;[35m[WD Proxy]&amp#27;[39m Got response with status 404: {"sessionId":"9d117bc0-ede3-480d-8648-fff71bc808fe","value":{"error":"no such element","message":"An element could not be located on the page using the given search parameters","stacktrace":"io.appium.uiautomator2.common.exceptions.ElementNotFoundException: An element could not be located on the page using the given search parameters\n\tat io.appium.uiautomator2.handler.FindElement.safeHandle(FindElement.java:73)\n\tat io.appium.uiautomator2.handler.request.SafeRequestHandler.handle(SafeRequestHandler.java:41)\n\tat io.appium.uiautomator2.server.AppiumServlet.handleRequest(AppiumServlet.java:253)\n\tat io.appium.uiautomator2.server.AppiumServlet.handleHttpRequest(AppiumServlet.java:247)\n\tat io.appium.uiautomator2.http.ServerHandler.channelRead(ServerHandler.java:68)\n\tat io.netty.channel.AbstractChannelHandlerContext.invokeChannelRead(AbstractChannelHandlerContext.java:366)\n\tat io.netty.channel.AbstractChannelHandlerContext.invokeChannelRead(AbstractChannelHandlerContext.java:352)\n\tat io.netty.chann...
[debug] &amp#27;[35m[W3C]&amp#27;[39m Matched W3C error code 'no such element' to NoSuchElementError
[debug] &amp#27;[35m[BaseDriver]&amp#27;[39m Waited for 17917 ms so far
[debug] &amp#27;[35m[WD Proxy]&amp#27;[39m Matched '/element' to command name 'findElement'
[debug] &amp#27;[35m[WD Proxy]&amp#27;[39m Proxying [POST /element] to [POST http://127.0.0.1:8200/wd/hub/session/9d117bc0-ede3-480d-8648-fff71bc808fe/element] with body: {"strategy":"id","selector":"com.colt.coltengineering:id/img_next","context":"","multiple":false}
&amp#27;[35m[WD Proxy]&amp#27;[39m Got response with status 404: {"sessionId":"9d117bc0-ede3-480d-8648-fff71bc808fe","value":{"error":"no such element","message":"An element could not be located on the page using the given search parameters","stacktrace":"io.appium.uiautomator2.common.exceptions.ElementNotFoundException: An element could not be located on the page using the given search parameters\n\tat io.appium.uiautomator2.handler.FindElement.safeHandle(FindElement.java:73)\n\tat io.appium.uiautomator2.handler.request.SafeRequestHandler.handle(SafeRequestHandler.java:41)\n\tat io.appium.uiautomator2.server.AppiumServlet.handleRequest(AppiumServlet.java:253)\n\tat io.appium.uiautomator2.server.AppiumServlet.handleHttpRequest(AppiumServlet.java:247)\n\tat io.appium.uiautomator2.http.ServerHandler.channelRead(ServerHandler.java:68)\n\tat io.netty.channel.AbstractChannelHandlerContext.invokeChannelRead(AbstractChannelHandlerContext.java:366)\n\tat io.netty.channel.AbstractChannelHandlerContext.invokeChannelRead(AbstractChannelHandlerContext.java:352)\n\tat io.netty.chann...
[debug] &amp#27;[35m[W3C]&amp#27;[39m Matched W3C error code 'no such element' to NoSuchElementError
[debug] &amp#27;[35m[BaseDriver]&amp#27;[39m Waited for 18437 ms so far
[debug] &amp#27;[35m[WD Proxy]&amp#27;[39m Matched '/element' to command name 'findElement'
[debug] &amp#27;[35m[WD Proxy]&amp#27;[39m Proxying [POST /element] to [POST http://127.0.0.1:8200/wd/hub/session/9d117bc0-ede3-480d-8648-fff71bc808fe/element] with body: {"strategy":"id","selector":"com.colt.coltengineering:id/img_next","context":"","multiple":false}
&amp#27;[35m[WD Proxy]&amp#27;[39m Got response with status 404: {"sessionId":"9d117bc0-ede3-480d-8648-fff71bc808fe","value":{"error":"no such element","message":"An element could not be located on the page using the given search parameters","stacktrace":"io.appium.uiautomator2.common.exceptions.ElementNotFoundException: An element could not be located on the page using the given search parameters\n\tat io.appium.uiautomator2.handler.FindElement.safeHandle(FindElement.java:73)\n\tat io.appium.uiautomator2.handler.request.SafeRequestHandler.handle(SafeRequestHandler.java:41)\n\tat io.appium.uiautomator2.server.AppiumServlet.handleRequest(AppiumServlet.java:253)\n\tat io.appium.uiautomator2.server.AppiumServlet.handleHttpRequest(AppiumServlet.java:247)\n\tat io.appium.uiautomator2.http.ServerHandler.channelRead(ServerHandler.java:68)\n\tat io.netty.channel.AbstractChannelHandlerContext.invokeChannelRead(AbstractChannelHandlerContext.java:366)\n\tat io.netty.channel.AbstractChannelHandlerContext.invokeChannelRead(AbstractChannelHandlerContext.java:352)\n\tat io.netty.chann...
[debug] &amp#27;[35m[W3C]&amp#27;[39m Matched W3C error code 'no such element' to NoSuchElementError
[debug] &amp#27;[35m[BaseDriver]&amp#27;[39m Waited for 18984 ms so far
[debug] &amp#27;[35m[WD Proxy]&amp#27;[39m Matched '/element' to command name 'findElement'
[debug] &amp#27;[35m[WD Proxy]&amp#27;[39m Proxying [POST /element] to [POST http://127.0.0.1:8200/wd/hub/session/9d117bc0-ede3-480d-8648-fff71bc808fe/element] with body: {"strategy":"id","selector":"com.colt.coltengineering:id/img_next","context":"","multiple":false}
&amp#27;[35m[WD Proxy]&amp#27;[39m Got response with status 404: {"sessionId":"9d117bc0-ede3-480d-8648-fff71bc808fe","value":{"error":"no such element","message":"An element could not be located on the page using the given search parameters","stacktrace":"io.appium.uiautomator2.common.exceptions.ElementNotFoundException: An element could not be located on the page using the given search parameters\n\tat io.appium.uiautomator2.handler.FindElement.safeHandle(FindElement.java:73)\n\tat io.appium.uiautomator2.handler.request.SafeRequestHandler.handle(SafeRequestHandler.java:41)\n\tat io.appium.uiautomator2.server.AppiumServlet.handleRequest(AppiumServlet.java:253)\n\tat io.appium.uiautomator2.server.AppiumServlet.handleHttpRequest(AppiumServlet.java:247)\n\tat io.appium.uiautomator2.http.ServerHandler.channelRead(ServerHandler.java:68)\n\tat io.netty.channel.AbstractChannelHandlerContext.invokeChannelRead(AbstractChannelHandlerContext.java:366)\n\tat io.netty.channel.AbstractChannelHandlerContext.invokeChannelRead(AbstractChannelHandlerContext.java:352)\n\tat io.netty.chann...
[debug] &amp#27;[35m[W3C]&amp#27;[39m Matched W3C error code 'no such element' to NoSuchElementError
[debug] &amp#27;[35m[BaseDriver]&amp#27;[39m Waited for 19523 ms so far
[debug] &amp#27;[35m[WD Proxy]&amp#27;[39m Matched '/element' to command name 'findElement'
[debug] &amp#27;[35m[WD Proxy]&amp#27;[39m Proxying [POST /element] to [POST http://127.0.0.1:8200/wd/hub/session/9d117bc0-ede3-480d-8648-fff71bc808fe/element] with body: {"strategy":"id","selector":"com.colt.coltengineering:id/img_next","context":"","multiple":false}
&amp#27;[35m[WD Proxy]&amp#27;[39m Got response with status 404: {"sessionId":"9d117bc0-ede3-480d-8648-fff71bc808fe","value":{"error":"no such element","message":"An element could not be located on the page using the given search parameters","stacktrace":"io.appium.uiautomator2.common.exceptions.ElementNotFoundException: An element could not be located on the page using the given search parameters\n\tat io.appium.uiautomator2.handler.FindElement.safeHandle(FindElement.java:73)\n\tat io.appium.uiautomator2.handler.request.SafeRequestHandler.handle(SafeRequestHandler.java:41)\n\tat io.appium.uiautomator2.server.AppiumServlet.handleRequest(AppiumServlet.java:253)\n\tat io.appium.uiautomator2.server.AppiumServlet.handleHttpRequest(AppiumServlet.java:247)\n\tat io.appium.uiautomator2.http.ServerHandler.channelRead(ServerHandler.java:68)\n\tat io.netty.channel.AbstractChannelHandlerContext.invokeChannelRead(AbstractChannelHandlerContext.java:366)\n\tat io.netty.channel.AbstractChannelHandlerContext.invokeChannelRead(AbstractChannelHandlerContext.java:352)\n\tat io.netty.chann...
[debug] &amp#27;[35m[W3C]&amp#27;[39m Matched W3C error code 'no such element' to NoSuchElementError
[debug] &amp#27;[35m[BaseDriver]&amp#27;[39m Waited for 20068 ms so far
[debug] &amp#27;[35m[WD Proxy]&amp#27;[39m Matched '/element' to command name 'findElement'
[debug] &amp#27;[35m[WD Proxy]&amp#27;[39m Proxying [POST /element] to [POST http://127.0.0.1:8200/wd/hub/session/9d117bc0-ede3-480d-8648-fff71bc808fe/element] with body: {"strategy":"id","selector":"com.colt.coltengineering:id/img_next","context":"","multiple":false}
&amp#27;[35m[WD Proxy]&amp#27;[39m Got response with status 404: {"sessionId":"9d117bc0-ede3-480d-8648-fff71bc808fe","value":{"error":"no such element","message":"An element could not be located on the page using the given search parameters","stacktrace":"io.appium.uiautomator2.common.exceptions.ElementNotFoundException: An element could not be located on the page using the given search parameters\n\tat io.appium.uiautomator2.handler.FindElement.safeHandle(FindElement.java:73)\n\tat io.appium.uiautomator2.handler.request.SafeRequestHandler.handle(SafeRequestHandler.java:41)\n\tat io.appium.uiautomator2.server.AppiumServlet.handleRequest(AppiumServlet.java:253)\n\tat io.appium.uiautomator2.server.AppiumServlet.handleHttpRequest(AppiumServlet.java:247)\n\tat io.appium.uiautomator2.http.ServerHandler.channelRead(ServerHandler.java:68)\n\tat io.netty.channel.AbstractChannelHandlerContext.invokeChannelRead(AbstractChannelHandlerContext.java:366)\n\tat io.netty.channel.AbstractChannelHandlerContext.invokeChannelRead(AbstractChannelHandlerContext.java:352)\n\tat io.netty.chann...
[debug] &amp#27;[35m[W3C]&amp#27;[39m Matched W3C error code 'no such element' to NoSuchElementError
[debug] &amp#27;[35m[BaseDriver]&amp#27;[39m Waited for 20602 ms so far
[debug] &amp#27;[35m[WD Proxy]&amp#27;[39m Matched '/element' to command name 'findElement'
[debug] &amp#27;[35m[WD Proxy]&amp#27;[39m Proxying [POST /element] to [POST http://127.0.0.1:8200/wd/hub/session/9d117bc0-ede3-480d-8648-fff71bc808fe/element] with body: {"strategy":"id","selector":"com.colt.coltengineering:id/img_next","context":"","multiple":false}
&amp#27;[35m[WD Proxy]&amp#27;[39m Got response with status 404: {"sessionId":"9d117bc0-ede3-480d-8648-fff71bc808fe","value":{"error":"no such element","message":"An element could not be located on the page using the given search parameters","stacktrace":"io.appium.uiautomator2.common.exceptions.ElementNotFoundException: An element could not be located on the page using the given search parameters\n\tat io.appium.uiautomator2.handler.FindElement.safeHandle(FindElement.java:73)\n\tat io.appium.uiautomator2.handler.request.SafeRequestHandler.handle(SafeRequestHandler.java:41)\n\tat io.appium.uiautomator2.server.AppiumServlet.handleRequest(AppiumServlet.java:253)\n\tat io.appium.uiautomator2.server.AppiumServlet.handleHttpRequest(AppiumServlet.java:247)\n\tat io.appium.uiautomator2.http.ServerHandler.channelRead(ServerHandler.java:68)\n\tat io.netty.channel.AbstractChannelHandlerContext.invokeChannelRead(AbstractChannelHandlerContext.java:366)\n\tat io.netty.channel.AbstractChannelHandlerContext.invokeChannelRead(AbstractChannelHandlerContext.java:352)\n\tat io.netty.chann...
[debug] &amp#27;[35m[W3C]&amp#27;[39m Matched W3C error code 'no such element' to NoSuchElementError
[debug] &amp#27;[35m[BaseDriver]&amp#27;[39m Waited for 21135 ms so far
[debug] &amp#27;[35m[WD Proxy]&amp#27;[39m Matched '/element' to command name 'findElement'
[debug] &amp#27;[35m[WD Proxy]&amp#27;[39m Proxying [POST /element] to [POST http://127.0.0.1:8200/wd/hub/session/9d117bc0-ede3-480d-8648-fff71bc808fe/element] with body: {"strategy":"id","selector":"com.colt.coltengineering:id/img_next","context":"","multiple":false}
&amp#27;[35m[WD Proxy]&amp#27;[39m Got response with status 404: {"sessionId":"9d117bc0-ede3-480d-8648-fff71bc808fe","value":{"error":"no such element","message":"An element could not be located on the page using the given search parameters","stacktrace":"io.appium.uiautomator2.common.exceptions.ElementNotFoundException: An element could not be located on the page using the given search parameters\n\tat io.appium.uiautomator2.handler.FindElement.safeHandle(FindElement.java:73)\n\tat io.appium.uiautomator2.handler.request.SafeRequestHandler.handle(SafeRequestHandler.java:41)\n\tat io.appium.uiautomator2.server.AppiumServlet.handleRequest(AppiumServlet.java:253)\n\tat io.appium.uiautomator2.server.AppiumServlet.handleHttpRequest(AppiumServlet.java:247)\n\tat io.appium.uiautomator2.http.ServerHandler.channelRead(ServerHandler.java:68)\n\tat io.netty.channel.AbstractChannelHandlerContext.invokeChannelRead(AbstractChannelHandlerContext.java:366)\n\tat io.netty.channel.AbstractChannelHandlerContext.invokeChannelRead(AbstractChannelHandlerContext.java:352)\n\tat io.netty.chann...
[debug] &amp#27;[35m[W3C]&amp#27;[39m Matched W3C error code 'no such element' to NoSuchElementError
[debug] &amp#27;[35m[BaseDriver]&amp#27;[39m Waited for 21667 ms so far
[debug] &amp#27;[35m[WD Proxy]&amp#27;[39m Matched '/element' to command name 'findElement'
[debug] &amp#27;[35m[WD Proxy]&amp#27;[39m Proxying [POST /element] to [POST http://127.0.0.1:8200/wd/hub/session/9d117bc0-ede3-480d-8648-fff71bc808fe/element] with body: {"strategy":"id","selector":"com.colt.coltengineering:id/img_next","context":"","multiple":false}
&amp#27;[35m[WD Proxy]&amp#27;[39m Got response with status 404: {"sessionId":"9d117bc0-ede3-480d-8648-fff71bc808fe","value":{"error":"no such element","message":"An element could not be located on the page using the given search parameters","stacktrace":"io.appium.uiautomator2.common.exceptions.ElementNotFoundException: An element could not be located on the page using the given search parameters\n\tat io.appium.uiautomator2.handler.FindElement.safeHandle(FindElement.java:73)\n\tat io.appium.uiautomator2.handler.request.SafeRequestHandler.handle(SafeRequestHandler.java:41)\n\tat io.appium.uiautomator2.server.AppiumServlet.handleRequest(AppiumServlet.java:253)\n\tat io.appium.uiautomator2.server.AppiumServlet.handleHttpRequest(AppiumServlet.java:247)\n\tat io.appium.uiautomator2.http.ServerHandler.channelRead(ServerHandler.java:68)\n\tat io.netty.channel.AbstractChannelHandlerContext.invokeChannelRead(AbstractChannelHandlerContext.java:366)\n\tat io.netty.channel.AbstractChannelHandlerContext.invokeChannelRead(AbstractChannelHandlerContext.java:352)\n\tat io.netty.chann...
[debug] &amp#27;[35m[W3C]&amp#27;[39m Matched W3C error code 'no such element' to NoSuchElementError
[debug] &amp#27;[35m[BaseDriver]&amp#27;[39m Waited for 22213 ms so far
[debug] &amp#27;[35m[WD Proxy]&amp#27;[39m Matched '/element' to command name 'findElement'
[debug] &amp#27;[35m[WD Proxy]&amp#27;[39m Proxying [POST /element] to [POST http://127.0.0.1:8200/wd/hub/session/9d117bc0-ede3-480d-8648-fff71bc808fe/element] with body: {"strategy":"id","selector":"com.colt.coltengineering:id/img_next","context":"","multiple":false}
&amp#27;[35m[WD Proxy]&amp#27;[39m Got response with status 404: {"sessionId":"9d117bc0-ede3-480d-8648-fff71bc808fe","value":{"error":"no such element","message":"An element could not be located on the page using the given search parameters","stacktrace":"io.appium.uiautomator2.common.exceptions.ElementNotFoundException: An element could not be located on the page using the given search parameters\n\tat io.appium.uiautomator2.handler.FindElement.safeHandle(FindElement.java:73)\n\tat io.appium.uiautomator2.handler.request.SafeRequestHandler.handle(SafeRequestHandler.java:41)\n\tat io.appium.uiautomator2.server.AppiumServlet.handleRequest(AppiumServlet.java:253)\n\tat io.appium.uiautomator2.server.AppiumServlet.handleHttpRequest(AppiumServlet.java:247)\n\tat io.appium.uiautomator2.http.ServerHandler.channelRead(ServerHandler.java:68)\n\tat io.netty.channel.AbstractChannelHandlerContext.invokeChannelRead(AbstractChannelHandlerContext.java:366)\n\tat io.netty.channel.AbstractChannelHandlerContext.invokeChannelRead(AbstractChannelHandlerContext.java:352)\n\tat io.netty.chann...
[debug] &amp#27;[35m[W3C]&amp#27;[39m Matched W3C error code 'no such element' to NoSuchElementError
[debug] &amp#27;[35m[BaseDriver]&amp#27;[39m Waited for 22750 ms so far
[debug] &amp#27;[35m[WD Proxy]&amp#27;[39m Matched '/element' to command name 'findElement'
[debug] &amp#27;[35m[WD Proxy]&amp#27;[39m Proxying [POST /element] to [POST http://127.0.0.1:8200/wd/hub/session/9d117bc0-ede3-480d-8648-fff71bc808fe/element] with body: {"strategy":"id","selector":"com.colt.coltengineering:id/img_next","context":"","multiple":false}
&amp#27;[35m[WD Proxy]&amp#27;[39m Got response with status 404: {"sessionId":"9d117bc0-ede3-480d-8648-fff71bc808fe","value":{"error":"no such element","message":"An element could not be located on the page using the given search parameters","stacktrace":"io.appium.uiautomator2.common.exceptions.ElementNotFoundException: An element could not be located on the page using the given search parameters\n\tat io.appium.uiautomator2.handler.FindElement.safeHandle(FindElement.java:73)\n\tat io.appium.uiautomator2.handler.request.SafeRequestHandler.handle(SafeRequestHandler.java:41)\n\tat io.appium.uiautomator2.server.AppiumServlet.handleRequest(AppiumServlet.java:253)\n\tat io.appium.uiautomator2.server.AppiumServlet.handleHttpRequest(AppiumServlet.java:247)\n\tat io.appium.uiautomator2.http.ServerHandler.channelRead(ServerHandler.java:68)\n\tat io.netty.channel.AbstractChannelHandlerContext.invokeChannelRead(AbstractChannelHandlerContext.java:366)\n\tat io.netty.channel.AbstractChannelHandlerContext.invokeChannelRead(AbstractChannelHandlerContext.java:352)\n\tat io.netty.chann...
[debug] &amp#27;[35m[W3C]&amp#27;[39m Matched W3C error code 'no such element' to NoSuchElementError
[debug] &amp#27;[35m[BaseDriver]&amp#27;[39m Waited for 23283 ms so far
[debug] &amp#27;[35m[WD Proxy]&amp#27;[39m Matched '/element' to command name 'findElement'
[debug] &amp#27;[35m[WD Proxy]&amp#27;[39m Proxying [POST /element] to [POST http://127.0.0.1:8200/wd/hub/session/9d117bc0-ede3-480d-8648-fff71bc808fe/element] with body: {"strategy":"id","selector":"com.colt.coltengineering:id/img_next","context":"","multiple":false}
&amp#27;[35m[WD Proxy]&amp#27;[39m Got response with status 404: {"sessionId":"9d117bc0-ede3-480d-8648-fff71bc808fe","value":{"error":"no such element","message":"An element could not be located on the page using the given search parameters","stacktrace":"io.appium.uiautomator2.common.exceptions.ElementNotFoundException: An element could not be located on the page using the given search parameters\n\tat io.appium.uiautomator2.handler.FindElement.safeHandle(FindElement.java:73)\n\tat io.appium.uiautomator2.handler.request.SafeRequestHandler.handle(SafeRequestHandler.java:41)\n\tat io.appium.uiautomator2.server.AppiumServlet.handleRequest(AppiumServlet.java:253)\n\tat io.appium.uiautomator2.server.AppiumServlet.handleHttpRequest(AppiumServlet.java:247)\n\tat io.appium.uiautomator2.http.ServerHandler.channelRead(ServerHandler.java:68)\n\tat io.netty.channel.AbstractChannelHandlerContext.invokeChannelRead(AbstractChannelHandlerContext.java:366)\n\tat io.netty.channel.AbstractChannelHandlerContext.invokeChannelRead(AbstractChannelHandlerContext.java:352)\n\tat io.netty.chann...
[debug] &amp#27;[35m[W3C]&amp#27;[39m Matched W3C error code 'no such element' to NoSuchElementError
[debug] &amp#27;[35m[BaseDriver]&amp#27;[39m Waited for 23804 ms so far
[debug] &amp#27;[35m[WD Proxy]&amp#27;[39m Matched '/element' to command name 'findElement'
[debug] &amp#27;[35m[WD Proxy]&amp#27;[39m Proxying [POST /element] to [POST http://127.0.0.1:8200/wd/hub/session/9d117bc0-ede3-480d-8648-fff71bc808fe/element] with body: {"strategy":"id","selector":"com.colt.coltengineering:id/img_next","context":"","multiple":false}
&amp#27;[35m[WD Proxy]&amp#27;[39m Got response with status 404: {"sessionId":"9d117bc0-ede3-480d-8648-fff71bc808fe","value":{"error":"no such element","message":"An element could not be located on the page using the given search parameters","stacktrace":"io.appium.uiautomator2.common.exceptions.ElementNotFoundException: An element could not be located on the page using the given search parameters\n\tat io.appium.uiautomator2.handler.FindElement.safeHandle(FindElement.java:73)\n\tat io.appium.uiautomator2.handler.request.SafeRequestHandler.handle(SafeRequestHandler.java:41)\n\tat io.appium.uiautomator2.server.AppiumServlet.handleRequest(AppiumServlet.java:253)\n\tat io.appium.uiautomator2.server.AppiumServlet.handleHttpRequest(AppiumServlet.java:247)\n\tat io.appium.uiautomator2.http.ServerHandler.channelRead(ServerHandler.java:68)\n\tat io.netty.channel.AbstractChannelHandlerContext.invokeChannelRead(AbstractChannelHandlerContext.java:366)\n\tat io.netty.channel.AbstractChannelHandlerContext.invokeChannelRead(AbstractChannelHandlerContext.java:352)\n\tat io.netty.chann...
[debug] &amp#27;[35m[W3C]&amp#27;[39m Matched W3C error code 'no such element' to NoSuchElementError
[debug] &amp#27;[35m[BaseDriver]&amp#27;[39m Waited for 24322 ms so far
[debug] &amp#27;[35m[WD Proxy]&amp#27;[39m Matched '/element' to command name 'findElement'
[debug] &amp#27;[35m[WD Proxy]&amp#27;[39m Proxying [POST /element] to [POST http://127.0.0.1:8200/wd/hub/session/9d117bc0-ede3-480d-8648-fff71bc808fe/element] with body: {"strategy":"id","selector":"com.colt.coltengineering:id/img_next","context":"","multiple":false}
&amp#27;[35m[WD Proxy]&amp#27;[39m Got response with status 404: {"sessionId":"9d117bc0-ede3-480d-8648-fff71bc808fe","value":{"error":"no such element","message":"An element could not be located on the page using the given search parameters","stacktrace":"io.appium.uiautomator2.common.exceptions.ElementNotFoundException: An element could not be located on the page using the given search parameters\n\tat io.appium.uiautomator2.handler.FindElement.safeHandle(FindElement.java:73)\n\tat io.appium.uiautomator2.handler.request.SafeRequestHandler.handle(SafeRequestHandler.java:41)\n\tat io.appium.uiautomator2.server.AppiumServlet.handleRequest(AppiumServlet.java:253)\n\tat io.appium.uiautomator2.server.AppiumServlet.handleHttpRequest(AppiumServlet.java:247)\n\tat io.appium.uiautomator2.http.ServerHandler.channelRead(ServerHandler.java:68)\n\tat io.netty.channel.AbstractChannelHandlerContext.invokeChannelRead(AbstractChannelHandlerContext.java:366)\n\tat io.netty.channel.AbstractChannelHandlerContext.invokeChannelRead(AbstractChannelHandlerContext.java:352)\n\tat io.netty.chann...
[debug] &amp#27;[35m[W3C]&amp#27;[39m Matched W3C error code 'no such element' to NoSuchElementError
[debug] &amp#27;[35m[BaseDriver]&amp#27;[39m Waited for 24863 ms so far
[debug] &amp#27;[35m[WD Proxy]&amp#27;[39m Matched '/element' to command name 'findElement'
[debug] &amp#27;[35m[WD Proxy]&amp#27;[39m Proxying [POST /element] to [POST http://127.0.0.1:8200/wd/hub/session/9d117bc0-ede3-480d-8648-fff71bc808fe/element] with body: {"strategy":"id","selector":"com.colt.coltengineering:id/img_next","context":"","multiple":false}
&amp#27;[35m[WD Proxy]&amp#27;[39m Got response with status 404: {"sessionId":"9d117bc0-ede3-480d-8648-fff71bc808fe","value":{"error":"no such element","message":"An element could not be located on the page using the given search parameters","stacktrace":"io.appium.uiautomator2.common.exceptions.ElementNotFoundException: An element could not be located on the page using the given search parameters\n\tat io.appium.uiautomator2.handler.FindElement.safeHandle(FindElement.java:73)\n\tat io.appium.uiautomator2.handler.request.SafeRequestHandler.handle(SafeRequestHandler.java:41)\n\tat io.appium.uiautomator2.server.AppiumServlet.handleRequest(AppiumServlet.java:253)\n\tat io.appium.uiautomator2.server.AppiumServlet.handleHttpRequest(AppiumServlet.java:247)\n\tat io.appium.uiautomator2.http.ServerHandler.channelRead(ServerHandler.java:68)\n\tat io.netty.channel.AbstractChannelHandlerContext.invokeChannelRead(AbstractChannelHandlerContext.java:366)\n\tat io.netty.channel.AbstractChannelHandlerContext.invokeChannelRead(AbstractChannelHandlerContext.java:352)\n\tat io.netty.chann...
[debug] &amp#27;[35m[W3C]&amp#27;[39m Matched W3C error code 'no such element' to NoSuchElementError
[debug] &amp#27;[35m[BaseDriver]&amp#27;[39m Waited for 25395 ms so far
[debug] &amp#27;[35m[WD Proxy]&amp#27;[39m Matched '/element' to command name 'findElement'
[debug] &amp#27;[35m[WD Proxy]&amp#27;[39m Proxying [POST /element] to [POST http://127.0.0.1:8200/wd/hub/session/9d117bc0-ede3-480d-8648-fff71bc808fe/element] with body: {"strategy":"id","selector":"com.colt.coltengineering:id/img_next","context":"","multiple":false}
&amp#27;[35m[WD Proxy]&amp#27;[39m Got response with status 404: {"sessionId":"9d117bc0-ede3-480d-8648-fff71bc808fe","value":{"error":"no such element","message":"An element could not be located on the page using the given search parameters","stacktrace":"io.appium.uiautomator2.common.exceptions.ElementNotFoundException: An element could not be located on the page using the given search parameters\n\tat io.appium.uiautomator2.handler.FindElement.safeHandle(FindElement.java:73)\n\tat io.appium.uiautomator2.handler.request.SafeRequestHandler.handle(SafeRequestHandler.java:41)\n\tat io.appium.uiautomator2.server.AppiumServlet.handleRequest(AppiumServlet.java:253)\n\tat io.appium.uiautomator2.server.AppiumServlet.handleHttpRequest(AppiumServlet.java:247)\n\tat io.appium.uiautomator2.http.ServerHandler.channelRead(ServerHandler.java:68)\n\tat io.netty.channel.AbstractChannelHandlerContext.invokeChannelRead(AbstractChannelHandlerContext.java:366)\n\tat io.netty.channel.AbstractChannelHandlerContext.invokeChannelRead(AbstractChannelHandlerContext.java:352)\n\tat io.netty.chann...
[debug] &amp#27;[35m[W3C]&amp#27;[39m Matched W3C error code 'no such element' to NoSuchElementError
[debug] &amp#27;[35m[BaseDriver]&amp#27;[39m Waited for 25916 ms so far
[debug] &amp#27;[35m[WD Proxy]&amp#27;[39m Matched '/element' to command name 'findElement'
[debug] &amp#27;[35m[WD Proxy]&amp#27;[39m Proxying [POST /element] to [POST http://127.0.0.1:8200/wd/hub/session/9d117bc0-ede3-480d-8648-fff71bc808fe/element] with body: {"strategy":"id","selector":"com.colt.coltengineering:id/img_next","context":"","multiple":false}
&amp#27;[35m[WD Proxy]&amp#27;[39m Got response with status 404: {"sessionId":"9d117bc0-ede3-480d-8648-fff71bc808fe","value":{"error":"no such element","message":"An element could not be located on the page using the given search parameters","stacktrace":"io.appium.uiautomator2.common.exceptions.ElementNotFoundException: An element could not be located on the page using the given search parameters\n\tat io.appium.uiautomator2.handler.FindElement.safeHandle(FindElement.java:73)\n\tat io.appium.uiautomator2.handler.request.SafeRequestHandler.handle(SafeRequestHandler.java:41)\n\tat io.appium.uiautomator2.server.AppiumServlet.handleRequest(AppiumServlet.java:253)\n\tat io.appium.uiautomator2.server.AppiumServlet.handleHttpRequest(AppiumServlet.java:247)\n\tat io.appium.uiautomator2.http.ServerHandler.channelRead(ServerHandler.java:68)\n\tat io.netty.channel.AbstractChannelHandlerContext.invokeChannelRead(AbstractChannelHandlerContext.java:366)\n\tat io.netty.channel.AbstractChannelHandlerContext.invokeChannelRead(AbstractChannelHandlerContext.java:352)\n\tat io.netty.chann...
[debug] &amp#27;[35m[W3C]&amp#27;[39m Matched W3C error code 'no such element' to NoSuchElementError
[debug] &amp#27;[35m[BaseDriver]&amp#27;[39m Waited for 26460 ms so far
[debug] &amp#27;[35m[WD Proxy]&amp#27;[39m Matched '/element' to command name 'findElement'
[debug] &amp#27;[35m[WD Proxy]&amp#27;[39m Proxying [POST /element] to [POST http://127.0.0.1:8200/wd/hub/session/9d117bc0-ede3-480d-8648-fff71bc808fe/element] with body: {"strategy":"id","selector":"com.colt.coltengineering:id/img_next","context":"","multiple":false}
&amp#27;[35m[WD Proxy]&amp#27;[39m Got response with status 404: {"sessionId":"9d117bc0-ede3-480d-8648-fff71bc808fe","value":{"error":"no such element","message":"An element could not be located on the page using the given search parameters","stacktrace":"io.appium.uiautomator2.common.exceptions.ElementNotFoundException: An element could not be located on the page using the given search parameters\n\tat io.appium.uiautomator2.handler.FindElement.safeHandle(FindElement.java:73)\n\tat io.appium.uiautomator2.handler.request.SafeRequestHandler.handle(SafeRequestHandler.java:41)\n\tat io.appium.uiautomator2.server.AppiumServlet.handleRequest(AppiumServlet.java:253)\n\tat io.appium.uiautomator2.server.AppiumServlet.handleHttpRequest(AppiumServlet.java:247)\n\tat io.appium.uiautomator2.http.ServerHandler.channelRead(ServerHandler.java:68)\n\tat io.netty.channel.AbstractChannelHandlerContext.invokeChannelRead(AbstractChannelHandlerContext.java:366)\n\tat io.netty.channel.AbstractChannelHandlerContext.invokeChannelRead(AbstractChannelHandlerContext.java:352)\n\tat io.netty.chann...
[debug] &amp#27;[35m[W3C]&amp#27;[39m Matched W3C error code 'no such element' to NoSuchElementError
[debug] &amp#27;[35m[BaseDriver]&amp#27;[39m Waited for 26988 ms so far
[debug] &amp#27;[35m[WD Proxy]&amp#27;[39m Matched '/element' to command name 'findElement'
[debug] &amp#27;[35m[WD Proxy]&amp#27;[39m Proxying [POST /element] to [POST http://127.0.0.1:8200/wd/hub/session/9d117bc0-ede3-480d-8648-fff71bc808fe/element] with body: {"strategy":"id","selector":"com.colt.coltengineering:id/img_next","context":"","multiple":false}
&amp#27;[35m[WD Proxy]&amp#27;[39m Got response with status 404: {"sessionId":"9d117bc0-ede3-480d-8648-fff71bc808fe","value":{"error":"no such element","message":"An element could not be located on the page using the given search parameters","stacktrace":"io.appium.uiautomator2.common.exceptions.ElementNotFoundException: An element could not be located on the page using the given search parameters\n\tat io.appium.uiautomator2.handler.FindElement.safeHandle(FindElement.java:73)\n\tat io.appium.uiautomator2.handler.request.SafeRequestHandler.handle(SafeRequestHandler.java:41)\n\tat io.appium.uiautomator2.server.AppiumServlet.handleRequest(AppiumServlet.java:253)\n\tat io.appium.uiautomator2.server.AppiumServlet.handleHttpRequest(AppiumServlet.java:247)\n\tat io.appium.uiautomator2.http.ServerHandler.channelRead(ServerHandler.java:68)\n\tat io.netty.channel.AbstractChannelHandlerContext.invokeChannelRead(AbstractChannelHandlerContext.java:366)\n\tat io.netty.channel.AbstractChannelHandlerContext.invokeChannelRead(AbstractChannelHandlerContext.java:352)\n\tat io.netty.chann...
[debug] &amp#27;[35m[W3C]&amp#27;[39m Matched W3C error code 'no such element' to NoSuchElementError
[debug] &amp#27;[35m[BaseDriver]&amp#27;[39m Waited for 27528 ms so far
[debug] &amp#27;[35m[WD Proxy]&amp#27;[39m Matched '/element' to command name 'findElement'
[debug] &amp#27;[35m[WD Proxy]&amp#27;[39m Proxying [POST /element] to [POST http://127.0.0.1:8200/wd/hub/session/9d117bc0-ede3-480d-8648-fff71bc808fe/element] with body: {"strategy":"id","selector":"com.colt.coltengineering:id/img_next","context":"","multiple":false}
&amp#27;[35m[WD Proxy]&amp#27;[39m Got response with status 404: {"sessionId":"9d117bc0-ede3-480d-8648-fff71bc808fe","value":{"error":"no such element","message":"An element could not be located on the page using the given search parameters","stacktrace":"io.appium.uiautomator2.common.exceptions.ElementNotFoundException: An element could not be located on the page using the given search parameters\n\tat io.appium.uiautomator2.handler.FindElement.safeHandle(FindElement.java:73)\n\tat io.appium.uiautomator2.handler.request.SafeRequestHandler.handle(SafeRequestHandler.java:41)\n\tat io.appium.uiautomator2.server.AppiumServlet.handleRequest(AppiumServlet.java:253)\n\tat io.appium.uiautomator2.server.AppiumServlet.handleHttpRequest(AppiumServlet.java:247)\n\tat io.appium.uiautomator2.http.ServerHandler.channelRead(ServerHandler.java:68)\n\tat io.netty.channel.AbstractChannelHandlerContext.invokeChannelRead(AbstractChannelHandlerContext.java:366)\n\tat io.netty.channel.AbstractChannelHandlerContext.invokeChannelRead(AbstractChannelHandlerContext.java:352)\n\tat io.netty.chann...
[debug] &amp#27;[35m[W3C]&amp#27;[39m Matched W3C error code 'no such element' to NoSuchElementError
[debug] &amp#27;[35m[BaseDriver]&amp#27;[39m Waited for 28065 ms so far
[debug] &amp#27;[35m[WD Proxy]&amp#27;[39m Matched '/element' to command name 'findElement'
[debug] &amp#27;[35m[WD Proxy]&amp#27;[39m Proxying [POST /element] to [POST http://127.0.0.1:8200/wd/hub/session/9d117bc0-ede3-480d-8648-fff71bc808fe/element] with body: {"strategy":"id","selector":"com.colt.coltengineering:id/img_next","context":"","multiple":false}
&amp#27;[35m[WD Proxy]&amp#27;[39m Got response with status 404: {"sessionId":"9d117bc0-ede3-480d-8648-fff71bc808fe","value":{"error":"no such element","message":"An element could not be located on the page using the given search parameters","stacktrace":"io.appium.uiautomator2.common.exceptions.ElementNotFoundException: An element could not be located on the page using the given search parameters\n\tat io.appium.uiautomator2.handler.FindElement.safeHandle(FindElement.java:73)\n\tat io.appium.uiautomator2.handler.request.SafeRequestHandler.handle(SafeRequestHandler.java:41)\n\tat io.appium.uiautomator2.server.AppiumServlet.handleRequest(AppiumServlet.java:253)\n\tat io.appium.uiautomator2.server.AppiumServlet.handleHttpRequest(AppiumServlet.java:247)\n\tat io.appium.uiautomator2.http.ServerHandler.channelRead(ServerHandler.java:68)\n\tat io.netty.channel.AbstractChannelHandlerContext.invokeChannelRead(AbstractChannelHandlerContext.java:366)\n\tat io.netty.channel.AbstractChannelHandlerContext.invokeChannelRead(AbstractChannelHandlerContext.java:352)\n\tat io.netty.chann...
[debug] &amp#27;[35m[W3C]&amp#27;[39m Matched W3C error code 'no such element' to NoSuchElementError
[debug] &amp#27;[35m[BaseDriver]&amp#27;[39m Waited for 28598 ms so far
[debug] &amp#27;[35m[WD Proxy]&amp#27;[39m Matched '/element' to command name 'findElement'
[debug] &amp#27;[35m[WD Proxy]&amp#27;[39m Proxying [POST /element] to [POST http://127.0.0.1:8200/wd/hub/session/9d117bc0-ede3-480d-8648-fff71bc808fe/element] with body: {"strategy":"id","selector":"com.colt.coltengineering:id/img_next","context":"","multiple":false}
&amp#27;[35m[WD Proxy]&amp#27;[39m Got response with status 404: {"sessionId":"9d117bc0-ede3-480d-8648-fff71bc808fe","value":{"error":"no such element","message":"An element could not be located on the page using the given search parameters","stacktrace":"io.appium.uiautomator2.common.exceptions.ElementNotFoundException: An element could not be located on the page using the given search parameters\n\tat io.appium.uiautomator2.handler.FindElement.safeHandle(FindElement.java:73)\n\tat io.appium.uiautomator2.handler.request.SafeRequestHandler.handle(SafeRequestHandler.java:41)\n\tat io.appium.uiautomator2.server.AppiumServlet.handleRequest(AppiumServlet.java:253)\n\tat io.appium.uiautomator2.server.AppiumServlet.handleHttpRequest(AppiumServlet.java:247)\n\tat io.appium.uiautomator2.http.ServerHandler.channelRead(ServerHandler.java:68)\n\tat io.netty.channel.AbstractChannelHandlerContext.invokeChannelRead(AbstractChannelHandlerContext.java:366)\n\tat io.netty.channel.AbstractChannelHandlerContext.invokeChannelRead(AbstractChannelHandlerContext.java:352)\n\tat io.netty.chann...
[debug] &amp#27;[35m[W3C]&amp#27;[39m Matched W3C error code 'no such element' to NoSuchElementError
[debug] &amp#27;[35m[BaseDriver]&amp#27;[39m Waited for 29131 ms so far
[debug] &amp#27;[35m[WD Proxy]&amp#27;[39m Matched '/element' to command name 'findElement'
[debug] &amp#27;[35m[WD Proxy]&amp#27;[39m Proxying [POST /element] to [POST http://127.0.0.1:8200/wd/hub/session/9d117bc0-ede3-480d-8648-fff71bc808fe/element] with body: {"strategy":"id","selector":"com.colt.coltengineering:id/img_next","context":"","multiple":false}
&amp#27;[35m[WD Proxy]&amp#27;[39m Got response with status 404: {"sessionId":"9d117bc0-ede3-480d-8648-fff71bc808fe","value":{"error":"no such element","message":"An element could not be located on the page using the given search parameters","stacktrace":"io.appium.uiautomator2.common.exceptions.ElementNotFoundException: An element could not be located on the page using the given search parameters\n\tat io.appium.uiautomator2.handler.FindElement.safeHandle(FindElement.java:73)\n\tat io.appium.uiautomator2.handler.request.SafeRequestHandler.handle(SafeRequestHandler.java:41)\n\tat io.appium.uiautomator2.server.AppiumServlet.handleRequest(AppiumServlet.java:253)\n\tat io.appium.uiautomator2.server.AppiumServlet.handleHttpRequest(AppiumServlet.java:247)\n\tat io.appium.uiautomator2.http.ServerHandler.channelRead(ServerHandler.java:68)\n\tat io.netty.channel.AbstractChannelHandlerContext.invokeChannelRead(AbstractChannelHandlerContext.java:366)\n\tat io.netty.channel.AbstractChannelHandlerContext.invokeChannelRead(AbstractChannelHandlerContext.java:352)\n\tat io.netty.chann...
[debug] &amp#27;[35m[W3C]&amp#27;[39m Matched W3C error code 'no such element' to NoSuchElementError
[debug] &amp#27;[35m[BaseDriver]&amp#27;[39m Waited for 29650 ms so far
[debug] &amp#27;[35m[WD Proxy]&amp#27;[39m Matched '/element' to command name 'findElement'
[debug] &amp#27;[35m[WD Proxy]&amp#27;[39m Proxying [POST /element] to [POST http://127.0.0.1:8200/wd/hub/session/9d117bc0-ede3-480d-8648-fff71bc808fe/element] with body: {"strategy":"id","selector":"com.colt.coltengineering:id/img_next","context":"","multiple":false}
&amp#27;[35m[WD Proxy]&amp#27;[39m Got response with status 404: {"sessionId":"9d117bc0-ede3-480d-8648-fff71bc808fe","value":{"error":"no such element","message":"An element could not be located on the page using the given search parameters","stacktrace":"io.appium.uiautomator2.common.exceptions.ElementNotFoundException: An element could not be located on the page using the given search parameters\n\tat io.appium.uiautomator2.handler.FindElement.safeHandle(FindElement.java:73)\n\tat io.appium.uiautomator2.handler.request.SafeRequestHandler.handle(SafeRequestHandler.java:41)\n\tat io.appium.uiautomator2.server.AppiumServlet.handleRequest(AppiumServlet.java:253)\n\tat io.appium.uiautomator2.server.AppiumServlet.handleHttpRequest(AppiumServlet.java:247)\n\tat io.appium.uiautomator2.http.ServerHandler.channelRead(ServerHandler.java:68)\n\tat io.netty.channel.AbstractChannelHandlerContext.invokeChannelRead(AbstractChannelHandlerContext.java:366)\n\tat io.netty.channel.AbstractChannelHandlerContext.invokeChannelRead(AbstractChannelHandlerContext.java:352)\n\tat io.netty.chann...
[debug] &amp#27;[35m[W3C]&amp#27;[39m Matched W3C error code 'no such element' to NoSuchElementError
[debug] &amp#27;[35m[W3C (d98beac4)]&amp#27;[39m Encountered internal error running command: NoSuchElementError: An element could not be located on the page using the given search parameters.
[debug] &amp#27;[35m[W3C (d98beac4)]&amp#27;[39m     at AndroidUiautomator2Driver.findElOrEls (C:\Users\Medhansh\AppData\Roaming\npm\node_modules\appium\node_modules\appium-android-driver\lib\commands\find.js:75:11)
[debug] &amp#27;[35m[W3C (d98beac4)]&amp#27;[39m     at runMicrotasks (<anonymous>)
[debug] &amp#27;[35m[W3]]></system-out>
    <system-err><![CDATA[Nov 03, 2020 11:00:45 AM io.appium.java_client.remote.AppiumCommandExecutor$1 lambda$0
INFO: Detected dialect: W3C
]]></system-err>
  </testcase>
</testsuite>