<?xml version="1.0" encoding="UTF-8"?>
<!-- Generated by org.testng.reporters.JUnitReportReporter -->
<testsuite hostname="DESKTOP-K4MGEUM" failures="0" tests="2" name="com.colt.fieldengineerapp.testcases.LandingPageTest" time="42.450" errors="0" timestamp="2020-10-15T00:21:14 IST" skipped="0">
  <testcase classname="com.colt.fieldengineerapp.testcases.LandingPageTest" name="continueTest" time="20.341"/>
  <system-out/>
  <testcase classname="com.colt.fieldengineerapp.testcases.LandingPageTest" name="homePageTasksTitleTest" time="22.109"/>
  <system-out/>
</testsuite> <!-- com.colt.fieldengineerapp.testcases.LandingPageTest -->
