<?xml version="1.0" encoding="UTF-8"?>
<!-- Generated by org.testng.reporters.JUnitReportReporter -->
<testsuite hostname="DESKTOP-K4MGEUM" failures="0" tests="1" name="com.colt.fieldengineerapp.testcases.TemplatesPageTest" time="103.563" errors="0" timestamp="2020-11-19T09:52:16 IST" skipped="0">
  <testcase classname="com.colt.fieldengineerapp.testcases.TemplatesPageTest" name="templatesPageTest" time="103.563"/>
  <system-out/>
</testsuite> <!-- com.colt.fieldengineerapp.testcases.TemplatesPageTest -->
