<?xml version="1.0" encoding="UTF-8"?>
<!-- Generated by org.testng.reporters.JUnitReportReporter -->
<testsuite hostname="DESKTOP-K4MGEUM" failures="0" tests="1" name="com.colt.fieldengineerapp.testcases.ProfilePageTest" time="34.718" errors="0" timestamp="2020-11-24T20:47:49 IST" skipped="0">
  <testcase classname="com.colt.fieldengineerapp.testcases.ProfilePageTest" name="profilePageBasicDetailsTest" time="34.718"/>
  <system-out/>
</testsuite> <!-- com.colt.fieldengineerapp.testcases.ProfilePageTest -->
