<?xml version="1.0" encoding="UTF-8"?>
<!-- Generated by org.testng.reporters.JUnitReportReporter -->
<testsuite hostname="DESKTOP-K4MGEUM" failures="0" tests="1" name="com.colt.fieldengineerapp.testcases.EndToEndNewTasksPageTest" time="98.865" errors="0" timestamp="2020-11-06T01:20:11 IST" skipped="0">
  <testcase classname="com.colt.fieldengineerapp.testcases.EndToEndNewTasksPageTest" name="testNewTasksPageEndToEnd" time="98.865"/>
  <system-out/>
</testsuite> <!-- com.colt.fieldengineerapp.testcases.EndToEndNewTasksPageTest -->
