<?xml version="1.0" encoding="UTF-8"?>
<!-- Generated by org.testng.reporters.JUnitReportReporter -->
<testsuite hostname="DESKTOP-K4MGEUM" failures="0" tests="1" name="com.colt.fieldengineerapp.testcases.EndToEndActionsPageTest" time="38.230" errors="0" timestamp="2020-10-27T22:50:37 IST" skipped="0">
  <testcase classname="com.colt.fieldengineerapp.testcases.EndToEndActionsPageTest" name="testNonNullJobRemarksdField" time="38.230"/>
  <system-out/>
</testsuite> <!-- com.colt.fieldengineerapp.testcases.EndToEndActionsPageTest -->
