<?xml version="1.0" encoding="UTF-8"?>
<!-- Generated by org.testng.reporters.JUnitReportReporter -->
<testsuite hostname="DESKTOP-K4MGEUM" failures="0" tests="1" name="com.colt.fieldengineerapp.testcases.EndToEndCompletedTasksTest" time="105.445" errors="0" timestamp="2020-11-06T10:12:27 IST" skipped="0">
  <testcase classname="com.colt.fieldengineerapp.testcases.EndToEndCompletedTasksTest" name="testcompletedPageEndToEnd" time="105.445"/>
  <system-out/>
</testsuite> <!-- com.colt.fieldengineerapp.testcases.EndToEndCompletedTasksTest -->
