<?xml version="1.0" encoding="UTF-8"?>
<!-- Generated by org.testng.reporters.JUnitReportReporter -->
<testsuite hostname="DESKTOP-K4MGEUM" failures="0" tests="1" name="com.colt.fieldengineerapp.testcases.LogoutPageTest" time="29.302" errors="0" timestamp="2020-11-23T15:57:19 IST" skipped="0">
  <testcase classname="com.colt.fieldengineerapp.testcases.LogoutPageTest" name="logoutPageTest" time="29.302"/>
  <system-out/>
</testsuite> <!-- com.colt.fieldengineerapp.testcases.LogoutPageTest -->
