<?xml version="1.0" encoding="UTF-8"?>
<!-- Generated by org.testng.reporters.JUnitReportReporter -->
<testsuite hostname="DESKTOP-K4MGEUM" failures="0" tests="1" name="com.colt.fieldengineerapp.testcases.SettingsPageTest" time="56.960" errors="0" timestamp="2020-11-23T15:10:06 IST" skipped="0">
  <testcase classname="com.colt.fieldengineerapp.testcases.SettingsPageTest" name="settingsPageTest" time="56.960"/>
  <system-out/>
</testsuite> <!-- com.colt.fieldengineerapp.testcases.SettingsPageTest -->
