<?xml version="1.0" encoding="UTF-8"?>
<!-- Generated by org.testng.reporters.JUnitReportReporter -->
<testsuite hostname="DESKTOP-K4MGEUM" failures="0" tests="1" name="com.colt.fieldengineerapp.testcases.ErrorPopupsRaisePlannedWorksTest" time="139.987" errors="0" timestamp="2020-10-29T19:57:50 IST" skipped="0">
  <testcase classname="com.colt.fieldengineerapp.testcases.ErrorPopupsRaisePlannedWorksTest" name="alertsRaisePlanWorkPlannedScheduleStep" time="139.987"/>
  <system-out/>
</testsuite> <!-- com.colt.fieldengineerapp.testcases.ErrorPopupsRaisePlannedWorksTest -->
