<?xml version="1.0" encoding="UTF-8"?>
<!-- Generated by org.testng.reporters.JUnitReportReporter -->
<testsuite hostname="DESKTOP-K4MGEUM" failures="0" tests="1" name="com.colt.fieldengineerapp.testcases.SettingsrPageTest" time="54.010" errors="0" timestamp="2020-11-01T22:23:18 IST" skipped="0">
  <testcase classname="com.colt.fieldengineerapp.testcases.SettingsrPageTest" name="settingsPageTest" time="54.010"/>
  <system-out/>
</testsuite> <!-- com.colt.fieldengineerapp.testcases.SettingsrPageTest -->
