<?xml version="1.0" encoding="UTF-8"?>
<!-- Generated by org.testng.reporters.JUnitReportReporter -->
<testsuite hostname="DESKTOP-K4MGEUM" failures="0" tests="2" name="com.colt.fieldengineerapp.testcases.EndToEndTestForPlannedWorks" time="64.169" errors="0" timestamp="2020-10-28T19:54:22 IST" skipped="0">
  <testcase classname="com.colt.fieldengineerapp.testcases.EndToEndTestForPlannedWorks" name="validateAllLabelAndTextFields" time="36.536"/>
  <system-out/>
  <testcase classname="com.colt.fieldengineerapp.testcases.EndToEndTestForPlannedWorks" name="testPlannedWorkDetails" time="27.633"/>
  <system-out/>
</testsuite> <!-- com.colt.fieldengineerapp.testcases.EndToEndTestForPlannedWorks -->
