<?xml version="1.0" encoding="UTF-8"?>
<!-- Generated by org.testng.reporters.JUnitReportReporter -->
<testsuite hostname="DESKTOP-K4MGEUM" failures="0" tests="1" name="com.colt.fieldengineerapp.testcases.EndToEndTestForRaisePlanWork" time="97.711" errors="0" timestamp="2020-10-24T18:36:41 IST" skipped="0">
  <testcase classname="com.colt.fieldengineerapp.testcases.EndToEndTestForRaisePlanWork" name="endToEndTestForRaisePlanWork" time="97.711"/>
  <system-out/>
</testsuite> <!-- com.colt.fieldengineerapp.testcases.EndToEndTestForRaisePlanWork -->
