<?xml version="1.0" encoding="UTF-8"?>
<!-- Generated by org.testng.reporters.JUnitReportReporter -->
<testsuite hostname="DESKTOP-K4MGEUM" failures="0" tests="1" name="com.colt.fieldengineerapp.testcases.EndToEndInstallationTasksPageTest" time="182.154" errors="0" timestamp="2020-11-19T10:05:43 IST" skipped="0">
  <testcase classname="com.colt.fieldengineerapp.testcases.EndToEndInstallationTasksPageTest" name="testinstallationPageEndToEnd" time="182.154"/>
  <system-out/>
</testsuite> <!-- com.colt.fieldengineerapp.testcases.EndToEndInstallationTasksPageTest -->
