<?xml version="1.0" encoding="UTF-8"?>
<!-- Generated by org.testng.reporters.JUnitReportReporter -->
<testsuite hostname="DESKTOP-K4MGEUM" failures="0" tests="2" name="com.colt.fieldengineerapp.testcases.LoginPageTest" time="44.280" errors="0" timestamp="2020-10-14T22:12:42 IST" skipped="0">
  <testcase classname="com.colt.fieldengineerapp.testcases.LoginPageTest" name="loginTest" time="21.358"/>
  <system-out/>
  <testcase classname="com.colt.fieldengineerapp.testcases.LoginPageTest" name="landingPageTitleTest" time="22.922"/>
  <system-out/>
</testsuite> <!-- com.colt.fieldengineerapp.testcases.LoginPageTest -->
