<?xml version="1.0" encoding="UTF-8"?>
<!-- Generated by org.testng.reporters.JUnitReportReporter -->
<testsuite hostname="DESKTOP-K4MGEUM" failures="0" tests="1" name="com.colt.fieldengineerapp.testcases.LandingPageTest" time="53.150" errors="0" timestamp="2020-10-21T01:22:20 IST" skipped="0">
  <testcase classname="com.colt.fieldengineerapp.testcases.LandingPageTest" name="homePageTasksTitleTest" time="53.150"/>
  <system-out/>
</testsuite> <!-- com.colt.fieldengineerapp.testcases.LandingPageTest -->
