<?xml version="1.0" encoding="UTF-8"?>
<!-- Generated by org.testng.reporters.JUnitReportReporter -->
<testsuite hostname="DESKTOP-K4MGEUM" failures="0" tests="1" name="com.colt.fieldengineerapp.testcases.SettingsPageTest" time="49.284" errors="0" timestamp="2020-11-03T23:57:22 IST" skipped="0">
  <testcase classname="com.colt.fieldengineerapp.testcases.SettingsPageTest" name="settingsPageTest" time="49.284"/>
  <system-out/>
</testsuite> <!-- com.colt.fieldengineerapp.testcases.SettingsPageTest -->
