<?xml version="1.0" encoding="UTF-8"?>
<!-- Generated by org.testng.reporters.JUnitReportReporter -->
<testsuite hostname="DESKTOP-K4MGEUM" failures="0" tests="2" name="com.colt.fieldengineerapp.testcases.LandingPageTest" time="42.095" errors="0" timestamp="2020-10-29T20:03:40 IST" skipped="0">
  <testcase classname="com.colt.fieldengineerapp.testcases.LandingPageTest" name="continueTest" time="20.509"/>
  <system-out/>
  <testcase classname="com.colt.fieldengineerapp.testcases.LandingPageTest" name="homePageTasksTitleTest" time="21.586"/>
  <system-out/>
</testsuite> <!-- com.colt.fieldengineerapp.testcases.LandingPageTest -->
