<?xml version="1.0" encoding="UTF-8"?>
<!-- Generated by org.testng.reporters.JUnitReportReporter -->
<testsuite hostname="DESKTOP-K4MGEUM" failures="0" tests="1" name="com.colt.fieldengineerapp.testcases.EndToEndTestForSingleTaskView" time="38.200" errors="0" timestamp="2020-10-26T09:19:49 IST" skipped="0">
  <testcase classname="com.colt.fieldengineerapp.testcases.EndToEndTestForSingleTaskView" name="endToEndTestTillSingleTaskView" time="38.200"/>
  <system-out/>
</testsuite> <!-- com.colt.fieldengineerapp.testcases.EndToEndTestForSingleTaskView -->
