<?xml version="1.0" encoding="UTF-8"?>
<!-- Generated by org.testng.reporters.JUnitReportReporter -->
<testsuite hostname="DESKTOP-K4MGEUM" failures="0" tests="1" name="com.colt.fieldengineerapp.testcases.EndToEndInProgressTasksTest" time="98.424" errors="0" timestamp="2020-11-06T01:04:57 IST" skipped="0">
  <testcase classname="com.colt.fieldengineerapp.testcases.EndToEndInProgressTasksTest" name="testinProgressPageEndToEnd" time="98.424"/>
  <system-out/>
</testsuite> <!-- com.colt.fieldengineerapp.testcases.EndToEndInProgressTasksTest -->
