<?xml version="1.0" encoding="UTF-8"?>
<!-- Generated by org.testng.reporters.JUnitReportReporter -->
<testsuite hostname="DESKTOP-K4MGEUM" failures="0" tests="1" name="com.colt.fieldengineerapp.testcases.OpenDrawerPageTest" time="32.439" errors="0" timestamp="2020-11-19T09:52:16 IST" skipped="0">
  <testcase classname="com.colt.fieldengineerapp.testcases.OpenDrawerPageTest" name="openDrawerPageTest" time="32.439"/>
  <system-out/>
</testsuite> <!-- com.colt.fieldengineerapp.testcases.OpenDrawerPageTest -->
