<?xml version="1.0" encoding="UTF-8"?>
<!-- Generated by org.testng.reporters.JUnitReportReporter -->
<testsuite hostname="DESKTOP-K4MGEUM" failures="0" tests="1" name="com.colt.fieldengineerapp.testcases.EndToEndInstallationTasksPageTest" time="165.903" errors="0" timestamp="2020-11-07T11:33:31 IST" skipped="0">
  <testcase classname="com.colt.fieldengineerapp.testcases.EndToEndInstallationTasksPageTest" name="testinstallationPageEndToEnd" time="165.903"/>
  <system-out/>
</testsuite> <!-- com.colt.fieldengineerapp.testcases.EndToEndInstallationTasksPageTest -->
