<?xml version="1.0" encoding="UTF-8"?>
<!-- Generated by org.testng.reporters.JUnitReportReporter -->
<testsuite hostname="DESKTOP-K4MGEUM" failures="0" tests="4" name="com.colt.fieldengineerapp.testcases.LoginPageTest" time="79.026" errors="0" timestamp="2020-10-21T01:22:20 IST" skipped="0">
  <testcase classname="com.colt.fieldengineerapp.testcases.LoginPageTest" name="loginTestWithMultiUsers" time="19.074"/>
  <system-out/>
  <testcase classname="com.colt.fieldengineerapp.testcases.LoginPageTest" name="loginTestWithMultiUsers" time="20.355"/>
  <system-out/>
  <testcase classname="com.colt.fieldengineerapp.testcases.LoginPageTest" name="loginTestWithMultiUsers" time="19.260"/>
  <system-out/>
  <testcase classname="com.colt.fieldengineerapp.testcases.LoginPageTest" name="landingPageTitleTest" time="20.337"/>
  <system-out/>
</testsuite> <!-- com.colt.fieldengineerapp.testcases.LoginPageTest -->
