<?xml version="1.0" encoding="UTF-8"?>
<!-- Generated by org.testng.reporters.JUnitReportReporter -->
<testsuite hostname="DESKTOP-K4MGEUM" failures="0" tests="2" name="com.colt.fieldengineerapp.testcases.LoginPageTest" time="73.853" errors="0" timestamp="2020-10-29T16:39:35 IST" skipped="0">
  <testcase classname="com.colt.fieldengineerapp.testcases.LoginPageTest" name="loginTest" time="28.677"/>
  <system-out/>
  <testcase classname="com.colt.fieldengineerapp.testcases.LoginPageTest" name="loginTest" time="45.176"/>
  <system-out/>
</testsuite> <!-- com.colt.fieldengineerapp.testcases.LoginPageTest -->
