<?xml version="1.0" encoding="UTF-8"?>
<!-- Generated by org.testng.reporters.JUnitReportReporter -->
<testsuite hostname="DESKTOP-K4MGEUM" failures="0" tests="1" name="com.colt.fieldengineerapp.testcases.EndToEndMaintenanceTasksPageTest" time="97.631" errors="0" timestamp="2020-11-06T12:59:50 IST" skipped="0">
  <testcase classname="com.colt.fieldengineerapp.testcases.EndToEndMaintenanceTasksPageTest" name="testNewTasksPageEndToEnd" time="97.631"/>
  <system-out/>
</testsuite> <!-- com.colt.fieldengineerapp.testcases.EndToEndMaintenanceTasksPageTest -->
