<?xml version="1.0" encoding="UTF-8"?>
<!-- Generated by org.testng.reporters.JUnitReportReporter -->
<testsuite hostname="DESKTOP-K4MGEUM" failures="0" tests="1" name="com.colt.fieldengineerapp.testcases.EndToEndActionsPageTest" time="73.278" errors="0" timestamp="2020-11-20T21:30:56 IST" skipped="0">
  <testcase classname="com.colt.fieldengineerapp.testcases.EndToEndActionsPageTest" name="testActionsPage" time="73.278"/>
  <system-out/>
</testsuite> <!-- com.colt.fieldengineerapp.testcases.EndToEndActionsPageTest -->
