<?xml version="1.0" encoding="UTF-8"?>
<!-- Generated by org.testng.reporters.JUnitReportReporter -->
<testsuite hostname="DESKTOP-K4MGEUM" failures="0" tests="1" name="com.colt.fieldengineerapp.testcases.ErrorPopupsRaisePlannedWorksTest" time="147.686" errors="0" timestamp="2020-10-28T19:54:22 IST" skipped="0">
  <testcase classname="com.colt.fieldengineerapp.testcases.ErrorPopupsRaisePlannedWorksTest" name="alertsRaisePlanWorkPlannedScheduleStep" time="147.686"/>
  <system-out/>
</testsuite> <!-- com.colt.fieldengineerapp.testcases.ErrorPopupsRaisePlannedWorksTest -->
