<?xml version="1.0" encoding="UTF-8"?>
<!-- Generated by org.testng.reporters.JUnitReportReporter -->
<testsuite hostname="DESKTOP-K4MGEUM" failures="0" tests="1" name="com.colt.fieldengineerapp.testcases.SettingsPageTest" time="57.905" errors="0" timestamp="2020-11-19T10:30:45 IST" skipped="0">
  <testcase classname="com.colt.fieldengineerapp.testcases.SettingsPageTest" name="settingsPageTest" time="57.905"/>
  <system-out/>
</testsuite> <!-- com.colt.fieldengineerapp.testcases.SettingsPageTest -->
