<?xml version="1.0" encoding="UTF-8"?>
<!-- Generated by org.testng.reporters.JUnitReportReporter -->
<testsuite hostname="DESKTOP-K4MGEUM" failures="0" tests="1" name="com.colt.fieldengineerapp.testcases.EndToEndTest" time="37.590" errors="0" timestamp="2020-10-22T01:35:48 IST" skipped="0">
  <testcase classname="com.colt.fieldengineerapp.testcases.EndToEndTest" name="endToEndTestTillSingleTaskView" time="37.590"/>
  <system-out/>
</testsuite> <!-- com.colt.fieldengineerapp.testcases.EndToEndTest -->
