<?xml version="1.0" encoding="UTF-8"?>
<!-- Generated by org.testng.reporters.JUnitReportReporter -->
<testsuite hostname="DESKTOP-K4MGEUM" failures="0" tests="2" name="com.colt.fieldengineerapp.testcases.LoginPageTest" time="70.511" errors="0" timestamp="2020-11-10T20:21:11 IST" skipped="0">
  <testcase classname="com.colt.fieldengineerapp.testcases.LoginPageTest" name="loginTest" time="46.163"/>
  <system-out/>
  <testcase classname="com.colt.fieldengineerapp.testcases.LoginPageTest" name="loginTest" time="24.348"/>
  <system-out/>
</testsuite> <!-- com.colt.fieldengineerapp.testcases.LoginPageTest -->
