<?xml version="1.0" encoding="UTF-8"?>
<!-- Generated by org.testng.reporters.JUnitReportReporter -->
<testsuite hostname="DESKTOP-K4MGEUM" failures="0" tests="1" name="com.colt.fieldengineerapp.testcases.LoginPageTest" time="15.604" errors="0" timestamp="2020-10-14T11:56:14 IST" skipped="0">
  <testcase classname="com.colt.fieldengineerapp.testcases.LoginPageTest" name="loginTest" time="15.604"/>
  <system-out/>
</testsuite> <!-- com.colt.fieldengineerapp.testcases.LoginPageTest -->
