<?xml version="1.0" encoding="UTF-8"?>
<!-- Generated by org.testng.reporters.JUnitReportReporter -->
<testsuite hostname="DESKTOP-K4MGEUM" failures="0" tests="1" name="com.colt.fieldengineerapp.testcases.OpenDrawerPageTest" time="35.185" errors="0" timestamp="2020-11-03T23:57:22 IST" skipped="0">
  <testcase classname="com.colt.fieldengineerapp.testcases.OpenDrawerPageTest" name="openDrawerPageTest" time="35.185"/>
  <system-out/>
</testsuite> <!-- com.colt.fieldengineerapp.testcases.OpenDrawerPageTest -->
