<?xml version="1.0" encoding="UTF-8"?>
<!-- Generated by org.testng.reporters.JUnitReportReporter -->
<testsuite hostname="DESKTOP-K4MGEUM" failures="0" tests="1" name="com.colt.fieldengineerapp.testcases.HomePageTest" time="53.510" errors="0" timestamp="2020-11-04T10:54:49 IST" skipped="0">
  <testcase classname="com.colt.fieldengineerapp.testcases.HomePageTest" name="homePageTest" time="53.510"/>
  <system-out/>
</testsuite> <!-- com.colt.fieldengineerapp.testcases.HomePageTest -->
