<?xml version="1.0" encoding="UTF-8"?>
<!-- Generated by org.testng.reporters.JUnitReportReporter -->
<testsuite hostname="DESKTOP-K4MGEUM" failures="0" tests="1" name="com.colt.fieldengineerapp.testcases.TemplatesPageTest" time="109.162" errors="0" timestamp="2020-11-03T02:24:32 IST" skipped="0">
  <testcase classname="com.colt.fieldengineerapp.testcases.TemplatesPageTest" name="templatesPageTest" time="109.162"/>
  <system-out/>
</testsuite> <!-- com.colt.fieldengineerapp.testcases.TemplatesPageTest -->
