<?xml version="1.0" encoding="UTF-8"?>
<!-- Generated by org.testng.reporters.JUnitReportReporter -->
<testsuite hostname="DESKTOP-K4MGEUM" failures="0" tests="1" name="com.colt.fieldengineerapp.testcases.EndToEndMaintenanceTasksPageTest" time="93.515" errors="0" timestamp="2020-11-07T10:02:32 IST" skipped="0">
  <testcase classname="com.colt.fieldengineerapp.testcases.EndToEndMaintenanceTasksPageTest" name="testNewTasksPageEndToEnd" time="93.515"/>
  <system-out/>
</testsuite> <!-- com.colt.fieldengineerapp.testcases.EndToEndMaintenanceTasksPageTest -->
