<?xml version="1.0" encoding="UTF-8"?>
<!-- Generated by org.testng.reporters.JUnitReportReporter -->
<testsuite hostname="DESKTOP-K4MGEUM" failures="0" tests="2" name="com.colt.fieldengineerapp.testcases.LoginPageTest1" time="35.617" errors="0" timestamp="2020-10-14T17:45:52 IST" skipped="0">
  <testcase classname="com.colt.fieldengineerapp.testcases.LoginPageTest1" name="loginTest" time="18.634"/>
  <system-out/>
  <testcase classname="com.colt.fieldengineerapp.testcases.LoginPageTest1" name="landingPageTitleTest" time="16.983"/>
  <system-out/>
</testsuite> <!-- com.colt.fieldengineerapp.testcases.LoginPageTest1 -->
