<?xml version="1.0" encoding="UTF-8"?>
<!-- Generated by org.testng.reporters.JUnitReportReporter -->
<testsuite hostname="DESKTOP-K4MGEUM" failures="0" tests="1" name="com.colt.fieldengineerapp.testcases.OpenDrawerPageTest" time="36.669" errors="0" timestamp="2020-11-01T22:23:18 IST" skipped="0">
  <testcase classname="com.colt.fieldengineerapp.testcases.OpenDrawerPageTest" name="openDrawerPageTest" time="36.669"/>
  <system-out/>
</testsuite> <!-- com.colt.fieldengineerapp.testcases.OpenDrawerPageTest -->
