<?xml version="1.0" encoding="UTF-8"?>
<!-- Generated by org.testng.reporters.JUnitReportReporter -->
<testsuite skipped="0" hostname="DESKTOP-K4MGEUM" name="com.colt.fieldengineerapp.testcases.EndToEndTestForRaisePlannedWorks" tests="1" failures="0" timestamp="2020-11-03T11:01:44 IST" time="120.510" errors="0">
  <testcase name="endToEndTestForRaisePlanWork" time="120.510" classname="com.colt.fieldengineerapp.testcases.EndToEndTestForRaisePlannedWorks"/>
  <system-out/>
</testsuite> <!-- com.colt.fieldengineerapp.testcases.EndToEndTestForRaisePlannedWorks -->
