<?xml version="1.0" encoding="UTF-8"?>
<!-- Generated by org.testng.reporters.JUnitReportReporter -->
<testsuite skipped="0" hostname="DESKTOP-K4MGEUM" name="com.colt.fieldengineerapp.testcases.TemplatesPageTest" tests="1" failures="0" timestamp="2020-11-03T11:01:44 IST" time="108.619" errors="0">
  <testcase name="templatesPageTest" time="108.619" classname="com.colt.fieldengineerapp.testcases.TemplatesPageTest"/>
  <system-out/>
</testsuite> <!-- com.colt.fieldengineerapp.testcases.TemplatesPageTest -->
