<?xml version="1.0" encoding="UTF-8"?>
<!-- Generated by org.testng.reporters.JUnitReportReporter -->
<testsuite skipped="0" hostname="DESKTOP-K4MGEUM" name="com.colt.fieldengineerapp.testcases.OpenDrawerPageTest" tests="1" failures="0" timestamp="2020-11-03T11:01:44 IST" time="34.355" errors="0">
  <testcase name="openDrawerPageTest" time="34.355" classname="com.colt.fieldengineerapp.testcases.OpenDrawerPageTest"/>
  <system-out/>
</testsuite> <!-- com.colt.fieldengineerapp.testcases.OpenDrawerPageTest -->
